[2025-10-13T09:20:46.657+0000] {local_task_job_runner.py:123} INFO - ::group::Pre task execution logs
[2025-10-13T09:20:46.681+0000] {taskinstance.py:2613} INFO - Dependencies all met for dep_context=non-requeueable deps ti=<TaskInstance: elt-pipeline.cleanup scheduled__2025-09-01T00:00:00+00:00 [queued]>
[2025-10-13T09:20:46.692+0000] {taskinstance.py:2613} INFO - Dependencies all met for dep_context=requeueable deps ti=<TaskInstance: elt-pipeline.cleanup scheduled__2025-09-01T00:00:00+00:00 [queued]>
[2025-10-13T09:20:46.693+0000] {taskinstance.py:2866} INFO - Starting attempt 1 of 1
[2025-10-13T09:20:46.709+0000] {taskinstance.py:2889} INFO - Executing <Task(BashOperator): cleanup> on 2025-09-01 00:00:00+00:00
[2025-10-13T09:20:46.716+0000] {warnings.py:112} WARNING - /home/***/.local/lib/python3.12/site-packages/***/task/task_runner/standard_task_runner.py:70: DeprecationWarning: This process (pid=1310) is multi-threaded, use of fork() may lead to deadlocks in the child.
  pid = os.fork()

[2025-10-13T09:20:46.718+0000] {standard_task_runner.py:72} INFO - Started process 1311 to run task
[2025-10-13T09:20:46.718+0000] {standard_task_runner.py:104} INFO - Running: ['***', 'tasks', 'run', 'elt-pipeline', 'cleanup', 'scheduled__2025-09-01T00:00:00+00:00', '--job-id', '174', '--raw', '--subdir', 'DAGS_FOLDER/elt.py', '--cfg-path', '/tmp/tmpne2vwypn']
[2025-10-13T09:20:46.719+0000] {standard_task_runner.py:105} INFO - Job 174: Subtask cleanup
[2025-10-13T09:20:46.772+0000] {task_command.py:467} INFO - Running <TaskInstance: elt-pipeline.cleanup scheduled__2025-09-01T00:00:00+00:00 [running]> on host 84d5a327cf64
[2025-10-13T09:20:46.857+0000] {taskinstance.py:3132} INFO - Exporting env vars: AIRFLOW_CTX_DAG_OWNER='***' AIRFLOW_CTX_DAG_ID='elt-pipeline' AIRFLOW_CTX_TASK_ID='cleanup' AIRFLOW_CTX_EXECUTION_DATE='2025-09-01T00:00:00+00:00' AIRFLOW_CTX_TRY_NUMBER='1' AIRFLOW_CTX_DAG_RUN_ID='scheduled__2025-09-01T00:00:00+00:00'
[2025-10-13T09:20:46.858+0000] {taskinstance.py:731} INFO - ::endgroup::
[2025-10-13T09:20:46.872+0000] {subprocess.py:78} INFO - Tmp dir root location: /tmp
[2025-10-13T09:20:46.873+0000] {subprocess.py:88} INFO - Running command: ['/usr/bin/bash', '-c', 'rm -rf /tmp/*.csv']
[2025-10-13T09:20:46.887+0000] {subprocess.py:99} INFO - Output:
[2025-10-13T09:20:46.894+0000] {subprocess.py:110} INFO - Command exited with return code 0
[2025-10-13T09:20:46.927+0000] {taskinstance.py:340} INFO - ::group::Post task execution logs
[2025-10-13T09:20:46.928+0000] {taskinstance.py:352} INFO - Marking task as SUCCESS. dag_id=elt-pipeline, task_id=cleanup, run_id=scheduled__2025-09-01T00:00:00+00:00, execution_date=20250901T000000, start_date=20251013T092046, end_date=20251013T092046
[2025-10-13T09:20:46.973+0000] {local_task_job_runner.py:266} INFO - Task exited with return code 0
[2025-10-13T09:20:46.994+0000] {taskinstance.py:3895} INFO - 0 downstream tasks scheduled from follow-on schedule check
[2025-10-13T09:20:46.996+0000] {local_task_job_runner.py:245} INFO - ::endgroup::
[2025-10-14T04:15:49.797+0000] {local_task_job_runner.py:123} INFO - ::group::Pre task execution logs
[2025-10-14T04:15:49.816+0000] {taskinstance.py:2613} INFO - Dependencies all met for dep_context=non-requeueable deps ti=<TaskInstance: elt-pipeline.cleanup scheduled__2025-09-01T00:00:00+00:00 [queued]>
[2025-10-14T04:15:49.823+0000] {taskinstance.py:2613} INFO - Dependencies all met for dep_context=requeueable deps ti=<TaskInstance: elt-pipeline.cleanup scheduled__2025-09-01T00:00:00+00:00 [queued]>
[2025-10-14T04:15:49.824+0000] {taskinstance.py:2866} INFO - Starting attempt 1 of 1
[2025-10-14T04:15:49.836+0000] {taskinstance.py:2889} INFO - Executing <Task(BashOperator): cleanup> on 2025-09-01 00:00:00+00:00
[2025-10-14T04:15:49.842+0000] {warnings.py:112} WARNING - /home/***/.local/lib/python3.12/site-packages/***/task/task_runner/standard_task_runner.py:70: DeprecationWarning: This process (pid=143) is multi-threaded, use of fork() may lead to deadlocks in the child.
  pid = os.fork()

[2025-10-14T04:15:49.843+0000] {standard_task_runner.py:72} INFO - Started process 144 to run task
[2025-10-14T04:15:49.844+0000] {standard_task_runner.py:104} INFO - Running: ['***', 'tasks', 'run', 'elt-pipeline', 'cleanup', 'scheduled__2025-09-01T00:00:00+00:00', '--job-id', '246', '--raw', '--subdir', 'DAGS_FOLDER/elt.py', '--cfg-path', '/tmp/tmp2xcatlia']
[2025-10-14T04:15:49.845+0000] {standard_task_runner.py:105} INFO - Job 246: Subtask cleanup
[2025-10-14T04:15:49.893+0000] {task_command.py:467} INFO - Running <TaskInstance: elt-pipeline.cleanup scheduled__2025-09-01T00:00:00+00:00 [running]> on host e348b991e0be
[2025-10-14T04:15:49.967+0000] {taskinstance.py:3132} INFO - Exporting env vars: AIRFLOW_CTX_DAG_OWNER='***' AIRFLOW_CTX_DAG_ID='elt-pipeline' AIRFLOW_CTX_TASK_ID='cleanup' AIRFLOW_CTX_EXECUTION_DATE='2025-09-01T00:00:00+00:00' AIRFLOW_CTX_TRY_NUMBER='1' AIRFLOW_CTX_DAG_RUN_ID='scheduled__2025-09-01T00:00:00+00:00'
[2025-10-14T04:15:49.968+0000] {taskinstance.py:731} INFO - ::endgroup::
[2025-10-14T04:15:49.981+0000] {subprocess.py:78} INFO - Tmp dir root location: /tmp
[2025-10-14T04:15:49.982+0000] {subprocess.py:88} INFO - Running command: ['/usr/bin/bash', '-c', 'rm -rf /tmp/*.csv']
[2025-10-14T04:15:49.992+0000] {subprocess.py:99} INFO - Output:
[2025-10-14T04:15:49.997+0000] {subprocess.py:110} INFO - Command exited with return code 0
[2025-10-14T04:15:50.023+0000] {taskinstance.py:340} INFO - ::group::Post task execution logs
[2025-10-14T04:15:50.024+0000] {taskinstance.py:352} INFO - Marking task as SUCCESS. dag_id=elt-pipeline, task_id=cleanup, run_id=scheduled__2025-09-01T00:00:00+00:00, execution_date=20250901T000000, start_date=20251014T041549, end_date=20251014T041550
[2025-10-14T04:15:50.058+0000] {local_task_job_runner.py:266} INFO - Task exited with return code 0
[2025-10-14T04:15:50.085+0000] {taskinstance.py:3895} INFO - 1 downstream tasks scheduled from follow-on schedule check
[2025-10-14T04:15:50.087+0000] {local_task_job_runner.py:245} INFO - ::endgroup::
[2025-10-14T04:20:47.074+0000] {local_task_job_runner.py:123} INFO - ::group::Pre task execution logs
[2025-10-14T04:20:47.093+0000] {taskinstance.py:2613} INFO - Dependencies all met for dep_context=non-requeueable deps ti=<TaskInstance: elt-pipeline.cleanup scheduled__2025-09-01T00:00:00+00:00 [queued]>
[2025-10-14T04:20:47.101+0000] {taskinstance.py:2613} INFO - Dependencies all met for dep_context=requeueable deps ti=<TaskInstance: elt-pipeline.cleanup scheduled__2025-09-01T00:00:00+00:00 [queued]>
[2025-10-14T04:20:47.102+0000] {taskinstance.py:2866} INFO - Starting attempt 1 of 1
[2025-10-14T04:20:47.114+0000] {taskinstance.py:2889} INFO - Executing <Task(BashOperator): cleanup> on 2025-09-01 00:00:00+00:00
[2025-10-14T04:20:47.120+0000] {warnings.py:112} WARNING - /home/***/.local/lib/python3.12/site-packages/***/task/task_runner/standard_task_runner.py:70: DeprecationWarning: This process (pid=292) is multi-threaded, use of fork() may lead to deadlocks in the child.
  pid = os.fork()

[2025-10-14T04:20:47.121+0000] {standard_task_runner.py:72} INFO - Started process 293 to run task
[2025-10-14T04:20:47.122+0000] {standard_task_runner.py:104} INFO - Running: ['***', 'tasks', 'run', 'elt-pipeline', 'cleanup', 'scheduled__2025-09-01T00:00:00+00:00', '--job-id', '268', '--raw', '--subdir', 'DAGS_FOLDER/elt.py', '--cfg-path', '/tmp/tmpnzfjxj9j']
[2025-10-14T04:20:47.123+0000] {standard_task_runner.py:105} INFO - Job 268: Subtask cleanup
[2025-10-14T04:20:47.170+0000] {task_command.py:467} INFO - Running <TaskInstance: elt-pipeline.cleanup scheduled__2025-09-01T00:00:00+00:00 [running]> on host e348b991e0be
[2025-10-14T04:20:47.245+0000] {taskinstance.py:3132} INFO - Exporting env vars: AIRFLOW_CTX_DAG_OWNER='***' AIRFLOW_CTX_DAG_ID='elt-pipeline' AIRFLOW_CTX_TASK_ID='cleanup' AIRFLOW_CTX_EXECUTION_DATE='2025-09-01T00:00:00+00:00' AIRFLOW_CTX_TRY_NUMBER='1' AIRFLOW_CTX_DAG_RUN_ID='scheduled__2025-09-01T00:00:00+00:00'
[2025-10-14T04:20:47.246+0000] {taskinstance.py:731} INFO - ::endgroup::
[2025-10-14T04:20:47.258+0000] {subprocess.py:78} INFO - Tmp dir root location: /tmp
[2025-10-14T04:20:47.260+0000] {subprocess.py:88} INFO - Running command: ['/usr/bin/bash', '-c', 'rm -rf /tmp/*.csv']
[2025-10-14T04:20:47.270+0000] {subprocess.py:99} INFO - Output:
[2025-10-14T04:20:47.274+0000] {subprocess.py:110} INFO - Command exited with return code 0
[2025-10-14T04:20:47.302+0000] {taskinstance.py:340} INFO - ::group::Post task execution logs
[2025-10-14T04:20:47.302+0000] {taskinstance.py:352} INFO - Marking task as SUCCESS. dag_id=elt-pipeline, task_id=cleanup, run_id=scheduled__2025-09-01T00:00:00+00:00, execution_date=20250901T000000, start_date=20251014T042047, end_date=20251014T042047
[2025-10-14T04:20:47.337+0000] {local_task_job_runner.py:266} INFO - Task exited with return code 0
[2025-10-14T04:20:47.364+0000] {taskinstance.py:3895} INFO - 1 downstream tasks scheduled from follow-on schedule check
[2025-10-14T04:20:47.366+0000] {local_task_job_runner.py:245} INFO - ::endgroup::
[2025-10-14T04:22:22.848+0000] {local_task_job_runner.py:123} INFO - ::group::Pre task execution logs
[2025-10-14T04:22:22.868+0000] {taskinstance.py:2613} INFO - Dependencies all met for dep_context=non-requeueable deps ti=<TaskInstance: elt-pipeline.cleanup scheduled__2025-09-01T00:00:00+00:00 [queued]>
[2025-10-14T04:22:22.876+0000] {taskinstance.py:2613} INFO - Dependencies all met for dep_context=requeueable deps ti=<TaskInstance: elt-pipeline.cleanup scheduled__2025-09-01T00:00:00+00:00 [queued]>
[2025-10-14T04:22:22.876+0000] {taskinstance.py:2866} INFO - Starting attempt 1 of 1
[2025-10-14T04:22:22.888+0000] {taskinstance.py:2889} INFO - Executing <Task(BashOperator): cleanup> on 2025-09-01 00:00:00+00:00
[2025-10-14T04:22:22.895+0000] {warnings.py:112} WARNING - /home/***/.local/lib/python3.12/site-packages/***/task/task_runner/standard_task_runner.py:70: DeprecationWarning: This process (pid=528) is multi-threaded, use of fork() may lead to deadlocks in the child.
  pid = os.fork()

[2025-10-14T04:22:22.896+0000] {standard_task_runner.py:72} INFO - Started process 529 to run task
[2025-10-14T04:22:22.896+0000] {standard_task_runner.py:104} INFO - Running: ['***', 'tasks', 'run', 'elt-pipeline', 'cleanup', 'scheduled__2025-09-01T00:00:00+00:00', '--job-id', '328', '--raw', '--subdir', 'DAGS_FOLDER/elt.py', '--cfg-path', '/tmp/tmpssyuk49x']
[2025-10-14T04:22:22.897+0000] {standard_task_runner.py:105} INFO - Job 328: Subtask cleanup
[2025-10-14T04:22:22.947+0000] {task_command.py:467} INFO - Running <TaskInstance: elt-pipeline.cleanup scheduled__2025-09-01T00:00:00+00:00 [running]> on host e348b991e0be
[2025-10-14T04:22:23.026+0000] {taskinstance.py:3132} INFO - Exporting env vars: AIRFLOW_CTX_DAG_OWNER='***' AIRFLOW_CTX_DAG_ID='elt-pipeline' AIRFLOW_CTX_TASK_ID='cleanup' AIRFLOW_CTX_EXECUTION_DATE='2025-09-01T00:00:00+00:00' AIRFLOW_CTX_TRY_NUMBER='1' AIRFLOW_CTX_DAG_RUN_ID='scheduled__2025-09-01T00:00:00+00:00'
[2025-10-14T04:22:23.027+0000] {taskinstance.py:731} INFO - ::endgroup::
[2025-10-14T04:22:23.039+0000] {subprocess.py:78} INFO - Tmp dir root location: /tmp
[2025-10-14T04:22:23.040+0000] {subprocess.py:88} INFO - Running command: ['/usr/bin/bash', '-c', 'rm -rf /tmp/*.csv']
[2025-10-14T04:22:23.051+0000] {subprocess.py:99} INFO - Output:
[2025-10-14T04:22:23.055+0000] {subprocess.py:110} INFO - Command exited with return code 0
[2025-10-14T04:22:23.083+0000] {taskinstance.py:340} INFO - ::group::Post task execution logs
[2025-10-14T04:22:23.084+0000] {taskinstance.py:352} INFO - Marking task as SUCCESS. dag_id=elt-pipeline, task_id=cleanup, run_id=scheduled__2025-09-01T00:00:00+00:00, execution_date=20250901T000000, start_date=20251014T042222, end_date=20251014T042223
[2025-10-14T04:22:23.111+0000] {local_task_job_runner.py:266} INFO - Task exited with return code 0
[2025-10-14T04:22:23.140+0000] {taskinstance.py:3895} INFO - 1 downstream tasks scheduled from follow-on schedule check
[2025-10-14T04:22:23.142+0000] {local_task_job_runner.py:245} INFO - ::endgroup::
[2025-10-14T04:26:16.193+0000] {local_task_job_runner.py:123} INFO - ::group::Pre task execution logs
[2025-10-14T04:26:16.215+0000] {taskinstance.py:2613} INFO - Dependencies all met for dep_context=non-requeueable deps ti=<TaskInstance: elt-pipeline.cleanup scheduled__2025-09-01T00:00:00+00:00 [queued]>
[2025-10-14T04:26:16.224+0000] {taskinstance.py:2613} INFO - Dependencies all met for dep_context=requeueable deps ti=<TaskInstance: elt-pipeline.cleanup scheduled__2025-09-01T00:00:00+00:00 [queued]>
[2025-10-14T04:26:16.225+0000] {taskinstance.py:2866} INFO - Starting attempt 1 of 1
[2025-10-14T04:26:16.238+0000] {taskinstance.py:2889} INFO - Executing <Task(BashOperator): cleanup> on 2025-09-01 00:00:00+00:00
[2025-10-14T04:26:16.245+0000] {warnings.py:112} WARNING - /home/***/.local/lib/python3.12/site-packages/***/task/task_runner/standard_task_runner.py:70: DeprecationWarning: This process (pid=663) is multi-threaded, use of fork() may lead to deadlocks in the child.
  pid = os.fork()

[2025-10-14T04:26:16.246+0000] {standard_task_runner.py:72} INFO - Started process 664 to run task
[2025-10-14T04:26:16.246+0000] {standard_task_runner.py:104} INFO - Running: ['***', 'tasks', 'run', 'elt-pipeline', 'cleanup', 'scheduled__2025-09-01T00:00:00+00:00', '--job-id', '352', '--raw', '--subdir', 'DAGS_FOLDER/elt.py', '--cfg-path', '/tmp/tmpkkqu2teh']
[2025-10-14T04:26:16.247+0000] {standard_task_runner.py:105} INFO - Job 352: Subtask cleanup
[2025-10-14T04:26:16.299+0000] {task_command.py:467} INFO - Running <TaskInstance: elt-pipeline.cleanup scheduled__2025-09-01T00:00:00+00:00 [running]> on host e348b991e0be
[2025-10-14T04:26:16.379+0000] {taskinstance.py:3132} INFO - Exporting env vars: AIRFLOW_CTX_DAG_OWNER='***' AIRFLOW_CTX_DAG_ID='elt-pipeline' AIRFLOW_CTX_TASK_ID='cleanup' AIRFLOW_CTX_EXECUTION_DATE='2025-09-01T00:00:00+00:00' AIRFLOW_CTX_TRY_NUMBER='1' AIRFLOW_CTX_DAG_RUN_ID='scheduled__2025-09-01T00:00:00+00:00'
[2025-10-14T04:26:16.380+0000] {taskinstance.py:731} INFO - ::endgroup::
[2025-10-14T04:26:16.394+0000] {subprocess.py:78} INFO - Tmp dir root location: /tmp
[2025-10-14T04:26:16.395+0000] {subprocess.py:88} INFO - Running command: ['/usr/bin/bash', '-c', 'rm -rf /tmp/*.csv']
[2025-10-14T04:26:16.407+0000] {subprocess.py:99} INFO - Output:
[2025-10-14T04:26:16.410+0000] {subprocess.py:110} INFO - Command exited with return code 0
[2025-10-14T04:26:16.439+0000] {taskinstance.py:340} INFO - ::group::Post task execution logs
[2025-10-14T04:26:16.439+0000] {taskinstance.py:352} INFO - Marking task as SUCCESS. dag_id=elt-pipeline, task_id=cleanup, run_id=scheduled__2025-09-01T00:00:00+00:00, execution_date=20250901T000000, start_date=20251014T042616, end_date=20251014T042616
[2025-10-14T04:26:16.461+0000] {local_task_job_runner.py:266} INFO - Task exited with return code 0
[2025-10-14T04:26:16.490+0000] {taskinstance.py:3895} INFO - 1 downstream tasks scheduled from follow-on schedule check
[2025-10-14T04:26:16.492+0000] {local_task_job_runner.py:245} INFO - ::endgroup::
[2025-10-14T04:28:19.008+0000] {local_task_job_runner.py:123} INFO - ::group::Pre task execution logs
[2025-10-14T04:28:19.028+0000] {taskinstance.py:2613} INFO - Dependencies all met for dep_context=non-requeueable deps ti=<TaskInstance: elt-pipeline.cleanup scheduled__2025-09-01T00:00:00+00:00 [queued]>
[2025-10-14T04:28:19.036+0000] {taskinstance.py:2613} INFO - Dependencies all met for dep_context=requeueable deps ti=<TaskInstance: elt-pipeline.cleanup scheduled__2025-09-01T00:00:00+00:00 [queued]>
[2025-10-14T04:28:19.036+0000] {taskinstance.py:2866} INFO - Starting attempt 1 of 1
[2025-10-14T04:28:19.048+0000] {taskinstance.py:2889} INFO - Executing <Task(BashOperator): cleanup> on 2025-09-01 00:00:00+00:00
[2025-10-14T04:28:19.055+0000] {warnings.py:112} WARNING - /home/***/.local/lib/python3.12/site-packages/***/task/task_runner/standard_task_runner.py:70: DeprecationWarning: This process (pid=777) is multi-threaded, use of fork() may lead to deadlocks in the child.
  pid = os.fork()

[2025-10-14T04:28:19.056+0000] {standard_task_runner.py:72} INFO - Started process 778 to run task
[2025-10-14T04:28:19.056+0000] {standard_task_runner.py:104} INFO - Running: ['***', 'tasks', 'run', 'elt-pipeline', 'cleanup', 'scheduled__2025-09-01T00:00:00+00:00', '--job-id', '376', '--raw', '--subdir', 'DAGS_FOLDER/elt.py', '--cfg-path', '/tmp/tmpta78gqe3']
[2025-10-14T04:28:19.057+0000] {standard_task_runner.py:105} INFO - Job 376: Subtask cleanup
[2025-10-14T04:28:19.107+0000] {task_command.py:467} INFO - Running <TaskInstance: elt-pipeline.cleanup scheduled__2025-09-01T00:00:00+00:00 [running]> on host e348b991e0be
[2025-10-14T04:28:19.181+0000] {taskinstance.py:3132} INFO - Exporting env vars: AIRFLOW_CTX_DAG_OWNER='***' AIRFLOW_CTX_DAG_ID='elt-pipeline' AIRFLOW_CTX_TASK_ID='cleanup' AIRFLOW_CTX_EXECUTION_DATE='2025-09-01T00:00:00+00:00' AIRFLOW_CTX_TRY_NUMBER='1' AIRFLOW_CTX_DAG_RUN_ID='scheduled__2025-09-01T00:00:00+00:00'
[2025-10-14T04:28:19.182+0000] {taskinstance.py:731} INFO - ::endgroup::
[2025-10-14T04:28:19.194+0000] {subprocess.py:78} INFO - Tmp dir root location: /tmp
[2025-10-14T04:28:19.195+0000] {subprocess.py:88} INFO - Running command: ['/usr/bin/bash', '-c', 'rm -rf /tmp/*.csv']
[2025-10-14T04:28:19.205+0000] {subprocess.py:99} INFO - Output:
[2025-10-14T04:28:19.208+0000] {subprocess.py:110} INFO - Command exited with return code 0
[2025-10-14T04:28:19.234+0000] {taskinstance.py:340} INFO - ::group::Post task execution logs
[2025-10-14T04:28:19.234+0000] {taskinstance.py:352} INFO - Marking task as SUCCESS. dag_id=elt-pipeline, task_id=cleanup, run_id=scheduled__2025-09-01T00:00:00+00:00, execution_date=20250901T000000, start_date=20251014T042819, end_date=20251014T042819
[2025-10-14T04:28:19.271+0000] {local_task_job_runner.py:266} INFO - Task exited with return code 0
[2025-10-14T04:28:19.300+0000] {taskinstance.py:3895} INFO - 1 downstream tasks scheduled from follow-on schedule check
[2025-10-14T04:28:19.301+0000] {local_task_job_runner.py:245} INFO - ::endgroup::
[2025-10-14T04:31:26.777+0000] {local_task_job_runner.py:123} INFO - ::group::Pre task execution logs
[2025-10-14T04:31:26.797+0000] {taskinstance.py:2613} INFO - Dependencies all met for dep_context=non-requeueable deps ti=<TaskInstance: elt-pipeline.cleanup scheduled__2025-09-01T00:00:00+00:00 [queued]>
[2025-10-14T04:31:26.805+0000] {taskinstance.py:2613} INFO - Dependencies all met for dep_context=requeueable deps ti=<TaskInstance: elt-pipeline.cleanup scheduled__2025-09-01T00:00:00+00:00 [queued]>
[2025-10-14T04:31:26.805+0000] {taskinstance.py:2866} INFO - Starting attempt 1 of 1
[2025-10-14T04:31:26.817+0000] {taskinstance.py:2889} INFO - Executing <Task(BashOperator): cleanup> on 2025-09-01 00:00:00+00:00
[2025-10-14T04:31:26.824+0000] {warnings.py:112} WARNING - /home/***/.local/lib/python3.12/site-packages/***/task/task_runner/standard_task_runner.py:70: DeprecationWarning: This process (pid=1070) is multi-threaded, use of fork() may lead to deadlocks in the child.
  pid = os.fork()

[2025-10-14T04:31:26.825+0000] {standard_task_runner.py:72} INFO - Started process 1071 to run task
[2025-10-14T04:31:26.825+0000] {standard_task_runner.py:104} INFO - Running: ['***', 'tasks', 'run', 'elt-pipeline', 'cleanup', 'scheduled__2025-09-01T00:00:00+00:00', '--job-id', '448', '--raw', '--subdir', 'DAGS_FOLDER/elt.py', '--cfg-path', '/tmp/tmp2_k1u92g']
[2025-10-14T04:31:26.826+0000] {standard_task_runner.py:105} INFO - Job 448: Subtask cleanup
[2025-10-14T04:31:26.877+0000] {task_command.py:467} INFO - Running <TaskInstance: elt-pipeline.cleanup scheduled__2025-09-01T00:00:00+00:00 [running]> on host e348b991e0be
[2025-10-14T04:31:26.957+0000] {taskinstance.py:3132} INFO - Exporting env vars: AIRFLOW_CTX_DAG_OWNER='***' AIRFLOW_CTX_DAG_ID='elt-pipeline' AIRFLOW_CTX_TASK_ID='cleanup' AIRFLOW_CTX_EXECUTION_DATE='2025-09-01T00:00:00+00:00' AIRFLOW_CTX_TRY_NUMBER='1' AIRFLOW_CTX_DAG_RUN_ID='scheduled__2025-09-01T00:00:00+00:00'
[2025-10-14T04:31:26.958+0000] {taskinstance.py:731} INFO - ::endgroup::
[2025-10-14T04:31:26.970+0000] {subprocess.py:78} INFO - Tmp dir root location: /tmp
[2025-10-14T04:31:26.971+0000] {subprocess.py:88} INFO - Running command: ['/usr/bin/bash', '-c', 'rm -rf /tmp/*.csv']
[2025-10-14T04:31:26.982+0000] {subprocess.py:99} INFO - Output:
[2025-10-14T04:31:26.986+0000] {subprocess.py:110} INFO - Command exited with return code 0
[2025-10-14T04:31:27.012+0000] {taskinstance.py:340} INFO - ::group::Post task execution logs
[2025-10-14T04:31:27.013+0000] {taskinstance.py:352} INFO - Marking task as SUCCESS. dag_id=elt-pipeline, task_id=cleanup, run_id=scheduled__2025-09-01T00:00:00+00:00, execution_date=20250901T000000, start_date=20251014T043126, end_date=20251014T043127
[2025-10-14T04:31:27.040+0000] {local_task_job_runner.py:266} INFO - Task exited with return code 0
[2025-10-14T04:31:27.070+0000] {taskinstance.py:3895} INFO - 1 downstream tasks scheduled from follow-on schedule check
[2025-10-14T04:31:27.072+0000] {local_task_job_runner.py:245} INFO - ::endgroup::
