[2025-10-13T08:42:40.361+0000] {local_task_job_runner.py:123} INFO - ::group::Pre task execution logs
[2025-10-13T08:42:40.381+0000] {taskinstance.py:2613} INFO - Dependencies all met for dep_context=non-requeueable deps ti=<TaskInstance: elt-pipeline.extract_load_group.load_marketing_campaigns scheduled__2025-09-05T00:00:00+00:00 [queued]>
[2025-10-13T08:42:40.390+0000] {taskinstance.py:2613} INFO - Dependencies all met for dep_context=requeueable deps ti=<TaskInstance: elt-pipeline.extract_load_group.load_marketing_campaigns scheduled__2025-09-05T00:00:00+00:00 [queued]>
[2025-10-13T08:42:40.390+0000] {taskinstance.py:2866} INFO - Starting attempt 1 of 1
[2025-10-13T08:42:40.404+0000] {taskinstance.py:2889} INFO - Executing <Task(PythonOperator): extract_load_group.load_marketing_campaigns> on 2025-09-05 00:00:00+00:00
[2025-10-13T08:42:40.412+0000] {warnings.py:112} WARNING - /home/***/.local/lib/python3.12/site-packages/***/task/task_runner/standard_task_runner.py:70: DeprecationWarning: This process (pid=439) is multi-threaded, use of fork() may lead to deadlocks in the child.
  pid = os.fork()

[2025-10-13T08:42:40.414+0000] {standard_task_runner.py:72} INFO - Started process 444 to run task
[2025-10-13T08:42:40.418+0000] {standard_task_runner.py:104} INFO - Running: ['***', 'tasks', 'run', 'elt-pipeline', 'extract_load_group.load_marketing_campaigns', 'scheduled__2025-09-05T00:00:00+00:00', '--job-id', '71', '--raw', '--subdir', 'DAGS_FOLDER/elt.py', '--cfg-path', '/tmp/tmpqc1t9kdm']
[2025-10-13T08:42:40.420+0000] {standard_task_runner.py:105} INFO - Job 71: Subtask extract_load_group.load_marketing_campaigns
[2025-10-13T08:42:40.475+0000] {task_command.py:467} INFO - Running <TaskInstance: elt-pipeline.extract_load_group.load_marketing_campaigns scheduled__2025-09-05T00:00:00+00:00 [running]> on host 84d5a327cf64
[2025-10-13T08:42:40.593+0000] {taskinstance.py:3132} INFO - Exporting env vars: AIRFLOW_CTX_DAG_OWNER='***' AIRFLOW_CTX_DAG_ID='elt-pipeline' AIRFLOW_CTX_TASK_ID='extract_load_group.load_marketing_campaigns' AIRFLOW_CTX_EXECUTION_DATE='2025-09-05T00:00:00+00:00' AIRFLOW_CTX_TRY_NUMBER='1' AIRFLOW_CTX_DAG_RUN_ID='scheduled__2025-09-05T00:00:00+00:00'
[2025-10-13T08:42:40.594+0000] {taskinstance.py:731} INFO - ::endgroup::
[2025-10-13T08:42:50.588+0000] {load.py:30} INFO - Loaded 73 rows and 5 columns to gcpl-469311.datalabs_techtest.stg_marketing_campaigns
[2025-10-13T08:42:50.589+0000] {python.py:240} INFO - Done. Returned value was: None
[2025-10-13T08:42:50.607+0000] {taskinstance.py:340} INFO - ::group::Post task execution logs
[2025-10-13T08:42:50.607+0000] {taskinstance.py:352} INFO - Marking task as SUCCESS. dag_id=elt-pipeline, task_id=extract_load_group.load_marketing_campaigns, run_id=scheduled__2025-09-05T00:00:00+00:00, execution_date=20250905T000000, start_date=20251013T084240, end_date=20251013T084250
[2025-10-13T08:42:50.647+0000] {local_task_job_runner.py:266} INFO - Task exited with return code 0
[2025-10-13T08:42:50.669+0000] {taskinstance.py:3895} INFO - 0 downstream tasks scheduled from follow-on schedule check
[2025-10-13T08:42:50.670+0000] {local_task_job_runner.py:245} INFO - ::endgroup::
[2025-10-13T09:21:50.069+0000] {local_task_job_runner.py:123} INFO - ::group::Pre task execution logs
[2025-10-13T09:21:50.088+0000] {taskinstance.py:2613} INFO - Dependencies all met for dep_context=non-requeueable deps ti=<TaskInstance: elt-pipeline.extract_load_group.load_marketing_campaigns scheduled__2025-09-05T00:00:00+00:00 [queued]>
[2025-10-13T09:21:50.097+0000] {taskinstance.py:2613} INFO - Dependencies all met for dep_context=requeueable deps ti=<TaskInstance: elt-pipeline.extract_load_group.load_marketing_campaigns scheduled__2025-09-05T00:00:00+00:00 [queued]>
[2025-10-13T09:21:50.097+0000] {taskinstance.py:2866} INFO - Starting attempt 1 of 1
[2025-10-13T09:21:50.112+0000] {taskinstance.py:2889} INFO - Executing <Task(PythonOperator): extract_load_group.load_marketing_campaigns> on 2025-09-05 00:00:00+00:00
[2025-10-13T09:21:50.120+0000] {warnings.py:112} WARNING - /home/***/.local/lib/python3.12/site-packages/***/task/task_runner/standard_task_runner.py:70: DeprecationWarning: This process (pid=1464) is multi-threaded, use of fork() may lead to deadlocks in the child.
  pid = os.fork()

[2025-10-13T09:21:50.122+0000] {standard_task_runner.py:72} INFO - Started process 1467 to run task
[2025-10-13T09:21:50.122+0000] {standard_task_runner.py:104} INFO - Running: ['***', 'tasks', 'run', 'elt-pipeline', 'extract_load_group.load_marketing_campaigns', 'scheduled__2025-09-05T00:00:00+00:00', '--job-id', '214', '--raw', '--subdir', 'DAGS_FOLDER/elt.py', '--cfg-path', '/tmp/tmpp702d2kq']
[2025-10-13T09:21:50.123+0000] {standard_task_runner.py:105} INFO - Job 214: Subtask extract_load_group.load_marketing_campaigns
[2025-10-13T09:21:50.190+0000] {task_command.py:467} INFO - Running <TaskInstance: elt-pipeline.extract_load_group.load_marketing_campaigns scheduled__2025-09-05T00:00:00+00:00 [running]> on host 84d5a327cf64
[2025-10-13T09:21:50.312+0000] {taskinstance.py:3132} INFO - Exporting env vars: AIRFLOW_CTX_DAG_OWNER='***' AIRFLOW_CTX_DAG_ID='elt-pipeline' AIRFLOW_CTX_TASK_ID='extract_load_group.load_marketing_campaigns' AIRFLOW_CTX_EXECUTION_DATE='2025-09-05T00:00:00+00:00' AIRFLOW_CTX_TRY_NUMBER='1' AIRFLOW_CTX_DAG_RUN_ID='scheduled__2025-09-05T00:00:00+00:00'
[2025-10-13T09:21:50.314+0000] {taskinstance.py:731} INFO - ::endgroup::
[2025-10-13T09:22:01.536+0000] {load.py:30} INFO - Loaded 73 rows and 5 columns to gcpl-469311.datalabs_techtest.stg_marketing_campaigns
[2025-10-13T09:22:01.536+0000] {python.py:240} INFO - Done. Returned value was: None
[2025-10-13T09:22:01.548+0000] {taskinstance.py:340} INFO - ::group::Post task execution logs
[2025-10-13T09:22:01.549+0000] {taskinstance.py:352} INFO - Marking task as SUCCESS. dag_id=elt-pipeline, task_id=extract_load_group.load_marketing_campaigns, run_id=scheduled__2025-09-05T00:00:00+00:00, execution_date=20250905T000000, start_date=20251013T092150, end_date=20251013T092201
[2025-10-13T09:22:01.599+0000] {local_task_job_runner.py:266} INFO - Task exited with return code 0
[2025-10-13T09:22:01.626+0000] {taskinstance.py:3895} INFO - 1 downstream tasks scheduled from follow-on schedule check
[2025-10-13T09:22:01.628+0000] {local_task_job_runner.py:245} INFO - ::endgroup::
[2025-10-14T04:21:41.158+0000] {local_task_job_runner.py:123} INFO - ::group::Pre task execution logs
[2025-10-14T04:21:41.179+0000] {taskinstance.py:2613} INFO - Dependencies all met for dep_context=non-requeueable deps ti=<TaskInstance: elt-pipeline.extract_load_group.load_marketing_campaigns scheduled__2025-09-05T00:00:00+00:00 [queued]>
[2025-10-14T04:21:41.188+0000] {taskinstance.py:2613} INFO - Dependencies all met for dep_context=requeueable deps ti=<TaskInstance: elt-pipeline.extract_load_group.load_marketing_campaigns scheduled__2025-09-05T00:00:00+00:00 [queued]>
[2025-10-14T04:21:41.188+0000] {taskinstance.py:2866} INFO - Starting attempt 1 of 1
[2025-10-14T04:21:41.201+0000] {taskinstance.py:2889} INFO - Executing <Task(PythonOperator): extract_load_group.load_marketing_campaigns> on 2025-09-05 00:00:00+00:00
[2025-10-14T04:21:41.209+0000] {warnings.py:112} WARNING - /home/***/.local/lib/python3.12/site-packages/***/task/task_runner/standard_task_runner.py:70: DeprecationWarning: This process (pid=455) is multi-threaded, use of fork() may lead to deadlocks in the child.
  pid = os.fork()

[2025-10-14T04:21:41.211+0000] {standard_task_runner.py:72} INFO - Started process 456 to run task
[2025-10-14T04:21:41.215+0000] {standard_task_runner.py:104} INFO - Running: ['***', 'tasks', 'run', 'elt-pipeline', 'extract_load_group.load_marketing_campaigns', 'scheduled__2025-09-05T00:00:00+00:00', '--job-id', '312', '--raw', '--subdir', 'DAGS_FOLDER/elt.py', '--cfg-path', '/tmp/tmp0yh8bn20']
[2025-10-14T04:21:41.217+0000] {standard_task_runner.py:105} INFO - Job 312: Subtask extract_load_group.load_marketing_campaigns
[2025-10-14T04:21:41.270+0000] {task_command.py:467} INFO - Running <TaskInstance: elt-pipeline.extract_load_group.load_marketing_campaigns scheduled__2025-09-05T00:00:00+00:00 [running]> on host e348b991e0be
[2025-10-14T04:21:41.361+0000] {taskinstance.py:3132} INFO - Exporting env vars: AIRFLOW_CTX_DAG_OWNER='***' AIRFLOW_CTX_DAG_ID='elt-pipeline' AIRFLOW_CTX_TASK_ID='extract_load_group.load_marketing_campaigns' AIRFLOW_CTX_EXECUTION_DATE='2025-09-05T00:00:00+00:00' AIRFLOW_CTX_TRY_NUMBER='1' AIRFLOW_CTX_DAG_RUN_ID='scheduled__2025-09-05T00:00:00+00:00'
[2025-10-14T04:21:41.362+0000] {taskinstance.py:731} INFO - ::endgroup::
[2025-10-14T04:21:45.744+0000] {load.py:30} INFO - Loaded 73 rows and 5 columns to gcpl-469311.datalabs_techtest.stg_marketing_campaigns
[2025-10-14T04:21:45.745+0000] {python.py:240} INFO - Done. Returned value was: None
[2025-10-14T04:21:45.756+0000] {taskinstance.py:340} INFO - ::group::Post task execution logs
[2025-10-14T04:21:45.756+0000] {taskinstance.py:352} INFO - Marking task as SUCCESS. dag_id=elt-pipeline, task_id=extract_load_group.load_marketing_campaigns, run_id=scheduled__2025-09-05T00:00:00+00:00, execution_date=20250905T000000, start_date=20251014T042141, end_date=20251014T042145
[2025-10-14T04:21:45.799+0000] {local_task_job_runner.py:266} INFO - Task exited with return code 0
[2025-10-14T04:21:45.822+0000] {taskinstance.py:3895} INFO - 0 downstream tasks scheduled from follow-on schedule check
[2025-10-14T04:21:45.824+0000] {local_task_job_runner.py:245} INFO - ::endgroup::
[2025-10-14T04:29:53.433+0000] {local_task_job_runner.py:123} INFO - ::group::Pre task execution logs
[2025-10-14T04:29:53.474+0000] {taskinstance.py:2613} INFO - Dependencies all met for dep_context=non-requeueable deps ti=<TaskInstance: elt-pipeline.extract_load_group.load_marketing_campaigns scheduled__2025-09-05T00:00:00+00:00 [queued]>
[2025-10-14T04:29:53.488+0000] {taskinstance.py:2613} INFO - Dependencies all met for dep_context=requeueable deps ti=<TaskInstance: elt-pipeline.extract_load_group.load_marketing_campaigns scheduled__2025-09-05T00:00:00+00:00 [queued]>
[2025-10-14T04:29:53.489+0000] {taskinstance.py:2866} INFO - Starting attempt 1 of 1
[2025-10-14T04:29:53.509+0000] {taskinstance.py:2889} INFO - Executing <Task(PythonOperator): extract_load_group.load_marketing_campaigns> on 2025-09-05 00:00:00+00:00
[2025-10-14T04:29:53.520+0000] {warnings.py:112} WARNING - /home/***/.local/lib/python3.12/site-packages/***/task/task_runner/standard_task_runner.py:70: DeprecationWarning: This process (pid=951) is multi-threaded, use of fork() may lead to deadlocks in the child.
  pid = os.fork()

[2025-10-14T04:29:53.522+0000] {standard_task_runner.py:72} INFO - Started process 961 to run task
[2025-10-14T04:29:53.522+0000] {standard_task_runner.py:104} INFO - Running: ['***', 'tasks', 'run', 'elt-pipeline', 'extract_load_group.load_marketing_campaigns', 'scheduled__2025-09-05T00:00:00+00:00', '--job-id', '422', '--raw', '--subdir', 'DAGS_FOLDER/elt.py', '--cfg-path', '/tmp/tmpcxtl2cr7']
[2025-10-14T04:29:53.524+0000] {standard_task_runner.py:105} INFO - Job 422: Subtask extract_load_group.load_marketing_campaigns
[2025-10-14T04:29:53.613+0000] {task_command.py:467} INFO - Running <TaskInstance: elt-pipeline.extract_load_group.load_marketing_campaigns scheduled__2025-09-05T00:00:00+00:00 [running]> on host e348b991e0be
[2025-10-14T04:29:53.764+0000] {taskinstance.py:3132} INFO - Exporting env vars: AIRFLOW_CTX_DAG_OWNER='***' AIRFLOW_CTX_DAG_ID='elt-pipeline' AIRFLOW_CTX_TASK_ID='extract_load_group.load_marketing_campaigns' AIRFLOW_CTX_EXECUTION_DATE='2025-09-05T00:00:00+00:00' AIRFLOW_CTX_TRY_NUMBER='1' AIRFLOW_CTX_DAG_RUN_ID='scheduled__2025-09-05T00:00:00+00:00'
[2025-10-14T04:29:53.766+0000] {taskinstance.py:731} INFO - ::endgroup::
[2025-10-14T04:29:58.395+0000] {load.py:30} INFO - Loaded 73 rows and 5 columns to gcpl-469311.datalabs_techtest.stg_marketing_campaigns
[2025-10-14T04:29:58.396+0000] {python.py:240} INFO - Done. Returned value was: None
[2025-10-14T04:29:58.408+0000] {taskinstance.py:340} INFO - ::group::Post task execution logs
[2025-10-14T04:29:58.409+0000] {taskinstance.py:352} INFO - Marking task as SUCCESS. dag_id=elt-pipeline, task_id=extract_load_group.load_marketing_campaigns, run_id=scheduled__2025-09-05T00:00:00+00:00, execution_date=20250905T000000, start_date=20251014T042953, end_date=20251014T042958
[2025-10-14T04:29:58.475+0000] {local_task_job_runner.py:266} INFO - Task exited with return code 0
[2025-10-14T04:29:58.488+0000] {local_task_job_runner.py:245} INFO - ::endgroup::
[2025-10-14T04:36:49.870+0000] {local_task_job_runner.py:123} INFO - ::group::Pre task execution logs
[2025-10-14T04:36:49.893+0000] {taskinstance.py:2613} INFO - Dependencies all met for dep_context=non-requeueable deps ti=<TaskInstance: elt-pipeline.extract_load_group.load_marketing_campaigns scheduled__2025-09-05T00:00:00+00:00 [queued]>
[2025-10-14T04:36:49.905+0000] {taskinstance.py:2613} INFO - Dependencies all met for dep_context=requeueable deps ti=<TaskInstance: elt-pipeline.extract_load_group.load_marketing_campaigns scheduled__2025-09-05T00:00:00+00:00 [queued]>
[2025-10-14T04:36:49.906+0000] {taskinstance.py:2866} INFO - Starting attempt 1 of 1
[2025-10-14T04:36:49.921+0000] {taskinstance.py:2889} INFO - Executing <Task(PythonOperator): extract_load_group.load_marketing_campaigns> on 2025-09-05 00:00:00+00:00
[2025-10-14T04:36:49.929+0000] {warnings.py:112} WARNING - /home/***/.local/lib/python3.12/site-packages/***/task/task_runner/standard_task_runner.py:70: DeprecationWarning: This process (pid=1296) is multi-threaded, use of fork() may lead to deadlocks in the child.
  pid = os.fork()

[2025-10-14T04:36:49.931+0000] {standard_task_runner.py:72} INFO - Started process 1298 to run task
[2025-10-14T04:36:49.932+0000] {standard_task_runner.py:104} INFO - Running: ['***', 'tasks', 'run', 'elt-pipeline', 'extract_load_group.load_marketing_campaigns', 'scheduled__2025-09-05T00:00:00+00:00', '--job-id', '491', '--raw', '--subdir', 'DAGS_FOLDER/elt.py', '--cfg-path', '/tmp/tmpy00pjf00']
[2025-10-14T04:36:49.933+0000] {standard_task_runner.py:105} INFO - Job 491: Subtask extract_load_group.load_marketing_campaigns
[2025-10-14T04:36:49.999+0000] {task_command.py:467} INFO - Running <TaskInstance: elt-pipeline.extract_load_group.load_marketing_campaigns scheduled__2025-09-05T00:00:00+00:00 [running]> on host e348b991e0be
[2025-10-14T04:36:50.119+0000] {taskinstance.py:3132} INFO - Exporting env vars: AIRFLOW_CTX_DAG_OWNER='***' AIRFLOW_CTX_DAG_ID='elt-pipeline' AIRFLOW_CTX_TASK_ID='extract_load_group.load_marketing_campaigns' AIRFLOW_CTX_EXECUTION_DATE='2025-09-05T00:00:00+00:00' AIRFLOW_CTX_TRY_NUMBER='1' AIRFLOW_CTX_DAG_RUN_ID='scheduled__2025-09-05T00:00:00+00:00'
[2025-10-14T04:36:50.120+0000] {taskinstance.py:731} INFO - ::endgroup::
[2025-10-14T04:36:54.267+0000] {load.py:30} INFO - Loaded 73 rows and 5 columns to gcpl-469311.datalabs_techtest.stg_marketing_campaigns
[2025-10-14T04:36:54.268+0000] {python.py:240} INFO - Done. Returned value was: None
[2025-10-14T04:36:54.283+0000] {taskinstance.py:340} INFO - ::group::Post task execution logs
[2025-10-14T04:36:54.284+0000] {taskinstance.py:352} INFO - Marking task as SUCCESS. dag_id=elt-pipeline, task_id=extract_load_group.load_marketing_campaigns, run_id=scheduled__2025-09-05T00:00:00+00:00, execution_date=20250905T000000, start_date=20251014T043649, end_date=20251014T043654
[2025-10-14T04:36:54.320+0000] {local_task_job_runner.py:266} INFO - Task exited with return code 0
[2025-10-14T04:36:54.347+0000] {taskinstance.py:3895} INFO - 0 downstream tasks scheduled from follow-on schedule check
[2025-10-14T04:36:54.349+0000] {local_task_job_runner.py:245} INFO - ::endgroup::
