[2025-10-13T08:37:13.912+0000] {local_task_job_runner.py:123} INFO - ::group::Pre task execution logs
[2025-10-13T08:37:13.937+0000] {taskinstance.py:2613} INFO - Dependencies all met for dep_context=non-requeueable deps ti=<TaskInstance: elt-pipeline.extract_load_group.extract_marketing_campaigns scheduled__2025-09-03T00:00:00+00:00 [queued]>
[2025-10-13T08:37:13.947+0000] {taskinstance.py:2613} INFO - Dependencies all met for dep_context=requeueable deps ti=<TaskInstance: elt-pipeline.extract_load_group.extract_marketing_campaigns scheduled__2025-09-03T00:00:00+00:00 [queued]>
[2025-10-13T08:37:13.948+0000] {taskinstance.py:2866} INFO - Starting attempt 1 of 1
[2025-10-13T08:37:13.963+0000] {taskinstance.py:2889} INFO - Executing <Task(PythonOperator): extract_load_group.extract_marketing_campaigns> on 2025-09-03 00:00:00+00:00
[2025-10-13T08:37:13.971+0000] {warnings.py:112} WARNING - /home/***/.local/lib/python3.12/site-packages/***/task/task_runner/standard_task_runner.py:70: DeprecationWarning: This process (pid=248) is multi-threaded, use of fork() may lead to deadlocks in the child.
  pid = os.fork()

[2025-10-13T08:37:13.973+0000] {standard_task_runner.py:72} INFO - Started process 251 to run task
[2025-10-13T08:37:13.974+0000] {standard_task_runner.py:104} INFO - Running: ['***', 'tasks', 'run', 'elt-pipeline', 'extract_load_group.extract_marketing_campaigns', 'scheduled__2025-09-03T00:00:00+00:00', '--job-id', '36', '--raw', '--subdir', 'DAGS_FOLDER/elt.py', '--cfg-path', '/tmp/tmppbleskmm']
[2025-10-13T08:37:13.975+0000] {standard_task_runner.py:105} INFO - Job 36: Subtask extract_load_group.extract_marketing_campaigns
[2025-10-13T08:37:14.037+0000] {task_command.py:467} INFO - Running <TaskInstance: elt-pipeline.extract_load_group.extract_marketing_campaigns scheduled__2025-09-03T00:00:00+00:00 [running]> on host 84d5a327cf64
[2025-10-13T08:37:14.139+0000] {taskinstance.py:3132} INFO - Exporting env vars: AIRFLOW_CTX_DAG_OWNER='***' AIRFLOW_CTX_DAG_ID='elt-pipeline' AIRFLOW_CTX_TASK_ID='extract_load_group.extract_marketing_campaigns' AIRFLOW_CTX_EXECUTION_DATE='2025-09-03T00:00:00+00:00' AIRFLOW_CTX_TRY_NUMBER='1' AIRFLOW_CTX_DAG_RUN_ID='scheduled__2025-09-03T00:00:00+00:00'
[2025-10-13T08:37:14.140+0000] {taskinstance.py:731} INFO - ::endgroup::
[2025-10-13T08:37:14.309+0000] {extract.py:22} INFO - Data written to marketing_campaigns.csv
[2025-10-13T08:37:14.310+0000] {python.py:240} INFO - Done. Returned value was: None
[2025-10-13T08:37:14.330+0000] {taskinstance.py:340} INFO - ::group::Post task execution logs
[2025-10-13T08:37:14.331+0000] {taskinstance.py:352} INFO - Marking task as SUCCESS. dag_id=elt-pipeline, task_id=extract_load_group.extract_marketing_campaigns, run_id=scheduled__2025-09-03T00:00:00+00:00, execution_date=20250903T000000, start_date=20251013T083713, end_date=20251013T083714
[2025-10-13T08:37:14.390+0000] {local_task_job_runner.py:266} INFO - Task exited with return code 0
[2025-10-13T08:37:14.406+0000] {local_task_job_runner.py:245} INFO - ::endgroup::
[2025-10-13T08:55:10.108+0000] {local_task_job_runner.py:123} INFO - ::group::Pre task execution logs
[2025-10-13T08:55:10.129+0000] {taskinstance.py:2613} INFO - Dependencies all met for dep_context=non-requeueable deps ti=<TaskInstance: elt-pipeline.extract_load_group.extract_marketing_campaigns scheduled__2025-09-03T00:00:00+00:00 [queued]>
[2025-10-13T08:55:10.138+0000] {taskinstance.py:2613} INFO - Dependencies all met for dep_context=requeueable deps ti=<TaskInstance: elt-pipeline.extract_load_group.extract_marketing_campaigns scheduled__2025-09-03T00:00:00+00:00 [queued]>
[2025-10-13T08:55:10.139+0000] {taskinstance.py:2866} INFO - Starting attempt 1 of 1
[2025-10-13T08:55:10.157+0000] {taskinstance.py:2889} INFO - Executing <Task(PythonOperator): extract_load_group.extract_marketing_campaigns> on 2025-09-03 00:00:00+00:00
[2025-10-13T08:55:10.165+0000] {warnings.py:112} WARNING - /home/***/.local/lib/python3.12/site-packages/***/task/task_runner/standard_task_runner.py:70: DeprecationWarning: This process (pid=797) is multi-threaded, use of fork() may lead to deadlocks in the child.
  pid = os.fork()

[2025-10-13T08:55:10.168+0000] {standard_task_runner.py:72} INFO - Started process 799 to run task
[2025-10-13T08:55:10.168+0000] {standard_task_runner.py:104} INFO - Running: ['***', 'tasks', 'run', 'elt-pipeline', 'extract_load_group.extract_marketing_campaigns', 'scheduled__2025-09-03T00:00:00+00:00', '--job-id', '126', '--raw', '--subdir', 'DAGS_FOLDER/elt.py', '--cfg-path', '/tmp/tmp9zd_3m4a']
[2025-10-13T08:55:10.169+0000] {standard_task_runner.py:105} INFO - Job 126: Subtask extract_load_group.extract_marketing_campaigns
[2025-10-13T08:55:10.232+0000] {task_command.py:467} INFO - Running <TaskInstance: elt-pipeline.extract_load_group.extract_marketing_campaigns scheduled__2025-09-03T00:00:00+00:00 [running]> on host 84d5a327cf64
[2025-10-13T08:55:10.329+0000] {taskinstance.py:3132} INFO - Exporting env vars: AIRFLOW_CTX_DAG_OWNER='***' AIRFLOW_CTX_DAG_ID='elt-pipeline' AIRFLOW_CTX_TASK_ID='extract_load_group.extract_marketing_campaigns' AIRFLOW_CTX_EXECUTION_DATE='2025-09-03T00:00:00+00:00' AIRFLOW_CTX_TRY_NUMBER='1' AIRFLOW_CTX_DAG_RUN_ID='scheduled__2025-09-03T00:00:00+00:00'
[2025-10-13T08:55:10.330+0000] {taskinstance.py:731} INFO - ::endgroup::
[2025-10-13T08:55:10.467+0000] {extract.py:22} INFO - Data written to marketing_campaigns.csv
[2025-10-13T08:55:10.467+0000] {python.py:240} INFO - Done. Returned value was: None
[2025-10-13T08:55:10.483+0000] {taskinstance.py:340} INFO - ::group::Post task execution logs
[2025-10-13T08:55:10.484+0000] {taskinstance.py:352} INFO - Marking task as SUCCESS. dag_id=elt-pipeline, task_id=extract_load_group.extract_marketing_campaigns, run_id=scheduled__2025-09-03T00:00:00+00:00, execution_date=20250903T000000, start_date=20251013T085510, end_date=20251013T085510
[2025-10-13T08:55:10.544+0000] {local_task_job_runner.py:266} INFO - Task exited with return code 0
[2025-10-13T08:55:10.559+0000] {local_task_job_runner.py:245} INFO - ::endgroup::
[2025-10-13T09:21:09.479+0000] {local_task_job_runner.py:123} INFO - ::group::Pre task execution logs
[2025-10-13T09:21:09.500+0000] {taskinstance.py:2613} INFO - Dependencies all met for dep_context=non-requeueable deps ti=<TaskInstance: elt-pipeline.extract_load_group.extract_marketing_campaigns scheduled__2025-09-03T00:00:00+00:00 [queued]>
[2025-10-13T09:21:09.512+0000] {taskinstance.py:2613} INFO - Dependencies all met for dep_context=requeueable deps ti=<TaskInstance: elt-pipeline.extract_load_group.extract_marketing_campaigns scheduled__2025-09-03T00:00:00+00:00 [queued]>
[2025-10-13T09:21:09.513+0000] {taskinstance.py:2866} INFO - Starting attempt 1 of 1
[2025-10-13T09:21:09.532+0000] {taskinstance.py:2889} INFO - Executing <Task(PythonOperator): extract_load_group.extract_marketing_campaigns> on 2025-09-03 00:00:00+00:00
[2025-10-13T09:21:09.541+0000] {warnings.py:112} WARNING - /home/***/.local/lib/python3.12/site-packages/***/task/task_runner/standard_task_runner.py:70: DeprecationWarning: This process (pid=1361) is multi-threaded, use of fork() may lead to deadlocks in the child.
  pid = os.fork()

[2025-10-13T09:21:09.542+0000] {standard_task_runner.py:72} INFO - Started process 1373 to run task
[2025-10-13T09:21:09.543+0000] {standard_task_runner.py:104} INFO - Running: ['***', 'tasks', 'run', 'elt-pipeline', 'extract_load_group.extract_marketing_campaigns', 'scheduled__2025-09-03T00:00:00+00:00', '--job-id', '190', '--raw', '--subdir', 'DAGS_FOLDER/elt.py', '--cfg-path', '/tmp/tmp40zhab49']
[2025-10-13T09:21:09.545+0000] {standard_task_runner.py:105} INFO - Job 190: Subtask extract_load_group.extract_marketing_campaigns
[2025-10-13T09:21:09.616+0000] {task_command.py:467} INFO - Running <TaskInstance: elt-pipeline.extract_load_group.extract_marketing_campaigns scheduled__2025-09-03T00:00:00+00:00 [running]> on host 84d5a327cf64
[2025-10-13T09:21:09.726+0000] {taskinstance.py:3132} INFO - Exporting env vars: AIRFLOW_CTX_DAG_OWNER='***' AIRFLOW_CTX_DAG_ID='elt-pipeline' AIRFLOW_CTX_TASK_ID='extract_load_group.extract_marketing_campaigns' AIRFLOW_CTX_EXECUTION_DATE='2025-09-03T00:00:00+00:00' AIRFLOW_CTX_TRY_NUMBER='1' AIRFLOW_CTX_DAG_RUN_ID='scheduled__2025-09-03T00:00:00+00:00'
[2025-10-13T09:21:09.727+0000] {taskinstance.py:731} INFO - ::endgroup::
[2025-10-13T09:21:09.905+0000] {extract.py:22} INFO - Data written to marketing_campaigns.csv
[2025-10-13T09:21:09.906+0000] {python.py:240} INFO - Done. Returned value was: None
[2025-10-13T09:21:09.923+0000] {taskinstance.py:340} INFO - ::group::Post task execution logs
[2025-10-13T09:21:09.923+0000] {taskinstance.py:352} INFO - Marking task as SUCCESS. dag_id=elt-pipeline, task_id=extract_load_group.extract_marketing_campaigns, run_id=scheduled__2025-09-03T00:00:00+00:00, execution_date=20250903T000000, start_date=20251013T092109, end_date=20251013T092109
[2025-10-13T09:21:09.960+0000] {local_task_job_runner.py:266} INFO - Task exited with return code 0
[2025-10-13T09:21:09.972+0000] {local_task_job_runner.py:245} INFO - ::endgroup::
[2025-10-14T04:21:08.375+0000] {local_task_job_runner.py:123} INFO - ::group::Pre task execution logs
[2025-10-14T04:21:08.397+0000] {taskinstance.py:2613} INFO - Dependencies all met for dep_context=non-requeueable deps ti=<TaskInstance: elt-pipeline.extract_load_group.extract_marketing_campaigns scheduled__2025-09-03T00:00:00+00:00 [queued]>
[2025-10-14T04:21:08.407+0000] {taskinstance.py:2613} INFO - Dependencies all met for dep_context=requeueable deps ti=<TaskInstance: elt-pipeline.extract_load_group.extract_marketing_campaigns scheduled__2025-09-03T00:00:00+00:00 [queued]>
[2025-10-14T04:21:08.407+0000] {taskinstance.py:2866} INFO - Starting attempt 1 of 1
[2025-10-14T04:21:08.423+0000] {taskinstance.py:2889} INFO - Executing <Task(PythonOperator): extract_load_group.extract_marketing_campaigns> on 2025-09-03 00:00:00+00:00
[2025-10-14T04:21:08.430+0000] {warnings.py:112} WARNING - /home/***/.local/lib/python3.12/site-packages/***/task/task_runner/standard_task_runner.py:70: DeprecationWarning: This process (pid=345) is multi-threaded, use of fork() may lead to deadlocks in the child.
  pid = os.fork()

[2025-10-14T04:21:08.432+0000] {standard_task_runner.py:72} INFO - Started process 349 to run task
[2025-10-14T04:21:08.432+0000] {standard_task_runner.py:104} INFO - Running: ['***', 'tasks', 'run', 'elt-pipeline', 'extract_load_group.extract_marketing_campaigns', 'scheduled__2025-09-03T00:00:00+00:00', '--job-id', '282', '--raw', '--subdir', 'DAGS_FOLDER/elt.py', '--cfg-path', '/tmp/tmp3h434n_5']
[2025-10-14T04:21:08.434+0000] {standard_task_runner.py:105} INFO - Job 282: Subtask extract_load_group.extract_marketing_campaigns
[2025-10-14T04:21:08.505+0000] {task_command.py:467} INFO - Running <TaskInstance: elt-pipeline.extract_load_group.extract_marketing_campaigns scheduled__2025-09-03T00:00:00+00:00 [running]> on host e348b991e0be
[2025-10-14T04:21:08.606+0000] {taskinstance.py:3132} INFO - Exporting env vars: AIRFLOW_CTX_DAG_OWNER='***' AIRFLOW_CTX_DAG_ID='elt-pipeline' AIRFLOW_CTX_TASK_ID='extract_load_group.extract_marketing_campaigns' AIRFLOW_CTX_EXECUTION_DATE='2025-09-03T00:00:00+00:00' AIRFLOW_CTX_TRY_NUMBER='1' AIRFLOW_CTX_DAG_RUN_ID='scheduled__2025-09-03T00:00:00+00:00'
[2025-10-14T04:21:08.607+0000] {taskinstance.py:731} INFO - ::endgroup::
[2025-10-14T04:21:08.759+0000] {extract.py:22} INFO - Data written to marketing_campaigns.csv
[2025-10-14T04:21:08.760+0000] {python.py:240} INFO - Done. Returned value was: None
[2025-10-14T04:21:08.777+0000] {taskinstance.py:340} INFO - ::group::Post task execution logs
[2025-10-14T04:21:08.778+0000] {taskinstance.py:352} INFO - Marking task as SUCCESS. dag_id=elt-pipeline, task_id=extract_load_group.extract_marketing_campaigns, run_id=scheduled__2025-09-03T00:00:00+00:00, execution_date=20250903T000000, start_date=20251014T042108, end_date=20251014T042108
[2025-10-14T04:21:08.808+0000] {local_task_job_runner.py:266} INFO - Task exited with return code 0
[2025-10-14T04:21:08.849+0000] {taskinstance.py:3895} INFO - 1 downstream tasks scheduled from follow-on schedule check
[2025-10-14T04:21:08.852+0000] {local_task_job_runner.py:245} INFO - ::endgroup::
[2025-10-14T04:29:02.578+0000] {local_task_job_runner.py:123} INFO - ::group::Pre task execution logs
[2025-10-14T04:29:02.601+0000] {taskinstance.py:2613} INFO - Dependencies all met for dep_context=non-requeueable deps ti=<TaskInstance: elt-pipeline.extract_load_group.extract_marketing_campaigns scheduled__2025-09-03T00:00:00+00:00 [queued]>
[2025-10-14T04:29:02.609+0000] {taskinstance.py:2613} INFO - Dependencies all met for dep_context=requeueable deps ti=<TaskInstance: elt-pipeline.extract_load_group.extract_marketing_campaigns scheduled__2025-09-03T00:00:00+00:00 [queued]>
[2025-10-14T04:29:02.610+0000] {taskinstance.py:2866} INFO - Starting attempt 1 of 1
[2025-10-14T04:29:02.639+0000] {taskinstance.py:2889} INFO - Executing <Task(PythonOperator): extract_load_group.extract_marketing_campaigns> on 2025-09-03 00:00:00+00:00
[2025-10-14T04:29:02.647+0000] {warnings.py:112} WARNING - /home/***/.local/lib/python3.12/site-packages/***/task/task_runner/standard_task_runner.py:70: DeprecationWarning: This process (pid=836) is multi-threaded, use of fork() may lead to deadlocks in the child.
  pid = os.fork()

[2025-10-14T04:29:02.649+0000] {standard_task_runner.py:72} INFO - Started process 848 to run task
[2025-10-14T04:29:02.650+0000] {standard_task_runner.py:104} INFO - Running: ['***', 'tasks', 'run', 'elt-pipeline', 'extract_load_group.extract_marketing_campaigns', 'scheduled__2025-09-03T00:00:00+00:00', '--job-id', '394', '--raw', '--subdir', 'DAGS_FOLDER/elt.py', '--cfg-path', '/tmp/tmpxpulbtha']
[2025-10-14T04:29:02.652+0000] {standard_task_runner.py:105} INFO - Job 394: Subtask extract_load_group.extract_marketing_campaigns
[2025-10-14T04:29:02.716+0000] {task_command.py:467} INFO - Running <TaskInstance: elt-pipeline.extract_load_group.extract_marketing_campaigns scheduled__2025-09-03T00:00:00+00:00 [running]> on host e348b991e0be
[2025-10-14T04:29:02.819+0000] {taskinstance.py:3132} INFO - Exporting env vars: AIRFLOW_CTX_DAG_OWNER='***' AIRFLOW_CTX_DAG_ID='elt-pipeline' AIRFLOW_CTX_TASK_ID='extract_load_group.extract_marketing_campaigns' AIRFLOW_CTX_EXECUTION_DATE='2025-09-03T00:00:00+00:00' AIRFLOW_CTX_TRY_NUMBER='1' AIRFLOW_CTX_DAG_RUN_ID='scheduled__2025-09-03T00:00:00+00:00'
[2025-10-14T04:29:02.820+0000] {taskinstance.py:731} INFO - ::endgroup::
[2025-10-14T04:29:02.959+0000] {extract.py:22} INFO - Data written to marketing_campaigns.csv
[2025-10-14T04:29:02.960+0000] {python.py:240} INFO - Done. Returned value was: None
[2025-10-14T04:29:02.975+0000] {taskinstance.py:340} INFO - ::group::Post task execution logs
[2025-10-14T04:29:02.976+0000] {taskinstance.py:352} INFO - Marking task as SUCCESS. dag_id=elt-pipeline, task_id=extract_load_group.extract_marketing_campaigns, run_id=scheduled__2025-09-03T00:00:00+00:00, execution_date=20250903T000000, start_date=20251014T042902, end_date=20251014T042902
[2025-10-14T04:29:03.025+0000] {local_task_job_runner.py:266} INFO - Task exited with return code 0
[2025-10-14T04:29:03.042+0000] {local_task_job_runner.py:245} INFO - ::endgroup::
[2025-10-14T04:35:58.017+0000] {local_task_job_runner.py:123} INFO - ::group::Pre task execution logs
[2025-10-14T04:35:58.038+0000] {taskinstance.py:2613} INFO - Dependencies all met for dep_context=non-requeueable deps ti=<TaskInstance: elt-pipeline.extract_load_group.extract_marketing_campaigns scheduled__2025-09-03T00:00:00+00:00 [queued]>
[2025-10-14T04:35:58.047+0000] {taskinstance.py:2613} INFO - Dependencies all met for dep_context=requeueable deps ti=<TaskInstance: elt-pipeline.extract_load_group.extract_marketing_campaigns scheduled__2025-09-03T00:00:00+00:00 [queued]>
[2025-10-14T04:35:58.047+0000] {taskinstance.py:2866} INFO - Starting attempt 1 of 1
[2025-10-14T04:35:58.061+0000] {taskinstance.py:2889} INFO - Executing <Task(PythonOperator): extract_load_group.extract_marketing_campaigns> on 2025-09-03 00:00:00+00:00
[2025-10-14T04:35:58.069+0000] {warnings.py:112} WARNING - /home/***/.local/lib/python3.12/site-packages/***/task/task_runner/standard_task_runner.py:70: DeprecationWarning: This process (pid=1184) is multi-threaded, use of fork() may lead to deadlocks in the child.
  pid = os.fork()

[2025-10-14T04:35:58.071+0000] {standard_task_runner.py:72} INFO - Started process 1191 to run task
[2025-10-14T04:35:58.070+0000] {standard_task_runner.py:104} INFO - Running: ['***', 'tasks', 'run', 'elt-pipeline', 'extract_load_group.extract_marketing_campaigns', 'scheduled__2025-09-03T00:00:00+00:00', '--job-id', '462', '--raw', '--subdir', 'DAGS_FOLDER/elt.py', '--cfg-path', '/tmp/tmp3hjhbes9']
[2025-10-14T04:35:58.072+0000] {standard_task_runner.py:105} INFO - Job 462: Subtask extract_load_group.extract_marketing_campaigns
[2025-10-14T04:35:58.136+0000] {task_command.py:467} INFO - Running <TaskInstance: elt-pipeline.extract_load_group.extract_marketing_campaigns scheduled__2025-09-03T00:00:00+00:00 [running]> on host e348b991e0be
[2025-10-14T04:35:58.231+0000] {taskinstance.py:3132} INFO - Exporting env vars: AIRFLOW_CTX_DAG_OWNER='***' AIRFLOW_CTX_DAG_ID='elt-pipeline' AIRFLOW_CTX_TASK_ID='extract_load_group.extract_marketing_campaigns' AIRFLOW_CTX_EXECUTION_DATE='2025-09-03T00:00:00+00:00' AIRFLOW_CTX_TRY_NUMBER='1' AIRFLOW_CTX_DAG_RUN_ID='scheduled__2025-09-03T00:00:00+00:00'
[2025-10-14T04:35:58.233+0000] {taskinstance.py:731} INFO - ::endgroup::
[2025-10-14T04:35:58.393+0000] {extract.py:22} INFO - Data written to marketing_campaigns.csv
[2025-10-14T04:35:58.394+0000] {python.py:240} INFO - Done. Returned value was: None
[2025-10-14T04:35:58.410+0000] {taskinstance.py:340} INFO - ::group::Post task execution logs
[2025-10-14T04:35:58.410+0000] {taskinstance.py:352} INFO - Marking task as SUCCESS. dag_id=elt-pipeline, task_id=extract_load_group.extract_marketing_campaigns, run_id=scheduled__2025-09-03T00:00:00+00:00, execution_date=20250903T000000, start_date=20251014T043558, end_date=20251014T043558
[2025-10-14T04:35:58.447+0000] {local_task_job_runner.py:266} INFO - Task exited with return code 0
[2025-10-14T04:35:58.465+0000] {local_task_job_runner.py:245} INFO - ::endgroup::
