[2025-10-13T08:42:38.666+0000] {local_task_job_runner.py:123} INFO - ::group::Pre task execution logs
[2025-10-13T08:42:38.690+0000] {taskinstance.py:2613} INFO - Dependencies all met for dep_context=non-requeueable deps ti=<TaskInstance: elt-pipeline.extract_load_group.extract_products scheduled__2025-09-05T00:00:00+00:00 [queued]>
[2025-10-13T08:42:38.701+0000] {taskinstance.py:2613} INFO - Dependencies all met for dep_context=requeueable deps ti=<TaskInstance: elt-pipeline.extract_load_group.extract_products scheduled__2025-09-05T00:00:00+00:00 [queued]>
[2025-10-13T08:42:38.702+0000] {taskinstance.py:2866} INFO - Starting attempt 1 of 1
[2025-10-13T08:42:38.720+0000] {taskinstance.py:2889} INFO - Executing <Task(PythonOperator): extract_load_group.extract_products> on 2025-09-05 00:00:00+00:00
[2025-10-13T08:42:38.732+0000] {warnings.py:112} WARNING - /home/***/.local/lib/python3.12/site-packages/***/task/task_runner/standard_task_runner.py:70: DeprecationWarning: This process (pid=424) is multi-threaded, use of fork() may lead to deadlocks in the child.
  pid = os.fork()

[2025-10-13T08:42:38.735+0000] {standard_task_runner.py:72} INFO - Started process 427 to run task
[2025-10-13T08:42:38.735+0000] {standard_task_runner.py:104} INFO - Running: ['***', 'tasks', 'run', 'elt-pipeline', 'extract_load_group.extract_products', 'scheduled__2025-09-05T00:00:00+00:00', '--job-id', '64', '--raw', '--subdir', 'DAGS_FOLDER/elt.py', '--cfg-path', '/tmp/tmp0zh978sk']
[2025-10-13T08:42:38.737+0000] {standard_task_runner.py:105} INFO - Job 64: Subtask extract_load_group.extract_products
[2025-10-13T08:42:38.821+0000] {task_command.py:467} INFO - Running <TaskInstance: elt-pipeline.extract_load_group.extract_products scheduled__2025-09-05T00:00:00+00:00 [running]> on host 84d5a327cf64
[2025-10-13T08:42:38.929+0000] {taskinstance.py:3132} INFO - Exporting env vars: AIRFLOW_CTX_DAG_OWNER='***' AIRFLOW_CTX_DAG_ID='elt-pipeline' AIRFLOW_CTX_TASK_ID='extract_load_group.extract_products' AIRFLOW_CTX_EXECUTION_DATE='2025-09-05T00:00:00+00:00' AIRFLOW_CTX_TRY_NUMBER='1' AIRFLOW_CTX_DAG_RUN_ID='scheduled__2025-09-05T00:00:00+00:00'
[2025-10-13T08:42:38.930+0000] {taskinstance.py:731} INFO - ::endgroup::
[2025-10-13T08:42:39.094+0000] {extract.py:22} INFO - Data written to products.csv
[2025-10-13T08:42:39.095+0000] {python.py:240} INFO - Done. Returned value was: None
[2025-10-13T08:42:39.109+0000] {taskinstance.py:340} INFO - ::group::Post task execution logs
[2025-10-13T08:42:39.110+0000] {taskinstance.py:352} INFO - Marking task as SUCCESS. dag_id=elt-pipeline, task_id=extract_load_group.extract_products, run_id=scheduled__2025-09-05T00:00:00+00:00, execution_date=20250905T000000, start_date=20251013T084238, end_date=20251013T084239
[2025-10-13T08:42:39.152+0000] {local_task_job_runner.py:266} INFO - Task exited with return code 0
[2025-10-13T08:42:39.164+0000] {local_task_job_runner.py:245} INFO - ::endgroup::
[2025-10-13T09:21:48.869+0000] {local_task_job_runner.py:123} INFO - ::group::Pre task execution logs
[2025-10-13T09:21:48.890+0000] {taskinstance.py:2613} INFO - Dependencies all met for dep_context=non-requeueable deps ti=<TaskInstance: elt-pipeline.extract_load_group.extract_products scheduled__2025-09-05T00:00:00+00:00 [queued]>
[2025-10-13T09:21:48.899+0000] {taskinstance.py:2613} INFO - Dependencies all met for dep_context=requeueable deps ti=<TaskInstance: elt-pipeline.extract_load_group.extract_products scheduled__2025-09-05T00:00:00+00:00 [queued]>
[2025-10-13T09:21:48.899+0000] {taskinstance.py:2866} INFO - Starting attempt 1 of 1
[2025-10-13T09:21:48.914+0000] {taskinstance.py:2889} INFO - Executing <Task(PythonOperator): extract_load_group.extract_products> on 2025-09-05 00:00:00+00:00
[2025-10-13T09:21:48.921+0000] {warnings.py:112} WARNING - /home/***/.local/lib/python3.12/site-packages/***/task/task_runner/standard_task_runner.py:70: DeprecationWarning: This process (pid=1447) is multi-threaded, use of fork() may lead to deadlocks in the child.
  pid = os.fork()

[2025-10-13T09:21:48.923+0000] {standard_task_runner.py:72} INFO - Started process 1453 to run task
[2025-10-13T09:21:48.923+0000] {standard_task_runner.py:104} INFO - Running: ['***', 'tasks', 'run', 'elt-pipeline', 'extract_load_group.extract_products', 'scheduled__2025-09-05T00:00:00+00:00', '--job-id', '208', '--raw', '--subdir', 'DAGS_FOLDER/elt.py', '--cfg-path', '/tmp/tmpt5qqtr4m']
[2025-10-13T09:21:48.924+0000] {standard_task_runner.py:105} INFO - Job 208: Subtask extract_load_group.extract_products
[2025-10-13T09:21:48.988+0000] {task_command.py:467} INFO - Running <TaskInstance: elt-pipeline.extract_load_group.extract_products scheduled__2025-09-05T00:00:00+00:00 [running]> on host 84d5a327cf64
[2025-10-13T09:21:49.093+0000] {taskinstance.py:3132} INFO - Exporting env vars: AIRFLOW_CTX_DAG_OWNER='***' AIRFLOW_CTX_DAG_ID='elt-pipeline' AIRFLOW_CTX_TASK_ID='extract_load_group.extract_products' AIRFLOW_CTX_EXECUTION_DATE='2025-09-05T00:00:00+00:00' AIRFLOW_CTX_TRY_NUMBER='1' AIRFLOW_CTX_DAG_RUN_ID='scheduled__2025-09-05T00:00:00+00:00'
[2025-10-13T09:21:49.094+0000] {taskinstance.py:731} INFO - ::endgroup::
[2025-10-13T09:21:49.234+0000] {extract.py:22} INFO - Data written to products.csv
[2025-10-13T09:21:49.235+0000] {python.py:240} INFO - Done. Returned value was: None
[2025-10-13T09:21:49.253+0000] {taskinstance.py:340} INFO - ::group::Post task execution logs
[2025-10-13T09:21:49.254+0000] {taskinstance.py:352} INFO - Marking task as SUCCESS. dag_id=elt-pipeline, task_id=extract_load_group.extract_products, run_id=scheduled__2025-09-05T00:00:00+00:00, execution_date=20250905T000000, start_date=20251013T092148, end_date=20251013T092149
[2025-10-13T09:21:49.299+0000] {local_task_job_runner.py:266} INFO - Task exited with return code 0
[2025-10-13T09:21:49.313+0000] {local_task_job_runner.py:245} INFO - ::endgroup::
[2025-10-14T04:21:40.068+0000] {local_task_job_runner.py:123} INFO - ::group::Pre task execution logs
[2025-10-14T04:21:40.089+0000] {taskinstance.py:2613} INFO - Dependencies all met for dep_context=non-requeueable deps ti=<TaskInstance: elt-pipeline.extract_load_group.extract_products scheduled__2025-09-05T00:00:00+00:00 [queued]>
[2025-10-14T04:21:40.098+0000] {taskinstance.py:2613} INFO - Dependencies all met for dep_context=requeueable deps ti=<TaskInstance: elt-pipeline.extract_load_group.extract_products scheduled__2025-09-05T00:00:00+00:00 [queued]>
[2025-10-14T04:21:40.098+0000] {taskinstance.py:2866} INFO - Starting attempt 1 of 1
[2025-10-14T04:21:40.112+0000] {taskinstance.py:2889} INFO - Executing <Task(PythonOperator): extract_load_group.extract_products> on 2025-09-05 00:00:00+00:00
[2025-10-14T04:21:40.121+0000] {warnings.py:112} WARNING - /home/***/.local/lib/python3.12/site-packages/***/task/task_runner/standard_task_runner.py:70: DeprecationWarning: This process (pid=436) is multi-threaded, use of fork() may lead to deadlocks in the child.
  pid = os.fork()

[2025-10-14T04:21:40.123+0000] {standard_task_runner.py:72} INFO - Started process 447 to run task
[2025-10-14T04:21:40.127+0000] {standard_task_runner.py:104} INFO - Running: ['***', 'tasks', 'run', 'elt-pipeline', 'extract_load_group.extract_products', 'scheduled__2025-09-05T00:00:00+00:00', '--job-id', '310', '--raw', '--subdir', 'DAGS_FOLDER/elt.py', '--cfg-path', '/tmp/tmp8ugyy8wc']
[2025-10-14T04:21:40.129+0000] {standard_task_runner.py:105} INFO - Job 310: Subtask extract_load_group.extract_products
[2025-10-14T04:21:40.188+0000] {task_command.py:467} INFO - Running <TaskInstance: elt-pipeline.extract_load_group.extract_products scheduled__2025-09-05T00:00:00+00:00 [running]> on host e348b991e0be
[2025-10-14T04:21:40.289+0000] {taskinstance.py:3132} INFO - Exporting env vars: AIRFLOW_CTX_DAG_OWNER='***' AIRFLOW_CTX_DAG_ID='elt-pipeline' AIRFLOW_CTX_TASK_ID='extract_load_group.extract_products' AIRFLOW_CTX_EXECUTION_DATE='2025-09-05T00:00:00+00:00' AIRFLOW_CTX_TRY_NUMBER='1' AIRFLOW_CTX_DAG_RUN_ID='scheduled__2025-09-05T00:00:00+00:00'
[2025-10-14T04:21:40.290+0000] {taskinstance.py:731} INFO - ::endgroup::
[2025-10-14T04:21:40.467+0000] {extract.py:22} INFO - Data written to products.csv
[2025-10-14T04:21:40.468+0000] {python.py:240} INFO - Done. Returned value was: None
[2025-10-14T04:21:40.482+0000] {taskinstance.py:340} INFO - ::group::Post task execution logs
[2025-10-14T04:21:40.483+0000] {taskinstance.py:352} INFO - Marking task as SUCCESS. dag_id=elt-pipeline, task_id=extract_load_group.extract_products, run_id=scheduled__2025-09-05T00:00:00+00:00, execution_date=20250905T000000, start_date=20251014T042140, end_date=20251014T042140
[2025-10-14T04:21:40.539+0000] {local_task_job_runner.py:266} INFO - Task exited with return code 0
[2025-10-14T04:21:40.576+0000] {taskinstance.py:3895} INFO - 1 downstream tasks scheduled from follow-on schedule check
[2025-10-14T04:21:40.578+0000] {local_task_job_runner.py:245} INFO - ::endgroup::
[2025-10-14T04:29:51.808+0000] {local_task_job_runner.py:123} INFO - ::group::Pre task execution logs
[2025-10-14T04:29:51.832+0000] {taskinstance.py:2613} INFO - Dependencies all met for dep_context=non-requeueable deps ti=<TaskInstance: elt-pipeline.extract_load_group.extract_products scheduled__2025-09-05T00:00:00+00:00 [queued]>
[2025-10-14T04:29:51.842+0000] {taskinstance.py:2613} INFO - Dependencies all met for dep_context=requeueable deps ti=<TaskInstance: elt-pipeline.extract_load_group.extract_products scheduled__2025-09-05T00:00:00+00:00 [queued]>
[2025-10-14T04:29:51.843+0000] {taskinstance.py:2866} INFO - Starting attempt 1 of 1
[2025-10-14T04:29:51.860+0000] {taskinstance.py:2889} INFO - Executing <Task(PythonOperator): extract_load_group.extract_products> on 2025-09-05 00:00:00+00:00
[2025-10-14T04:29:51.869+0000] {warnings.py:112} WARNING - /home/***/.local/lib/python3.12/site-packages/***/task/task_runner/standard_task_runner.py:70: DeprecationWarning: This process (pid=937) is multi-threaded, use of fork() may lead to deadlocks in the child.
  pid = os.fork()

[2025-10-14T04:29:51.870+0000] {standard_task_runner.py:72} INFO - Started process 942 to run task
[2025-10-14T04:29:51.870+0000] {standard_task_runner.py:104} INFO - Running: ['***', 'tasks', 'run', 'elt-pipeline', 'extract_load_group.extract_products', 'scheduled__2025-09-05T00:00:00+00:00', '--job-id', '415', '--raw', '--subdir', 'DAGS_FOLDER/elt.py', '--cfg-path', '/tmp/tmpjmg_p5nz']
[2025-10-14T04:29:51.871+0000] {standard_task_runner.py:105} INFO - Job 415: Subtask extract_load_group.extract_products
[2025-10-14T04:29:51.939+0000] {task_command.py:467} INFO - Running <TaskInstance: elt-pipeline.extract_load_group.extract_products scheduled__2025-09-05T00:00:00+00:00 [running]> on host e348b991e0be
[2025-10-14T04:29:52.052+0000] {taskinstance.py:3132} INFO - Exporting env vars: AIRFLOW_CTX_DAG_OWNER='***' AIRFLOW_CTX_DAG_ID='elt-pipeline' AIRFLOW_CTX_TASK_ID='extract_load_group.extract_products' AIRFLOW_CTX_EXECUTION_DATE='2025-09-05T00:00:00+00:00' AIRFLOW_CTX_TRY_NUMBER='1' AIRFLOW_CTX_DAG_RUN_ID='scheduled__2025-09-05T00:00:00+00:00'
[2025-10-14T04:29:52.053+0000] {taskinstance.py:731} INFO - ::endgroup::
[2025-10-14T04:29:52.233+0000] {extract.py:22} INFO - Data written to products.csv
[2025-10-14T04:29:52.234+0000] {python.py:240} INFO - Done. Returned value was: None
[2025-10-14T04:29:52.251+0000] {taskinstance.py:340} INFO - ::group::Post task execution logs
[2025-10-14T04:29:52.251+0000] {taskinstance.py:352} INFO - Marking task as SUCCESS. dag_id=elt-pipeline, task_id=extract_load_group.extract_products, run_id=scheduled__2025-09-05T00:00:00+00:00, execution_date=20250905T000000, start_date=20251014T042951, end_date=20251014T042952
[2025-10-14T04:29:52.286+0000] {local_task_job_runner.py:266} INFO - Task exited with return code 0
[2025-10-14T04:29:52.302+0000] {local_task_job_runner.py:245} INFO - ::endgroup::
[2025-10-14T04:36:48.660+0000] {local_task_job_runner.py:123} INFO - ::group::Pre task execution logs
[2025-10-14T04:36:48.683+0000] {taskinstance.py:2613} INFO - Dependencies all met for dep_context=non-requeueable deps ti=<TaskInstance: elt-pipeline.extract_load_group.extract_products scheduled__2025-09-05T00:00:00+00:00 [queued]>
[2025-10-14T04:36:48.692+0000] {taskinstance.py:2613} INFO - Dependencies all met for dep_context=requeueable deps ti=<TaskInstance: elt-pipeline.extract_load_group.extract_products scheduled__2025-09-05T00:00:00+00:00 [queued]>
[2025-10-14T04:36:48.693+0000] {taskinstance.py:2866} INFO - Starting attempt 1 of 1
[2025-10-14T04:36:48.710+0000] {taskinstance.py:2889} INFO - Executing <Task(PythonOperator): extract_load_group.extract_products> on 2025-09-05 00:00:00+00:00
[2025-10-14T04:36:48.718+0000] {warnings.py:112} WARNING - /home/***/.local/lib/python3.12/site-packages/***/task/task_runner/standard_task_runner.py:70: DeprecationWarning: This process (pid=1279) is multi-threaded, use of fork() may lead to deadlocks in the child.
  pid = os.fork()

[2025-10-14T04:36:48.720+0000] {standard_task_runner.py:72} INFO - Started process 1284 to run task
[2025-10-14T04:36:48.721+0000] {standard_task_runner.py:104} INFO - Running: ['***', 'tasks', 'run', 'elt-pipeline', 'extract_load_group.extract_products', 'scheduled__2025-09-05T00:00:00+00:00', '--job-id', '489', '--raw', '--subdir', 'DAGS_FOLDER/elt.py', '--cfg-path', '/tmp/tmp498pepe0']
[2025-10-14T04:36:48.722+0000] {standard_task_runner.py:105} INFO - Job 489: Subtask extract_load_group.extract_products
[2025-10-14T04:36:48.794+0000] {task_command.py:467} INFO - Running <TaskInstance: elt-pipeline.extract_load_group.extract_products scheduled__2025-09-05T00:00:00+00:00 [running]> on host e348b991e0be
[2025-10-14T04:36:48.904+0000] {taskinstance.py:3132} INFO - Exporting env vars: AIRFLOW_CTX_DAG_OWNER='***' AIRFLOW_CTX_DAG_ID='elt-pipeline' AIRFLOW_CTX_TASK_ID='extract_load_group.extract_products' AIRFLOW_CTX_EXECUTION_DATE='2025-09-05T00:00:00+00:00' AIRFLOW_CTX_TRY_NUMBER='1' AIRFLOW_CTX_DAG_RUN_ID='scheduled__2025-09-05T00:00:00+00:00'
[2025-10-14T04:36:48.905+0000] {taskinstance.py:731} INFO - ::endgroup::
[2025-10-14T04:36:49.075+0000] {extract.py:22} INFO - Data written to products.csv
[2025-10-14T04:36:49.076+0000] {python.py:240} INFO - Done. Returned value was: None
[2025-10-14T04:36:49.092+0000] {taskinstance.py:340} INFO - ::group::Post task execution logs
[2025-10-14T04:36:49.093+0000] {taskinstance.py:352} INFO - Marking task as SUCCESS. dag_id=elt-pipeline, task_id=extract_load_group.extract_products, run_id=scheduled__2025-09-05T00:00:00+00:00, execution_date=20250905T000000, start_date=20251014T043648, end_date=20251014T043649
[2025-10-14T04:36:49.136+0000] {local_task_job_runner.py:266} INFO - Task exited with return code 0
[2025-10-14T04:36:49.150+0000] {local_task_job_runner.py:245} INFO - ::endgroup::
