[2025-10-13T08:37:05.857+0000] {local_task_job_runner.py:123} INFO - ::group::Pre task execution logs
[2025-10-13T08:37:05.894+0000] {taskinstance.py:2613} INFO - Dependencies all met for dep_context=non-requeueable deps ti=<TaskInstance: elt-pipeline.extract_load_group.extract_products scheduled__2025-09-02T00:00:00+00:00 [queued]>
[2025-10-13T08:37:05.913+0000] {taskinstance.py:2613} INFO - Dependencies all met for dep_context=requeueable deps ti=<TaskInstance: elt-pipeline.extract_load_group.extract_products scheduled__2025-09-02T00:00:00+00:00 [queued]>
[2025-10-13T08:37:05.914+0000] {taskinstance.py:2866} INFO - Starting attempt 1 of 1
[2025-10-13T08:37:05.944+0000] {taskinstance.py:2889} INFO - Executing <Task(PythonOperator): extract_load_group.extract_products> on 2025-09-02 00:00:00+00:00
[2025-10-13T08:37:05.956+0000] {warnings.py:112} WARNING - /home/***/.local/lib/python3.12/site-packages/***/task/task_runner/standard_task_runner.py:70: DeprecationWarning: This process (pid=211) is multi-threaded, use of fork() may lead to deadlocks in the child.
  pid = os.fork()

[2025-10-13T08:37:05.958+0000] {standard_task_runner.py:72} INFO - Started process 221 to run task
[2025-10-13T08:37:05.958+0000] {standard_task_runner.py:104} INFO - Running: ['***', 'tasks', 'run', 'elt-pipeline', 'extract_load_group.extract_products', 'scheduled__2025-09-02T00:00:00+00:00', '--job-id', '26', '--raw', '--subdir', 'DAGS_FOLDER/elt.py', '--cfg-path', '/tmp/tmp4b953wbb']
[2025-10-13T08:37:05.960+0000] {standard_task_runner.py:105} INFO - Job 26: Subtask extract_load_group.extract_products
[2025-10-13T08:37:06.046+0000] {task_command.py:467} INFO - Running <TaskInstance: elt-pipeline.extract_load_group.extract_products scheduled__2025-09-02T00:00:00+00:00 [running]> on host 84d5a327cf64
[2025-10-13T08:37:06.185+0000] {taskinstance.py:3132} INFO - Exporting env vars: AIRFLOW_CTX_DAG_OWNER='***' AIRFLOW_CTX_DAG_ID='elt-pipeline' AIRFLOW_CTX_TASK_ID='extract_load_group.extract_products' AIRFLOW_CTX_EXECUTION_DATE='2025-09-02T00:00:00+00:00' AIRFLOW_CTX_TRY_NUMBER='1' AIRFLOW_CTX_DAG_RUN_ID='scheduled__2025-09-02T00:00:00+00:00'
[2025-10-13T08:37:06.187+0000] {taskinstance.py:731} INFO - ::endgroup::
[2025-10-13T08:37:06.393+0000] {extract.py:22} INFO - Data written to products.csv
[2025-10-13T08:37:06.394+0000] {python.py:240} INFO - Done. Returned value was: None
[2025-10-13T08:37:06.413+0000] {taskinstance.py:340} INFO - ::group::Post task execution logs
[2025-10-13T08:37:06.414+0000] {taskinstance.py:352} INFO - Marking task as SUCCESS. dag_id=elt-pipeline, task_id=extract_load_group.extract_products, run_id=scheduled__2025-09-02T00:00:00+00:00, execution_date=20250902T000000, start_date=20251013T083705, end_date=20251013T083706
[2025-10-13T08:37:06.456+0000] {local_task_job_runner.py:266} INFO - Task exited with return code 0
[2025-10-13T08:37:06.470+0000] {local_task_job_runner.py:245} INFO - ::endgroup::
[2025-10-13T08:54:50.737+0000] {local_task_job_runner.py:123} INFO - ::group::Pre task execution logs
[2025-10-13T08:54:50.764+0000] {taskinstance.py:2613} INFO - Dependencies all met for dep_context=non-requeueable deps ti=<TaskInstance: elt-pipeline.extract_load_group.extract_products scheduled__2025-09-02T00:00:00+00:00 [queued]>
[2025-10-13T08:54:50.783+0000] {taskinstance.py:2613} INFO - Dependencies all met for dep_context=requeueable deps ti=<TaskInstance: elt-pipeline.extract_load_group.extract_products scheduled__2025-09-02T00:00:00+00:00 [queued]>
[2025-10-13T08:54:50.784+0000] {taskinstance.py:2866} INFO - Starting attempt 1 of 1
[2025-10-13T08:54:50.804+0000] {taskinstance.py:2889} INFO - Executing <Task(PythonOperator): extract_load_group.extract_products> on 2025-09-02 00:00:00+00:00
[2025-10-13T08:54:50.816+0000] {warnings.py:112} WARNING - /home/***/.local/lib/python3.12/site-packages/***/task/task_runner/standard_task_runner.py:70: DeprecationWarning: This process (pid=762) is multi-threaded, use of fork() may lead to deadlocks in the child.
  pid = os.fork()

[2025-10-13T08:54:50.820+0000] {standard_task_runner.py:72} INFO - Started process 771 to run task
[2025-10-13T08:54:50.820+0000] {standard_task_runner.py:104} INFO - Running: ['***', 'tasks', 'run', 'elt-pipeline', 'extract_load_group.extract_products', 'scheduled__2025-09-02T00:00:00+00:00', '--job-id', '118', '--raw', '--subdir', 'DAGS_FOLDER/elt.py', '--cfg-path', '/tmp/tmp1zdpzvsw']
[2025-10-13T08:54:50.822+0000] {standard_task_runner.py:105} INFO - Job 118: Subtask extract_load_group.extract_products
[2025-10-13T08:54:50.909+0000] {task_command.py:467} INFO - Running <TaskInstance: elt-pipeline.extract_load_group.extract_products scheduled__2025-09-02T00:00:00+00:00 [running]> on host 84d5a327cf64
[2025-10-13T08:54:51.040+0000] {taskinstance.py:3132} INFO - Exporting env vars: AIRFLOW_CTX_DAG_OWNER='***' AIRFLOW_CTX_DAG_ID='elt-pipeline' AIRFLOW_CTX_TASK_ID='extract_load_group.extract_products' AIRFLOW_CTX_EXECUTION_DATE='2025-09-02T00:00:00+00:00' AIRFLOW_CTX_TRY_NUMBER='1' AIRFLOW_CTX_DAG_RUN_ID='scheduled__2025-09-02T00:00:00+00:00'
[2025-10-13T08:54:51.041+0000] {taskinstance.py:731} INFO - ::endgroup::
[2025-10-13T08:54:51.251+0000] {extract.py:22} INFO - Data written to products.csv
[2025-10-13T08:54:51.253+0000] {python.py:240} INFO - Done. Returned value was: None
[2025-10-13T08:54:51.273+0000] {taskinstance.py:340} INFO - ::group::Post task execution logs
[2025-10-13T08:54:51.274+0000] {taskinstance.py:352} INFO - Marking task as SUCCESS. dag_id=elt-pipeline, task_id=extract_load_group.extract_products, run_id=scheduled__2025-09-02T00:00:00+00:00, execution_date=20250902T000000, start_date=20251013T085450, end_date=20251013T085451
[2025-10-13T08:54:51.318+0000] {local_task_job_runner.py:266} INFO - Task exited with return code 0
[2025-10-13T08:54:51.365+0000] {taskinstance.py:3895} INFO - 1 downstream tasks scheduled from follow-on schedule check
[2025-10-13T08:54:51.368+0000] {local_task_job_runner.py:245} INFO - ::endgroup::
[2025-10-13T09:20:50.270+0000] {local_task_job_runner.py:123} INFO - ::group::Pre task execution logs
[2025-10-13T09:20:50.294+0000] {taskinstance.py:2613} INFO - Dependencies all met for dep_context=non-requeueable deps ti=<TaskInstance: elt-pipeline.extract_load_group.extract_products scheduled__2025-09-02T00:00:00+00:00 [queued]>
[2025-10-13T09:20:50.305+0000] {taskinstance.py:2613} INFO - Dependencies all met for dep_context=requeueable deps ti=<TaskInstance: elt-pipeline.extract_load_group.extract_products scheduled__2025-09-02T00:00:00+00:00 [queued]>
[2025-10-13T09:20:50.305+0000] {taskinstance.py:2866} INFO - Starting attempt 1 of 1
[2025-10-13T09:20:50.321+0000] {taskinstance.py:2889} INFO - Executing <Task(PythonOperator): extract_load_group.extract_products> on 2025-09-02 00:00:00+00:00
[2025-10-13T09:20:50.329+0000] {warnings.py:112} WARNING - /home/***/.local/lib/python3.12/site-packages/***/task/task_runner/standard_task_runner.py:70: DeprecationWarning: This process (pid=1314) is multi-threaded, use of fork() may lead to deadlocks in the child.
  pid = os.fork()

[2025-10-13T09:20:50.330+0000] {standard_task_runner.py:72} INFO - Started process 1319 to run task
[2025-10-13T09:20:50.331+0000] {standard_task_runner.py:104} INFO - Running: ['***', 'tasks', 'run', 'elt-pipeline', 'extract_load_group.extract_products', 'scheduled__2025-09-02T00:00:00+00:00', '--job-id', '175', '--raw', '--subdir', 'DAGS_FOLDER/elt.py', '--cfg-path', '/tmp/tmpkx_fsdx5']
[2025-10-13T09:20:50.333+0000] {standard_task_runner.py:105} INFO - Job 175: Subtask extract_load_group.extract_products
[2025-10-13T09:20:50.399+0000] {task_command.py:467} INFO - Running <TaskInstance: elt-pipeline.extract_load_group.extract_products scheduled__2025-09-02T00:00:00+00:00 [running]> on host 84d5a327cf64
[2025-10-13T09:20:50.511+0000] {taskinstance.py:3132} INFO - Exporting env vars: AIRFLOW_CTX_DAG_OWNER='***' AIRFLOW_CTX_DAG_ID='elt-pipeline' AIRFLOW_CTX_TASK_ID='extract_load_group.extract_products' AIRFLOW_CTX_EXECUTION_DATE='2025-09-02T00:00:00+00:00' AIRFLOW_CTX_TRY_NUMBER='1' AIRFLOW_CTX_DAG_RUN_ID='scheduled__2025-09-02T00:00:00+00:00'
[2025-10-13T09:20:50.512+0000] {taskinstance.py:731} INFO - ::endgroup::
[2025-10-13T09:20:50.665+0000] {extract.py:22} INFO - Data written to products.csv
[2025-10-13T09:20:50.667+0000] {python.py:240} INFO - Done. Returned value was: None
[2025-10-13T09:20:50.679+0000] {taskinstance.py:340} INFO - ::group::Post task execution logs
[2025-10-13T09:20:50.680+0000] {taskinstance.py:352} INFO - Marking task as SUCCESS. dag_id=elt-pipeline, task_id=extract_load_group.extract_products, run_id=scheduled__2025-09-02T00:00:00+00:00, execution_date=20250902T000000, start_date=20251013T092050, end_date=20251013T092050
[2025-10-13T09:20:50.707+0000] {local_task_job_runner.py:266} INFO - Task exited with return code 0
[2025-10-13T09:20:50.744+0000] {taskinstance.py:3895} INFO - 1 downstream tasks scheduled from follow-on schedule check
[2025-10-13T09:20:50.745+0000] {local_task_job_runner.py:245} INFO - ::endgroup::
[2025-10-14T04:16:03.191+0000] {local_task_job_runner.py:123} INFO - ::group::Pre task execution logs
[2025-10-14T04:16:03.215+0000] {taskinstance.py:2613} INFO - Dependencies all met for dep_context=non-requeueable deps ti=<TaskInstance: elt-pipeline.extract_load_group.extract_products scheduled__2025-09-02T00:00:00+00:00 [queued]>
[2025-10-14T04:16:03.226+0000] {taskinstance.py:2613} INFO - Dependencies all met for dep_context=requeueable deps ti=<TaskInstance: elt-pipeline.extract_load_group.extract_products scheduled__2025-09-02T00:00:00+00:00 [queued]>
[2025-10-14T04:16:03.227+0000] {taskinstance.py:2866} INFO - Starting attempt 1 of 1
[2025-10-14T04:16:03.241+0000] {taskinstance.py:2889} INFO - Executing <Task(PythonOperator): extract_load_group.extract_products> on 2025-09-02 00:00:00+00:00
[2025-10-14T04:16:03.252+0000] {warnings.py:112} WARNING - /home/***/.local/lib/python3.12/site-packages/***/task/task_runner/standard_task_runner.py:70: DeprecationWarning: This process (pid=162) is multi-threaded, use of fork() may lead to deadlocks in the child.
  pid = os.fork()

[2025-10-14T04:16:03.254+0000] {standard_task_runner.py:72} INFO - Started process 168 to run task
[2025-10-14T04:16:03.254+0000] {standard_task_runner.py:104} INFO - Running: ['***', 'tasks', 'run', 'elt-pipeline', 'extract_load_group.extract_products', 'scheduled__2025-09-02T00:00:00+00:00', '--job-id', '250', '--raw', '--subdir', 'DAGS_FOLDER/elt.py', '--cfg-path', '/tmp/tmpsiezro4k']
[2025-10-14T04:16:03.256+0000] {standard_task_runner.py:105} INFO - Job 250: Subtask extract_load_group.extract_products
[2025-10-14T04:16:03.338+0000] {task_command.py:467} INFO - Running <TaskInstance: elt-pipeline.extract_load_group.extract_products scheduled__2025-09-02T00:00:00+00:00 [running]> on host e348b991e0be
[2025-10-14T04:16:03.452+0000] {taskinstance.py:3132} INFO - Exporting env vars: AIRFLOW_CTX_DAG_OWNER='***' AIRFLOW_CTX_DAG_ID='elt-pipeline' AIRFLOW_CTX_TASK_ID='extract_load_group.extract_products' AIRFLOW_CTX_EXECUTION_DATE='2025-09-02T00:00:00+00:00' AIRFLOW_CTX_TRY_NUMBER='1' AIRFLOW_CTX_DAG_RUN_ID='scheduled__2025-09-02T00:00:00+00:00'
[2025-10-14T04:16:03.453+0000] {taskinstance.py:731} INFO - ::endgroup::
[2025-10-14T04:16:03.610+0000] {extract.py:22} INFO - Data written to products.csv
[2025-10-14T04:16:03.611+0000] {python.py:240} INFO - Done. Returned value was: None
[2025-10-14T04:16:03.625+0000] {taskinstance.py:340} INFO - ::group::Post task execution logs
[2025-10-14T04:16:03.627+0000] {taskinstance.py:352} INFO - Marking task as SUCCESS. dag_id=elt-pipeline, task_id=extract_load_group.extract_products, run_id=scheduled__2025-09-02T00:00:00+00:00, execution_date=20250902T000000, start_date=20251014T041603, end_date=20251014T041603
[2025-10-14T04:16:03.670+0000] {local_task_job_runner.py:266} INFO - Task exited with return code 0
[2025-10-14T04:16:03.689+0000] {local_task_job_runner.py:245} INFO - ::endgroup::
[2025-10-14T04:20:52.818+0000] {local_task_job_runner.py:123} INFO - ::group::Pre task execution logs
[2025-10-14T04:20:52.841+0000] {taskinstance.py:2613} INFO - Dependencies all met for dep_context=non-requeueable deps ti=<TaskInstance: elt-pipeline.extract_load_group.extract_products scheduled__2025-09-02T00:00:00+00:00 [queued]>
[2025-10-14T04:20:52.852+0000] {taskinstance.py:2613} INFO - Dependencies all met for dep_context=requeueable deps ti=<TaskInstance: elt-pipeline.extract_load_group.extract_products scheduled__2025-09-02T00:00:00+00:00 [queued]>
[2025-10-14T04:20:52.852+0000] {taskinstance.py:2866} INFO - Starting attempt 1 of 1
[2025-10-14T04:20:52.874+0000] {taskinstance.py:2889} INFO - Executing <Task(PythonOperator): extract_load_group.extract_products> on 2025-09-02 00:00:00+00:00
[2025-10-14T04:20:52.884+0000] {warnings.py:112} WARNING - /home/***/.local/lib/python3.12/site-packages/***/task/task_runner/standard_task_runner.py:70: DeprecationWarning: This process (pid=300) is multi-threaded, use of fork() may lead to deadlocks in the child.
  pid = os.fork()

[2025-10-14T04:20:52.886+0000] {standard_task_runner.py:72} INFO - Started process 306 to run task
[2025-10-14T04:20:52.886+0000] {standard_task_runner.py:104} INFO - Running: ['***', 'tasks', 'run', 'elt-pipeline', 'extract_load_group.extract_products', 'scheduled__2025-09-02T00:00:00+00:00', '--job-id', '271', '--raw', '--subdir', 'DAGS_FOLDER/elt.py', '--cfg-path', '/tmp/tmpe06atxe9']
[2025-10-14T04:20:52.888+0000] {standard_task_runner.py:105} INFO - Job 271: Subtask extract_load_group.extract_products
[2025-10-14T04:20:52.961+0000] {task_command.py:467} INFO - Running <TaskInstance: elt-pipeline.extract_load_group.extract_products scheduled__2025-09-02T00:00:00+00:00 [running]> on host e348b991e0be
[2025-10-14T04:20:53.072+0000] {taskinstance.py:3132} INFO - Exporting env vars: AIRFLOW_CTX_DAG_OWNER='***' AIRFLOW_CTX_DAG_ID='elt-pipeline' AIRFLOW_CTX_TASK_ID='extract_load_group.extract_products' AIRFLOW_CTX_EXECUTION_DATE='2025-09-02T00:00:00+00:00' AIRFLOW_CTX_TRY_NUMBER='1' AIRFLOW_CTX_DAG_RUN_ID='scheduled__2025-09-02T00:00:00+00:00'
[2025-10-14T04:20:53.073+0000] {taskinstance.py:731} INFO - ::endgroup::
[2025-10-14T04:20:53.229+0000] {extract.py:22} INFO - Data written to products.csv
[2025-10-14T04:20:53.229+0000] {python.py:240} INFO - Done. Returned value was: None
[2025-10-14T04:20:53.247+0000] {taskinstance.py:340} INFO - ::group::Post task execution logs
[2025-10-14T04:20:53.248+0000] {taskinstance.py:352} INFO - Marking task as SUCCESS. dag_id=elt-pipeline, task_id=extract_load_group.extract_products, run_id=scheduled__2025-09-02T00:00:00+00:00, execution_date=20250902T000000, start_date=20251014T042052, end_date=20251014T042053
[2025-10-14T04:20:53.303+0000] {local_task_job_runner.py:266} INFO - Task exited with return code 0
[2025-10-14T04:20:53.316+0000] {local_task_job_runner.py:245} INFO - ::endgroup::
[2025-10-14T04:22:34.439+0000] {local_task_job_runner.py:123} INFO - ::group::Pre task execution logs
[2025-10-14T04:22:34.463+0000] {taskinstance.py:2613} INFO - Dependencies all met for dep_context=non-requeueable deps ti=<TaskInstance: elt-pipeline.extract_load_group.extract_products scheduled__2025-09-02T00:00:00+00:00 [queued]>
[2025-10-14T04:22:34.474+0000] {taskinstance.py:2613} INFO - Dependencies all met for dep_context=requeueable deps ti=<TaskInstance: elt-pipeline.extract_load_group.extract_products scheduled__2025-09-02T00:00:00+00:00 [queued]>
[2025-10-14T04:22:34.475+0000] {taskinstance.py:2866} INFO - Starting attempt 1 of 1
[2025-10-14T04:22:34.491+0000] {taskinstance.py:2889} INFO - Executing <Task(PythonOperator): extract_load_group.extract_products> on 2025-09-02 00:00:00+00:00
[2025-10-14T04:22:34.498+0000] {warnings.py:112} WARNING - /home/***/.local/lib/python3.12/site-packages/***/task/task_runner/standard_task_runner.py:70: DeprecationWarning: This process (pid=539) is multi-threaded, use of fork() may lead to deadlocks in the child.
  pid = os.fork()

[2025-10-14T04:22:34.501+0000] {standard_task_runner.py:72} INFO - Started process 542 to run task
[2025-10-14T04:22:34.501+0000] {standard_task_runner.py:104} INFO - Running: ['***', 'tasks', 'run', 'elt-pipeline', 'extract_load_group.extract_products', 'scheduled__2025-09-02T00:00:00+00:00', '--job-id', '331', '--raw', '--subdir', 'DAGS_FOLDER/elt.py', '--cfg-path', '/tmp/tmpinavgu5z']
[2025-10-14T04:22:34.502+0000] {standard_task_runner.py:105} INFO - Job 331: Subtask extract_load_group.extract_products
[2025-10-14T04:22:34.570+0000] {task_command.py:467} INFO - Running <TaskInstance: elt-pipeline.extract_load_group.extract_products scheduled__2025-09-02T00:00:00+00:00 [running]> on host e348b991e0be
[2025-10-14T04:22:34.675+0000] {taskinstance.py:3132} INFO - Exporting env vars: AIRFLOW_CTX_DAG_OWNER='***' AIRFLOW_CTX_DAG_ID='elt-pipeline' AIRFLOW_CTX_TASK_ID='extract_load_group.extract_products' AIRFLOW_CTX_EXECUTION_DATE='2025-09-02T00:00:00+00:00' AIRFLOW_CTX_TRY_NUMBER='1' AIRFLOW_CTX_DAG_RUN_ID='scheduled__2025-09-02T00:00:00+00:00'
[2025-10-14T04:22:34.676+0000] {taskinstance.py:731} INFO - ::endgroup::
[2025-10-14T04:22:34.828+0000] {extract.py:22} INFO - Data written to products.csv
[2025-10-14T04:22:34.828+0000] {python.py:240} INFO - Done. Returned value was: None
[2025-10-14T04:22:34.842+0000] {taskinstance.py:340} INFO - ::group::Post task execution logs
[2025-10-14T04:22:34.844+0000] {taskinstance.py:352} INFO - Marking task as SUCCESS. dag_id=elt-pipeline, task_id=extract_load_group.extract_products, run_id=scheduled__2025-09-02T00:00:00+00:00, execution_date=20250902T000000, start_date=20251014T042234, end_date=20251014T042234
[2025-10-14T04:22:34.877+0000] {local_task_job_runner.py:266} INFO - Task exited with return code 0
[2025-10-14T04:22:34.909+0000] {taskinstance.py:3895} INFO - 1 downstream tasks scheduled from follow-on schedule check
[2025-10-14T04:22:34.911+0000] {local_task_job_runner.py:245} INFO - ::endgroup::
[2025-10-14T04:26:30.756+0000] {local_task_job_runner.py:123} INFO - ::group::Pre task execution logs
[2025-10-14T04:26:30.776+0000] {taskinstance.py:2613} INFO - Dependencies all met for dep_context=non-requeueable deps ti=<TaskInstance: elt-pipeline.extract_load_group.extract_products scheduled__2025-09-02T00:00:00+00:00 [queued]>
[2025-10-14T04:26:30.790+0000] {taskinstance.py:2613} INFO - Dependencies all met for dep_context=requeueable deps ti=<TaskInstance: elt-pipeline.extract_load_group.extract_products scheduled__2025-09-02T00:00:00+00:00 [queued]>
[2025-10-14T04:26:30.791+0000] {taskinstance.py:2866} INFO - Starting attempt 1 of 1
[2025-10-14T04:26:30.810+0000] {taskinstance.py:2889} INFO - Executing <Task(PythonOperator): extract_load_group.extract_products> on 2025-09-02 00:00:00+00:00
[2025-10-14T04:26:30.821+0000] {warnings.py:112} WARNING - /home/***/.local/lib/python3.12/site-packages/***/task/task_runner/standard_task_runner.py:70: DeprecationWarning: This process (pid=674) is multi-threaded, use of fork() may lead to deadlocks in the child.
  pid = os.fork()

[2025-10-14T04:26:30.825+0000] {standard_task_runner.py:72} INFO - Started process 676 to run task
[2025-10-14T04:26:30.826+0000] {standard_task_runner.py:104} INFO - Running: ['***', 'tasks', 'run', 'elt-pipeline', 'extract_load_group.extract_products', 'scheduled__2025-09-02T00:00:00+00:00', '--job-id', '357', '--raw', '--subdir', 'DAGS_FOLDER/elt.py', '--cfg-path', '/tmp/tmp3hy_3pf6']
[2025-10-14T04:26:30.828+0000] {standard_task_runner.py:105} INFO - Job 357: Subtask extract_load_group.extract_products
[2025-10-14T04:26:30.915+0000] {task_command.py:467} INFO - Running <TaskInstance: elt-pipeline.extract_load_group.extract_products scheduled__2025-09-02T00:00:00+00:00 [running]> on host e348b991e0be
[2025-10-14T04:26:31.029+0000] {taskinstance.py:3132} INFO - Exporting env vars: AIRFLOW_CTX_DAG_OWNER='***' AIRFLOW_CTX_DAG_ID='elt-pipeline' AIRFLOW_CTX_TASK_ID='extract_load_group.extract_products' AIRFLOW_CTX_EXECUTION_DATE='2025-09-02T00:00:00+00:00' AIRFLOW_CTX_TRY_NUMBER='1' AIRFLOW_CTX_DAG_RUN_ID='scheduled__2025-09-02T00:00:00+00:00'
[2025-10-14T04:26:31.031+0000] {taskinstance.py:731} INFO - ::endgroup::
[2025-10-14T04:26:31.199+0000] {extract.py:22} INFO - Data written to products.csv
[2025-10-14T04:26:31.200+0000] {python.py:240} INFO - Done. Returned value was: None
[2025-10-14T04:26:31.216+0000] {taskinstance.py:340} INFO - ::group::Post task execution logs
[2025-10-14T04:26:31.217+0000] {taskinstance.py:352} INFO - Marking task as SUCCESS. dag_id=elt-pipeline, task_id=extract_load_group.extract_products, run_id=scheduled__2025-09-02T00:00:00+00:00, execution_date=20250902T000000, start_date=20251014T042630, end_date=20251014T042631
[2025-10-14T04:26:31.282+0000] {local_task_job_runner.py:266} INFO - Task exited with return code 0
[2025-10-14T04:26:31.297+0000] {local_task_job_runner.py:245} INFO - ::endgroup::
[2025-10-14T04:28:36.835+0000] {local_task_job_runner.py:123} INFO - ::group::Pre task execution logs
[2025-10-14T04:28:36.854+0000] {taskinstance.py:2613} INFO - Dependencies all met for dep_context=non-requeueable deps ti=<TaskInstance: elt-pipeline.extract_load_group.extract_products scheduled__2025-09-02T00:00:00+00:00 [queued]>
[2025-10-14T04:28:36.862+0000] {taskinstance.py:2613} INFO - Dependencies all met for dep_context=requeueable deps ti=<TaskInstance: elt-pipeline.extract_load_group.extract_products scheduled__2025-09-02T00:00:00+00:00 [queued]>
[2025-10-14T04:28:36.863+0000] {taskinstance.py:2866} INFO - Starting attempt 1 of 1
[2025-10-14T04:28:36.877+0000] {taskinstance.py:2889} INFO - Executing <Task(PythonOperator): extract_load_group.extract_products> on 2025-09-02 00:00:00+00:00
[2025-10-14T04:28:36.883+0000] {warnings.py:112} WARNING - /home/***/.local/lib/python3.12/site-packages/***/task/task_runner/standard_task_runner.py:70: DeprecationWarning: This process (pid=786) is multi-threaded, use of fork() may lead to deadlocks in the child.
  pid = os.fork()

[2025-10-14T04:28:36.885+0000] {standard_task_runner.py:72} INFO - Started process 790 to run task
[2025-10-14T04:28:36.885+0000] {standard_task_runner.py:104} INFO - Running: ['***', 'tasks', 'run', 'elt-pipeline', 'extract_load_group.extract_products', 'scheduled__2025-09-02T00:00:00+00:00', '--job-id', '379', '--raw', '--subdir', 'DAGS_FOLDER/elt.py', '--cfg-path', '/tmp/tmpb6iwjmz1']
[2025-10-14T04:28:36.886+0000] {standard_task_runner.py:105} INFO - Job 379: Subtask extract_load_group.extract_products
[2025-10-14T04:28:36.953+0000] {task_command.py:467} INFO - Running <TaskInstance: elt-pipeline.extract_load_group.extract_products scheduled__2025-09-02T00:00:00+00:00 [running]> on host e348b991e0be
[2025-10-14T04:28:37.063+0000] {taskinstance.py:3132} INFO - Exporting env vars: AIRFLOW_CTX_DAG_OWNER='***' AIRFLOW_CTX_DAG_ID='elt-pipeline' AIRFLOW_CTX_TASK_ID='extract_load_group.extract_products' AIRFLOW_CTX_EXECUTION_DATE='2025-09-02T00:00:00+00:00' AIRFLOW_CTX_TRY_NUMBER='1' AIRFLOW_CTX_DAG_RUN_ID='scheduled__2025-09-02T00:00:00+00:00'
[2025-10-14T04:28:37.065+0000] {taskinstance.py:731} INFO - ::endgroup::
[2025-10-14T04:28:37.252+0000] {extract.py:22} INFO - Data written to products.csv
[2025-10-14T04:28:37.252+0000] {python.py:240} INFO - Done. Returned value was: None
[2025-10-14T04:28:37.271+0000] {taskinstance.py:340} INFO - ::group::Post task execution logs
[2025-10-14T04:28:37.272+0000] {taskinstance.py:352} INFO - Marking task as SUCCESS. dag_id=elt-pipeline, task_id=extract_load_group.extract_products, run_id=scheduled__2025-09-02T00:00:00+00:00, execution_date=20250902T000000, start_date=20251014T042836, end_date=20251014T042837
[2025-10-14T04:28:37.341+0000] {local_task_job_runner.py:266} INFO - Task exited with return code 0
[2025-10-14T04:28:37.356+0000] {local_task_job_runner.py:245} INFO - ::endgroup::
[2025-10-14T04:31:44.212+0000] {local_task_job_runner.py:123} INFO - ::group::Pre task execution logs
[2025-10-14T04:31:44.238+0000] {taskinstance.py:2613} INFO - Dependencies all met for dep_context=non-requeueable deps ti=<TaskInstance: elt-pipeline.extract_load_group.extract_products scheduled__2025-09-02T00:00:00+00:00 [queued]>
[2025-10-14T04:31:44.249+0000] {taskinstance.py:2613} INFO - Dependencies all met for dep_context=requeueable deps ti=<TaskInstance: elt-pipeline.extract_load_group.extract_products scheduled__2025-09-02T00:00:00+00:00 [queued]>
[2025-10-14T04:31:44.250+0000] {taskinstance.py:2866} INFO - Starting attempt 1 of 1
[2025-10-14T04:31:44.271+0000] {taskinstance.py:2889} INFO - Executing <Task(PythonOperator): extract_load_group.extract_products> on 2025-09-02 00:00:00+00:00
[2025-10-14T04:31:44.281+0000] {warnings.py:112} WARNING - /home/***/.local/lib/python3.12/site-packages/***/task/task_runner/standard_task_runner.py:70: DeprecationWarning: This process (pid=1086) is multi-threaded, use of fork() may lead to deadlocks in the child.
  pid = os.fork()

[2025-10-14T04:31:44.283+0000] {standard_task_runner.py:72} INFO - Started process 1097 to run task
[2025-10-14T04:31:44.284+0000] {standard_task_runner.py:104} INFO - Running: ['***', 'tasks', 'run', 'elt-pipeline', 'extract_load_group.extract_products', 'scheduled__2025-09-02T00:00:00+00:00', '--job-id', '453', '--raw', '--subdir', 'DAGS_FOLDER/elt.py', '--cfg-path', '/tmp/tmpgtsqx1fw']
[2025-10-14T04:31:44.286+0000] {standard_task_runner.py:105} INFO - Job 453: Subtask extract_load_group.extract_products
[2025-10-14T04:31:44.357+0000] {task_command.py:467} INFO - Running <TaskInstance: elt-pipeline.extract_load_group.extract_products scheduled__2025-09-02T00:00:00+00:00 [running]> on host e348b991e0be
[2025-10-14T04:31:44.478+0000] {taskinstance.py:3132} INFO - Exporting env vars: AIRFLOW_CTX_DAG_OWNER='***' AIRFLOW_CTX_DAG_ID='elt-pipeline' AIRFLOW_CTX_TASK_ID='extract_load_group.extract_products' AIRFLOW_CTX_EXECUTION_DATE='2025-09-02T00:00:00+00:00' AIRFLOW_CTX_TRY_NUMBER='1' AIRFLOW_CTX_DAG_RUN_ID='scheduled__2025-09-02T00:00:00+00:00'
[2025-10-14T04:31:44.479+0000] {taskinstance.py:731} INFO - ::endgroup::
[2025-10-14T04:31:44.670+0000] {extract.py:22} INFO - Data written to products.csv
[2025-10-14T04:31:44.671+0000] {python.py:240} INFO - Done. Returned value was: None
[2025-10-14T04:31:44.687+0000] {taskinstance.py:340} INFO - ::group::Post task execution logs
[2025-10-14T04:31:44.689+0000] {taskinstance.py:352} INFO - Marking task as SUCCESS. dag_id=elt-pipeline, task_id=extract_load_group.extract_products, run_id=scheduled__2025-09-02T00:00:00+00:00, execution_date=20250902T000000, start_date=20251014T043144, end_date=20251014T043144
[2025-10-14T04:31:44.740+0000] {local_task_job_runner.py:266} INFO - Task exited with return code 0
[2025-10-14T04:31:44.755+0000] {local_task_job_runner.py:245} INFO - ::endgroup::
