[2025-10-14T04:38:43.967+0000] {local_task_job_runner.py:123} INFO - ::group::Pre task execution logs
[2025-10-14T04:38:43.990+0000] {taskinstance.py:2613} INFO - Dependencies all met for dep_context=non-requeueable deps ti=<TaskInstance: elt-pipeline.cleanup scheduled__2025-09-09T00:00:00+00:00 [queued]>
[2025-10-14T04:38:43.999+0000] {taskinstance.py:2613} INFO - Dependencies all met for dep_context=requeueable deps ti=<TaskInstance: elt-pipeline.cleanup scheduled__2025-09-09T00:00:00+00:00 [queued]>
[2025-10-14T04:38:44.000+0000] {taskinstance.py:2866} INFO - Starting attempt 1 of 1
[2025-10-14T04:38:44.018+0000] {taskinstance.py:2889} INFO - Executing <Task(BashOperator): cleanup> on 2025-09-09 00:00:00+00:00
[2025-10-14T04:38:44.025+0000] {warnings.py:112} WARNING - /home/***/.local/lib/python3.12/site-packages/***/task/task_runner/standard_task_runner.py:70: DeprecationWarning: This process (pid=1512) is multi-threaded, use of fork() may lead to deadlocks in the child.
  pid = os.fork()

[2025-10-14T04:38:44.027+0000] {standard_task_runner.py:72} INFO - Started process 1513 to run task
[2025-10-14T04:38:44.026+0000] {standard_task_runner.py:104} INFO - Running: ['***', 'tasks', 'run', 'elt-pipeline', 'cleanup', 'scheduled__2025-09-09T00:00:00+00:00', '--job-id', '544', '--raw', '--subdir', 'DAGS_FOLDER/elt.py', '--cfg-path', '/tmp/tmp_hdpytr9']
[2025-10-14T04:38:44.028+0000] {standard_task_runner.py:105} INFO - Job 544: Subtask cleanup
[2025-10-14T04:38:44.079+0000] {task_command.py:467} INFO - Running <TaskInstance: elt-pipeline.cleanup scheduled__2025-09-09T00:00:00+00:00 [running]> on host e348b991e0be
[2025-10-14T04:38:44.164+0000] {taskinstance.py:3132} INFO - Exporting env vars: AIRFLOW_CTX_DAG_OWNER='***' AIRFLOW_CTX_DAG_ID='elt-pipeline' AIRFLOW_CTX_TASK_ID='cleanup' AIRFLOW_CTX_EXECUTION_DATE='2025-09-09T00:00:00+00:00' AIRFLOW_CTX_TRY_NUMBER='1' AIRFLOW_CTX_DAG_RUN_ID='scheduled__2025-09-09T00:00:00+00:00'
[2025-10-14T04:38:44.165+0000] {taskinstance.py:731} INFO - ::endgroup::
[2025-10-14T04:38:44.178+0000] {subprocess.py:78} INFO - Tmp dir root location: /tmp
[2025-10-14T04:38:44.180+0000] {subprocess.py:88} INFO - Running command: ['/usr/bin/bash', '-c', 'rm -rf /tmp/*.csv']
[2025-10-14T04:38:44.190+0000] {subprocess.py:99} INFO - Output:
[2025-10-14T04:38:44.194+0000] {subprocess.py:110} INFO - Command exited with return code 0
[2025-10-14T04:38:44.228+0000] {taskinstance.py:340} INFO - ::group::Post task execution logs
[2025-10-14T04:38:44.228+0000] {taskinstance.py:352} INFO - Marking task as SUCCESS. dag_id=elt-pipeline, task_id=cleanup, run_id=scheduled__2025-09-09T00:00:00+00:00, execution_date=20250909T000000, start_date=20251014T043843, end_date=20251014T043844
[2025-10-14T04:38:44.282+0000] {local_task_job_runner.py:266} INFO - Task exited with return code 0
[2025-10-14T04:38:44.313+0000] {taskinstance.py:3895} INFO - 1 downstream tasks scheduled from follow-on schedule check
[2025-10-14T04:38:44.316+0000] {local_task_job_runner.py:245} INFO - ::endgroup::
