[2025-10-14T04:41:47.707+0000] {local_task_job_runner.py:123} INFO - ::group::Pre task execution logs
[2025-10-14T04:41:47.734+0000] {taskinstance.py:2613} INFO - Dependencies all met for dep_context=non-requeueable deps ti=<TaskInstance: elt-pipeline.extract_load_group.load_products scheduled__2025-09-14T00:00:00+00:00 [queued]>
[2025-10-14T04:41:47.744+0000] {taskinstance.py:2613} INFO - Dependencies all met for dep_context=requeueable deps ti=<TaskInstance: elt-pipeline.extract_load_group.load_products scheduled__2025-09-14T00:00:00+00:00 [queued]>
[2025-10-14T04:41:47.745+0000] {taskinstance.py:2866} INFO - Starting attempt 1 of 1
[2025-10-14T04:41:47.762+0000] {taskinstance.py:2889} INFO - Executing <Task(PythonOperator): extract_load_group.load_products> on 2025-09-14 00:00:00+00:00
[2025-10-14T04:41:47.770+0000] {warnings.py:112} WARNING - /home/***/.local/lib/python3.12/site-packages/***/task/task_runner/standard_task_runner.py:70: DeprecationWarning: This process (pid=1752) is multi-threaded, use of fork() may lead to deadlocks in the child.
  pid = os.fork()

[2025-10-14T04:41:47.772+0000] {standard_task_runner.py:72} INFO - Started process 1754 to run task
[2025-10-14T04:41:47.772+0000] {standard_task_runner.py:104} INFO - Running: ['***', 'tasks', 'run', 'elt-pipeline', 'extract_load_group.load_products', 'scheduled__2025-09-14T00:00:00+00:00', '--job-id', '600', '--raw', '--subdir', 'DAGS_FOLDER/elt.py', '--cfg-path', '/tmp/tmpq17mxdse']
[2025-10-14T04:41:47.773+0000] {standard_task_runner.py:105} INFO - Job 600: Subtask extract_load_group.load_products
[2025-10-14T04:41:47.839+0000] {task_command.py:467} INFO - Running <TaskInstance: elt-pipeline.extract_load_group.load_products scheduled__2025-09-14T00:00:00+00:00 [running]> on host e348b991e0be
[2025-10-14T04:41:47.949+0000] {taskinstance.py:3132} INFO - Exporting env vars: AIRFLOW_CTX_DAG_OWNER='***' AIRFLOW_CTX_DAG_ID='elt-pipeline' AIRFLOW_CTX_TASK_ID='extract_load_group.load_products' AIRFLOW_CTX_EXECUTION_DATE='2025-09-14T00:00:00+00:00' AIRFLOW_CTX_TRY_NUMBER='1' AIRFLOW_CTX_DAG_RUN_ID='scheduled__2025-09-14T00:00:00+00:00'
[2025-10-14T04:41:47.950+0000] {taskinstance.py:731} INFO - ::endgroup::
[2025-10-14T04:42:03.062+0000] {load.py:30} INFO - Loaded 1000 rows and 4 columns to gcpl-469311.datalabs_techtest.stg_products
[2025-10-14T04:42:03.063+0000] {python.py:240} INFO - Done. Returned value was: None
[2025-10-14T04:42:03.077+0000] {taskinstance.py:340} INFO - ::group::Post task execution logs
[2025-10-14T04:42:03.078+0000] {taskinstance.py:352} INFO - Marking task as SUCCESS. dag_id=elt-pipeline, task_id=extract_load_group.load_products, run_id=scheduled__2025-09-14T00:00:00+00:00, execution_date=20250914T000000, start_date=20251014T044147, end_date=20251014T044203
[2025-10-14T04:42:03.140+0000] {local_task_job_runner.py:266} INFO - Task exited with return code 0
[2025-10-14T04:42:03.167+0000] {taskinstance.py:3895} INFO - 1 downstream tasks scheduled from follow-on schedule check
[2025-10-14T04:42:03.169+0000] {local_task_job_runner.py:245} INFO - ::endgroup::
