[2025-10-13T08:42:38.665+0000] {local_task_job_runner.py:123} INFO - ::group::Pre task execution logs
[2025-10-13T08:42:38.690+0000] {taskinstance.py:2613} INFO - Dependencies all met for dep_context=non-requeueable deps ti=<TaskInstance: elt-pipeline.extract_load_group.extract_transaction_items scheduled__2025-09-05T00:00:00+00:00 [queued]>
[2025-10-13T08:42:38.701+0000] {taskinstance.py:2613} INFO - Dependencies all met for dep_context=requeueable deps ti=<TaskInstance: elt-pipeline.extract_load_group.extract_transaction_items scheduled__2025-09-05T00:00:00+00:00 [queued]>
[2025-10-13T08:42:38.702+0000] {taskinstance.py:2866} INFO - Starting attempt 1 of 1
[2025-10-13T08:42:38.721+0000] {taskinstance.py:2889} INFO - Executing <Task(PythonOperator): extract_load_group.extract_transaction_items> on 2025-09-05 00:00:00+00:00
[2025-10-13T08:42:38.732+0000] {warnings.py:112} WARNING - /home/***/.local/lib/python3.12/site-packages/***/task/task_runner/standard_task_runner.py:70: DeprecationWarning: This process (pid=423) is multi-threaded, use of fork() may lead to deadlocks in the child.
  pid = os.fork()

[2025-10-13T08:42:38.734+0000] {standard_task_runner.py:72} INFO - Started process 428 to run task
[2025-10-13T08:42:38.734+0000] {standard_task_runner.py:104} INFO - Running: ['***', 'tasks', 'run', 'elt-pipeline', 'extract_load_group.extract_transaction_items', 'scheduled__2025-09-05T00:00:00+00:00', '--job-id', '66', '--raw', '--subdir', 'DAGS_FOLDER/elt.py', '--cfg-path', '/tmp/tmpm5xal24i']
[2025-10-13T08:42:38.736+0000] {standard_task_runner.py:105} INFO - Job 66: Subtask extract_load_group.extract_transaction_items
[2025-10-13T08:42:38.821+0000] {task_command.py:467} INFO - Running <TaskInstance: elt-pipeline.extract_load_group.extract_transaction_items scheduled__2025-09-05T00:00:00+00:00 [running]> on host 84d5a327cf64
[2025-10-13T08:42:38.932+0000] {taskinstance.py:3132} INFO - Exporting env vars: AIRFLOW_CTX_DAG_OWNER='***' AIRFLOW_CTX_DAG_ID='elt-pipeline' AIRFLOW_CTX_TASK_ID='extract_load_group.extract_transaction_items' AIRFLOW_CTX_EXECUTION_DATE='2025-09-05T00:00:00+00:00' AIRFLOW_CTX_TRY_NUMBER='1' AIRFLOW_CTX_DAG_RUN_ID='scheduled__2025-09-05T00:00:00+00:00'
[2025-10-13T08:42:38.934+0000] {taskinstance.py:731} INFO - ::endgroup::
[2025-10-13T08:42:39.115+0000] {extract.py:22} INFO - Data written to transaction_items.csv
[2025-10-13T08:42:39.116+0000] {python.py:240} INFO - Done. Returned value was: None
[2025-10-13T08:42:39.132+0000] {taskinstance.py:340} INFO - ::group::Post task execution logs
[2025-10-13T08:42:39.133+0000] {taskinstance.py:352} INFO - Marking task as SUCCESS. dag_id=elt-pipeline, task_id=extract_load_group.extract_transaction_items, run_id=scheduled__2025-09-05T00:00:00+00:00, execution_date=20250905T000000, start_date=20251013T084238, end_date=20251013T084239
[2025-10-13T08:42:39.192+0000] {local_task_job_runner.py:266} INFO - Task exited with return code 0
[2025-10-13T08:42:39.227+0000] {taskinstance.py:3895} INFO - 1 downstream tasks scheduled from follow-on schedule check
[2025-10-13T08:42:39.229+0000] {local_task_job_runner.py:245} INFO - ::endgroup::
[2025-10-13T09:21:48.893+0000] {local_task_job_runner.py:123} INFO - ::group::Pre task execution logs
[2025-10-13T09:21:48.915+0000] {taskinstance.py:2613} INFO - Dependencies all met for dep_context=non-requeueable deps ti=<TaskInstance: elt-pipeline.extract_load_group.extract_transaction_items scheduled__2025-09-05T00:00:00+00:00 [queued]>
[2025-10-13T09:21:48.927+0000] {taskinstance.py:2613} INFO - Dependencies all met for dep_context=requeueable deps ti=<TaskInstance: elt-pipeline.extract_load_group.extract_transaction_items scheduled__2025-09-05T00:00:00+00:00 [queued]>
[2025-10-13T09:21:48.927+0000] {taskinstance.py:2866} INFO - Starting attempt 1 of 1
[2025-10-13T09:21:48.946+0000] {taskinstance.py:2889} INFO - Executing <Task(PythonOperator): extract_load_group.extract_transaction_items> on 2025-09-05 00:00:00+00:00
[2025-10-13T09:21:48.955+0000] {warnings.py:112} WARNING - /home/***/.local/lib/python3.12/site-packages/***/task/task_runner/standard_task_runner.py:70: DeprecationWarning: This process (pid=1446) is multi-threaded, use of fork() may lead to deadlocks in the child.
  pid = os.fork()

[2025-10-13T09:21:48.957+0000] {standard_task_runner.py:72} INFO - Started process 1458 to run task
[2025-10-13T09:21:48.957+0000] {standard_task_runner.py:104} INFO - Running: ['***', 'tasks', 'run', 'elt-pipeline', 'extract_load_group.extract_transaction_items', 'scheduled__2025-09-05T00:00:00+00:00', '--job-id', '212', '--raw', '--subdir', 'DAGS_FOLDER/elt.py', '--cfg-path', '/tmp/tmpdx2txbqj']
[2025-10-13T09:21:48.959+0000] {standard_task_runner.py:105} INFO - Job 212: Subtask extract_load_group.extract_transaction_items
[2025-10-13T09:21:49.016+0000] {task_command.py:467} INFO - Running <TaskInstance: elt-pipeline.extract_load_group.extract_transaction_items scheduled__2025-09-05T00:00:00+00:00 [running]> on host 84d5a327cf64
[2025-10-13T09:21:49.124+0000] {taskinstance.py:3132} INFO - Exporting env vars: AIRFLOW_CTX_DAG_OWNER='***' AIRFLOW_CTX_DAG_ID='elt-pipeline' AIRFLOW_CTX_TASK_ID='extract_load_group.extract_transaction_items' AIRFLOW_CTX_EXECUTION_DATE='2025-09-05T00:00:00+00:00' AIRFLOW_CTX_TRY_NUMBER='1' AIRFLOW_CTX_DAG_RUN_ID='scheduled__2025-09-05T00:00:00+00:00'
[2025-10-13T09:21:49.125+0000] {taskinstance.py:731} INFO - ::endgroup::
[2025-10-13T09:21:49.283+0000] {extract.py:22} INFO - Data written to transaction_items.csv
[2025-10-13T09:21:49.284+0000] {python.py:240} INFO - Done. Returned value was: None
[2025-10-13T09:21:49.299+0000] {taskinstance.py:340} INFO - ::group::Post task execution logs
[2025-10-13T09:21:49.300+0000] {taskinstance.py:352} INFO - Marking task as SUCCESS. dag_id=elt-pipeline, task_id=extract_load_group.extract_transaction_items, run_id=scheduled__2025-09-05T00:00:00+00:00, execution_date=20250905T000000, start_date=20251013T092148, end_date=20251013T092149
[2025-10-13T09:21:49.333+0000] {local_task_job_runner.py:266} INFO - Task exited with return code 0
[2025-10-13T09:21:49.353+0000] {local_task_job_runner.py:245} INFO - ::endgroup::
[2025-10-14T04:21:40.065+0000] {local_task_job_runner.py:123} INFO - ::group::Pre task execution logs
[2025-10-14T04:21:40.088+0000] {taskinstance.py:2613} INFO - Dependencies all met for dep_context=non-requeueable deps ti=<TaskInstance: elt-pipeline.extract_load_group.extract_transaction_items scheduled__2025-09-05T00:00:00+00:00 [queued]>
[2025-10-14T04:21:40.096+0000] {taskinstance.py:2613} INFO - Dependencies all met for dep_context=requeueable deps ti=<TaskInstance: elt-pipeline.extract_load_group.extract_transaction_items scheduled__2025-09-05T00:00:00+00:00 [queued]>
[2025-10-14T04:21:40.097+0000] {taskinstance.py:2866} INFO - Starting attempt 1 of 1
[2025-10-14T04:21:40.111+0000] {taskinstance.py:2889} INFO - Executing <Task(PythonOperator): extract_load_group.extract_transaction_items> on 2025-09-05 00:00:00+00:00
[2025-10-14T04:21:40.121+0000] {warnings.py:112} WARNING - /home/***/.local/lib/python3.12/site-packages/***/task/task_runner/standard_task_runner.py:70: DeprecationWarning: This process (pid=439) is multi-threaded, use of fork() may lead to deadlocks in the child.
  pid = os.fork()

[2025-10-14T04:21:40.123+0000] {standard_task_runner.py:72} INFO - Started process 445 to run task
[2025-10-14T04:21:40.123+0000] {standard_task_runner.py:104} INFO - Running: ['***', 'tasks', 'run', 'elt-pipeline', 'extract_load_group.extract_transaction_items', 'scheduled__2025-09-05T00:00:00+00:00', '--job-id', '308', '--raw', '--subdir', 'DAGS_FOLDER/elt.py', '--cfg-path', '/tmp/tmpf3k64bgs']
[2025-10-14T04:21:40.124+0000] {standard_task_runner.py:105} INFO - Job 308: Subtask extract_load_group.extract_transaction_items
[2025-10-14T04:21:40.187+0000] {task_command.py:467} INFO - Running <TaskInstance: elt-pipeline.extract_load_group.extract_transaction_items scheduled__2025-09-05T00:00:00+00:00 [running]> on host e348b991e0be
[2025-10-14T04:21:40.288+0000] {taskinstance.py:3132} INFO - Exporting env vars: AIRFLOW_CTX_DAG_OWNER='***' AIRFLOW_CTX_DAG_ID='elt-pipeline' AIRFLOW_CTX_TASK_ID='extract_load_group.extract_transaction_items' AIRFLOW_CTX_EXECUTION_DATE='2025-09-05T00:00:00+00:00' AIRFLOW_CTX_TRY_NUMBER='1' AIRFLOW_CTX_DAG_RUN_ID='scheduled__2025-09-05T00:00:00+00:00'
[2025-10-14T04:21:40.289+0000] {taskinstance.py:731} INFO - ::endgroup::
[2025-10-14T04:21:40.466+0000] {extract.py:22} INFO - Data written to transaction_items.csv
[2025-10-14T04:21:40.467+0000] {python.py:240} INFO - Done. Returned value was: None
[2025-10-14T04:21:40.482+0000] {taskinstance.py:340} INFO - ::group::Post task execution logs
[2025-10-14T04:21:40.483+0000] {taskinstance.py:352} INFO - Marking task as SUCCESS. dag_id=elt-pipeline, task_id=extract_load_group.extract_transaction_items, run_id=scheduled__2025-09-05T00:00:00+00:00, execution_date=20250905T000000, start_date=20251014T042140, end_date=20251014T042140
[2025-10-14T04:21:40.539+0000] {local_task_job_runner.py:266} INFO - Task exited with return code 0
[2025-10-14T04:21:40.556+0000] {local_task_job_runner.py:245} INFO - ::endgroup::
[2025-10-14T04:29:51.827+0000] {local_task_job_runner.py:123} INFO - ::group::Pre task execution logs
[2025-10-14T04:29:51.850+0000] {taskinstance.py:2613} INFO - Dependencies all met for dep_context=non-requeueable deps ti=<TaskInstance: elt-pipeline.extract_load_group.extract_transaction_items scheduled__2025-09-05T00:00:00+00:00 [queued]>
[2025-10-14T04:29:51.859+0000] {taskinstance.py:2613} INFO - Dependencies all met for dep_context=requeueable deps ti=<TaskInstance: elt-pipeline.extract_load_group.extract_transaction_items scheduled__2025-09-05T00:00:00+00:00 [queued]>
[2025-10-14T04:29:51.860+0000] {taskinstance.py:2866} INFO - Starting attempt 1 of 1
[2025-10-14T04:29:51.886+0000] {taskinstance.py:2889} INFO - Executing <Task(PythonOperator): extract_load_group.extract_transaction_items> on 2025-09-05 00:00:00+00:00
[2025-10-14T04:29:51.895+0000] {warnings.py:112} WARNING - /home/***/.local/lib/python3.12/site-packages/***/task/task_runner/standard_task_runner.py:70: DeprecationWarning: This process (pid=939) is multi-threaded, use of fork() may lead to deadlocks in the child.
  pid = os.fork()

[2025-10-14T04:29:51.897+0000] {standard_task_runner.py:72} INFO - Started process 948 to run task
[2025-10-14T04:29:51.897+0000] {standard_task_runner.py:104} INFO - Running: ['***', 'tasks', 'run', 'elt-pipeline', 'extract_load_group.extract_transaction_items', 'scheduled__2025-09-05T00:00:00+00:00', '--job-id', '418', '--raw', '--subdir', 'DAGS_FOLDER/elt.py', '--cfg-path', '/tmp/tmpn5d8eoi0']
[2025-10-14T04:29:51.899+0000] {standard_task_runner.py:105} INFO - Job 418: Subtask extract_load_group.extract_transaction_items
[2025-10-14T04:29:51.963+0000] {task_command.py:467} INFO - Running <TaskInstance: elt-pipeline.extract_load_group.extract_transaction_items scheduled__2025-09-05T00:00:00+00:00 [running]> on host e348b991e0be
[2025-10-14T04:29:52.069+0000] {taskinstance.py:3132} INFO - Exporting env vars: AIRFLOW_CTX_DAG_OWNER='***' AIRFLOW_CTX_DAG_ID='elt-pipeline' AIRFLOW_CTX_TASK_ID='extract_load_group.extract_transaction_items' AIRFLOW_CTX_EXECUTION_DATE='2025-09-05T00:00:00+00:00' AIRFLOW_CTX_TRY_NUMBER='1' AIRFLOW_CTX_DAG_RUN_ID='scheduled__2025-09-05T00:00:00+00:00'
[2025-10-14T04:29:52.070+0000] {taskinstance.py:731} INFO - ::endgroup::
[2025-10-14T04:29:52.238+0000] {extract.py:22} INFO - Data written to transaction_items.csv
[2025-10-14T04:29:52.239+0000] {python.py:240} INFO - Done. Returned value was: None
[2025-10-14T04:29:52.255+0000] {taskinstance.py:340} INFO - ::group::Post task execution logs
[2025-10-14T04:29:52.255+0000] {taskinstance.py:352} INFO - Marking task as SUCCESS. dag_id=elt-pipeline, task_id=extract_load_group.extract_transaction_items, run_id=scheduled__2025-09-05T00:00:00+00:00, execution_date=20250905T000000, start_date=20251014T042951, end_date=20251014T042952
[2025-10-14T04:29:52.314+0000] {local_task_job_runner.py:266} INFO - Task exited with return code 0
[2025-10-14T04:29:52.328+0000] {local_task_job_runner.py:245} INFO - ::endgroup::
[2025-10-14T04:36:48.659+0000] {local_task_job_runner.py:123} INFO - ::group::Pre task execution logs
[2025-10-14T04:36:48.683+0000] {taskinstance.py:2613} INFO - Dependencies all met for dep_context=non-requeueable deps ti=<TaskInstance: elt-pipeline.extract_load_group.extract_transaction_items scheduled__2025-09-05T00:00:00+00:00 [queued]>
[2025-10-14T04:36:48.693+0000] {taskinstance.py:2613} INFO - Dependencies all met for dep_context=requeueable deps ti=<TaskInstance: elt-pipeline.extract_load_group.extract_transaction_items scheduled__2025-09-05T00:00:00+00:00 [queued]>
[2025-10-14T04:36:48.693+0000] {taskinstance.py:2866} INFO - Starting attempt 1 of 1
[2025-10-14T04:36:48.709+0000] {taskinstance.py:2889} INFO - Executing <Task(PythonOperator): extract_load_group.extract_transaction_items> on 2025-09-05 00:00:00+00:00
[2025-10-14T04:36:48.718+0000] {warnings.py:112} WARNING - /home/***/.local/lib/python3.12/site-packages/***/task/task_runner/standard_task_runner.py:70: DeprecationWarning: This process (pid=1280) is multi-threaded, use of fork() may lead to deadlocks in the child.
  pid = os.fork()

[2025-10-14T04:36:48.720+0000] {standard_task_runner.py:72} INFO - Started process 1283 to run task
[2025-10-14T04:36:48.720+0000] {standard_task_runner.py:104} INFO - Running: ['***', 'tasks', 'run', 'elt-pipeline', 'extract_load_group.extract_transaction_items', 'scheduled__2025-09-05T00:00:00+00:00', '--job-id', '487', '--raw', '--subdir', 'DAGS_FOLDER/elt.py', '--cfg-path', '/tmp/tmppgxxgctv']
[2025-10-14T04:36:48.722+0000] {standard_task_runner.py:105} INFO - Job 487: Subtask extract_load_group.extract_transaction_items
[2025-10-14T04:36:48.791+0000] {task_command.py:467} INFO - Running <TaskInstance: elt-pipeline.extract_load_group.extract_transaction_items scheduled__2025-09-05T00:00:00+00:00 [running]> on host e348b991e0be
[2025-10-14T04:36:48.903+0000] {taskinstance.py:3132} INFO - Exporting env vars: AIRFLOW_CTX_DAG_OWNER='***' AIRFLOW_CTX_DAG_ID='elt-pipeline' AIRFLOW_CTX_TASK_ID='extract_load_group.extract_transaction_items' AIRFLOW_CTX_EXECUTION_DATE='2025-09-05T00:00:00+00:00' AIRFLOW_CTX_TRY_NUMBER='1' AIRFLOW_CTX_DAG_RUN_ID='scheduled__2025-09-05T00:00:00+00:00'
[2025-10-14T04:36:48.904+0000] {taskinstance.py:731} INFO - ::endgroup::
[2025-10-14T04:36:49.088+0000] {extract.py:22} INFO - Data written to transaction_items.csv
[2025-10-14T04:36:49.089+0000] {python.py:240} INFO - Done. Returned value was: None
[2025-10-14T04:36:49.104+0000] {taskinstance.py:340} INFO - ::group::Post task execution logs
[2025-10-14T04:36:49.105+0000] {taskinstance.py:352} INFO - Marking task as SUCCESS. dag_id=elt-pipeline, task_id=extract_load_group.extract_transaction_items, run_id=scheduled__2025-09-05T00:00:00+00:00, execution_date=20250905T000000, start_date=20251014T043648, end_date=20251014T043649
[2025-10-14T04:36:49.136+0000] {local_task_job_runner.py:266} INFO - Task exited with return code 0
[2025-10-14T04:36:49.152+0000] {local_task_job_runner.py:245} INFO - ::endgroup::
