[2025-10-13T08:37:05.857+0000] {local_task_job_runner.py:123} INFO - ::group::Pre task execution logs
[2025-10-13T08:37:05.895+0000] {taskinstance.py:2613} INFO - Dependencies all met for dep_context=non-requeueable deps ti=<TaskInstance: elt-pipeline.extract_load_group.extract_customers scheduled__2025-09-02T00:00:00+00:00 [queued]>
[2025-10-13T08:37:05.914+0000] {taskinstance.py:2613} INFO - Dependencies all met for dep_context=requeueable deps ti=<TaskInstance: elt-pipeline.extract_load_group.extract_customers scheduled__2025-09-02T00:00:00+00:00 [queued]>
[2025-10-13T08:37:05.915+0000] {taskinstance.py:2866} INFO - Starting attempt 1 of 1
[2025-10-13T08:37:05.940+0000] {taskinstance.py:2889} INFO - Executing <Task(PythonOperator): extract_load_group.extract_customers> on 2025-09-02 00:00:00+00:00
[2025-10-13T08:37:05.955+0000] {warnings.py:112} WARNING - /home/***/.local/lib/python3.12/site-packages/***/task/task_runner/standard_task_runner.py:70: DeprecationWarning: This process (pid=213) is multi-threaded, use of fork() may lead to deadlocks in the child.
  pid = os.fork()

[2025-10-13T08:37:05.957+0000] {standard_task_runner.py:72} INFO - Started process 220 to run task
[2025-10-13T08:37:05.957+0000] {standard_task_runner.py:104} INFO - Running: ['***', 'tasks', 'run', 'elt-pipeline', 'extract_load_group.extract_customers', 'scheduled__2025-09-02T00:00:00+00:00', '--job-id', '27', '--raw', '--subdir', 'DAGS_FOLDER/elt.py', '--cfg-path', '/tmp/tmpyqmoamab']
[2025-10-13T08:37:05.959+0000] {standard_task_runner.py:105} INFO - Job 27: Subtask extract_load_group.extract_customers
[2025-10-13T08:37:06.046+0000] {task_command.py:467} INFO - Running <TaskInstance: elt-pipeline.extract_load_group.extract_customers scheduled__2025-09-02T00:00:00+00:00 [running]> on host 84d5a327cf64
[2025-10-13T08:37:06.186+0000] {taskinstance.py:3132} INFO - Exporting env vars: AIRFLOW_CTX_DAG_OWNER='***' AIRFLOW_CTX_DAG_ID='elt-pipeline' AIRFLOW_CTX_TASK_ID='extract_load_group.extract_customers' AIRFLOW_CTX_EXECUTION_DATE='2025-09-02T00:00:00+00:00' AIRFLOW_CTX_TRY_NUMBER='1' AIRFLOW_CTX_DAG_RUN_ID='scheduled__2025-09-02T00:00:00+00:00'
[2025-10-13T08:37:06.188+0000] {taskinstance.py:731} INFO - ::endgroup::
[2025-10-13T08:37:06.384+0000] {extract.py:22} INFO - Data written to customers.csv
[2025-10-13T08:37:06.385+0000] {python.py:240} INFO - Done. Returned value was: None
[2025-10-13T08:37:06.403+0000] {taskinstance.py:340} INFO - ::group::Post task execution logs
[2025-10-13T08:37:06.404+0000] {taskinstance.py:352} INFO - Marking task as SUCCESS. dag_id=elt-pipeline, task_id=extract_load_group.extract_customers, run_id=scheduled__2025-09-02T00:00:00+00:00, execution_date=20250902T000000, start_date=20251013T083705, end_date=20251013T083706
[2025-10-13T08:37:06.455+0000] {local_task_job_runner.py:266} INFO - Task exited with return code 0
[2025-10-13T08:37:06.470+0000] {local_task_job_runner.py:245} INFO - ::endgroup::
[2025-10-13T08:54:50.697+0000] {local_task_job_runner.py:123} INFO - ::group::Pre task execution logs
[2025-10-13T08:54:50.729+0000] {taskinstance.py:2613} INFO - Dependencies all met for dep_context=non-requeueable deps ti=<TaskInstance: elt-pipeline.extract_load_group.extract_customers scheduled__2025-09-02T00:00:00+00:00 [queued]>
[2025-10-13T08:54:50.746+0000] {taskinstance.py:2613} INFO - Dependencies all met for dep_context=requeueable deps ti=<TaskInstance: elt-pipeline.extract_load_group.extract_customers scheduled__2025-09-02T00:00:00+00:00 [queued]>
[2025-10-13T08:54:50.747+0000] {taskinstance.py:2866} INFO - Starting attempt 1 of 1
[2025-10-13T08:54:50.764+0000] {taskinstance.py:2889} INFO - Executing <Task(PythonOperator): extract_load_group.extract_customers> on 2025-09-02 00:00:00+00:00
[2025-10-13T08:54:50.778+0000] {standard_task_runner.py:104} INFO - Running: ['***', 'tasks', 'run', 'elt-pipeline', 'extract_load_group.extract_customers', 'scheduled__2025-09-02T00:00:00+00:00', '--job-id', '114', '--raw', '--subdir', 'DAGS_FOLDER/elt.py', '--cfg-path', '/tmp/tmp1zb18jay']
[2025-10-13T08:54:50.775+0000] {warnings.py:112} WARNING - /home/***/.local/lib/python3.12/site-packages/***/task/task_runner/standard_task_runner.py:70: DeprecationWarning: This process (pid=759) is multi-threaded, use of fork() may lead to deadlocks in the child.
  pid = os.fork()

[2025-10-13T08:54:50.781+0000] {standard_task_runner.py:105} INFO - Job 114: Subtask extract_load_group.extract_customers
[2025-10-13T08:54:50.782+0000] {standard_task_runner.py:72} INFO - Started process 763 to run task
[2025-10-13T08:54:50.864+0000] {task_command.py:467} INFO - Running <TaskInstance: elt-pipeline.extract_load_group.extract_customers scheduled__2025-09-02T00:00:00+00:00 [running]> on host 84d5a327cf64
[2025-10-13T08:54:51.000+0000] {taskinstance.py:3132} INFO - Exporting env vars: AIRFLOW_CTX_DAG_OWNER='***' AIRFLOW_CTX_DAG_ID='elt-pipeline' AIRFLOW_CTX_TASK_ID='extract_load_group.extract_customers' AIRFLOW_CTX_EXECUTION_DATE='2025-09-02T00:00:00+00:00' AIRFLOW_CTX_TRY_NUMBER='1' AIRFLOW_CTX_DAG_RUN_ID='scheduled__2025-09-02T00:00:00+00:00'
[2025-10-13T08:54:51.002+0000] {taskinstance.py:731} INFO - ::endgroup::
[2025-10-13T08:54:51.198+0000] {extract.py:22} INFO - Data written to customers.csv
[2025-10-13T08:54:51.198+0000] {python.py:240} INFO - Done. Returned value was: None
[2025-10-13T08:54:51.217+0000] {taskinstance.py:340} INFO - ::group::Post task execution logs
[2025-10-13T08:54:51.218+0000] {taskinstance.py:352} INFO - Marking task as SUCCESS. dag_id=elt-pipeline, task_id=extract_load_group.extract_customers, run_id=scheduled__2025-09-02T00:00:00+00:00, execution_date=20250902T000000, start_date=20251013T085450, end_date=20251013T085451
[2025-10-13T08:54:51.280+0000] {local_task_job_runner.py:266} INFO - Task exited with return code 0
[2025-10-13T08:54:51.302+0000] {local_task_job_runner.py:245} INFO - ::endgroup::
[2025-10-13T09:20:50.277+0000] {local_task_job_runner.py:123} INFO - ::group::Pre task execution logs
[2025-10-13T09:20:50.304+0000] {taskinstance.py:2613} INFO - Dependencies all met for dep_context=non-requeueable deps ti=<TaskInstance: elt-pipeline.extract_load_group.extract_customers scheduled__2025-09-02T00:00:00+00:00 [queued]>
[2025-10-13T09:20:50.313+0000] {taskinstance.py:2613} INFO - Dependencies all met for dep_context=requeueable deps ti=<TaskInstance: elt-pipeline.extract_load_group.extract_customers scheduled__2025-09-02T00:00:00+00:00 [queued]>
[2025-10-13T09:20:50.313+0000] {taskinstance.py:2866} INFO - Starting attempt 1 of 1
[2025-10-13T09:20:50.329+0000] {taskinstance.py:2889} INFO - Executing <Task(PythonOperator): extract_load_group.extract_customers> on 2025-09-02 00:00:00+00:00
[2025-10-13T09:20:50.338+0000] {warnings.py:112} WARNING - /home/***/.local/lib/python3.12/site-packages/***/task/task_runner/standard_task_runner.py:70: DeprecationWarning: This process (pid=1317) is multi-threaded, use of fork() may lead to deadlocks in the child.
  pid = os.fork()

[2025-10-13T09:20:50.339+0000] {standard_task_runner.py:72} INFO - Started process 1321 to run task
[2025-10-13T09:20:50.340+0000] {standard_task_runner.py:104} INFO - Running: ['***', 'tasks', 'run', 'elt-pipeline', 'extract_load_group.extract_customers', 'scheduled__2025-09-02T00:00:00+00:00', '--job-id', '176', '--raw', '--subdir', 'DAGS_FOLDER/elt.py', '--cfg-path', '/tmp/tmp4lrp2xw_']
[2025-10-13T09:20:50.341+0000] {standard_task_runner.py:105} INFO - Job 176: Subtask extract_load_group.extract_customers
[2025-10-13T09:20:50.411+0000] {task_command.py:467} INFO - Running <TaskInstance: elt-pipeline.extract_load_group.extract_customers scheduled__2025-09-02T00:00:00+00:00 [running]> on host 84d5a327cf64
[2025-10-13T09:20:50.530+0000] {taskinstance.py:3132} INFO - Exporting env vars: AIRFLOW_CTX_DAG_OWNER='***' AIRFLOW_CTX_DAG_ID='elt-pipeline' AIRFLOW_CTX_TASK_ID='extract_load_group.extract_customers' AIRFLOW_CTX_EXECUTION_DATE='2025-09-02T00:00:00+00:00' AIRFLOW_CTX_TRY_NUMBER='1' AIRFLOW_CTX_DAG_RUN_ID='scheduled__2025-09-02T00:00:00+00:00'
[2025-10-13T09:20:50.532+0000] {taskinstance.py:731} INFO - ::endgroup::
[2025-10-13T09:20:50.678+0000] {extract.py:22} INFO - Data written to customers.csv
[2025-10-13T09:20:50.679+0000] {python.py:240} INFO - Done. Returned value was: None
[2025-10-13T09:20:50.694+0000] {taskinstance.py:340} INFO - ::group::Post task execution logs
[2025-10-13T09:20:50.695+0000] {taskinstance.py:352} INFO - Marking task as SUCCESS. dag_id=elt-pipeline, task_id=extract_load_group.extract_customers, run_id=scheduled__2025-09-02T00:00:00+00:00, execution_date=20250902T000000, start_date=20251013T092050, end_date=20251013T092050
[2025-10-13T09:20:50.755+0000] {local_task_job_runner.py:266} INFO - Task exited with return code 0
[2025-10-13T09:20:50.767+0000] {local_task_job_runner.py:245} INFO - ::endgroup::
[2025-10-14T04:16:03.212+0000] {local_task_job_runner.py:123} INFO - ::group::Pre task execution logs
[2025-10-14T04:16:03.235+0000] {taskinstance.py:2613} INFO - Dependencies all met for dep_context=non-requeueable deps ti=<TaskInstance: elt-pipeline.extract_load_group.extract_customers scheduled__2025-09-02T00:00:00+00:00 [queued]>
[2025-10-14T04:16:03.249+0000] {taskinstance.py:2613} INFO - Dependencies all met for dep_context=requeueable deps ti=<TaskInstance: elt-pipeline.extract_load_group.extract_customers scheduled__2025-09-02T00:00:00+00:00 [queued]>
[2025-10-14T04:16:03.249+0000] {taskinstance.py:2866} INFO - Starting attempt 1 of 1
[2025-10-14T04:16:03.269+0000] {taskinstance.py:2889} INFO - Executing <Task(PythonOperator): extract_load_group.extract_customers> on 2025-09-02 00:00:00+00:00
[2025-10-14T04:16:03.279+0000] {warnings.py:112} WARNING - /home/***/.local/lib/python3.12/site-packages/***/task/task_runner/standard_task_runner.py:70: DeprecationWarning: This process (pid=159) is multi-threaded, use of fork() may lead to deadlocks in the child.
  pid = os.fork()

[2025-10-14T04:16:03.282+0000] {standard_task_runner.py:72} INFO - Started process 171 to run task
[2025-10-14T04:16:03.282+0000] {standard_task_runner.py:104} INFO - Running: ['***', 'tasks', 'run', 'elt-pipeline', 'extract_load_group.extract_customers', 'scheduled__2025-09-02T00:00:00+00:00', '--job-id', '252', '--raw', '--subdir', 'DAGS_FOLDER/elt.py', '--cfg-path', '/tmp/tmpqqcgs48g']
[2025-10-14T04:16:03.283+0000] {standard_task_runner.py:105} INFO - Job 252: Subtask extract_load_group.extract_customers
[2025-10-14T04:16:03.362+0000] {task_command.py:467} INFO - Running <TaskInstance: elt-pipeline.extract_load_group.extract_customers scheduled__2025-09-02T00:00:00+00:00 [running]> on host e348b991e0be
[2025-10-14T04:16:03.483+0000] {taskinstance.py:3132} INFO - Exporting env vars: AIRFLOW_CTX_DAG_OWNER='***' AIRFLOW_CTX_DAG_ID='elt-pipeline' AIRFLOW_CTX_TASK_ID='extract_load_group.extract_customers' AIRFLOW_CTX_EXECUTION_DATE='2025-09-02T00:00:00+00:00' AIRFLOW_CTX_TRY_NUMBER='1' AIRFLOW_CTX_DAG_RUN_ID='scheduled__2025-09-02T00:00:00+00:00'
[2025-10-14T04:16:03.484+0000] {taskinstance.py:731} INFO - ::endgroup::
[2025-10-14T04:16:03.641+0000] {extract.py:22} INFO - Data written to customers.csv
[2025-10-14T04:16:03.643+0000] {python.py:240} INFO - Done. Returned value was: None
[2025-10-14T04:16:03.658+0000] {taskinstance.py:340} INFO - ::group::Post task execution logs
[2025-10-14T04:16:03.659+0000] {taskinstance.py:352} INFO - Marking task as SUCCESS. dag_id=elt-pipeline, task_id=extract_load_group.extract_customers, run_id=scheduled__2025-09-02T00:00:00+00:00, execution_date=20250902T000000, start_date=20251014T041603, end_date=20251014T041603
[2025-10-14T04:16:03.698+0000] {local_task_job_runner.py:266} INFO - Task exited with return code 0
[2025-10-14T04:16:03.751+0000] {taskinstance.py:3895} INFO - 1 downstream tasks scheduled from follow-on schedule check
[2025-10-14T04:16:03.754+0000] {local_task_job_runner.py:245} INFO - ::endgroup::
[2025-10-14T04:20:52.831+0000] {local_task_job_runner.py:123} INFO - ::group::Pre task execution logs
[2025-10-14T04:20:52.855+0000] {taskinstance.py:2613} INFO - Dependencies all met for dep_context=non-requeueable deps ti=<TaskInstance: elt-pipeline.extract_load_group.extract_customers scheduled__2025-09-02T00:00:00+00:00 [queued]>
[2025-10-14T04:20:52.867+0000] {taskinstance.py:2613} INFO - Dependencies all met for dep_context=requeueable deps ti=<TaskInstance: elt-pipeline.extract_load_group.extract_customers scheduled__2025-09-02T00:00:00+00:00 [queued]>
[2025-10-14T04:20:52.871+0000] {taskinstance.py:2866} INFO - Starting attempt 1 of 1
[2025-10-14T04:20:52.896+0000] {taskinstance.py:2889} INFO - Executing <Task(PythonOperator): extract_load_group.extract_customers> on 2025-09-02 00:00:00+00:00
[2025-10-14T04:20:52.906+0000] {warnings.py:112} WARNING - /home/***/.local/lib/python3.12/site-packages/***/task/task_runner/standard_task_runner.py:70: DeprecationWarning: This process (pid=301) is multi-threaded, use of fork() may lead to deadlocks in the child.
  pid = os.fork()

[2025-10-14T04:20:52.908+0000] {standard_task_runner.py:72} INFO - Started process 313 to run task
[2025-10-14T04:20:52.908+0000] {standard_task_runner.py:104} INFO - Running: ['***', 'tasks', 'run', 'elt-pipeline', 'extract_load_group.extract_customers', 'scheduled__2025-09-02T00:00:00+00:00', '--job-id', '274', '--raw', '--subdir', 'DAGS_FOLDER/elt.py', '--cfg-path', '/tmp/tmpzvbp2_c0']
[2025-10-14T04:20:52.910+0000] {standard_task_runner.py:105} INFO - Job 274: Subtask extract_load_group.extract_customers
[2025-10-14T04:20:52.977+0000] {task_command.py:467} INFO - Running <TaskInstance: elt-pipeline.extract_load_group.extract_customers scheduled__2025-09-02T00:00:00+00:00 [running]> on host e348b991e0be
[2025-10-14T04:20:53.088+0000] {taskinstance.py:3132} INFO - Exporting env vars: AIRFLOW_CTX_DAG_OWNER='***' AIRFLOW_CTX_DAG_ID='elt-pipeline' AIRFLOW_CTX_TASK_ID='extract_load_group.extract_customers' AIRFLOW_CTX_EXECUTION_DATE='2025-09-02T00:00:00+00:00' AIRFLOW_CTX_TRY_NUMBER='1' AIRFLOW_CTX_DAG_RUN_ID='scheduled__2025-09-02T00:00:00+00:00'
[2025-10-14T04:20:53.089+0000] {taskinstance.py:731} INFO - ::endgroup::
[2025-10-14T04:20:53.249+0000] {extract.py:22} INFO - Data written to customers.csv
[2025-10-14T04:20:53.250+0000] {python.py:240} INFO - Done. Returned value was: None
[2025-10-14T04:20:53.267+0000] {taskinstance.py:340} INFO - ::group::Post task execution logs
[2025-10-14T04:20:53.268+0000] {taskinstance.py:352} INFO - Marking task as SUCCESS. dag_id=elt-pipeline, task_id=extract_load_group.extract_customers, run_id=scheduled__2025-09-02T00:00:00+00:00, execution_date=20250902T000000, start_date=20251014T042052, end_date=20251014T042053
[2025-10-14T04:20:53.327+0000] {local_task_job_runner.py:266} INFO - Task exited with return code 0
[2025-10-14T04:20:53.378+0000] {taskinstance.py:3895} INFO - 1 downstream tasks scheduled from follow-on schedule check
[2025-10-14T04:20:53.381+0000] {local_task_job_runner.py:245} INFO - ::endgroup::
[2025-10-14T04:22:34.439+0000] {local_task_job_runner.py:123} INFO - ::group::Pre task execution logs
[2025-10-14T04:22:34.463+0000] {taskinstance.py:2613} INFO - Dependencies all met for dep_context=non-requeueable deps ti=<TaskInstance: elt-pipeline.extract_load_group.extract_customers scheduled__2025-09-02T00:00:00+00:00 [queued]>
[2025-10-14T04:22:34.475+0000] {taskinstance.py:2613} INFO - Dependencies all met for dep_context=requeueable deps ti=<TaskInstance: elt-pipeline.extract_load_group.extract_customers scheduled__2025-09-02T00:00:00+00:00 [queued]>
[2025-10-14T04:22:34.475+0000] {taskinstance.py:2866} INFO - Starting attempt 1 of 1
[2025-10-14T04:22:34.490+0000] {taskinstance.py:2889} INFO - Executing <Task(PythonOperator): extract_load_group.extract_customers> on 2025-09-02 00:00:00+00:00
[2025-10-14T04:22:34.498+0000] {warnings.py:112} WARNING - /home/***/.local/lib/python3.12/site-packages/***/task/task_runner/standard_task_runner.py:70: DeprecationWarning: This process (pid=538) is multi-threaded, use of fork() may lead to deadlocks in the child.
  pid = os.fork()

[2025-10-14T04:22:34.501+0000] {standard_task_runner.py:72} INFO - Started process 541 to run task
[2025-10-14T04:22:34.500+0000] {standard_task_runner.py:104} INFO - Running: ['***', 'tasks', 'run', 'elt-pipeline', 'extract_load_group.extract_customers', 'scheduled__2025-09-02T00:00:00+00:00', '--job-id', '330', '--raw', '--subdir', 'DAGS_FOLDER/elt.py', '--cfg-path', '/tmp/tmpps0dn3sw']
[2025-10-14T04:22:34.502+0000] {standard_task_runner.py:105} INFO - Job 330: Subtask extract_load_group.extract_customers
[2025-10-14T04:22:34.570+0000] {task_command.py:467} INFO - Running <TaskInstance: elt-pipeline.extract_load_group.extract_customers scheduled__2025-09-02T00:00:00+00:00 [running]> on host e348b991e0be
[2025-10-14T04:22:34.688+0000] {taskinstance.py:3132} INFO - Exporting env vars: AIRFLOW_CTX_DAG_OWNER='***' AIRFLOW_CTX_DAG_ID='elt-pipeline' AIRFLOW_CTX_TASK_ID='extract_load_group.extract_customers' AIRFLOW_CTX_EXECUTION_DATE='2025-09-02T00:00:00+00:00' AIRFLOW_CTX_TRY_NUMBER='1' AIRFLOW_CTX_DAG_RUN_ID='scheduled__2025-09-02T00:00:00+00:00'
[2025-10-14T04:22:34.689+0000] {taskinstance.py:731} INFO - ::endgroup::
[2025-10-14T04:22:34.838+0000] {extract.py:22} INFO - Data written to customers.csv
[2025-10-14T04:22:34.839+0000] {python.py:240} INFO - Done. Returned value was: None
[2025-10-14T04:22:34.854+0000] {taskinstance.py:340} INFO - ::group::Post task execution logs
[2025-10-14T04:22:34.855+0000] {taskinstance.py:352} INFO - Marking task as SUCCESS. dag_id=elt-pipeline, task_id=extract_load_group.extract_customers, run_id=scheduled__2025-09-02T00:00:00+00:00, execution_date=20250902T000000, start_date=20251014T042234, end_date=20251014T042234
[2025-10-14T04:22:34.917+0000] {local_task_job_runner.py:266} INFO - Task exited with return code 0
[2025-10-14T04:22:34.932+0000] {local_task_job_runner.py:245} INFO - ::endgroup::
[2025-10-14T04:26:30.756+0000] {local_task_job_runner.py:123} INFO - ::group::Pre task execution logs
[2025-10-14T04:26:30.777+0000] {taskinstance.py:2613} INFO - Dependencies all met for dep_context=non-requeueable deps ti=<TaskInstance: elt-pipeline.extract_load_group.extract_customers scheduled__2025-09-02T00:00:00+00:00 [queued]>
[2025-10-14T04:26:30.791+0000] {taskinstance.py:2613} INFO - Dependencies all met for dep_context=requeueable deps ti=<TaskInstance: elt-pipeline.extract_load_group.extract_customers scheduled__2025-09-02T00:00:00+00:00 [queued]>
[2025-10-14T04:26:30.791+0000] {taskinstance.py:2866} INFO - Starting attempt 1 of 1
[2025-10-14T04:26:30.812+0000] {taskinstance.py:2889} INFO - Executing <Task(PythonOperator): extract_load_group.extract_customers> on 2025-09-02 00:00:00+00:00
[2025-10-14T04:26:30.821+0000] {warnings.py:112} WARNING - /home/***/.local/lib/python3.12/site-packages/***/task/task_runner/standard_task_runner.py:70: DeprecationWarning: This process (pid=672) is multi-threaded, use of fork() may lead to deadlocks in the child.
  pid = os.fork()

[2025-10-14T04:26:30.824+0000] {standard_task_runner.py:72} INFO - Started process 678 to run task
[2025-10-14T04:26:30.824+0000] {standard_task_runner.py:104} INFO - Running: ['***', 'tasks', 'run', 'elt-pipeline', 'extract_load_group.extract_customers', 'scheduled__2025-09-02T00:00:00+00:00', '--job-id', '356', '--raw', '--subdir', 'DAGS_FOLDER/elt.py', '--cfg-path', '/tmp/tmp75cj_vkv']
[2025-10-14T04:26:30.826+0000] {standard_task_runner.py:105} INFO - Job 356: Subtask extract_load_group.extract_customers
[2025-10-14T04:26:30.918+0000] {task_command.py:467} INFO - Running <TaskInstance: elt-pipeline.extract_load_group.extract_customers scheduled__2025-09-02T00:00:00+00:00 [running]> on host e348b991e0be
[2025-10-14T04:26:31.043+0000] {taskinstance.py:3132} INFO - Exporting env vars: AIRFLOW_CTX_DAG_OWNER='***' AIRFLOW_CTX_DAG_ID='elt-pipeline' AIRFLOW_CTX_TASK_ID='extract_load_group.extract_customers' AIRFLOW_CTX_EXECUTION_DATE='2025-09-02T00:00:00+00:00' AIRFLOW_CTX_TRY_NUMBER='1' AIRFLOW_CTX_DAG_RUN_ID='scheduled__2025-09-02T00:00:00+00:00'
[2025-10-14T04:26:31.045+0000] {taskinstance.py:731} INFO - ::endgroup::
[2025-10-14T04:26:31.218+0000] {extract.py:22} INFO - Data written to customers.csv
[2025-10-14T04:26:31.219+0000] {python.py:240} INFO - Done. Returned value was: None
[2025-10-14T04:26:31.234+0000] {taskinstance.py:340} INFO - ::group::Post task execution logs
[2025-10-14T04:26:31.235+0000] {taskinstance.py:352} INFO - Marking task as SUCCESS. dag_id=elt-pipeline, task_id=extract_load_group.extract_customers, run_id=scheduled__2025-09-02T00:00:00+00:00, execution_date=20250902T000000, start_date=20251014T042630, end_date=20251014T042631
[2025-10-14T04:26:31.281+0000] {local_task_job_runner.py:266} INFO - Task exited with return code 0
[2025-10-14T04:26:31.317+0000] {taskinstance.py:3895} INFO - 1 downstream tasks scheduled from follow-on schedule check
[2025-10-14T04:26:31.320+0000] {local_task_job_runner.py:245} INFO - ::endgroup::
[2025-10-14T04:28:36.859+0000] {local_task_job_runner.py:123} INFO - ::group::Pre task execution logs
[2025-10-14T04:28:36.880+0000] {taskinstance.py:2613} INFO - Dependencies all met for dep_context=non-requeueable deps ti=<TaskInstance: elt-pipeline.extract_load_group.extract_customers scheduled__2025-09-02T00:00:00+00:00 [queued]>
[2025-10-14T04:28:36.890+0000] {taskinstance.py:2613} INFO - Dependencies all met for dep_context=requeueable deps ti=<TaskInstance: elt-pipeline.extract_load_group.extract_customers scheduled__2025-09-02T00:00:00+00:00 [queued]>
[2025-10-14T04:28:36.891+0000] {taskinstance.py:2866} INFO - Starting attempt 1 of 1
[2025-10-14T04:28:36.905+0000] {taskinstance.py:2889} INFO - Executing <Task(PythonOperator): extract_load_group.extract_customers> on 2025-09-02 00:00:00+00:00
[2025-10-14T04:28:36.914+0000] {warnings.py:112} WARNING - /home/***/.local/lib/python3.12/site-packages/***/task/task_runner/standard_task_runner.py:70: DeprecationWarning: This process (pid=788) is multi-threaded, use of fork() may lead to deadlocks in the child.
  pid = os.fork()

[2025-10-14T04:28:36.916+0000] {standard_task_runner.py:72} INFO - Started process 797 to run task
[2025-10-14T04:28:36.916+0000] {standard_task_runner.py:104} INFO - Running: ['***', 'tasks', 'run', 'elt-pipeline', 'extract_load_group.extract_customers', 'scheduled__2025-09-02T00:00:00+00:00', '--job-id', '381', '--raw', '--subdir', 'DAGS_FOLDER/elt.py', '--cfg-path', '/tmp/tmpjlevagr0']
[2025-10-14T04:28:36.918+0000] {standard_task_runner.py:105} INFO - Job 381: Subtask extract_load_group.extract_customers
[2025-10-14T04:28:36.986+0000] {task_command.py:467} INFO - Running <TaskInstance: elt-pipeline.extract_load_group.extract_customers scheduled__2025-09-02T00:00:00+00:00 [running]> on host e348b991e0be
[2025-10-14T04:28:37.104+0000] {taskinstance.py:3132} INFO - Exporting env vars: AIRFLOW_CTX_DAG_OWNER='***' AIRFLOW_CTX_DAG_ID='elt-pipeline' AIRFLOW_CTX_TASK_ID='extract_load_group.extract_customers' AIRFLOW_CTX_EXECUTION_DATE='2025-09-02T00:00:00+00:00' AIRFLOW_CTX_TRY_NUMBER='1' AIRFLOW_CTX_DAG_RUN_ID='scheduled__2025-09-02T00:00:00+00:00'
[2025-10-14T04:28:37.106+0000] {taskinstance.py:731} INFO - ::endgroup::
[2025-10-14T04:28:37.299+0000] {extract.py:22} INFO - Data written to customers.csv
[2025-10-14T04:28:37.300+0000] {python.py:240} INFO - Done. Returned value was: None
[2025-10-14T04:28:37.316+0000] {taskinstance.py:340} INFO - ::group::Post task execution logs
[2025-10-14T04:28:37.317+0000] {taskinstance.py:352} INFO - Marking task as SUCCESS. dag_id=elt-pipeline, task_id=extract_load_group.extract_customers, run_id=scheduled__2025-09-02T00:00:00+00:00, execution_date=20250902T000000, start_date=20251014T042836, end_date=20251014T042837
[2025-10-14T04:28:37.373+0000] {local_task_job_runner.py:266} INFO - Task exited with return code 0
[2025-10-14T04:28:37.411+0000] {taskinstance.py:3895} INFO - 1 downstream tasks scheduled from follow-on schedule check
[2025-10-14T04:28:37.414+0000] {local_task_job_runner.py:245} INFO - ::endgroup::
[2025-10-14T04:31:44.212+0000] {local_task_job_runner.py:123} INFO - ::group::Pre task execution logs
[2025-10-14T04:31:44.235+0000] {taskinstance.py:2613} INFO - Dependencies all met for dep_context=non-requeueable deps ti=<TaskInstance: elt-pipeline.extract_load_group.extract_customers scheduled__2025-09-02T00:00:00+00:00 [queued]>
[2025-10-14T04:31:44.246+0000] {taskinstance.py:2613} INFO - Dependencies all met for dep_context=requeueable deps ti=<TaskInstance: elt-pipeline.extract_load_group.extract_customers scheduled__2025-09-02T00:00:00+00:00 [queued]>
[2025-10-14T04:31:44.247+0000] {taskinstance.py:2866} INFO - Starting attempt 1 of 1
[2025-10-14T04:31:44.266+0000] {taskinstance.py:2889} INFO - Executing <Task(PythonOperator): extract_load_group.extract_customers> on 2025-09-02 00:00:00+00:00
[2025-10-14T04:31:44.277+0000] {warnings.py:112} WARNING - /home/***/.local/lib/python3.12/site-packages/***/task/task_runner/standard_task_runner.py:70: DeprecationWarning: This process (pid=1088) is multi-threaded, use of fork() may lead to deadlocks in the child.
  pid = os.fork()

[2025-10-14T04:31:44.280+0000] {standard_task_runner.py:72} INFO - Started process 1095 to run task
[2025-10-14T04:31:44.281+0000] {standard_task_runner.py:104} INFO - Running: ['***', 'tasks', 'run', 'elt-pipeline', 'extract_load_group.extract_customers', 'scheduled__2025-09-02T00:00:00+00:00', '--job-id', '454', '--raw', '--subdir', 'DAGS_FOLDER/elt.py', '--cfg-path', '/tmp/tmp_msc3fkp']
[2025-10-14T04:31:44.282+0000] {standard_task_runner.py:105} INFO - Job 454: Subtask extract_load_group.extract_customers
[2025-10-14T04:31:44.359+0000] {task_command.py:467} INFO - Running <TaskInstance: elt-pipeline.extract_load_group.extract_customers scheduled__2025-09-02T00:00:00+00:00 [running]> on host e348b991e0be
[2025-10-14T04:31:44.489+0000] {taskinstance.py:3132} INFO - Exporting env vars: AIRFLOW_CTX_DAG_OWNER='***' AIRFLOW_CTX_DAG_ID='elt-pipeline' AIRFLOW_CTX_TASK_ID='extract_load_group.extract_customers' AIRFLOW_CTX_EXECUTION_DATE='2025-09-02T00:00:00+00:00' AIRFLOW_CTX_TRY_NUMBER='1' AIRFLOW_CTX_DAG_RUN_ID='scheduled__2025-09-02T00:00:00+00:00'
[2025-10-14T04:31:44.490+0000] {taskinstance.py:731} INFO - ::endgroup::
[2025-10-14T04:31:44.678+0000] {extract.py:22} INFO - Data written to customers.csv
[2025-10-14T04:31:44.679+0000] {python.py:240} INFO - Done. Returned value was: None
[2025-10-14T04:31:44.698+0000] {taskinstance.py:340} INFO - ::group::Post task execution logs
[2025-10-14T04:31:44.699+0000] {taskinstance.py:352} INFO - Marking task as SUCCESS. dag_id=elt-pipeline, task_id=extract_load_group.extract_customers, run_id=scheduled__2025-09-02T00:00:00+00:00, execution_date=20250902T000000, start_date=20251014T043144, end_date=20251014T043144
[2025-10-14T04:31:44.737+0000] {local_task_job_runner.py:266} INFO - Task exited with return code 0
[2025-10-14T04:31:44.749+0000] {local_task_job_runner.py:245} INFO - ::endgroup::
