[2025-10-13T08:37:13.913+0000] {local_task_job_runner.py:123} INFO - ::group::Pre task execution logs
[2025-10-13T08:37:13.936+0000] {taskinstance.py:2613} INFO - Dependencies all met for dep_context=non-requeueable deps ti=<TaskInstance: elt-pipeline.extract_load_group.extract_products scheduled__2025-09-03T00:00:00+00:00 [queued]>
[2025-10-13T08:37:13.946+0000] {taskinstance.py:2613} INFO - Dependencies all met for dep_context=requeueable deps ti=<TaskInstance: elt-pipeline.extract_load_group.extract_products scheduled__2025-09-03T00:00:00+00:00 [queued]>
[2025-10-13T08:37:13.947+0000] {taskinstance.py:2866} INFO - Starting attempt 1 of 1
[2025-10-13T08:37:13.962+0000] {taskinstance.py:2889} INFO - Executing <Task(PythonOperator): extract_load_group.extract_products> on 2025-09-03 00:00:00+00:00
[2025-10-13T08:37:13.971+0000] {warnings.py:112} WARNING - /home/***/.local/lib/python3.12/site-packages/***/task/task_runner/standard_task_runner.py:70: DeprecationWarning: This process (pid=246) is multi-threaded, use of fork() may lead to deadlocks in the child.
  pid = os.fork()

[2025-10-13T08:37:13.973+0000] {standard_task_runner.py:72} INFO - Started process 252 to run task
[2025-10-13T08:37:13.973+0000] {standard_task_runner.py:104} INFO - Running: ['***', 'tasks', 'run', 'elt-pipeline', 'extract_load_group.extract_products', 'scheduled__2025-09-03T00:00:00+00:00', '--job-id', '34', '--raw', '--subdir', 'DAGS_FOLDER/elt.py', '--cfg-path', '/tmp/tmpdywkbjwm']
[2025-10-13T08:37:13.975+0000] {standard_task_runner.py:105} INFO - Job 34: Subtask extract_load_group.extract_products
[2025-10-13T08:37:14.041+0000] {task_command.py:467} INFO - Running <TaskInstance: elt-pipeline.extract_load_group.extract_products scheduled__2025-09-03T00:00:00+00:00 [running]> on host 84d5a327cf64
[2025-10-13T08:37:14.134+0000] {taskinstance.py:3132} INFO - Exporting env vars: AIRFLOW_CTX_DAG_OWNER='***' AIRFLOW_CTX_DAG_ID='elt-pipeline' AIRFLOW_CTX_TASK_ID='extract_load_group.extract_products' AIRFLOW_CTX_EXECUTION_DATE='2025-09-03T00:00:00+00:00' AIRFLOW_CTX_TRY_NUMBER='1' AIRFLOW_CTX_DAG_RUN_ID='scheduled__2025-09-03T00:00:00+00:00'
[2025-10-13T08:37:14.135+0000] {taskinstance.py:731} INFO - ::endgroup::
[2025-10-13T08:37:14.314+0000] {extract.py:22} INFO - Data written to products.csv
[2025-10-13T08:37:14.315+0000] {python.py:240} INFO - Done. Returned value was: None
[2025-10-13T08:37:14.334+0000] {taskinstance.py:340} INFO - ::group::Post task execution logs
[2025-10-13T08:37:14.335+0000] {taskinstance.py:352} INFO - Marking task as SUCCESS. dag_id=elt-pipeline, task_id=extract_load_group.extract_products, run_id=scheduled__2025-09-03T00:00:00+00:00, execution_date=20250903T000000, start_date=20251013T083713, end_date=20251013T083714
[2025-10-13T08:37:14.389+0000] {local_task_job_runner.py:266} INFO - Task exited with return code 0
[2025-10-13T08:37:14.406+0000] {local_task_job_runner.py:245} INFO - ::endgroup::
[2025-10-13T08:55:10.107+0000] {local_task_job_runner.py:123} INFO - ::group::Pre task execution logs
[2025-10-13T08:55:10.130+0000] {taskinstance.py:2613} INFO - Dependencies all met for dep_context=non-requeueable deps ti=<TaskInstance: elt-pipeline.extract_load_group.extract_products scheduled__2025-09-03T00:00:00+00:00 [queued]>
[2025-10-13T08:55:10.141+0000] {taskinstance.py:2613} INFO - Dependencies all met for dep_context=requeueable deps ti=<TaskInstance: elt-pipeline.extract_load_group.extract_products scheduled__2025-09-03T00:00:00+00:00 [queued]>
[2025-10-13T08:55:10.141+0000] {taskinstance.py:2866} INFO - Starting attempt 1 of 1
[2025-10-13T08:55:10.157+0000] {taskinstance.py:2889} INFO - Executing <Task(PythonOperator): extract_load_group.extract_products> on 2025-09-03 00:00:00+00:00
[2025-10-13T08:55:10.165+0000] {warnings.py:112} WARNING - /home/***/.local/lib/python3.12/site-packages/***/task/task_runner/standard_task_runner.py:70: DeprecationWarning: This process (pid=796) is multi-threaded, use of fork() may lead to deadlocks in the child.
  pid = os.fork()

[2025-10-13T08:55:10.168+0000] {standard_task_runner.py:72} INFO - Started process 798 to run task
[2025-10-13T08:55:10.168+0000] {standard_task_runner.py:104} INFO - Running: ['***', 'tasks', 'run', 'elt-pipeline', 'extract_load_group.extract_products', 'scheduled__2025-09-03T00:00:00+00:00', '--job-id', '124', '--raw', '--subdir', 'DAGS_FOLDER/elt.py', '--cfg-path', '/tmp/tmp40nfuwrh']
[2025-10-13T08:55:10.169+0000] {standard_task_runner.py:105} INFO - Job 124: Subtask extract_load_group.extract_products
[2025-10-13T08:55:10.232+0000] {task_command.py:467} INFO - Running <TaskInstance: elt-pipeline.extract_load_group.extract_products scheduled__2025-09-03T00:00:00+00:00 [running]> on host 84d5a327cf64
[2025-10-13T08:55:10.328+0000] {taskinstance.py:3132} INFO - Exporting env vars: AIRFLOW_CTX_DAG_OWNER='***' AIRFLOW_CTX_DAG_ID='elt-pipeline' AIRFLOW_CTX_TASK_ID='extract_load_group.extract_products' AIRFLOW_CTX_EXECUTION_DATE='2025-09-03T00:00:00+00:00' AIRFLOW_CTX_TRY_NUMBER='1' AIRFLOW_CTX_DAG_RUN_ID='scheduled__2025-09-03T00:00:00+00:00'
[2025-10-13T08:55:10.329+0000] {taskinstance.py:731} INFO - ::endgroup::
[2025-10-13T08:55:10.479+0000] {extract.py:22} INFO - Data written to products.csv
[2025-10-13T08:55:10.479+0000] {python.py:240} INFO - Done. Returned value was: None
[2025-10-13T08:55:10.495+0000] {taskinstance.py:340} INFO - ::group::Post task execution logs
[2025-10-13T08:55:10.496+0000] {taskinstance.py:352} INFO - Marking task as SUCCESS. dag_id=elt-pipeline, task_id=extract_load_group.extract_products, run_id=scheduled__2025-09-03T00:00:00+00:00, execution_date=20250903T000000, start_date=20251013T085510, end_date=20251013T085510
[2025-10-13T08:55:10.544+0000] {local_task_job_runner.py:266} INFO - Task exited with return code 0
[2025-10-13T08:55:10.574+0000] {taskinstance.py:3895} INFO - 1 downstream tasks scheduled from follow-on schedule check
[2025-10-13T08:55:10.576+0000] {local_task_job_runner.py:245} INFO - ::endgroup::
[2025-10-13T09:21:09.456+0000] {local_task_job_runner.py:123} INFO - ::group::Pre task execution logs
[2025-10-13T09:21:09.480+0000] {taskinstance.py:2613} INFO - Dependencies all met for dep_context=non-requeueable deps ti=<TaskInstance: elt-pipeline.extract_load_group.extract_products scheduled__2025-09-03T00:00:00+00:00 [queued]>
[2025-10-13T09:21:09.489+0000] {taskinstance.py:2613} INFO - Dependencies all met for dep_context=requeueable deps ti=<TaskInstance: elt-pipeline.extract_load_group.extract_products scheduled__2025-09-03T00:00:00+00:00 [queued]>
[2025-10-13T09:21:09.490+0000] {taskinstance.py:2866} INFO - Starting attempt 1 of 1
[2025-10-13T09:21:09.503+0000] {taskinstance.py:2889} INFO - Executing <Task(PythonOperator): extract_load_group.extract_products> on 2025-09-03 00:00:00+00:00
[2025-10-13T09:21:09.512+0000] {warnings.py:112} WARNING - /home/***/.local/lib/python3.12/site-packages/***/task/task_runner/standard_task_runner.py:70: DeprecationWarning: This process (pid=1363) is multi-threaded, use of fork() may lead to deadlocks in the child.
  pid = os.fork()

[2025-10-13T09:21:09.513+0000] {standard_task_runner.py:72} INFO - Started process 1367 to run task
[2025-10-13T09:21:09.513+0000] {standard_task_runner.py:104} INFO - Running: ['***', 'tasks', 'run', 'elt-pipeline', 'extract_load_group.extract_products', 'scheduled__2025-09-03T00:00:00+00:00', '--job-id', '188', '--raw', '--subdir', 'DAGS_FOLDER/elt.py', '--cfg-path', '/tmp/tmp9uxqybn1']
[2025-10-13T09:21:09.514+0000] {standard_task_runner.py:105} INFO - Job 188: Subtask extract_load_group.extract_products
[2025-10-13T09:21:09.585+0000] {task_command.py:467} INFO - Running <TaskInstance: elt-pipeline.extract_load_group.extract_products scheduled__2025-09-03T00:00:00+00:00 [running]> on host 84d5a327cf64
[2025-10-13T09:21:09.700+0000] {taskinstance.py:3132} INFO - Exporting env vars: AIRFLOW_CTX_DAG_OWNER='***' AIRFLOW_CTX_DAG_ID='elt-pipeline' AIRFLOW_CTX_TASK_ID='extract_load_group.extract_products' AIRFLOW_CTX_EXECUTION_DATE='2025-09-03T00:00:00+00:00' AIRFLOW_CTX_TRY_NUMBER='1' AIRFLOW_CTX_DAG_RUN_ID='scheduled__2025-09-03T00:00:00+00:00'
[2025-10-13T09:21:09.701+0000] {taskinstance.py:731} INFO - ::endgroup::
[2025-10-13T09:21:09.884+0000] {extract.py:22} INFO - Data written to products.csv
[2025-10-13T09:21:09.885+0000] {python.py:240} INFO - Done. Returned value was: None
[2025-10-13T09:21:09.905+0000] {taskinstance.py:340} INFO - ::group::Post task execution logs
[2025-10-13T09:21:09.906+0000] {taskinstance.py:352} INFO - Marking task as SUCCESS. dag_id=elt-pipeline, task_id=extract_load_group.extract_products, run_id=scheduled__2025-09-03T00:00:00+00:00, execution_date=20250903T000000, start_date=20251013T092109, end_date=20251013T092109
[2025-10-13T09:21:09.969+0000] {local_task_job_runner.py:266} INFO - Task exited with return code 0
[2025-10-13T09:21:09.983+0000] {local_task_job_runner.py:245} INFO - ::endgroup::
[2025-10-14T04:21:08.391+0000] {local_task_job_runner.py:123} INFO - ::group::Pre task execution logs
[2025-10-14T04:21:08.414+0000] {taskinstance.py:2613} INFO - Dependencies all met for dep_context=non-requeueable deps ti=<TaskInstance: elt-pipeline.extract_load_group.extract_products scheduled__2025-09-03T00:00:00+00:00 [queued]>
[2025-10-14T04:21:08.424+0000] {taskinstance.py:2613} INFO - Dependencies all met for dep_context=requeueable deps ti=<TaskInstance: elt-pipeline.extract_load_group.extract_products scheduled__2025-09-03T00:00:00+00:00 [queued]>
[2025-10-14T04:21:08.424+0000] {taskinstance.py:2866} INFO - Starting attempt 1 of 1
[2025-10-14T04:21:08.443+0000] {taskinstance.py:2889} INFO - Executing <Task(PythonOperator): extract_load_group.extract_products> on 2025-09-03 00:00:00+00:00
[2025-10-14T04:21:08.452+0000] {warnings.py:112} WARNING - /home/***/.local/lib/python3.12/site-packages/***/task/task_runner/standard_task_runner.py:70: DeprecationWarning: This process (pid=344) is multi-threaded, use of fork() may lead to deadlocks in the child.
  pid = os.fork()

[2025-10-14T04:21:08.454+0000] {standard_task_runner.py:72} INFO - Started process 354 to run task
[2025-10-14T04:21:08.455+0000] {standard_task_runner.py:104} INFO - Running: ['***', 'tasks', 'run', 'elt-pipeline', 'extract_load_group.extract_products', 'scheduled__2025-09-03T00:00:00+00:00', '--job-id', '285', '--raw', '--subdir', 'DAGS_FOLDER/elt.py', '--cfg-path', '/tmp/tmpkji_97eh']
[2025-10-14T04:21:08.456+0000] {standard_task_runner.py:105} INFO - Job 285: Subtask extract_load_group.extract_products
[2025-10-14T04:21:08.527+0000] {task_command.py:467} INFO - Running <TaskInstance: elt-pipeline.extract_load_group.extract_products scheduled__2025-09-03T00:00:00+00:00 [running]> on host e348b991e0be
[2025-10-14T04:21:08.630+0000] {taskinstance.py:3132} INFO - Exporting env vars: AIRFLOW_CTX_DAG_OWNER='***' AIRFLOW_CTX_DAG_ID='elt-pipeline' AIRFLOW_CTX_TASK_ID='extract_load_group.extract_products' AIRFLOW_CTX_EXECUTION_DATE='2025-09-03T00:00:00+00:00' AIRFLOW_CTX_TRY_NUMBER='1' AIRFLOW_CTX_DAG_RUN_ID='scheduled__2025-09-03T00:00:00+00:00'
[2025-10-14T04:21:08.632+0000] {taskinstance.py:731} INFO - ::endgroup::
[2025-10-14T04:21:08.810+0000] {extract.py:22} INFO - Data written to products.csv
[2025-10-14T04:21:08.813+0000] {python.py:240} INFO - Done. Returned value was: None
[2025-10-14T04:21:08.829+0000] {taskinstance.py:340} INFO - ::group::Post task execution logs
[2025-10-14T04:21:08.830+0000] {taskinstance.py:352} INFO - Marking task as SUCCESS. dag_id=elt-pipeline, task_id=extract_load_group.extract_products, run_id=scheduled__2025-09-03T00:00:00+00:00, execution_date=20250903T000000, start_date=20251014T042108, end_date=20251014T042108
[2025-10-14T04:21:08.871+0000] {local_task_job_runner.py:266} INFO - Task exited with return code 0
[2025-10-14T04:21:08.890+0000] {local_task_job_runner.py:245} INFO - ::endgroup::
[2025-10-14T04:29:02.565+0000] {local_task_job_runner.py:123} INFO - ::group::Pre task execution logs
[2025-10-14T04:29:02.589+0000] {taskinstance.py:2613} INFO - Dependencies all met for dep_context=non-requeueable deps ti=<TaskInstance: elt-pipeline.extract_load_group.extract_products scheduled__2025-09-03T00:00:00+00:00 [queued]>
[2025-10-14T04:29:02.599+0000] {taskinstance.py:2613} INFO - Dependencies all met for dep_context=requeueable deps ti=<TaskInstance: elt-pipeline.extract_load_group.extract_products scheduled__2025-09-03T00:00:00+00:00 [queued]>
[2025-10-14T04:29:02.600+0000] {taskinstance.py:2866} INFO - Starting attempt 1 of 1
[2025-10-14T04:29:02.625+0000] {taskinstance.py:2889} INFO - Executing <Task(PythonOperator): extract_load_group.extract_products> on 2025-09-03 00:00:00+00:00
[2025-10-14T04:29:02.632+0000] {warnings.py:112} WARNING - /home/***/.local/lib/python3.12/site-packages/***/task/task_runner/standard_task_runner.py:70: DeprecationWarning: This process (pid=837) is multi-threaded, use of fork() may lead to deadlocks in the child.
  pid = os.fork()

[2025-10-14T04:29:02.635+0000] {standard_task_runner.py:72} INFO - Started process 844 to run task
[2025-10-14T04:29:02.635+0000] {standard_task_runner.py:104} INFO - Running: ['***', 'tasks', 'run', 'elt-pipeline', 'extract_load_group.extract_products', 'scheduled__2025-09-03T00:00:00+00:00', '--job-id', '390', '--raw', '--subdir', 'DAGS_FOLDER/elt.py', '--cfg-path', '/tmp/tmp0yv4_i58']
[2025-10-14T04:29:02.636+0000] {standard_task_runner.py:105} INFO - Job 390: Subtask extract_load_group.extract_products
[2025-10-14T04:29:02.702+0000] {task_command.py:467} INFO - Running <TaskInstance: elt-pipeline.extract_load_group.extract_products scheduled__2025-09-03T00:00:00+00:00 [running]> on host e348b991e0be
[2025-10-14T04:29:02.805+0000] {taskinstance.py:3132} INFO - Exporting env vars: AIRFLOW_CTX_DAG_OWNER='***' AIRFLOW_CTX_DAG_ID='elt-pipeline' AIRFLOW_CTX_TASK_ID='extract_load_group.extract_products' AIRFLOW_CTX_EXECUTION_DATE='2025-09-03T00:00:00+00:00' AIRFLOW_CTX_TRY_NUMBER='1' AIRFLOW_CTX_DAG_RUN_ID='scheduled__2025-09-03T00:00:00+00:00'
[2025-10-14T04:29:02.807+0000] {taskinstance.py:731} INFO - ::endgroup::
[2025-10-14T04:29:02.961+0000] {extract.py:22} INFO - Data written to products.csv
[2025-10-14T04:29:02.961+0000] {python.py:240} INFO - Done. Returned value was: None
[2025-10-14T04:29:02.978+0000] {taskinstance.py:340} INFO - ::group::Post task execution logs
[2025-10-14T04:29:02.978+0000] {taskinstance.py:352} INFO - Marking task as SUCCESS. dag_id=elt-pipeline, task_id=extract_load_group.extract_products, run_id=scheduled__2025-09-03T00:00:00+00:00, execution_date=20250903T000000, start_date=20251014T042902, end_date=20251014T042902
[2025-10-14T04:29:03.010+0000] {local_task_job_runner.py:266} INFO - Task exited with return code 0
[2025-10-14T04:29:03.025+0000] {local_task_job_runner.py:245} INFO - ::endgroup::
[2025-10-14T04:35:58.022+0000] {local_task_job_runner.py:123} INFO - ::group::Pre task execution logs
[2025-10-14T04:35:58.041+0000] {taskinstance.py:2613} INFO - Dependencies all met for dep_context=non-requeueable deps ti=<TaskInstance: elt-pipeline.extract_load_group.extract_products scheduled__2025-09-03T00:00:00+00:00 [queued]>
[2025-10-14T04:35:58.050+0000] {taskinstance.py:2613} INFO - Dependencies all met for dep_context=requeueable deps ti=<TaskInstance: elt-pipeline.extract_load_group.extract_products scheduled__2025-09-03T00:00:00+00:00 [queued]>
[2025-10-14T04:35:58.050+0000] {taskinstance.py:2866} INFO - Starting attempt 1 of 1
[2025-10-14T04:35:58.064+0000] {taskinstance.py:2889} INFO - Executing <Task(PythonOperator): extract_load_group.extract_products> on 2025-09-03 00:00:00+00:00
[2025-10-14T04:35:58.073+0000] {warnings.py:112} WARNING - /home/***/.local/lib/python3.12/site-packages/***/task/task_runner/standard_task_runner.py:70: DeprecationWarning: This process (pid=1187) is multi-threaded, use of fork() may lead to deadlocks in the child.
  pid = os.fork()

[2025-10-14T04:35:58.075+0000] {standard_task_runner.py:72} INFO - Started process 1192 to run task
[2025-10-14T04:35:58.075+0000] {standard_task_runner.py:104} INFO - Running: ['***', 'tasks', 'run', 'elt-pipeline', 'extract_load_group.extract_products', 'scheduled__2025-09-03T00:00:00+00:00', '--job-id', '465', '--raw', '--subdir', 'DAGS_FOLDER/elt.py', '--cfg-path', '/tmp/tmpp0cws5ig']
[2025-10-14T04:35:58.077+0000] {standard_task_runner.py:105} INFO - Job 465: Subtask extract_load_group.extract_products
[2025-10-14T04:35:58.142+0000] {task_command.py:467} INFO - Running <TaskInstance: elt-pipeline.extract_load_group.extract_products scheduled__2025-09-03T00:00:00+00:00 [running]> on host e348b991e0be
[2025-10-14T04:35:58.241+0000] {taskinstance.py:3132} INFO - Exporting env vars: AIRFLOW_CTX_DAG_OWNER='***' AIRFLOW_CTX_DAG_ID='elt-pipeline' AIRFLOW_CTX_TASK_ID='extract_load_group.extract_products' AIRFLOW_CTX_EXECUTION_DATE='2025-09-03T00:00:00+00:00' AIRFLOW_CTX_TRY_NUMBER='1' AIRFLOW_CTX_DAG_RUN_ID='scheduled__2025-09-03T00:00:00+00:00'
[2025-10-14T04:35:58.242+0000] {taskinstance.py:731} INFO - ::endgroup::
[2025-10-14T04:35:58.421+0000] {extract.py:22} INFO - Data written to products.csv
[2025-10-14T04:35:58.422+0000] {python.py:240} INFO - Done. Returned value was: None
[2025-10-14T04:35:58.441+0000] {taskinstance.py:340} INFO - ::group::Post task execution logs
[2025-10-14T04:35:58.442+0000] {taskinstance.py:352} INFO - Marking task as SUCCESS. dag_id=elt-pipeline, task_id=extract_load_group.extract_products, run_id=scheduled__2025-09-03T00:00:00+00:00, execution_date=20250903T000000, start_date=20251014T043558, end_date=20251014T043558
[2025-10-14T04:35:58.491+0000] {local_task_job_runner.py:266} INFO - Task exited with return code 0
[2025-10-14T04:35:58.528+0000] {taskinstance.py:3895} INFO - 1 downstream tasks scheduled from follow-on schedule check
[2025-10-14T04:35:58.540+0000] {local_task_job_runner.py:245} INFO - ::endgroup::
