[2025-10-14T04:41:46.498+0000] {local_task_job_runner.py:123} INFO - ::group::Pre task execution logs
[2025-10-14T04:41:46.518+0000] {taskinstance.py:2613} INFO - Dependencies all met for dep_context=non-requeueable deps ti=<TaskInstance: elt-pipeline.extract_load_group.extract_customers scheduled__2025-09-14T00:00:00+00:00 [queued]>
[2025-10-14T04:41:46.526+0000] {taskinstance.py:2613} INFO - Dependencies all met for dep_context=requeueable deps ti=<TaskInstance: elt-pipeline.extract_load_group.extract_customers scheduled__2025-09-14T00:00:00+00:00 [queued]>
[2025-10-14T04:41:46.527+0000] {taskinstance.py:2866} INFO - Starting attempt 1 of 1
[2025-10-14T04:41:46.540+0000] {taskinstance.py:2889} INFO - Executing <Task(PythonOperator): extract_load_group.extract_customers> on 2025-09-14 00:00:00+00:00
[2025-10-14T04:41:46.549+0000] {warnings.py:112} WARNING - /home/***/.local/lib/python3.12/site-packages/***/task/task_runner/standard_task_runner.py:70: DeprecationWarning: This process (pid=1736) is multi-threaded, use of fork() may lead to deadlocks in the child.
  pid = os.fork()

[2025-10-14T04:41:46.551+0000] {standard_task_runner.py:72} INFO - Started process 1741 to run task
[2025-10-14T04:41:46.553+0000] {standard_task_runner.py:104} INFO - Running: ['***', 'tasks', 'run', 'elt-pipeline', 'extract_load_group.extract_customers', 'scheduled__2025-09-14T00:00:00+00:00', '--job-id', '597', '--raw', '--subdir', 'DAGS_FOLDER/elt.py', '--cfg-path', '/tmp/tmpxflne2pu']
[2025-10-14T04:41:46.555+0000] {standard_task_runner.py:105} INFO - Job 597: Subtask extract_load_group.extract_customers
[2025-10-14T04:41:46.607+0000] {task_command.py:467} INFO - Running <TaskInstance: elt-pipeline.extract_load_group.extract_customers scheduled__2025-09-14T00:00:00+00:00 [running]> on host e348b991e0be
[2025-10-14T04:41:46.732+0000] {taskinstance.py:3132} INFO - Exporting env vars: AIRFLOW_CTX_DAG_OWNER='***' AIRFLOW_CTX_DAG_ID='elt-pipeline' AIRFLOW_CTX_TASK_ID='extract_load_group.extract_customers' AIRFLOW_CTX_EXECUTION_DATE='2025-09-14T00:00:00+00:00' AIRFLOW_CTX_TRY_NUMBER='1' AIRFLOW_CTX_DAG_RUN_ID='scheduled__2025-09-14T00:00:00+00:00'
[2025-10-14T04:41:46.734+0000] {taskinstance.py:731} INFO - ::endgroup::
[2025-10-14T04:41:46.911+0000] {extract.py:22} INFO - Data written to customers.csv
[2025-10-14T04:41:46.912+0000] {python.py:240} INFO - Done. Returned value was: None
[2025-10-14T04:41:46.930+0000] {taskinstance.py:340} INFO - ::group::Post task execution logs
[2025-10-14T04:41:46.931+0000] {taskinstance.py:352} INFO - Marking task as SUCCESS. dag_id=elt-pipeline, task_id=extract_load_group.extract_customers, run_id=scheduled__2025-09-14T00:00:00+00:00, execution_date=20250914T000000, start_date=20251014T044146, end_date=20251014T044146
[2025-10-14T04:41:46.968+0000] {local_task_job_runner.py:266} INFO - Task exited with return code 0
[2025-10-14T04:41:47.012+0000] {taskinstance.py:3895} INFO - 1 downstream tasks scheduled from follow-on schedule check
[2025-10-14T04:41:47.014+0000] {local_task_job_runner.py:245} INFO - ::endgroup::
