[2025-10-14T12:57:02.328+0000] {processor.py:186} INFO - Started process (PID=64) to work on /opt/airflow/dags/elt.py
[2025-10-14T12:57:02.331+0000] {processor.py:914} INFO - Processing file /opt/airflow/dags/elt.py for tasks to queue
[2025-10-14T12:57:02.334+0000] {logging_mixin.py:190} INFO - [2025-10-14T12:57:02.333+0000] {dagbag.py:588} INFO - Filling up the DagBag from /opt/airflow/dags/elt.py
[2025-10-14T12:57:02.484+0000] {processor.py:925} INFO - DAG(s) 'elt-pipeline' retrieved from /opt/airflow/dags/elt.py
[2025-10-14T12:57:03.127+0000] {logging_mixin.py:190} INFO - [2025-10-14T12:57:03.125+0000] {override.py:1911} INFO - Created Permission View: can read on DAG:elt-pipeline
[2025-10-14T12:57:03.153+0000] {logging_mixin.py:190} INFO - [2025-10-14T12:57:03.152+0000] {override.py:1911} INFO - Created Permission View: can delete on DAG:elt-pipeline
[2025-10-14T12:57:03.170+0000] {logging_mixin.py:190} INFO - [2025-10-14T12:57:03.169+0000] {override.py:1911} INFO - Created Permission View: can edit on DAG:elt-pipeline
[2025-10-14T12:57:03.187+0000] {logging_mixin.py:190} INFO - [2025-10-14T12:57:03.186+0000] {override.py:1911} INFO - Created Permission View: can create on DAG Run:elt-pipeline
[2025-10-14T12:57:03.205+0000] {logging_mixin.py:190} INFO - [2025-10-14T12:57:03.204+0000] {override.py:1911} INFO - Created Permission View: menu access on DAG Run:elt-pipeline
[2025-10-14T12:57:03.223+0000] {logging_mixin.py:190} INFO - [2025-10-14T12:57:03.222+0000] {override.py:1911} INFO - Created Permission View: can read on DAG Run:elt-pipeline
[2025-10-14T12:57:03.240+0000] {logging_mixin.py:190} INFO - [2025-10-14T12:57:03.239+0000] {override.py:1911} INFO - Created Permission View: can delete on DAG Run:elt-pipeline
[2025-10-14T12:57:03.242+0000] {logging_mixin.py:190} INFO - [2025-10-14T12:57:03.241+0000] {dag.py:3239} INFO - Sync 1 DAGs
[2025-10-14T12:57:03.279+0000] {logging_mixin.py:190} INFO - [2025-10-14T12:57:03.278+0000] {dag.py:3262} INFO - Creating ORM DAG for elt-pipeline
[2025-10-14T12:57:03.309+0000] {logging_mixin.py:190} INFO - [2025-10-14T12:57:03.308+0000] {dag.py:4180} INFO - Setting next_dagrun for elt-pipeline to 2025-09-01 00:00:00+00:00, run_after=2025-09-02 00:00:00+00:00
[2025-10-14T12:57:03.349+0000] {processor.py:208} INFO - Processing /opt/airflow/dags/elt.py took 1.034 seconds
[2025-10-14T12:57:33.757+0000] {processor.py:186} INFO - Started process (PID=71) to work on /opt/airflow/dags/elt.py
[2025-10-14T12:57:33.760+0000] {processor.py:914} INFO - Processing file /opt/airflow/dags/elt.py for tasks to queue
[2025-10-14T12:57:33.765+0000] {logging_mixin.py:190} INFO - [2025-10-14T12:57:33.764+0000] {dagbag.py:588} INFO - Filling up the DagBag from /opt/airflow/dags/elt.py
[2025-10-14T12:57:33.912+0000] {processor.py:925} INFO - DAG(s) 'elt-pipeline' retrieved from /opt/airflow/dags/elt.py
[2025-10-14T12:57:33.981+0000] {logging_mixin.py:190} INFO - [2025-10-14T12:57:33.981+0000] {dag.py:3239} INFO - Sync 1 DAGs
[2025-10-14T12:57:34.032+0000] {logging_mixin.py:190} INFO - [2025-10-14T12:57:34.031+0000] {dag.py:4180} INFO - Setting next_dagrun for elt-pipeline to 2025-09-01 00:00:00+00:00, run_after=2025-09-02 00:00:00+00:00
[2025-10-14T12:57:34.084+0000] {processor.py:208} INFO - Processing /opt/airflow/dags/elt.py took 0.339 seconds
[2025-10-14T12:58:04.487+0000] {processor.py:186} INFO - Started process (PID=78) to work on /opt/airflow/dags/elt.py
[2025-10-14T12:58:04.490+0000] {processor.py:914} INFO - Processing file /opt/airflow/dags/elt.py for tasks to queue
[2025-10-14T12:58:04.496+0000] {logging_mixin.py:190} INFO - [2025-10-14T12:58:04.495+0000] {dagbag.py:588} INFO - Filling up the DagBag from /opt/airflow/dags/elt.py
[2025-10-14T12:58:04.622+0000] {processor.py:925} INFO - DAG(s) 'elt-pipeline' retrieved from /opt/airflow/dags/elt.py
[2025-10-14T12:58:04.696+0000] {logging_mixin.py:190} INFO - [2025-10-14T12:58:04.696+0000] {dag.py:3239} INFO - Sync 1 DAGs
[2025-10-14T12:58:04.751+0000] {logging_mixin.py:190} INFO - [2025-10-14T12:58:04.751+0000] {dag.py:4180} INFO - Setting next_dagrun for elt-pipeline to 2025-09-01 00:00:00+00:00, run_after=2025-09-02 00:00:00+00:00
[2025-10-14T12:58:04.794+0000] {processor.py:208} INFO - Processing /opt/airflow/dags/elt.py took 0.322 seconds
[2025-10-14T12:58:35.232+0000] {processor.py:186} INFO - Started process (PID=85) to work on /opt/airflow/dags/elt.py
[2025-10-14T12:58:35.235+0000] {processor.py:914} INFO - Processing file /opt/airflow/dags/elt.py for tasks to queue
[2025-10-14T12:58:35.241+0000] {logging_mixin.py:190} INFO - [2025-10-14T12:58:35.241+0000] {dagbag.py:588} INFO - Filling up the DagBag from /opt/airflow/dags/elt.py
[2025-10-14T12:58:35.392+0000] {processor.py:925} INFO - DAG(s) 'elt-pipeline' retrieved from /opt/airflow/dags/elt.py
[2025-10-14T12:58:35.472+0000] {logging_mixin.py:190} INFO - [2025-10-14T12:58:35.471+0000] {dag.py:3239} INFO - Sync 1 DAGs
[2025-10-14T12:58:35.523+0000] {logging_mixin.py:190} INFO - [2025-10-14T12:58:35.522+0000] {dag.py:4180} INFO - Setting next_dagrun for elt-pipeline to 2025-09-01 00:00:00+00:00, run_after=2025-09-02 00:00:00+00:00
[2025-10-14T12:58:35.567+0000] {processor.py:208} INFO - Processing /opt/airflow/dags/elt.py took 0.349 seconds
[2025-10-14T12:59:06.013+0000] {processor.py:186} INFO - Started process (PID=92) to work on /opt/airflow/dags/elt.py
[2025-10-14T12:59:06.016+0000] {processor.py:914} INFO - Processing file /opt/airflow/dags/elt.py for tasks to queue
[2025-10-14T12:59:06.023+0000] {logging_mixin.py:190} INFO - [2025-10-14T12:59:06.023+0000] {dagbag.py:588} INFO - Filling up the DagBag from /opt/airflow/dags/elt.py
[2025-10-14T12:59:06.172+0000] {processor.py:925} INFO - DAG(s) 'elt-pipeline' retrieved from /opt/airflow/dags/elt.py
[2025-10-14T12:59:06.249+0000] {logging_mixin.py:190} INFO - [2025-10-14T12:59:06.249+0000] {dag.py:3239} INFO - Sync 1 DAGs
[2025-10-14T12:59:06.302+0000] {logging_mixin.py:190} INFO - [2025-10-14T12:59:06.302+0000] {dag.py:4180} INFO - Setting next_dagrun for elt-pipeline to 2025-09-01 00:00:00+00:00, run_after=2025-09-02 00:00:00+00:00
[2025-10-14T12:59:06.355+0000] {processor.py:208} INFO - Processing /opt/airflow/dags/elt.py took 0.355 seconds
[2025-10-14T12:59:36.449+0000] {processor.py:186} INFO - Started process (PID=99) to work on /opt/airflow/dags/elt.py
[2025-10-14T12:59:36.451+0000] {processor.py:914} INFO - Processing file /opt/airflow/dags/elt.py for tasks to queue
[2025-10-14T12:59:36.457+0000] {logging_mixin.py:190} INFO - [2025-10-14T12:59:36.456+0000] {dagbag.py:588} INFO - Filling up the DagBag from /opt/airflow/dags/elt.py
[2025-10-14T12:59:36.604+0000] {processor.py:925} INFO - DAG(s) 'elt-pipeline' retrieved from /opt/airflow/dags/elt.py
[2025-10-14T12:59:36.681+0000] {logging_mixin.py:190} INFO - [2025-10-14T12:59:36.681+0000] {dag.py:3239} INFO - Sync 1 DAGs
[2025-10-14T12:59:36.737+0000] {logging_mixin.py:190} INFO - [2025-10-14T12:59:36.736+0000] {dag.py:4180} INFO - Setting next_dagrun for elt-pipeline to 2025-09-01 00:00:00+00:00, run_after=2025-09-02 00:00:00+00:00
[2025-10-14T12:59:36.774+0000] {processor.py:208} INFO - Processing /opt/airflow/dags/elt.py took 0.337 seconds
[2025-10-14T13:00:07.129+0000] {processor.py:186} INFO - Started process (PID=106) to work on /opt/airflow/dags/elt.py
[2025-10-14T13:00:07.131+0000] {processor.py:914} INFO - Processing file /opt/airflow/dags/elt.py for tasks to queue
[2025-10-14T13:00:07.136+0000] {logging_mixin.py:190} INFO - [2025-10-14T13:00:07.134+0000] {dagbag.py:588} INFO - Filling up the DagBag from /opt/airflow/dags/elt.py
[2025-10-14T13:00:07.259+0000] {processor.py:925} INFO - DAG(s) 'elt-pipeline' retrieved from /opt/airflow/dags/elt.py
[2025-10-14T13:00:07.322+0000] {logging_mixin.py:190} INFO - [2025-10-14T13:00:07.321+0000] {dag.py:3239} INFO - Sync 1 DAGs
[2025-10-14T13:00:07.377+0000] {logging_mixin.py:190} INFO - [2025-10-14T13:00:07.376+0000] {dag.py:4180} INFO - Setting next_dagrun for elt-pipeline to 2025-09-01 00:00:00+00:00, run_after=2025-09-02 00:00:00+00:00
[2025-10-14T13:00:07.425+0000] {processor.py:208} INFO - Processing /opt/airflow/dags/elt.py took 0.306 seconds
[2025-10-14T13:00:37.573+0000] {processor.py:186} INFO - Started process (PID=113) to work on /opt/airflow/dags/elt.py
[2025-10-14T13:00:37.575+0000] {processor.py:914} INFO - Processing file /opt/airflow/dags/elt.py for tasks to queue
[2025-10-14T13:00:37.580+0000] {logging_mixin.py:190} INFO - [2025-10-14T13:00:37.579+0000] {dagbag.py:588} INFO - Filling up the DagBag from /opt/airflow/dags/elt.py
[2025-10-14T13:00:37.708+0000] {processor.py:925} INFO - DAG(s) 'elt-pipeline' retrieved from /opt/airflow/dags/elt.py
[2025-10-14T13:00:37.777+0000] {logging_mixin.py:190} INFO - [2025-10-14T13:00:37.777+0000] {dag.py:3239} INFO - Sync 1 DAGs
[2025-10-14T13:00:37.820+0000] {logging_mixin.py:190} INFO - [2025-10-14T13:00:37.820+0000] {dag.py:4180} INFO - Setting next_dagrun for elt-pipeline to 2025-09-01 00:00:00+00:00, run_after=2025-09-02 00:00:00+00:00
[2025-10-14T13:00:37.870+0000] {processor.py:208} INFO - Processing /opt/airflow/dags/elt.py took 0.308 seconds
[2025-10-14T13:01:08.197+0000] {processor.py:186} INFO - Started process (PID=120) to work on /opt/airflow/dags/elt.py
[2025-10-14T13:01:08.199+0000] {processor.py:914} INFO - Processing file /opt/airflow/dags/elt.py for tasks to queue
[2025-10-14T13:01:08.203+0000] {logging_mixin.py:190} INFO - [2025-10-14T13:01:08.203+0000] {dagbag.py:588} INFO - Filling up the DagBag from /opt/airflow/dags/elt.py
[2025-10-14T13:01:08.347+0000] {processor.py:925} INFO - DAG(s) 'elt-pipeline' retrieved from /opt/airflow/dags/elt.py
[2025-10-14T13:01:08.417+0000] {logging_mixin.py:190} INFO - [2025-10-14T13:01:08.416+0000] {dag.py:3239} INFO - Sync 1 DAGs
[2025-10-14T13:01:08.462+0000] {logging_mixin.py:190} INFO - [2025-10-14T13:01:08.461+0000] {dag.py:4180} INFO - Setting next_dagrun for elt-pipeline to 2025-09-01 00:00:00+00:00, run_after=2025-09-02 00:00:00+00:00
[2025-10-14T13:01:08.523+0000] {processor.py:208} INFO - Processing /opt/airflow/dags/elt.py took 0.337 seconds
[2025-10-14T13:01:38.686+0000] {processor.py:186} INFO - Started process (PID=127) to work on /opt/airflow/dags/elt.py
[2025-10-14T13:01:38.689+0000] {processor.py:914} INFO - Processing file /opt/airflow/dags/elt.py for tasks to queue
[2025-10-14T13:01:38.699+0000] {logging_mixin.py:190} INFO - [2025-10-14T13:01:38.697+0000] {dagbag.py:588} INFO - Filling up the DagBag from /opt/airflow/dags/elt.py
[2025-10-14T13:01:38.834+0000] {processor.py:925} INFO - DAG(s) 'elt-pipeline' retrieved from /opt/airflow/dags/elt.py
[2025-10-14T13:01:38.901+0000] {logging_mixin.py:190} INFO - [2025-10-14T13:01:38.900+0000] {dag.py:3239} INFO - Sync 1 DAGs
[2025-10-14T13:01:39.236+0000] {logging_mixin.py:190} INFO - [2025-10-14T13:01:39.235+0000] {dag.py:4180} INFO - Setting next_dagrun for elt-pipeline to 2025-09-01 00:00:00+00:00, run_after=2025-09-02 00:00:00+00:00
[2025-10-14T13:01:39.268+0000] {processor.py:208} INFO - Processing /opt/airflow/dags/elt.py took 0.600 seconds
