[2025-10-14T04:41:23.199+0000] {local_task_job_runner.py:123} INFO - ::group::Pre task execution logs
[2025-10-14T04:41:23.219+0000] {taskinstance.py:2613} INFO - Dependencies all met for dep_context=non-requeueable deps ti=<TaskInstance: elt-pipeline.transform scheduled__2025-09-13T00:00:00+00:00 [queued]>
[2025-10-14T04:41:23.227+0000] {taskinstance.py:2613} INFO - Dependencies all met for dep_context=requeueable deps ti=<TaskInstance: elt-pipeline.transform scheduled__2025-09-13T00:00:00+00:00 [queued]>
[2025-10-14T04:41:23.228+0000] {taskinstance.py:2866} INFO - Starting attempt 1 of 1
[2025-10-14T04:41:23.242+0000] {taskinstance.py:2889} INFO - Executing <Task(PythonOperator): transform> on 2025-09-13 00:00:00+00:00
[2025-10-14T04:41:23.248+0000] {warnings.py:112} WARNING - /home/***/.local/lib/python3.12/site-packages/***/task/task_runner/standard_task_runner.py:70: DeprecationWarning: This process (pid=1723) is multi-threaded, use of fork() may lead to deadlocks in the child.
  pid = os.fork()

[2025-10-14T04:41:23.250+0000] {standard_task_runner.py:72} INFO - Started process 1724 to run task
[2025-10-14T04:41:23.250+0000] {standard_task_runner.py:104} INFO - Running: ['***', 'tasks', 'run', 'elt-pipeline', 'transform', 'scheduled__2025-09-13T00:00:00+00:00', '--job-id', '593', '--raw', '--subdir', 'DAGS_FOLDER/elt.py', '--cfg-path', '/tmp/tmpqw3o51hi']
[2025-10-14T04:41:23.251+0000] {standard_task_runner.py:105} INFO - Job 593: Subtask transform
[2025-10-14T04:41:23.296+0000] {task_command.py:467} INFO - Running <TaskInstance: elt-pipeline.transform scheduled__2025-09-13T00:00:00+00:00 [running]> on host e348b991e0be
[2025-10-14T04:41:23.380+0000] {taskinstance.py:3132} INFO - Exporting env vars: AIRFLOW_CTX_DAG_OWNER='***' AIRFLOW_CTX_DAG_ID='elt-pipeline' AIRFLOW_CTX_TASK_ID='transform' AIRFLOW_CTX_EXECUTION_DATE='2025-09-13T00:00:00+00:00' AIRFLOW_CTX_TRY_NUMBER='1' AIRFLOW_CTX_DAG_RUN_ID='scheduled__2025-09-13T00:00:00+00:00'
[2025-10-14T04:41:23.381+0000] {taskinstance.py:731} INFO - ::endgroup::
[2025-10-14T04:41:24.075+0000] {transform.py:140} INFO - Executing dwh_ddl.sql query:
CREATE TABLE IF NOT EXISTS gcpl-469311.datalabs_techtest.fact_sales (
        transaction_id INT64,
        customer_id INT64,
        product_id INT64,
        quantity INT64,
        price FLOAT64
    );

CREATE TABLE IF NOT EXISTS gcpl-469311.datalabs_techtest.dim_customers (
        customer_id INT64,
        name STRING,
        email STRING,
        city STRING,
        signup_date DATE
    );

CREATE TABLE IF NOT EXISTS gcpl-469311.datalabs_techtest.dim_products (
        product_id INT64,
        product_name STRING,
        category STRING,
        price FLOAT64,
    );

CREATE TABLE IF NOT EXISTS gcpl-469311.datalabs_techtest.dim_dates (
        transaction_id INT64,
        transaction_date DATE
    );

CREATE TABLE IF NOT EXISTS gcpl-469311.datalabs_techtest.dim_campaigns (
        campaign_id INT64,
        campaign_name STRING,
        start_date DATE,
        end_date DATE,
        channel STRING
    );
[2025-10-14T04:41:28.776+0000] {transform.py:148} INFO - query executed successfully.
[2025-10-14T04:41:28.777+0000] {transform.py:159} INFO - Executing fact_sales query:

    INSERT INTO gcpl-469311.datalabs_techtest.fact_sales 
        (transaction_id, customer_id, product_id, quantity, price)
    SELECT 
        t.transaction_id,
        t.customer_id,
        ti.product_id,
        ti.quantity,
        ti.price
    FROM gcpl-469311.datalabs_techtest.stg_transactions t 
    JOIN gcpl-469311.datalabs_techtest.stg_transaction_items ti ON t.transaction_id = ti.transaction_id
    WHERE NOT EXISTS (
        SELECT 1 
        FROM gcpl-469311.datalabs_techtest.fact_sales AS target
        WHERE target.transaction_id = t.transaction_id
        AND target.customer_id = t.customer_id
        AND target.product_id = ti.product_id
        AND target.quantity = ti.quantity
        AND target.price = ti.price
    );
    
[2025-10-14T04:41:31.252+0000] {transform.py:167} INFO - fact_sales query executed successfully.
[2025-10-14T04:41:31.252+0000] {transform.py:159} INFO - Executing dim_customers query:

    MERGE INTO gcpl-469311.datalabs_techtest.dim_customers AS target
    USING (
        SELECT
        c.customer_id ,
        c.name ,
        c.email ,
        c.city ,
        c.signup_date ,
    FROM gcpl-469311.datalabs_techtest.stg_customers c
    ) AS source
    ON target.customer_id = source.customer_id

    WHEN MATCHED THEN
    UPDATE SET
        target.name = source.name,
        target.email = source.email,
        target.city = source.city,
        target.signup_date = source.signup_date

    WHEN NOT MATCHED THEN
    INSERT (customer_id, name, email, city, signup_date)
    VALUES (source.customer_id, source.name, source.email, source.city, source.signup_date)
    ;
    
[2025-10-14T04:41:34.067+0000] {transform.py:167} INFO - dim_customers query executed successfully.
[2025-10-14T04:41:34.067+0000] {transform.py:159} INFO - Executing dim_products query:

    MERGE INTO gcpl-469311.datalabs_techtest.dim_products AS target
    USING (
        SELECT
            p.product_id ,
            p.product_name ,
            p.category ,
            p.price
        FROM gcpl-469311.datalabs_techtest.stg_products p
    ) AS source
    ON target.product_id = source.product_id

    WHEN MATCHED THEN
    UPDATE SET
        target.product_name = source.product_name,
        target.category = source.category,
        target.price = source.price

    WHEN NOT MATCHED THEN
    INSERT (product_id, product_name, category, price)
    VALUES (source.product_id, source.product_name, source.category, source.price)
    ;
    
[2025-10-14T04:41:36.732+0000] {transform.py:167} INFO - dim_products query executed successfully.
[2025-10-14T04:41:36.733+0000] {transform.py:159} INFO - Executing dim_dates query:

    MERGE INTO gcpl-469311.datalabs_techtest.dim_dates AS target
    USING (
        SELECT
            t.transaction_id ,
            t.transaction_date
        FROM gcpl-469311.datalabs_techtest.stg_transactions t
    ) AS source
    ON target.transaction_id = source.transaction_id

    WHEN MATCHED THEN
    UPDATE SET
        target.transaction_date = source.transaction_date

    WHEN NOT MATCHED THEN
    INSERT (transaction_id, transaction_date)
    VALUES (source.transaction_id, source.transaction_date);
    
[2025-10-14T04:41:39.362+0000] {transform.py:167} INFO - dim_dates query executed successfully.
[2025-10-14T04:41:39.363+0000] {transform.py:159} INFO - Executing dim_campaigns query:

    MERGE INTO gcpl-469311.datalabs_techtest.dim_campaigns AS target
    USING (
        SELECT
            mc.campaign_id ,
            mc.campaign_name ,
            mc.start_date ,
            mc.end_date ,
            mc.channel
        FROM gcpl-469311.datalabs_techtest.stg_marketing_campaigns mc
    ) AS source

    ON target.campaign_id = source.campaign_id

    WHEN MATCHED THEN
    UPDATE SET
        target.campaign_name = source.campaign_name ,
        target.start_date = source.start_date ,
        target.end_date = source.end_date ,
        target.channel = source.channel

    WHEN NOT MATCHED THEN
    INSERT (campaign_id, campaign_name, start_date, end_date, channel)
    VALUES (source.campaign_id, source.campaign_name, source.start_date, source.end_date, source.channel);
    
[2025-10-14T04:41:41.954+0000] {transform.py:167} INFO - dim_campaigns query executed successfully.
[2025-10-14T04:41:41.955+0000] {python.py:240} INFO - Done. Returned value was: None
[2025-10-14T04:41:41.965+0000] {taskinstance.py:340} INFO - ::group::Post task execution logs
[2025-10-14T04:41:41.966+0000] {taskinstance.py:352} INFO - Marking task as SUCCESS. dag_id=elt-pipeline, task_id=transform, run_id=scheduled__2025-09-13T00:00:00+00:00, execution_date=20250913T000000, start_date=20251014T044123, end_date=20251014T044141
[2025-10-14T04:41:42.025+0000] {local_task_job_runner.py:266} INFO - Task exited with return code 0
[2025-10-14T04:41:42.045+0000] {taskinstance.py:3895} INFO - 0 downstream tasks scheduled from follow-on schedule check
[2025-10-14T04:41:42.048+0000] {local_task_job_runner.py:245} INFO - ::endgroup::
