[2025-10-13T08:36:36.245+0000] {local_task_job_runner.py:123} INFO - ::group::Pre task execution logs
[2025-10-13T08:36:36.269+0000] {taskinstance.py:2613} INFO - Dependencies all met for dep_context=non-requeueable deps ti=<TaskInstance: elt-pipeline.extract_load_group.extract_products scheduled__2025-09-01T00:00:00+00:00 [queued]>
[2025-10-13T08:36:36.280+0000] {taskinstance.py:2613} INFO - Dependencies all met for dep_context=requeueable deps ti=<TaskInstance: elt-pipeline.extract_load_group.extract_products scheduled__2025-09-01T00:00:00+00:00 [queued]>
[2025-10-13T08:36:36.281+0000] {taskinstance.py:2866} INFO - Starting attempt 1 of 1
[2025-10-13T08:36:36.296+0000] {taskinstance.py:2889} INFO - Executing <Task(PythonOperator): extract_load_group.extract_products> on 2025-09-01 00:00:00+00:00
[2025-10-13T08:36:36.304+0000] {warnings.py:112} WARNING - /home/***/.local/lib/python3.12/site-packages/***/task/task_runner/standard_task_runner.py:70: DeprecationWarning: This process (pid=136) is multi-threaded, use of fork() may lead to deadlocks in the child.
  pid = os.fork()

[2025-10-13T08:36:36.306+0000] {standard_task_runner.py:72} INFO - Started process 142 to run task
[2025-10-13T08:36:36.306+0000] {standard_task_runner.py:104} INFO - Running: ['***', 'tasks', 'run', 'elt-pipeline', 'extract_load_group.extract_products', 'scheduled__2025-09-01T00:00:00+00:00', '--job-id', '7', '--raw', '--subdir', 'DAGS_FOLDER/elt.py', '--cfg-path', '/tmp/tmpb9oemgck']
[2025-10-13T08:36:36.308+0000] {standard_task_runner.py:105} INFO - Job 7: Subtask extract_load_group.extract_products
[2025-10-13T08:36:36.381+0000] {task_command.py:467} INFO - Running <TaskInstance: elt-pipeline.extract_load_group.extract_products scheduled__2025-09-01T00:00:00+00:00 [running]> on host 84d5a327cf64
[2025-10-13T08:36:36.483+0000] {taskinstance.py:3132} INFO - Exporting env vars: AIRFLOW_CTX_DAG_OWNER='***' AIRFLOW_CTX_DAG_ID='elt-pipeline' AIRFLOW_CTX_TASK_ID='extract_load_group.extract_products' AIRFLOW_CTX_EXECUTION_DATE='2025-09-01T00:00:00+00:00' AIRFLOW_CTX_TRY_NUMBER='1' AIRFLOW_CTX_DAG_RUN_ID='scheduled__2025-09-01T00:00:00+00:00'
[2025-10-13T08:36:36.484+0000] {taskinstance.py:731} INFO - ::endgroup::
[2025-10-13T08:36:36.719+0000] {extract.py:22} INFO - Data written to products.csv
[2025-10-13T08:36:36.720+0000] {python.py:240} INFO - Done. Returned value was: None
[2025-10-13T08:36:36.735+0000] {taskinstance.py:340} INFO - ::group::Post task execution logs
[2025-10-13T08:36:36.736+0000] {taskinstance.py:352} INFO - Marking task as SUCCESS. dag_id=elt-pipeline, task_id=extract_load_group.extract_products, run_id=scheduled__2025-09-01T00:00:00+00:00, execution_date=20250901T000000, start_date=20251013T083636, end_date=20251013T083636
[2025-10-13T08:36:36.804+0000] {local_task_job_runner.py:266} INFO - Task exited with return code 0
[2025-10-13T08:36:36.852+0000] {taskinstance.py:3895} INFO - 1 downstream tasks scheduled from follow-on schedule check
[2025-10-13T08:36:36.855+0000] {local_task_job_runner.py:245} INFO - ::endgroup::
[2025-10-13T08:44:44.002+0000] {local_task_job_runner.py:123} INFO - ::group::Pre task execution logs
[2025-10-13T08:44:44.024+0000] {taskinstance.py:2613} INFO - Dependencies all met for dep_context=non-requeueable deps ti=<TaskInstance: elt-pipeline.extract_load_group.extract_products scheduled__2025-09-01T00:00:00+00:00 [queued]>
[2025-10-13T08:44:44.033+0000] {taskinstance.py:2613} INFO - Dependencies all met for dep_context=requeueable deps ti=<TaskInstance: elt-pipeline.extract_load_group.extract_products scheduled__2025-09-01T00:00:00+00:00 [queued]>
[2025-10-13T08:44:44.034+0000] {taskinstance.py:2866} INFO - Starting attempt 1 of 1
[2025-10-13T08:44:44.051+0000] {taskinstance.py:2889} INFO - Executing <Task(PythonOperator): extract_load_group.extract_products> on 2025-09-01 00:00:00+00:00
[2025-10-13T08:44:44.060+0000] {warnings.py:112} WARNING - /home/***/.local/lib/python3.12/site-packages/***/task/task_runner/standard_task_runner.py:70: DeprecationWarning: This process (pid=487) is multi-threaded, use of fork() may lead to deadlocks in the child.
  pid = os.fork()

[2025-10-13T08:44:44.062+0000] {standard_task_runner.py:72} INFO - Started process 495 to run task
[2025-10-13T08:44:44.062+0000] {standard_task_runner.py:104} INFO - Running: ['***', 'tasks', 'run', 'elt-pipeline', 'extract_load_group.extract_products', 'scheduled__2025-09-01T00:00:00+00:00', '--job-id', '77', '--raw', '--subdir', 'DAGS_FOLDER/elt.py', '--cfg-path', '/tmp/tmpsnb33cvi']
[2025-10-13T08:44:44.063+0000] {standard_task_runner.py:105} INFO - Job 77: Subtask extract_load_group.extract_products
[2025-10-13T08:44:44.132+0000] {task_command.py:467} INFO - Running <TaskInstance: elt-pipeline.extract_load_group.extract_products scheduled__2025-09-01T00:00:00+00:00 [running]> on host 84d5a327cf64
[2025-10-13T08:44:44.233+0000] {taskinstance.py:3132} INFO - Exporting env vars: AIRFLOW_CTX_DAG_OWNER='***' AIRFLOW_CTX_DAG_ID='elt-pipeline' AIRFLOW_CTX_TASK_ID='extract_load_group.extract_products' AIRFLOW_CTX_EXECUTION_DATE='2025-09-01T00:00:00+00:00' AIRFLOW_CTX_TRY_NUMBER='1' AIRFLOW_CTX_DAG_RUN_ID='scheduled__2025-09-01T00:00:00+00:00'
[2025-10-13T08:44:44.234+0000] {taskinstance.py:731} INFO - ::endgroup::
[2025-10-13T08:44:44.420+0000] {extract.py:22} INFO - Data written to products.csv
[2025-10-13T08:44:44.421+0000] {python.py:240} INFO - Done. Returned value was: None
[2025-10-13T08:44:44.435+0000] {taskinstance.py:340} INFO - ::group::Post task execution logs
[2025-10-13T08:44:44.436+0000] {taskinstance.py:352} INFO - Marking task as SUCCESS. dag_id=elt-pipeline, task_id=extract_load_group.extract_products, run_id=scheduled__2025-09-01T00:00:00+00:00, execution_date=20250901T000000, start_date=20251013T084444, end_date=20251013T084444
[2025-10-13T08:44:44.479+0000] {local_task_job_runner.py:266} INFO - Task exited with return code 0
[2025-10-13T08:44:44.511+0000] {taskinstance.py:3895} INFO - 1 downstream tasks scheduled from follow-on schedule check
[2025-10-13T08:44:44.513+0000] {local_task_job_runner.py:245} INFO - ::endgroup::
[2025-10-13T08:53:59.254+0000] {local_task_job_runner.py:123} INFO - ::group::Pre task execution logs
[2025-10-13T08:53:59.281+0000] {taskinstance.py:2613} INFO - Dependencies all met for dep_context=non-requeueable deps ti=<TaskInstance: elt-pipeline.extract_load_group.extract_products scheduled__2025-09-01T00:00:00+00:00 [queued]>
[2025-10-13T08:53:59.291+0000] {taskinstance.py:2613} INFO - Dependencies all met for dep_context=requeueable deps ti=<TaskInstance: elt-pipeline.extract_load_group.extract_products scheduled__2025-09-01T00:00:00+00:00 [queued]>
[2025-10-13T08:53:59.292+0000] {taskinstance.py:2866} INFO - Starting attempt 1 of 1
[2025-10-13T08:53:59.307+0000] {taskinstance.py:2889} INFO - Executing <Task(PythonOperator): extract_load_group.extract_products> on 2025-09-01 00:00:00+00:00
[2025-10-13T08:53:59.316+0000] {warnings.py:112} WARNING - /home/***/.local/lib/python3.12/site-packages/***/task/task_runner/standard_task_runner.py:70: DeprecationWarning: This process (pid=674) is multi-threaded, use of fork() may lead to deadlocks in the child.
  pid = os.fork()

[2025-10-13T08:53:59.318+0000] {standard_task_runner.py:72} INFO - Started process 678 to run task
[2025-10-13T08:53:59.318+0000] {standard_task_runner.py:104} INFO - Running: ['***', 'tasks', 'run', 'elt-pipeline', 'extract_load_group.extract_products', 'scheduled__2025-09-01T00:00:00+00:00', '--job-id', '94', '--raw', '--subdir', 'DAGS_FOLDER/elt.py', '--cfg-path', '/tmp/tmp0cspmu5j']
[2025-10-13T08:53:59.319+0000] {standard_task_runner.py:105} INFO - Job 94: Subtask extract_load_group.extract_products
[2025-10-13T08:53:59.396+0000] {task_command.py:467} INFO - Running <TaskInstance: elt-pipeline.extract_load_group.extract_products scheduled__2025-09-01T00:00:00+00:00 [running]> on host 84d5a327cf64
[2025-10-13T08:53:59.510+0000] {taskinstance.py:3132} INFO - Exporting env vars: AIRFLOW_CTX_DAG_OWNER='***' AIRFLOW_CTX_DAG_ID='elt-pipeline' AIRFLOW_CTX_TASK_ID='extract_load_group.extract_products' AIRFLOW_CTX_EXECUTION_DATE='2025-09-01T00:00:00+00:00' AIRFLOW_CTX_TRY_NUMBER='1' AIRFLOW_CTX_DAG_RUN_ID='scheduled__2025-09-01T00:00:00+00:00'
[2025-10-13T08:53:59.511+0000] {taskinstance.py:731} INFO - ::endgroup::
[2025-10-13T08:53:59.669+0000] {extract.py:22} INFO - Data written to products.csv
[2025-10-13T08:53:59.670+0000] {python.py:240} INFO - Done. Returned value was: None
[2025-10-13T08:53:59.683+0000] {taskinstance.py:340} INFO - ::group::Post task execution logs
[2025-10-13T08:53:59.684+0000] {taskinstance.py:352} INFO - Marking task as SUCCESS. dag_id=elt-pipeline, task_id=extract_load_group.extract_products, run_id=scheduled__2025-09-01T00:00:00+00:00, execution_date=20250901T000000, start_date=20251013T085359, end_date=20251013T085359
[2025-10-13T08:53:59.735+0000] {local_task_job_runner.py:266} INFO - Task exited with return code 0
[2025-10-13T08:53:59.766+0000] {taskinstance.py:3895} INFO - 1 downstream tasks scheduled from follow-on schedule check
[2025-10-13T08:53:59.768+0000] {local_task_job_runner.py:245} INFO - ::endgroup::
[2025-10-13T09:04:28.035+0000] {local_task_job_runner.py:123} INFO - ::group::Pre task execution logs
[2025-10-13T09:04:28.059+0000] {taskinstance.py:2613} INFO - Dependencies all met for dep_context=non-requeueable deps ti=<TaskInstance: elt-pipeline.extract_load_group.extract_products scheduled__2025-09-01T00:00:00+00:00 [queued]>
[2025-10-13T09:04:28.070+0000] {taskinstance.py:2613} INFO - Dependencies all met for dep_context=requeueable deps ti=<TaskInstance: elt-pipeline.extract_load_group.extract_products scheduled__2025-09-01T00:00:00+00:00 [queued]>
[2025-10-13T09:04:28.070+0000] {taskinstance.py:2866} INFO - Starting attempt 1 of 1
[2025-10-13T09:04:28.086+0000] {taskinstance.py:2889} INFO - Executing <Task(PythonOperator): extract_load_group.extract_products> on 2025-09-01 00:00:00+00:00
[2025-10-13T09:04:28.096+0000] {warnings.py:112} WARNING - /home/***/.local/lib/python3.12/site-packages/***/task/task_runner/standard_task_runner.py:70: DeprecationWarning: This process (pid=959) is multi-threaded, use of fork() may lead to deadlocks in the child.
  pid = os.fork()

[2025-10-13T09:04:28.098+0000] {standard_task_runner.py:72} INFO - Started process 965 to run task
[2025-10-13T09:04:28.098+0000] {standard_task_runner.py:104} INFO - Running: ['***', 'tasks', 'run', 'elt-pipeline', 'extract_load_group.extract_products', 'scheduled__2025-09-01T00:00:00+00:00', '--job-id', '138', '--raw', '--subdir', 'DAGS_FOLDER/elt.py', '--cfg-path', '/tmp/tmpngwbas93']
[2025-10-13T09:04:28.099+0000] {standard_task_runner.py:105} INFO - Job 138: Subtask extract_load_group.extract_products
[2025-10-13T09:04:28.163+0000] {task_command.py:467} INFO - Running <TaskInstance: elt-pipeline.extract_load_group.extract_products scheduled__2025-09-01T00:00:00+00:00 [running]> on host 84d5a327cf64
[2025-10-13T09:04:28.286+0000] {taskinstance.py:3132} INFO - Exporting env vars: AIRFLOW_CTX_DAG_OWNER='***' AIRFLOW_CTX_DAG_ID='elt-pipeline' AIRFLOW_CTX_TASK_ID='extract_load_group.extract_products' AIRFLOW_CTX_EXECUTION_DATE='2025-09-01T00:00:00+00:00' AIRFLOW_CTX_TRY_NUMBER='1' AIRFLOW_CTX_DAG_RUN_ID='scheduled__2025-09-01T00:00:00+00:00'
[2025-10-13T09:04:28.287+0000] {taskinstance.py:731} INFO - ::endgroup::
[2025-10-13T09:04:28.464+0000] {taskinstance.py:3311} ERROR - Task failed with exception
Traceback (most recent call last):
  File "/home/airflow/.local/lib/python3.12/site-packages/airflow/models/taskinstance.py", line 767, in _execute_task
    result = _execute_callable(context=context, **execute_callable_kwargs)
             ^^^^^^^^^^^^^^^^^^^^^^^^^^^^^^^^^^^^^^^^^^^^^^^^^^^^^^^^^^^^^
  File "/home/airflow/.local/lib/python3.12/site-packages/airflow/models/taskinstance.py", line 733, in _execute_callable
    return ExecutionCallableRunner(
           ^^^^^^^^^^^^^^^^^^^^^^^^
  File "/home/airflow/.local/lib/python3.12/site-packages/airflow/utils/operator_helpers.py", line 252, in run
    return self.func(*args, **kwargs)
           ^^^^^^^^^^^^^^^^^^^^^^^^^^
  File "/home/airflow/.local/lib/python3.12/site-packages/airflow/models/baseoperator.py", line 422, in wrapper
    return func(self, *args, **kwargs)
           ^^^^^^^^^^^^^^^^^^^^^^^^^^^
  File "/home/airflow/.local/lib/python3.12/site-packages/airflow/operators/python.py", line 238, in execute
    return_value = self.execute_callable()
                   ^^^^^^^^^^^^^^^^^^^^^^^
  File "/home/airflow/.local/lib/python3.12/site-packages/airflow/operators/python.py", line 256, in execute_callable
    return runner.run(*self.op_args, **self.op_kwargs)
           ^^^^^^^^^^^^^^^^^^^^^^^^^^^^^^^^^^^^^^^^^^^
  File "/home/airflow/.local/lib/python3.12/site-packages/airflow/utils/operator_helpers.py", line 252, in run
    return self.func(*args, **kwargs)
           ^^^^^^^^^^^^^^^^^^^^^^^^^^
  File "/opt/airflow/dags/scripts/extract.py", line 17, in extract
    with open(f"config/sample_data/{table_name}.csv", "w", newline="", encoding="utf-8") as csvfile:
         ^^^^^^^^^^^^^^^^^^^^^^^^^^^^^^^^^^^^^^^^^^^^^^^^^^^^^^^^^^^^^^^^^^^^^^^^^^^^^^^
FileNotFoundError: [Errno 2] No such file or directory: 'config/sample_data/products.csv'
[2025-10-13T09:04:28.483+0000] {taskinstance.py:1225} INFO - Marking task as FAILED. dag_id=elt-pipeline, task_id=extract_load_group.extract_products, run_id=scheduled__2025-09-01T00:00:00+00:00, execution_date=20250901T000000, start_date=20251013T090428, end_date=20251013T090428
[2025-10-13T09:04:28.499+0000] {taskinstance.py:340} INFO - ::group::Post task execution logs
[2025-10-13T09:04:28.499+0000] {standard_task_runner.py:124} ERROR - Failed to execute job 138 for task extract_load_group.extract_products ([Errno 2] No such file or directory: 'config/sample_data/products.csv'; 965)
Traceback (most recent call last):
  File "/home/airflow/.local/lib/python3.12/site-packages/airflow/task/task_runner/standard_task_runner.py", line 117, in _start_by_fork
    ret = args.func(args, dag=self.dag)
          ^^^^^^^^^^^^^^^^^^^^^^^^^^^^^
  File "/home/airflow/.local/lib/python3.12/site-packages/airflow/cli/cli_config.py", line 49, in command
    return func(*args, **kwargs)
           ^^^^^^^^^^^^^^^^^^^^^
  File "/home/airflow/.local/lib/python3.12/site-packages/airflow/utils/cli.py", line 116, in wrapper
    return f(*args, **kwargs)
           ^^^^^^^^^^^^^^^^^^
  File "/home/airflow/.local/lib/python3.12/site-packages/airflow/cli/commands/task_command.py", line 483, in task_run
    task_return_code = _run_task_by_selected_method(args, _dag, ti)
                       ^^^^^^^^^^^^^^^^^^^^^^^^^^^^^^^^^^^^^^^^^^^^
  File "/home/airflow/.local/lib/python3.12/site-packages/airflow/cli/commands/task_command.py", line 256, in _run_task_by_selected_method
    return _run_raw_task(args, ti)
           ^^^^^^^^^^^^^^^^^^^^^^^
  File "/home/airflow/.local/lib/python3.12/site-packages/airflow/cli/commands/task_command.py", line 341, in _run_raw_task
    return ti._run_raw_task(
           ^^^^^^^^^^^^^^^^^
  File "/home/airflow/.local/lib/python3.12/site-packages/airflow/utils/session.py", line 97, in wrapper
    return func(*args, session=session, **kwargs)
           ^^^^^^^^^^^^^^^^^^^^^^^^^^^^^^^^^^^^^^
  File "/home/airflow/.local/lib/python3.12/site-packages/airflow/models/taskinstance.py", line 3005, in _run_raw_task
    return _run_raw_task(
           ^^^^^^^^^^^^^^
  File "/home/airflow/.local/lib/python3.12/site-packages/airflow/models/taskinstance.py", line 273, in _run_raw_task
    TaskInstance._execute_task_with_callbacks(
  File "/home/airflow/.local/lib/python3.12/site-packages/airflow/models/taskinstance.py", line 3159, in _execute_task_with_callbacks
    result = self._execute_task(context, task_orig)
             ^^^^^^^^^^^^^^^^^^^^^^^^^^^^^^^^^^^^^^
  File "/home/airflow/.local/lib/python3.12/site-packages/airflow/models/taskinstance.py", line 3183, in _execute_task
    return _execute_task(self, context, task_orig)
           ^^^^^^^^^^^^^^^^^^^^^^^^^^^^^^^^^^^^^^^
  File "/home/airflow/.local/lib/python3.12/site-packages/airflow/models/taskinstance.py", line 767, in _execute_task
    result = _execute_callable(context=context, **execute_callable_kwargs)
             ^^^^^^^^^^^^^^^^^^^^^^^^^^^^^^^^^^^^^^^^^^^^^^^^^^^^^^^^^^^^^
  File "/home/airflow/.local/lib/python3.12/site-packages/airflow/models/taskinstance.py", line 733, in _execute_callable
    return ExecutionCallableRunner(
           ^^^^^^^^^^^^^^^^^^^^^^^^
  File "/home/airflow/.local/lib/python3.12/site-packages/airflow/utils/operator_helpers.py", line 252, in run
    return self.func(*args, **kwargs)
           ^^^^^^^^^^^^^^^^^^^^^^^^^^
  File "/home/airflow/.local/lib/python3.12/site-packages/airflow/models/baseoperator.py", line 422, in wrapper
    return func(self, *args, **kwargs)
           ^^^^^^^^^^^^^^^^^^^^^^^^^^^
  File "/home/airflow/.local/lib/python3.12/site-packages/airflow/operators/python.py", line 238, in execute
    return_value = self.execute_callable()
                   ^^^^^^^^^^^^^^^^^^^^^^^
  File "/home/airflow/.local/lib/python3.12/site-packages/airflow/operators/python.py", line 256, in execute_callable
    return runner.run(*self.op_args, **self.op_kwargs)
           ^^^^^^^^^^^^^^^^^^^^^^^^^^^^^^^^^^^^^^^^^^^
  File "/home/airflow/.local/lib/python3.12/site-packages/airflow/utils/operator_helpers.py", line 252, in run
    return self.func(*args, **kwargs)
           ^^^^^^^^^^^^^^^^^^^^^^^^^^
  File "/opt/airflow/dags/scripts/extract.py", line 17, in extract
    with open(f"config/sample_data/{table_name}.csv", "w", newline="", encoding="utf-8") as csvfile:
         ^^^^^^^^^^^^^^^^^^^^^^^^^^^^^^^^^^^^^^^^^^^^^^^^^^^^^^^^^^^^^^^^^^^^^^^^^^^^^^^
FileNotFoundError: [Errno 2] No such file or directory: 'config/sample_data/products.csv'
[2025-10-13T09:04:28.555+0000] {local_task_job_runner.py:266} INFO - Task exited with return code 1
[2025-10-13T09:04:28.568+0000] {local_task_job_runner.py:245} INFO - ::endgroup::
[2025-10-13T09:05:34.962+0000] {local_task_job_runner.py:123} INFO - ::group::Pre task execution logs
[2025-10-13T09:05:34.987+0000] {taskinstance.py:2613} INFO - Dependencies all met for dep_context=non-requeueable deps ti=<TaskInstance: elt-pipeline.extract_load_group.extract_products scheduled__2025-09-01T00:00:00+00:00 [queued]>
[2025-10-13T09:05:34.997+0000] {taskinstance.py:2613} INFO - Dependencies all met for dep_context=requeueable deps ti=<TaskInstance: elt-pipeline.extract_load_group.extract_products scheduled__2025-09-01T00:00:00+00:00 [queued]>
[2025-10-13T09:05:34.998+0000] {taskinstance.py:2866} INFO - Starting attempt 1 of 1
[2025-10-13T09:05:35.016+0000] {taskinstance.py:2889} INFO - Executing <Task(PythonOperator): extract_load_group.extract_products> on 2025-09-01 00:00:00+00:00
[2025-10-13T09:05:35.026+0000] {warnings.py:112} WARNING - /home/***/.local/lib/python3.12/site-packages/***/task/task_runner/standard_task_runner.py:70: DeprecationWarning: This process (pid=1007) is multi-threaded, use of fork() may lead to deadlocks in the child.
  pid = os.fork()

[2025-10-13T09:05:35.029+0000] {standard_task_runner.py:72} INFO - Started process 1020 to run task
[2025-10-13T09:05:35.029+0000] {standard_task_runner.py:104} INFO - Running: ['***', 'tasks', 'run', 'elt-pipeline', 'extract_load_group.extract_products', 'scheduled__2025-09-01T00:00:00+00:00', '--job-id', '148', '--raw', '--subdir', 'DAGS_FOLDER/elt.py', '--cfg-path', '/tmp/tmp9fl5yqjd']
[2025-10-13T09:05:35.031+0000] {standard_task_runner.py:105} INFO - Job 148: Subtask extract_load_group.extract_products
[2025-10-13T09:05:35.102+0000] {task_command.py:467} INFO - Running <TaskInstance: elt-pipeline.extract_load_group.extract_products scheduled__2025-09-01T00:00:00+00:00 [running]> on host 84d5a327cf64
[2025-10-13T09:05:35.198+0000] {taskinstance.py:3132} INFO - Exporting env vars: AIRFLOW_CTX_DAG_OWNER='***' AIRFLOW_CTX_DAG_ID='elt-pipeline' AIRFLOW_CTX_TASK_ID='extract_load_group.extract_products' AIRFLOW_CTX_EXECUTION_DATE='2025-09-01T00:00:00+00:00' AIRFLOW_CTX_TRY_NUMBER='1' AIRFLOW_CTX_DAG_RUN_ID='scheduled__2025-09-01T00:00:00+00:00'
[2025-10-13T09:05:35.199+0000] {taskinstance.py:731} INFO - ::endgroup::
[2025-10-13T09:05:35.378+0000] {extract.py:22} INFO - Data written to products.csv
[2025-10-13T09:05:35.379+0000] {python.py:240} INFO - Done. Returned value was: None
[2025-10-13T09:05:35.397+0000] {taskinstance.py:340} INFO - ::group::Post task execution logs
[2025-10-13T09:05:35.398+0000] {taskinstance.py:352} INFO - Marking task as SUCCESS. dag_id=elt-pipeline, task_id=extract_load_group.extract_products, run_id=scheduled__2025-09-01T00:00:00+00:00, execution_date=20250901T000000, start_date=20251013T090534, end_date=20251013T090535
[2025-10-13T09:05:35.445+0000] {local_task_job_runner.py:266} INFO - Task exited with return code 0
[2025-10-13T09:05:35.458+0000] {local_task_job_runner.py:245} INFO - ::endgroup::
[2025-10-13T09:15:16.592+0000] {local_task_job_runner.py:123} INFO - ::group::Pre task execution logs
[2025-10-13T09:15:16.615+0000] {taskinstance.py:2613} INFO - Dependencies all met for dep_context=non-requeueable deps ti=<TaskInstance: elt-pipeline.extract_load_group.extract_products scheduled__2025-09-01T00:00:00+00:00 [queued]>
[2025-10-13T09:15:16.624+0000] {taskinstance.py:2613} INFO - Dependencies all met for dep_context=requeueable deps ti=<TaskInstance: elt-pipeline.extract_load_group.extract_products scheduled__2025-09-01T00:00:00+00:00 [queued]>
[2025-10-13T09:15:16.624+0000] {taskinstance.py:2866} INFO - Starting attempt 1 of 1
[2025-10-13T09:15:16.643+0000] {taskinstance.py:2889} INFO - Executing <Task(PythonOperator): extract_load_group.extract_products> on 2025-09-01 00:00:00+00:00
[2025-10-13T09:15:16.652+0000] {warnings.py:112} WARNING - /home/***/.local/lib/python3.12/site-packages/***/task/task_runner/standard_task_runner.py:70: DeprecationWarning: This process (pid=1172) is multi-threaded, use of fork() may lead to deadlocks in the child.
  pid = os.fork()

[2025-10-13T09:15:16.654+0000] {standard_task_runner.py:72} INFO - Started process 1181 to run task
[2025-10-13T09:15:16.654+0000] {standard_task_runner.py:104} INFO - Running: ['***', 'tasks', 'run', 'elt-pipeline', 'extract_load_group.extract_products', 'scheduled__2025-09-01T00:00:00+00:00', '--job-id', '157', '--raw', '--subdir', 'DAGS_FOLDER/elt.py', '--cfg-path', '/tmp/tmpjt0p8kjj']
[2025-10-13T09:15:16.656+0000] {standard_task_runner.py:105} INFO - Job 157: Subtask extract_load_group.extract_products
[2025-10-13T09:15:16.731+0000] {task_command.py:467} INFO - Running <TaskInstance: elt-pipeline.extract_load_group.extract_products scheduled__2025-09-01T00:00:00+00:00 [running]> on host 84d5a327cf64
[2025-10-13T09:15:16.833+0000] {taskinstance.py:3132} INFO - Exporting env vars: AIRFLOW_CTX_DAG_OWNER='***' AIRFLOW_CTX_DAG_ID='elt-pipeline' AIRFLOW_CTX_TASK_ID='extract_load_group.extract_products' AIRFLOW_CTX_EXECUTION_DATE='2025-09-01T00:00:00+00:00' AIRFLOW_CTX_TRY_NUMBER='1' AIRFLOW_CTX_DAG_RUN_ID='scheduled__2025-09-01T00:00:00+00:00'
[2025-10-13T09:15:16.834+0000] {taskinstance.py:731} INFO - ::endgroup::
[2025-10-13T09:15:16.984+0000] {extract.py:22} INFO - Data written to products.csv
[2025-10-13T09:15:16.985+0000] {python.py:240} INFO - Done. Returned value was: None
[2025-10-13T09:15:17.001+0000] {taskinstance.py:340} INFO - ::group::Post task execution logs
[2025-10-13T09:15:17.002+0000] {taskinstance.py:352} INFO - Marking task as SUCCESS. dag_id=elt-pipeline, task_id=extract_load_group.extract_products, run_id=scheduled__2025-09-01T00:00:00+00:00, execution_date=20250901T000000, start_date=20251013T091516, end_date=20251013T091517
[2025-10-13T09:15:17.032+0000] {local_task_job_runner.py:266} INFO - Task exited with return code 0
[2025-10-13T09:15:17.043+0000] {local_task_job_runner.py:245} INFO - ::endgroup::
[2025-10-13T09:20:32.932+0000] {local_task_job_runner.py:123} INFO - ::group::Pre task execution logs
[2025-10-13T09:20:32.959+0000] {taskinstance.py:2613} INFO - Dependencies all met for dep_context=non-requeueable deps ti=<TaskInstance: elt-pipeline.extract_load_group.extract_products scheduled__2025-09-01T00:00:00+00:00 [queued]>
[2025-10-13T09:20:32.970+0000] {taskinstance.py:2613} INFO - Dependencies all met for dep_context=requeueable deps ti=<TaskInstance: elt-pipeline.extract_load_group.extract_products scheduled__2025-09-01T00:00:00+00:00 [queued]>
[2025-10-13T09:20:32.971+0000] {taskinstance.py:2866} INFO - Starting attempt 1 of 1
[2025-10-13T09:20:32.989+0000] {taskinstance.py:2889} INFO - Executing <Task(PythonOperator): extract_load_group.extract_products> on 2025-09-01 00:00:00+00:00
[2025-10-13T09:20:32.997+0000] {warnings.py:112} WARNING - /home/***/.local/lib/python3.12/site-packages/***/task/task_runner/standard_task_runner.py:70: DeprecationWarning: This process (pid=1272) is multi-threaded, use of fork() may lead to deadlocks in the child.
  pid = os.fork()

[2025-10-13T09:20:33.001+0000] {standard_task_runner.py:72} INFO - Started process 1275 to run task
[2025-10-13T09:20:33.002+0000] {standard_task_runner.py:104} INFO - Running: ['***', 'tasks', 'run', 'elt-pipeline', 'extract_load_group.extract_products', 'scheduled__2025-09-01T00:00:00+00:00', '--job-id', '166', '--raw', '--subdir', 'DAGS_FOLDER/elt.py', '--cfg-path', '/tmp/tmphteuon4p']
[2025-10-13T09:20:33.004+0000] {standard_task_runner.py:105} INFO - Job 166: Subtask extract_load_group.extract_products
[2025-10-13T09:20:33.087+0000] {task_command.py:467} INFO - Running <TaskInstance: elt-pipeline.extract_load_group.extract_products scheduled__2025-09-01T00:00:00+00:00 [running]> on host 84d5a327cf64
[2025-10-13T09:20:33.204+0000] {taskinstance.py:3132} INFO - Exporting env vars: AIRFLOW_CTX_DAG_OWNER='***' AIRFLOW_CTX_DAG_ID='elt-pipeline' AIRFLOW_CTX_TASK_ID='extract_load_group.extract_products' AIRFLOW_CTX_EXECUTION_DATE='2025-09-01T00:00:00+00:00' AIRFLOW_CTX_TRY_NUMBER='1' AIRFLOW_CTX_DAG_RUN_ID='scheduled__2025-09-01T00:00:00+00:00'
[2025-10-13T09:20:33.205+0000] {taskinstance.py:731} INFO - ::endgroup::
[2025-10-13T09:20:33.384+0000] {extract.py:22} INFO - Data written to products.csv
[2025-10-13T09:20:33.385+0000] {python.py:240} INFO - Done. Returned value was: None
[2025-10-13T09:20:33.404+0000] {taskinstance.py:340} INFO - ::group::Post task execution logs
[2025-10-13T09:20:33.404+0000] {taskinstance.py:352} INFO - Marking task as SUCCESS. dag_id=elt-pipeline, task_id=extract_load_group.extract_products, run_id=scheduled__2025-09-01T00:00:00+00:00, execution_date=20250901T000000, start_date=20251013T092032, end_date=20251013T092033
[2025-10-13T09:20:33.459+0000] {local_task_job_runner.py:266} INFO - Task exited with return code 0
[2025-10-13T09:20:33.472+0000] {local_task_job_runner.py:245} INFO - ::endgroup::
[2025-10-14T04:15:40.133+0000] {local_task_job_runner.py:123} INFO - ::group::Pre task execution logs
[2025-10-14T04:15:40.155+0000] {taskinstance.py:2613} INFO - Dependencies all met for dep_context=non-requeueable deps ti=<TaskInstance: elt-pipeline.extract_load_group.extract_products scheduled__2025-09-01T00:00:00+00:00 [queued]>
[2025-10-14T04:15:40.164+0000] {taskinstance.py:2613} INFO - Dependencies all met for dep_context=requeueable deps ti=<TaskInstance: elt-pipeline.extract_load_group.extract_products scheduled__2025-09-01T00:00:00+00:00 [queued]>
[2025-10-14T04:15:40.165+0000] {taskinstance.py:2866} INFO - Starting attempt 1 of 1
[2025-10-14T04:15:40.179+0000] {taskinstance.py:2889} INFO - Executing <Task(PythonOperator): extract_load_group.extract_products> on 2025-09-01 00:00:00+00:00
[2025-10-14T04:15:40.187+0000] {warnings.py:112} WARNING - /home/***/.local/lib/python3.12/site-packages/***/task/task_runner/standard_task_runner.py:70: DeprecationWarning: This process (pid=112) is multi-threaded, use of fork() may lead to deadlocks in the child.
  pid = os.fork()

[2025-10-14T04:15:40.189+0000] {standard_task_runner.py:104} INFO - Running: ['***', 'tasks', 'run', 'elt-pipeline', 'extract_load_group.extract_products', 'scheduled__2025-09-01T00:00:00+00:00', '--job-id', '237', '--raw', '--subdir', 'DAGS_FOLDER/elt.py', '--cfg-path', '/tmp/tmpki6duvrg']
[2025-10-14T04:15:40.190+0000] {standard_task_runner.py:72} INFO - Started process 116 to run task
[2025-10-14T04:15:40.191+0000] {standard_task_runner.py:105} INFO - Job 237: Subtask extract_load_group.extract_products
[2025-10-14T04:15:40.262+0000] {task_command.py:467} INFO - Running <TaskInstance: elt-pipeline.extract_load_group.extract_products scheduled__2025-09-01T00:00:00+00:00 [running]> on host e348b991e0be
[2025-10-14T04:15:40.360+0000] {taskinstance.py:3132} INFO - Exporting env vars: AIRFLOW_CTX_DAG_OWNER='***' AIRFLOW_CTX_DAG_ID='elt-pipeline' AIRFLOW_CTX_TASK_ID='extract_load_group.extract_products' AIRFLOW_CTX_EXECUTION_DATE='2025-09-01T00:00:00+00:00' AIRFLOW_CTX_TRY_NUMBER='1' AIRFLOW_CTX_DAG_RUN_ID='scheduled__2025-09-01T00:00:00+00:00'
[2025-10-14T04:15:40.362+0000] {taskinstance.py:731} INFO - ::endgroup::
[2025-10-14T04:15:40.631+0000] {extract.py:22} INFO - Data written to products.csv
[2025-10-14T04:15:40.632+0000] {python.py:240} INFO - Done. Returned value was: None
[2025-10-14T04:15:40.646+0000] {taskinstance.py:340} INFO - ::group::Post task execution logs
[2025-10-14T04:15:40.647+0000] {taskinstance.py:352} INFO - Marking task as SUCCESS. dag_id=elt-pipeline, task_id=extract_load_group.extract_products, run_id=scheduled__2025-09-01T00:00:00+00:00, execution_date=20250901T000000, start_date=20251014T041540, end_date=20251014T041540
[2025-10-14T04:15:40.687+0000] {local_task_job_runner.py:266} INFO - Task exited with return code 0
[2025-10-14T04:15:40.701+0000] {local_task_job_runner.py:245} INFO - ::endgroup::
[2025-10-14T04:20:39.311+0000] {local_task_job_runner.py:123} INFO - ::group::Pre task execution logs
[2025-10-14T04:20:39.338+0000] {taskinstance.py:2613} INFO - Dependencies all met for dep_context=non-requeueable deps ti=<TaskInstance: elt-pipeline.extract_load_group.extract_products scheduled__2025-09-01T00:00:00+00:00 [queued]>
[2025-10-14T04:20:39.349+0000] {taskinstance.py:2613} INFO - Dependencies all met for dep_context=requeueable deps ti=<TaskInstance: elt-pipeline.extract_load_group.extract_products scheduled__2025-09-01T00:00:00+00:00 [queued]>
[2025-10-14T04:20:39.350+0000] {taskinstance.py:2866} INFO - Starting attempt 1 of 1
[2025-10-14T04:20:39.365+0000] {taskinstance.py:2889} INFO - Executing <Task(PythonOperator): extract_load_group.extract_products> on 2025-09-01 00:00:00+00:00
[2025-10-14T04:20:39.374+0000] {warnings.py:112} WARNING - /home/***/.local/lib/python3.12/site-packages/***/task/task_runner/standard_task_runner.py:70: DeprecationWarning: This process (pid=250) is multi-threaded, use of fork() may lead to deadlocks in the child.
  pid = os.fork()

[2025-10-14T04:20:39.377+0000] {standard_task_runner.py:72} INFO - Started process 256 to run task
[2025-10-14T04:20:39.378+0000] {standard_task_runner.py:104} INFO - Running: ['***', 'tasks', 'run', 'elt-pipeline', 'extract_load_group.extract_products', 'scheduled__2025-09-01T00:00:00+00:00', '--job-id', '258', '--raw', '--subdir', 'DAGS_FOLDER/elt.py', '--cfg-path', '/tmp/tmpunq6lvu1']
[2025-10-14T04:20:39.380+0000] {standard_task_runner.py:105} INFO - Job 258: Subtask extract_load_group.extract_products
[2025-10-14T04:20:39.455+0000] {task_command.py:467} INFO - Running <TaskInstance: elt-pipeline.extract_load_group.extract_products scheduled__2025-09-01T00:00:00+00:00 [running]> on host e348b991e0be
[2025-10-14T04:20:39.558+0000] {taskinstance.py:3132} INFO - Exporting env vars: AIRFLOW_CTX_DAG_OWNER='***' AIRFLOW_CTX_DAG_ID='elt-pipeline' AIRFLOW_CTX_TASK_ID='extract_load_group.extract_products' AIRFLOW_CTX_EXECUTION_DATE='2025-09-01T00:00:00+00:00' AIRFLOW_CTX_TRY_NUMBER='1' AIRFLOW_CTX_DAG_RUN_ID='scheduled__2025-09-01T00:00:00+00:00'
[2025-10-14T04:20:39.559+0000] {taskinstance.py:731} INFO - ::endgroup::
[2025-10-14T04:20:39.722+0000] {extract.py:22} INFO - Data written to products.csv
[2025-10-14T04:20:39.722+0000] {python.py:240} INFO - Done. Returned value was: None
[2025-10-14T04:20:39.737+0000] {taskinstance.py:340} INFO - ::group::Post task execution logs
[2025-10-14T04:20:39.738+0000] {taskinstance.py:352} INFO - Marking task as SUCCESS. dag_id=elt-pipeline, task_id=extract_load_group.extract_products, run_id=scheduled__2025-09-01T00:00:00+00:00, execution_date=20250901T000000, start_date=20251014T042039, end_date=20251014T042039
[2025-10-14T04:20:39.794+0000] {local_task_job_runner.py:266} INFO - Task exited with return code 0
[2025-10-14T04:20:39.807+0000] {local_task_job_runner.py:245} INFO - ::endgroup::
[2025-10-14T04:22:14.239+0000] {local_task_job_runner.py:123} INFO - ::group::Pre task execution logs
[2025-10-14T04:22:14.261+0000] {taskinstance.py:2613} INFO - Dependencies all met for dep_context=non-requeueable deps ti=<TaskInstance: elt-pipeline.extract_load_group.extract_products scheduled__2025-09-01T00:00:00+00:00 [queued]>
[2025-10-14T04:22:14.269+0000] {taskinstance.py:2613} INFO - Dependencies all met for dep_context=requeueable deps ti=<TaskInstance: elt-pipeline.extract_load_group.extract_products scheduled__2025-09-01T00:00:00+00:00 [queued]>
[2025-10-14T04:22:14.270+0000] {taskinstance.py:2866} INFO - Starting attempt 1 of 1
[2025-10-14T04:22:14.283+0000] {taskinstance.py:2889} INFO - Executing <Task(PythonOperator): extract_load_group.extract_products> on 2025-09-01 00:00:00+00:00
[2025-10-14T04:22:14.290+0000] {warnings.py:112} WARNING - /home/***/.local/lib/python3.12/site-packages/***/task/task_runner/standard_task_runner.py:70: DeprecationWarning: This process (pid=488) is multi-threaded, use of fork() may lead to deadlocks in the child.
  pid = os.fork()

[2025-10-14T04:22:14.293+0000] {standard_task_runner.py:72} INFO - Started process 493 to run task
[2025-10-14T04:22:14.292+0000] {standard_task_runner.py:104} INFO - Running: ['***', 'tasks', 'run', 'elt-pipeline', 'extract_load_group.extract_products', 'scheduled__2025-09-01T00:00:00+00:00', '--job-id', '320', '--raw', '--subdir', 'DAGS_FOLDER/elt.py', '--cfg-path', '/tmp/tmpsryn5gz6']
[2025-10-14T04:22:14.294+0000] {standard_task_runner.py:105} INFO - Job 320: Subtask extract_load_group.extract_products
[2025-10-14T04:22:14.363+0000] {task_command.py:467} INFO - Running <TaskInstance: elt-pipeline.extract_load_group.extract_products scheduled__2025-09-01T00:00:00+00:00 [running]> on host e348b991e0be
[2025-10-14T04:22:14.457+0000] {taskinstance.py:3132} INFO - Exporting env vars: AIRFLOW_CTX_DAG_OWNER='***' AIRFLOW_CTX_DAG_ID='elt-pipeline' AIRFLOW_CTX_TASK_ID='extract_load_group.extract_products' AIRFLOW_CTX_EXECUTION_DATE='2025-09-01T00:00:00+00:00' AIRFLOW_CTX_TRY_NUMBER='1' AIRFLOW_CTX_DAG_RUN_ID='scheduled__2025-09-01T00:00:00+00:00'
[2025-10-14T04:22:14.458+0000] {taskinstance.py:731} INFO - ::endgroup::
[2025-10-14T04:22:14.625+0000] {extract.py:22} INFO - Data written to products.csv
[2025-10-14T04:22:14.626+0000] {python.py:240} INFO - Done. Returned value was: None
[2025-10-14T04:22:14.643+0000] {taskinstance.py:340} INFO - ::group::Post task execution logs
[2025-10-14T04:22:14.644+0000] {taskinstance.py:352} INFO - Marking task as SUCCESS. dag_id=elt-pipeline, task_id=extract_load_group.extract_products, run_id=scheduled__2025-09-01T00:00:00+00:00, execution_date=20250901T000000, start_date=20251014T042214, end_date=20251014T042214
[2025-10-14T04:22:14.710+0000] {local_task_job_runner.py:266} INFO - Task exited with return code 0
[2025-10-14T04:22:14.722+0000] {local_task_job_runner.py:245} INFO - ::endgroup::
[2025-10-14T04:26:07.624+0000] {local_task_job_runner.py:123} INFO - ::group::Pre task execution logs
[2025-10-14T04:26:07.654+0000] {taskinstance.py:2613} INFO - Dependencies all met for dep_context=non-requeueable deps ti=<TaskInstance: elt-pipeline.extract_load_group.extract_products scheduled__2025-09-01T00:00:00+00:00 [queued]>
[2025-10-14T04:26:07.670+0000] {taskinstance.py:2613} INFO - Dependencies all met for dep_context=requeueable deps ti=<TaskInstance: elt-pipeline.extract_load_group.extract_products scheduled__2025-09-01T00:00:00+00:00 [queued]>
[2025-10-14T04:26:07.671+0000] {taskinstance.py:2866} INFO - Starting attempt 1 of 1
[2025-10-14T04:26:07.692+0000] {taskinstance.py:2889} INFO - Executing <Task(PythonOperator): extract_load_group.extract_products> on 2025-09-01 00:00:00+00:00
[2025-10-14T04:26:07.701+0000] {warnings.py:112} WARNING - /home/***/.local/lib/python3.12/site-packages/***/task/task_runner/standard_task_runner.py:70: DeprecationWarning: This process (pid=632) is multi-threaded, use of fork() may lead to deadlocks in the child.
  pid = os.fork()

[2025-10-14T04:26:07.702+0000] {standard_task_runner.py:104} INFO - Running: ['***', 'tasks', 'run', 'elt-pipeline', 'extract_load_group.extract_products', 'scheduled__2025-09-01T00:00:00+00:00', '--job-id', '346', '--raw', '--subdir', 'DAGS_FOLDER/elt.py', '--cfg-path', '/tmp/tmpq0fhx55t']
[2025-10-14T04:26:07.703+0000] {standard_task_runner.py:72} INFO - Started process 641 to run task
[2025-10-14T04:26:07.704+0000] {standard_task_runner.py:105} INFO - Job 346: Subtask extract_load_group.extract_products
[2025-10-14T04:26:07.787+0000] {task_command.py:467} INFO - Running <TaskInstance: elt-pipeline.extract_load_group.extract_products scheduled__2025-09-01T00:00:00+00:00 [running]> on host e348b991e0be
[2025-10-14T04:26:07.905+0000] {taskinstance.py:3132} INFO - Exporting env vars: AIRFLOW_CTX_DAG_OWNER='***' AIRFLOW_CTX_DAG_ID='elt-pipeline' AIRFLOW_CTX_TASK_ID='extract_load_group.extract_products' AIRFLOW_CTX_EXECUTION_DATE='2025-09-01T00:00:00+00:00' AIRFLOW_CTX_TRY_NUMBER='1' AIRFLOW_CTX_DAG_RUN_ID='scheduled__2025-09-01T00:00:00+00:00'
[2025-10-14T04:26:07.906+0000] {taskinstance.py:731} INFO - ::endgroup::
[2025-10-14T04:26:08.091+0000] {extract.py:22} INFO - Data written to products.csv
[2025-10-14T04:26:08.092+0000] {python.py:240} INFO - Done. Returned value was: None
[2025-10-14T04:26:08.107+0000] {taskinstance.py:340} INFO - ::group::Post task execution logs
[2025-10-14T04:26:08.108+0000] {taskinstance.py:352} INFO - Marking task as SUCCESS. dag_id=elt-pipeline, task_id=extract_load_group.extract_products, run_id=scheduled__2025-09-01T00:00:00+00:00, execution_date=20250901T000000, start_date=20251014T042607, end_date=20251014T042608
[2025-10-14T04:26:08.161+0000] {local_task_job_runner.py:266} INFO - Task exited with return code 0
[2025-10-14T04:26:08.210+0000] {taskinstance.py:3895} INFO - 1 downstream tasks scheduled from follow-on schedule check
[2025-10-14T04:26:08.212+0000] {local_task_job_runner.py:245} INFO - ::endgroup::
[2025-10-14T04:28:11.297+0000] {local_task_job_runner.py:123} INFO - ::group::Pre task execution logs
[2025-10-14T04:28:11.333+0000] {taskinstance.py:2613} INFO - Dependencies all met for dep_context=non-requeueable deps ti=<TaskInstance: elt-pipeline.extract_load_group.extract_products scheduled__2025-09-01T00:00:00+00:00 [queued]>
[2025-10-14T04:28:11.350+0000] {taskinstance.py:2613} INFO - Dependencies all met for dep_context=requeueable deps ti=<TaskInstance: elt-pipeline.extract_load_group.extract_products scheduled__2025-09-01T00:00:00+00:00 [queued]>
[2025-10-14T04:28:11.352+0000] {taskinstance.py:2866} INFO - Starting attempt 1 of 1
[2025-10-14T04:28:11.374+0000] {taskinstance.py:2889} INFO - Executing <Task(PythonOperator): extract_load_group.extract_products> on 2025-09-01 00:00:00+00:00
[2025-10-14T04:28:11.384+0000] {warnings.py:112} WARNING - /home/***/.local/lib/python3.12/site-packages/***/task/task_runner/standard_task_runner.py:70: DeprecationWarning: This process (pid=735) is multi-threaded, use of fork() may lead to deadlocks in the child.
  pid = os.fork()

[2025-10-14T04:28:11.387+0000] {standard_task_runner.py:72} INFO - Started process 748 to run task
[2025-10-14T04:28:11.386+0000] {standard_task_runner.py:104} INFO - Running: ['***', 'tasks', 'run', 'elt-pipeline', 'extract_load_group.extract_products', 'scheduled__2025-09-01T00:00:00+00:00', '--job-id', '370', '--raw', '--subdir', 'DAGS_FOLDER/elt.py', '--cfg-path', '/tmp/tmpi0bmplhj']
[2025-10-14T04:28:11.388+0000] {standard_task_runner.py:105} INFO - Job 370: Subtask extract_load_group.extract_products
[2025-10-14T04:28:11.485+0000] {task_command.py:467} INFO - Running <TaskInstance: elt-pipeline.extract_load_group.extract_products scheduled__2025-09-01T00:00:00+00:00 [running]> on host e348b991e0be
[2025-10-14T04:28:11.602+0000] {taskinstance.py:3132} INFO - Exporting env vars: AIRFLOW_CTX_DAG_OWNER='***' AIRFLOW_CTX_DAG_ID='elt-pipeline' AIRFLOW_CTX_TASK_ID='extract_load_group.extract_products' AIRFLOW_CTX_EXECUTION_DATE='2025-09-01T00:00:00+00:00' AIRFLOW_CTX_TRY_NUMBER='1' AIRFLOW_CTX_DAG_RUN_ID='scheduled__2025-09-01T00:00:00+00:00'
[2025-10-14T04:28:11.603+0000] {taskinstance.py:731} INFO - ::endgroup::
[2025-10-14T04:28:11.771+0000] {extract.py:22} INFO - Data written to products.csv
[2025-10-14T04:28:11.772+0000] {python.py:240} INFO - Done. Returned value was: None
[2025-10-14T04:28:11.792+0000] {taskinstance.py:340} INFO - ::group::Post task execution logs
[2025-10-14T04:28:11.793+0000] {taskinstance.py:352} INFO - Marking task as SUCCESS. dag_id=elt-pipeline, task_id=extract_load_group.extract_products, run_id=scheduled__2025-09-01T00:00:00+00:00, execution_date=20250901T000000, start_date=20251014T042811, end_date=20251014T042811
[2025-10-14T04:28:11.845+0000] {local_task_job_runner.py:266} INFO - Task exited with return code 0
[2025-10-14T04:28:11.862+0000] {local_task_job_runner.py:245} INFO - ::endgroup::
[2025-10-14T04:31:19.060+0000] {local_task_job_runner.py:123} INFO - ::group::Pre task execution logs
[2025-10-14T04:31:19.082+0000] {taskinstance.py:2613} INFO - Dependencies all met for dep_context=non-requeueable deps ti=<TaskInstance: elt-pipeline.extract_load_group.extract_products scheduled__2025-09-01T00:00:00+00:00 [queued]>
[2025-10-14T04:31:19.091+0000] {taskinstance.py:2613} INFO - Dependencies all met for dep_context=requeueable deps ti=<TaskInstance: elt-pipeline.extract_load_group.extract_products scheduled__2025-09-01T00:00:00+00:00 [queued]>
[2025-10-14T04:31:19.092+0000] {taskinstance.py:2866} INFO - Starting attempt 1 of 1
[2025-10-14T04:31:19.105+0000] {taskinstance.py:2889} INFO - Executing <Task(PythonOperator): extract_load_group.extract_products> on 2025-09-01 00:00:00+00:00
[2025-10-14T04:31:19.114+0000] {warnings.py:112} WARNING - /home/***/.local/lib/python3.12/site-packages/***/task/task_runner/standard_task_runner.py:70: DeprecationWarning: This process (pid=1036) is multi-threaded, use of fork() may lead to deadlocks in the child.
  pid = os.fork()

[2025-10-14T04:31:19.116+0000] {standard_task_runner.py:104} INFO - Running: ['***', 'tasks', 'run', 'elt-pipeline', 'extract_load_group.extract_products', 'scheduled__2025-09-01T00:00:00+00:00', '--job-id', '439', '--raw', '--subdir', 'DAGS_FOLDER/elt.py', '--cfg-path', '/tmp/tmpfy8p6ch_']
[2025-10-14T04:31:19.117+0000] {standard_task_runner.py:72} INFO - Started process 1040 to run task
[2025-10-14T04:31:19.117+0000] {standard_task_runner.py:105} INFO - Job 439: Subtask extract_load_group.extract_products
[2025-10-14T04:31:19.184+0000] {task_command.py:467} INFO - Running <TaskInstance: elt-pipeline.extract_load_group.extract_products scheduled__2025-09-01T00:00:00+00:00 [running]> on host e348b991e0be
[2025-10-14T04:31:19.288+0000] {taskinstance.py:3132} INFO - Exporting env vars: AIRFLOW_CTX_DAG_OWNER='***' AIRFLOW_CTX_DAG_ID='elt-pipeline' AIRFLOW_CTX_TASK_ID='extract_load_group.extract_products' AIRFLOW_CTX_EXECUTION_DATE='2025-09-01T00:00:00+00:00' AIRFLOW_CTX_TRY_NUMBER='1' AIRFLOW_CTX_DAG_RUN_ID='scheduled__2025-09-01T00:00:00+00:00'
[2025-10-14T04:31:19.289+0000] {taskinstance.py:731} INFO - ::endgroup::
[2025-10-14T04:31:19.463+0000] {extract.py:22} INFO - Data written to products.csv
[2025-10-14T04:31:19.464+0000] {python.py:240} INFO - Done. Returned value was: None
[2025-10-14T04:31:19.480+0000] {taskinstance.py:340} INFO - ::group::Post task execution logs
[2025-10-14T04:31:19.481+0000] {taskinstance.py:352} INFO - Marking task as SUCCESS. dag_id=elt-pipeline, task_id=extract_load_group.extract_products, run_id=scheduled__2025-09-01T00:00:00+00:00, execution_date=20250901T000000, start_date=20251014T043119, end_date=20251014T043119
[2025-10-14T04:31:19.533+0000] {local_task_job_runner.py:266} INFO - Task exited with return code 0
[2025-10-14T04:31:19.572+0000] {taskinstance.py:3895} INFO - 1 downstream tasks scheduled from follow-on schedule check
[2025-10-14T04:31:19.577+0000] {local_task_job_runner.py:245} INFO - ::endgroup::
