[2025-10-13T08:36:44.578+0000] {local_task_job_runner.py:123} INFO - ::group::Pre task execution logs
[2025-10-13T08:36:44.606+0000] {taskinstance.py:2613} INFO - Dependencies all met for dep_context=non-requeueable deps ti=<TaskInstance: elt-pipeline.extract_load_group.extract_marketing_campaigns manual__2025-10-13T08:36:34.154576+00:00 [queued]>
[2025-10-13T08:36:44.618+0000] {taskinstance.py:2613} INFO - Dependencies all met for dep_context=requeueable deps ti=<TaskInstance: elt-pipeline.extract_load_group.extract_marketing_campaigns manual__2025-10-13T08:36:34.154576+00:00 [queued]>
[2025-10-13T08:36:44.618+0000] {taskinstance.py:2866} INFO - Starting attempt 1 of 1
[2025-10-13T08:36:44.637+0000] {taskinstance.py:2889} INFO - Executing <Task(PythonOperator): extract_load_group.extract_marketing_campaigns> on 2025-10-13 08:36:34.154576+00:00
[2025-10-13T08:36:44.645+0000] {warnings.py:112} WARNING - /home/***/.local/lib/python3.12/site-packages/***/task/task_runner/standard_task_runner.py:70: DeprecationWarning: This process (pid=173) is multi-threaded, use of fork() may lead to deadlocks in the child.
  pid = os.fork()

[2025-10-13T08:36:44.648+0000] {standard_task_runner.py:72} INFO - Started process 175 to run task
[2025-10-13T08:36:44.648+0000] {standard_task_runner.py:104} INFO - Running: ['***', 'tasks', 'run', 'elt-pipeline', 'extract_load_group.extract_marketing_campaigns', 'manual__2025-10-13T08:36:34.154576+00:00', '--job-id', '15', '--raw', '--subdir', 'DAGS_FOLDER/elt.py', '--cfg-path', '/tmp/tmp2hek4ibg']
[2025-10-13T08:36:44.650+0000] {standard_task_runner.py:105} INFO - Job 15: Subtask extract_load_group.extract_marketing_campaigns
[2025-10-13T08:36:44.736+0000] {task_command.py:467} INFO - Running <TaskInstance: elt-pipeline.extract_load_group.extract_marketing_campaigns manual__2025-10-13T08:36:34.154576+00:00 [running]> on host 84d5a327cf64
[2025-10-13T08:36:44.844+0000] {taskinstance.py:3132} INFO - Exporting env vars: AIRFLOW_CTX_DAG_OWNER='***' AIRFLOW_CTX_DAG_ID='elt-pipeline' AIRFLOW_CTX_TASK_ID='extract_load_group.extract_marketing_campaigns' AIRFLOW_CTX_EXECUTION_DATE='2025-10-13T08:36:34.154576+00:00' AIRFLOW_CTX_TRY_NUMBER='1' AIRFLOW_CTX_DAG_RUN_ID='manual__2025-10-13T08:36:34.154576+00:00'
[2025-10-13T08:36:44.846+0000] {taskinstance.py:731} INFO - ::endgroup::
[2025-10-13T08:36:44.996+0000] {extract.py:22} INFO - Data written to marketing_campaigns.csv
[2025-10-13T08:36:44.997+0000] {python.py:240} INFO - Done. Returned value was: None
[2025-10-13T08:36:45.015+0000] {taskinstance.py:340} INFO - ::group::Post task execution logs
[2025-10-13T08:36:45.016+0000] {taskinstance.py:352} INFO - Marking task as SUCCESS. dag_id=elt-pipeline, task_id=extract_load_group.extract_marketing_campaigns, run_id=manual__2025-10-13T08:36:34.154576+00:00, execution_date=20251013T083634, start_date=20251013T083644, end_date=20251013T083645
[2025-10-13T08:36:45.065+0000] {local_task_job_runner.py:266} INFO - Task exited with return code 0
[2025-10-13T08:36:45.110+0000] {taskinstance.py:3895} INFO - 1 downstream tasks scheduled from follow-on schedule check
[2025-10-13T08:36:45.112+0000] {local_task_job_runner.py:245} INFO - ::endgroup::
