[2025-10-13T08:37:05.876+0000] {local_task_job_runner.py:123} INFO - ::group::Pre task execution logs
[2025-10-13T08:37:05.920+0000] {taskinstance.py:2613} INFO - Dependencies all met for dep_context=non-requeueable deps ti=<TaskInstance: elt-pipeline.extract_load_group.extract_transaction_items scheduled__2025-09-02T00:00:00+00:00 [queued]>
[2025-10-13T08:37:05.939+0000] {taskinstance.py:2613} INFO - Dependencies all met for dep_context=requeueable deps ti=<TaskInstance: elt-pipeline.extract_load_group.extract_transaction_items scheduled__2025-09-02T00:00:00+00:00 [queued]>
[2025-10-13T08:37:05.941+0000] {taskinstance.py:2866} INFO - Starting attempt 1 of 1
[2025-10-13T08:37:05.967+0000] {taskinstance.py:2889} INFO - Executing <Task(PythonOperator): extract_load_group.extract_transaction_items> on 2025-09-02 00:00:00+00:00
[2025-10-13T08:37:05.979+0000] {warnings.py:112} WARNING - /home/***/.local/lib/python3.12/site-packages/***/task/task_runner/standard_task_runner.py:70: DeprecationWarning: This process (pid=215) is multi-threaded, use of fork() may lead to deadlocks in the child.
  pid = os.fork()

[2025-10-13T08:37:05.981+0000] {standard_task_runner.py:72} INFO - Started process 224 to run task
[2025-10-13T08:37:05.982+0000] {standard_task_runner.py:104} INFO - Running: ['***', 'tasks', 'run', 'elt-pipeline', 'extract_load_group.extract_transaction_items', 'scheduled__2025-09-02T00:00:00+00:00', '--job-id', '28', '--raw', '--subdir', 'DAGS_FOLDER/elt.py', '--cfg-path', '/tmp/tmpwgwzhd2j']
[2025-10-13T08:37:05.984+0000] {standard_task_runner.py:105} INFO - Job 28: Subtask extract_load_group.extract_transaction_items
[2025-10-13T08:37:06.070+0000] {task_command.py:467} INFO - Running <TaskInstance: elt-pipeline.extract_load_group.extract_transaction_items scheduled__2025-09-02T00:00:00+00:00 [running]> on host 84d5a327cf64
[2025-10-13T08:37:06.216+0000] {taskinstance.py:3132} INFO - Exporting env vars: AIRFLOW_CTX_DAG_OWNER='***' AIRFLOW_CTX_DAG_ID='elt-pipeline' AIRFLOW_CTX_TASK_ID='extract_load_group.extract_transaction_items' AIRFLOW_CTX_EXECUTION_DATE='2025-09-02T00:00:00+00:00' AIRFLOW_CTX_TRY_NUMBER='1' AIRFLOW_CTX_DAG_RUN_ID='scheduled__2025-09-02T00:00:00+00:00'
[2025-10-13T08:37:06.217+0000] {taskinstance.py:731} INFO - ::endgroup::
[2025-10-13T08:37:06.430+0000] {extract.py:22} INFO - Data written to transaction_items.csv
[2025-10-13T08:37:06.432+0000] {python.py:240} INFO - Done. Returned value was: None
[2025-10-13T08:37:06.450+0000] {taskinstance.py:340} INFO - ::group::Post task execution logs
[2025-10-13T08:37:06.451+0000] {taskinstance.py:352} INFO - Marking task as SUCCESS. dag_id=elt-pipeline, task_id=extract_load_group.extract_transaction_items, run_id=scheduled__2025-09-02T00:00:00+00:00, execution_date=20250902T000000, start_date=20251013T083705, end_date=20251013T083706
[2025-10-13T08:37:06.479+0000] {local_task_job_runner.py:266} INFO - Task exited with return code 0
[2025-10-13T08:37:06.528+0000] {taskinstance.py:3895} INFO - 1 downstream tasks scheduled from follow-on schedule check
[2025-10-13T08:37:06.530+0000] {local_task_job_runner.py:245} INFO - ::endgroup::
[2025-10-13T08:54:50.700+0000] {local_task_job_runner.py:123} INFO - ::group::Pre task execution logs
[2025-10-13T08:54:50.733+0000] {taskinstance.py:2613} INFO - Dependencies all met for dep_context=non-requeueable deps ti=<TaskInstance: elt-pipeline.extract_load_group.extract_transaction_items scheduled__2025-09-02T00:00:00+00:00 [queued]>
[2025-10-13T08:54:50.746+0000] {taskinstance.py:2613} INFO - Dependencies all met for dep_context=requeueable deps ti=<TaskInstance: elt-pipeline.extract_load_group.extract_transaction_items scheduled__2025-09-02T00:00:00+00:00 [queued]>
[2025-10-13T08:54:50.747+0000] {taskinstance.py:2866} INFO - Starting attempt 1 of 1
[2025-10-13T08:54:50.765+0000] {taskinstance.py:2889} INFO - Executing <Task(PythonOperator): extract_load_group.extract_transaction_items> on 2025-09-02 00:00:00+00:00
[2025-10-13T08:54:50.777+0000] {warnings.py:112} WARNING - /home/***/.local/lib/python3.12/site-packages/***/task/task_runner/standard_task_runner.py:70: DeprecationWarning: This process (pid=758) is multi-threaded, use of fork() may lead to deadlocks in the child.
  pid = os.fork()

[2025-10-13T08:54:50.778+0000] {standard_task_runner.py:104} INFO - Running: ['***', 'tasks', 'run', 'elt-pipeline', 'extract_load_group.extract_transaction_items', 'scheduled__2025-09-02T00:00:00+00:00', '--job-id', '116', '--raw', '--subdir', 'DAGS_FOLDER/elt.py', '--cfg-path', '/tmp/tmp6sy60vg1']
[2025-10-13T08:54:50.780+0000] {standard_task_runner.py:72} INFO - Started process 764 to run task
[2025-10-13T08:54:50.781+0000] {standard_task_runner.py:105} INFO - Job 116: Subtask extract_load_group.extract_transaction_items
[2025-10-13T08:54:50.878+0000] {task_command.py:467} INFO - Running <TaskInstance: elt-pipeline.extract_load_group.extract_transaction_items scheduled__2025-09-02T00:00:00+00:00 [running]> on host 84d5a327cf64
[2025-10-13T08:54:51.013+0000] {taskinstance.py:3132} INFO - Exporting env vars: AIRFLOW_CTX_DAG_OWNER='***' AIRFLOW_CTX_DAG_ID='elt-pipeline' AIRFLOW_CTX_TASK_ID='extract_load_group.extract_transaction_items' AIRFLOW_CTX_EXECUTION_DATE='2025-09-02T00:00:00+00:00' AIRFLOW_CTX_TRY_NUMBER='1' AIRFLOW_CTX_DAG_RUN_ID='scheduled__2025-09-02T00:00:00+00:00'
[2025-10-13T08:54:51.014+0000] {taskinstance.py:731} INFO - ::endgroup::
[2025-10-13T08:54:51.220+0000] {extract.py:22} INFO - Data written to transaction_items.csv
[2025-10-13T08:54:51.222+0000] {python.py:240} INFO - Done. Returned value was: None
[2025-10-13T08:54:51.252+0000] {taskinstance.py:340} INFO - ::group::Post task execution logs
[2025-10-13T08:54:51.253+0000] {taskinstance.py:352} INFO - Marking task as SUCCESS. dag_id=elt-pipeline, task_id=extract_load_group.extract_transaction_items, run_id=scheduled__2025-09-02T00:00:00+00:00, execution_date=20250902T000000, start_date=20251013T085450, end_date=20251013T085451
[2025-10-13T08:54:51.319+0000] {local_task_job_runner.py:266} INFO - Task exited with return code 0
[2025-10-13T08:54:51.340+0000] {local_task_job_runner.py:245} INFO - ::endgroup::
[2025-10-13T09:20:50.278+0000] {local_task_job_runner.py:123} INFO - ::group::Pre task execution logs
[2025-10-13T09:20:50.303+0000] {taskinstance.py:2613} INFO - Dependencies all met for dep_context=non-requeueable deps ti=<TaskInstance: elt-pipeline.extract_load_group.extract_transaction_items scheduled__2025-09-02T00:00:00+00:00 [queued]>
[2025-10-13T09:20:50.313+0000] {taskinstance.py:2613} INFO - Dependencies all met for dep_context=requeueable deps ti=<TaskInstance: elt-pipeline.extract_load_group.extract_transaction_items scheduled__2025-09-02T00:00:00+00:00 [queued]>
[2025-10-13T09:20:50.313+0000] {taskinstance.py:2866} INFO - Starting attempt 1 of 1
[2025-10-13T09:20:50.336+0000] {taskinstance.py:2889} INFO - Executing <Task(PythonOperator): extract_load_group.extract_transaction_items> on 2025-09-02 00:00:00+00:00
[2025-10-13T09:20:50.345+0000] {warnings.py:112} WARNING - /home/***/.local/lib/python3.12/site-packages/***/task/task_runner/standard_task_runner.py:70: DeprecationWarning: This process (pid=1316) is multi-threaded, use of fork() may lead to deadlocks in the child.
  pid = os.fork()

[2025-10-13T09:20:50.346+0000] {standard_task_runner.py:72} INFO - Started process 1323 to run task
[2025-10-13T09:20:50.348+0000] {standard_task_runner.py:104} INFO - Running: ['***', 'tasks', 'run', 'elt-pipeline', 'extract_load_group.extract_transaction_items', 'scheduled__2025-09-02T00:00:00+00:00', '--job-id', '177', '--raw', '--subdir', 'DAGS_FOLDER/elt.py', '--cfg-path', '/tmp/tmpectakyjg']
[2025-10-13T09:20:50.350+0000] {standard_task_runner.py:105} INFO - Job 177: Subtask extract_load_group.extract_transaction_items
[2025-10-13T09:20:50.422+0000] {task_command.py:467} INFO - Running <TaskInstance: elt-pipeline.extract_load_group.extract_transaction_items scheduled__2025-09-02T00:00:00+00:00 [running]> on host 84d5a327cf64
[2025-10-13T09:20:50.529+0000] {taskinstance.py:3132} INFO - Exporting env vars: AIRFLOW_CTX_DAG_OWNER='***' AIRFLOW_CTX_DAG_ID='elt-pipeline' AIRFLOW_CTX_TASK_ID='extract_load_group.extract_transaction_items' AIRFLOW_CTX_EXECUTION_DATE='2025-09-02T00:00:00+00:00' AIRFLOW_CTX_TRY_NUMBER='1' AIRFLOW_CTX_DAG_RUN_ID='scheduled__2025-09-02T00:00:00+00:00'
[2025-10-13T09:20:50.530+0000] {taskinstance.py:731} INFO - ::endgroup::
[2025-10-13T09:20:50.685+0000] {extract.py:22} INFO - Data written to transaction_items.csv
[2025-10-13T09:20:50.686+0000] {python.py:240} INFO - Done. Returned value was: None
[2025-10-13T09:20:50.702+0000] {taskinstance.py:340} INFO - ::group::Post task execution logs
[2025-10-13T09:20:50.703+0000] {taskinstance.py:352} INFO - Marking task as SUCCESS. dag_id=elt-pipeline, task_id=extract_load_group.extract_transaction_items, run_id=scheduled__2025-09-02T00:00:00+00:00, execution_date=20250902T000000, start_date=20251013T092050, end_date=20251013T092050
[2025-10-13T09:20:50.763+0000] {local_task_job_runner.py:266} INFO - Task exited with return code 0
[2025-10-13T09:20:50.799+0000] {taskinstance.py:3895} INFO - 1 downstream tasks scheduled from follow-on schedule check
[2025-10-13T09:20:50.802+0000] {local_task_job_runner.py:245} INFO - ::endgroup::
[2025-10-14T04:16:03.185+0000] {local_task_job_runner.py:123} INFO - ::group::Pre task execution logs
[2025-10-14T04:16:03.208+0000] {taskinstance.py:2613} INFO - Dependencies all met for dep_context=non-requeueable deps ti=<TaskInstance: elt-pipeline.extract_load_group.extract_transaction_items scheduled__2025-09-02T00:00:00+00:00 [queued]>
[2025-10-14T04:16:03.219+0000] {taskinstance.py:2613} INFO - Dependencies all met for dep_context=requeueable deps ti=<TaskInstance: elt-pipeline.extract_load_group.extract_transaction_items scheduled__2025-09-02T00:00:00+00:00 [queued]>
[2025-10-14T04:16:03.220+0000] {taskinstance.py:2866} INFO - Starting attempt 1 of 1
[2025-10-14T04:16:03.236+0000] {taskinstance.py:2889} INFO - Executing <Task(PythonOperator): extract_load_group.extract_transaction_items> on 2025-09-02 00:00:00+00:00
[2025-10-14T04:16:03.244+0000] {warnings.py:112} WARNING - /home/***/.local/lib/python3.12/site-packages/***/task/task_runner/standard_task_runner.py:70: DeprecationWarning: This process (pid=161) is multi-threaded, use of fork() may lead to deadlocks in the child.
  pid = os.fork()

[2025-10-14T04:16:03.246+0000] {standard_task_runner.py:72} INFO - Started process 163 to run task
[2025-10-14T04:16:03.247+0000] {standard_task_runner.py:104} INFO - Running: ['***', 'tasks', 'run', 'elt-pipeline', 'extract_load_group.extract_transaction_items', 'scheduled__2025-09-02T00:00:00+00:00', '--job-id', '249', '--raw', '--subdir', 'DAGS_FOLDER/elt.py', '--cfg-path', '/tmp/tmpgulmjdpx']
[2025-10-14T04:16:03.248+0000] {standard_task_runner.py:105} INFO - Job 249: Subtask extract_load_group.extract_transaction_items
[2025-10-14T04:16:03.331+0000] {task_command.py:467} INFO - Running <TaskInstance: elt-pipeline.extract_load_group.extract_transaction_items scheduled__2025-09-02T00:00:00+00:00 [running]> on host e348b991e0be
[2025-10-14T04:16:03.440+0000] {taskinstance.py:3132} INFO - Exporting env vars: AIRFLOW_CTX_DAG_OWNER='***' AIRFLOW_CTX_DAG_ID='elt-pipeline' AIRFLOW_CTX_TASK_ID='extract_load_group.extract_transaction_items' AIRFLOW_CTX_EXECUTION_DATE='2025-09-02T00:00:00+00:00' AIRFLOW_CTX_TRY_NUMBER='1' AIRFLOW_CTX_DAG_RUN_ID='scheduled__2025-09-02T00:00:00+00:00'
[2025-10-14T04:16:03.441+0000] {taskinstance.py:731} INFO - ::endgroup::
[2025-10-14T04:16:03.605+0000] {extract.py:22} INFO - Data written to transaction_items.csv
[2025-10-14T04:16:03.606+0000] {python.py:240} INFO - Done. Returned value was: None
[2025-10-14T04:16:03.622+0000] {taskinstance.py:340} INFO - ::group::Post task execution logs
[2025-10-14T04:16:03.622+0000] {taskinstance.py:352} INFO - Marking task as SUCCESS. dag_id=elt-pipeline, task_id=extract_load_group.extract_transaction_items, run_id=scheduled__2025-09-02T00:00:00+00:00, execution_date=20250902T000000, start_date=20251014T041603, end_date=20251014T041603
[2025-10-14T04:16:03.663+0000] {local_task_job_runner.py:266} INFO - Task exited with return code 0
[2025-10-14T04:16:03.677+0000] {local_task_job_runner.py:245} INFO - ::endgroup::
[2025-10-14T04:20:52.818+0000] {local_task_job_runner.py:123} INFO - ::group::Pre task execution logs
[2025-10-14T04:20:52.842+0000] {taskinstance.py:2613} INFO - Dependencies all met for dep_context=non-requeueable deps ti=<TaskInstance: elt-pipeline.extract_load_group.extract_transaction_items scheduled__2025-09-02T00:00:00+00:00 [queued]>
[2025-10-14T04:20:52.851+0000] {taskinstance.py:2613} INFO - Dependencies all met for dep_context=requeueable deps ti=<TaskInstance: elt-pipeline.extract_load_group.extract_transaction_items scheduled__2025-09-02T00:00:00+00:00 [queued]>
[2025-10-14T04:20:52.852+0000] {taskinstance.py:2866} INFO - Starting attempt 1 of 1
[2025-10-14T04:20:52.869+0000] {taskinstance.py:2889} INFO - Executing <Task(PythonOperator): extract_load_group.extract_transaction_items> on 2025-09-02 00:00:00+00:00
[2025-10-14T04:20:52.880+0000] {warnings.py:112} WARNING - /home/***/.local/lib/python3.12/site-packages/***/task/task_runner/standard_task_runner.py:70: DeprecationWarning: This process (pid=303) is multi-threaded, use of fork() may lead to deadlocks in the child.
  pid = os.fork()

[2025-10-14T04:20:52.883+0000] {standard_task_runner.py:72} INFO - Started process 305 to run task
[2025-10-14T04:20:52.883+0000] {standard_task_runner.py:104} INFO - Running: ['***', 'tasks', 'run', 'elt-pipeline', 'extract_load_group.extract_transaction_items', 'scheduled__2025-09-02T00:00:00+00:00', '--job-id', '270', '--raw', '--subdir', 'DAGS_FOLDER/elt.py', '--cfg-path', '/tmp/tmp2y9pw09v']
[2025-10-14T04:20:52.885+0000] {standard_task_runner.py:105} INFO - Job 270: Subtask extract_load_group.extract_transaction_items
[2025-10-14T04:20:52.957+0000] {task_command.py:467} INFO - Running <TaskInstance: elt-pipeline.extract_load_group.extract_transaction_items scheduled__2025-09-02T00:00:00+00:00 [running]> on host e348b991e0be
[2025-10-14T04:20:53.067+0000] {taskinstance.py:3132} INFO - Exporting env vars: AIRFLOW_CTX_DAG_OWNER='***' AIRFLOW_CTX_DAG_ID='elt-pipeline' AIRFLOW_CTX_TASK_ID='extract_load_group.extract_transaction_items' AIRFLOW_CTX_EXECUTION_DATE='2025-09-02T00:00:00+00:00' AIRFLOW_CTX_TRY_NUMBER='1' AIRFLOW_CTX_DAG_RUN_ID='scheduled__2025-09-02T00:00:00+00:00'
[2025-10-14T04:20:53.068+0000] {taskinstance.py:731} INFO - ::endgroup::
[2025-10-14T04:20:53.243+0000] {extract.py:22} INFO - Data written to transaction_items.csv
[2025-10-14T04:20:53.244+0000] {python.py:240} INFO - Done. Returned value was: None
[2025-10-14T04:20:53.261+0000] {taskinstance.py:340} INFO - ::group::Post task execution logs
[2025-10-14T04:20:53.262+0000] {taskinstance.py:352} INFO - Marking task as SUCCESS. dag_id=elt-pipeline, task_id=extract_load_group.extract_transaction_items, run_id=scheduled__2025-09-02T00:00:00+00:00, execution_date=20250902T000000, start_date=20251014T042052, end_date=20251014T042053
[2025-10-14T04:20:53.300+0000] {local_task_job_runner.py:266} INFO - Task exited with return code 0
[2025-10-14T04:20:53.335+0000] {taskinstance.py:3895} INFO - 1 downstream tasks scheduled from follow-on schedule check
[2025-10-14T04:20:53.337+0000] {local_task_job_runner.py:245} INFO - ::endgroup::
[2025-10-14T04:22:34.464+0000] {local_task_job_runner.py:123} INFO - ::group::Pre task execution logs
[2025-10-14T04:22:34.487+0000] {taskinstance.py:2613} INFO - Dependencies all met for dep_context=non-requeueable deps ti=<TaskInstance: elt-pipeline.extract_load_group.extract_transaction_items scheduled__2025-09-02T00:00:00+00:00 [queued]>
[2025-10-14T04:22:34.499+0000] {taskinstance.py:2613} INFO - Dependencies all met for dep_context=requeueable deps ti=<TaskInstance: elt-pipeline.extract_load_group.extract_transaction_items scheduled__2025-09-02T00:00:00+00:00 [queued]>
[2025-10-14T04:22:34.500+0000] {taskinstance.py:2866} INFO - Starting attempt 1 of 1
[2025-10-14T04:22:34.519+0000] {taskinstance.py:2889} INFO - Executing <Task(PythonOperator): extract_load_group.extract_transaction_items> on 2025-09-02 00:00:00+00:00
[2025-10-14T04:22:34.529+0000] {warnings.py:112} WARNING - /home/***/.local/lib/python3.12/site-packages/***/task/task_runner/standard_task_runner.py:70: DeprecationWarning: This process (pid=537) is multi-threaded, use of fork() may lead to deadlocks in the child.
  pid = os.fork()

[2025-10-14T04:22:34.531+0000] {standard_task_runner.py:72} INFO - Started process 548 to run task
[2025-10-14T04:22:34.532+0000] {standard_task_runner.py:104} INFO - Running: ['***', 'tasks', 'run', 'elt-pipeline', 'extract_load_group.extract_transaction_items', 'scheduled__2025-09-02T00:00:00+00:00', '--job-id', '334', '--raw', '--subdir', 'DAGS_FOLDER/elt.py', '--cfg-path', '/tmp/tmp23fqymyw']
[2025-10-14T04:22:34.534+0000] {standard_task_runner.py:105} INFO - Job 334: Subtask extract_load_group.extract_transaction_items
[2025-10-14T04:22:34.598+0000] {task_command.py:467} INFO - Running <TaskInstance: elt-pipeline.extract_load_group.extract_transaction_items scheduled__2025-09-02T00:00:00+00:00 [running]> on host e348b991e0be
[2025-10-14T04:22:34.701+0000] {taskinstance.py:3132} INFO - Exporting env vars: AIRFLOW_CTX_DAG_OWNER='***' AIRFLOW_CTX_DAG_ID='elt-pipeline' AIRFLOW_CTX_TASK_ID='extract_load_group.extract_transaction_items' AIRFLOW_CTX_EXECUTION_DATE='2025-09-02T00:00:00+00:00' AIRFLOW_CTX_TRY_NUMBER='1' AIRFLOW_CTX_DAG_RUN_ID='scheduled__2025-09-02T00:00:00+00:00'
[2025-10-14T04:22:34.702+0000] {taskinstance.py:731} INFO - ::endgroup::
[2025-10-14T04:22:34.859+0000] {extract.py:22} INFO - Data written to transaction_items.csv
[2025-10-14T04:22:34.860+0000] {python.py:240} INFO - Done. Returned value was: None
[2025-10-14T04:22:34.873+0000] {taskinstance.py:340} INFO - ::group::Post task execution logs
[2025-10-14T04:22:34.873+0000] {taskinstance.py:352} INFO - Marking task as SUCCESS. dag_id=elt-pipeline, task_id=extract_load_group.extract_transaction_items, run_id=scheduled__2025-09-02T00:00:00+00:00, execution_date=20250902T000000, start_date=20251014T042234, end_date=20251014T042234
[2025-10-14T04:22:34.907+0000] {local_task_job_runner.py:266} INFO - Task exited with return code 0
[2025-10-14T04:22:34.924+0000] {local_task_job_runner.py:245} INFO - ::endgroup::
[2025-10-14T04:26:30.765+0000] {local_task_job_runner.py:123} INFO - ::group::Pre task execution logs
[2025-10-14T04:26:30.791+0000] {taskinstance.py:2613} INFO - Dependencies all met for dep_context=non-requeueable deps ti=<TaskInstance: elt-pipeline.extract_load_group.extract_transaction_items scheduled__2025-09-02T00:00:00+00:00 [queued]>
[2025-10-14T04:26:30.805+0000] {taskinstance.py:2613} INFO - Dependencies all met for dep_context=requeueable deps ti=<TaskInstance: elt-pipeline.extract_load_group.extract_transaction_items scheduled__2025-09-02T00:00:00+00:00 [queued]>
[2025-10-14T04:26:30.806+0000] {taskinstance.py:2866} INFO - Starting attempt 1 of 1
[2025-10-14T04:26:30.832+0000] {taskinstance.py:2889} INFO - Executing <Task(PythonOperator): extract_load_group.extract_transaction_items> on 2025-09-02 00:00:00+00:00
[2025-10-14T04:26:30.841+0000] {warnings.py:112} WARNING - /home/***/.local/lib/python3.12/site-packages/***/task/task_runner/standard_task_runner.py:70: DeprecationWarning: This process (pid=675) is multi-threaded, use of fork() may lead to deadlocks in the child.
  pid = os.fork()

[2025-10-14T04:26:30.844+0000] {standard_task_runner.py:72} INFO - Started process 684 to run task
[2025-10-14T04:26:30.844+0000] {standard_task_runner.py:104} INFO - Running: ['***', 'tasks', 'run', 'elt-pipeline', 'extract_load_group.extract_transaction_items', 'scheduled__2025-09-02T00:00:00+00:00', '--job-id', '358', '--raw', '--subdir', 'DAGS_FOLDER/elt.py', '--cfg-path', '/tmp/tmpc2n5sz0e']
[2025-10-14T04:26:30.849+0000] {standard_task_runner.py:105} INFO - Job 358: Subtask extract_load_group.extract_transaction_items
[2025-10-14T04:26:30.933+0000] {task_command.py:467} INFO - Running <TaskInstance: elt-pipeline.extract_load_group.extract_transaction_items scheduled__2025-09-02T00:00:00+00:00 [running]> on host e348b991e0be
[2025-10-14T04:26:31.046+0000] {taskinstance.py:3132} INFO - Exporting env vars: AIRFLOW_CTX_DAG_OWNER='***' AIRFLOW_CTX_DAG_ID='elt-pipeline' AIRFLOW_CTX_TASK_ID='extract_load_group.extract_transaction_items' AIRFLOW_CTX_EXECUTION_DATE='2025-09-02T00:00:00+00:00' AIRFLOW_CTX_TRY_NUMBER='1' AIRFLOW_CTX_DAG_RUN_ID='scheduled__2025-09-02T00:00:00+00:00'
[2025-10-14T04:26:31.048+0000] {taskinstance.py:731} INFO - ::endgroup::
[2025-10-14T04:26:31.211+0000] {extract.py:22} INFO - Data written to transaction_items.csv
[2025-10-14T04:26:31.212+0000] {python.py:240} INFO - Done. Returned value was: None
[2025-10-14T04:26:31.226+0000] {taskinstance.py:340} INFO - ::group::Post task execution logs
[2025-10-14T04:26:31.227+0000] {taskinstance.py:352} INFO - Marking task as SUCCESS. dag_id=elt-pipeline, task_id=extract_load_group.extract_transaction_items, run_id=scheduled__2025-09-02T00:00:00+00:00, execution_date=20250902T000000, start_date=20251014T042630, end_date=20251014T042631
[2025-10-14T04:26:31.265+0000] {local_task_job_runner.py:266} INFO - Task exited with return code 0
[2025-10-14T04:26:31.278+0000] {local_task_job_runner.py:245} INFO - ::endgroup::
[2025-10-14T04:28:36.835+0000] {local_task_job_runner.py:123} INFO - ::group::Pre task execution logs
[2025-10-14T04:28:36.854+0000] {taskinstance.py:2613} INFO - Dependencies all met for dep_context=non-requeueable deps ti=<TaskInstance: elt-pipeline.extract_load_group.extract_transaction_items scheduled__2025-09-02T00:00:00+00:00 [queued]>
[2025-10-14T04:28:36.862+0000] {taskinstance.py:2613} INFO - Dependencies all met for dep_context=requeueable deps ti=<TaskInstance: elt-pipeline.extract_load_group.extract_transaction_items scheduled__2025-09-02T00:00:00+00:00 [queued]>
[2025-10-14T04:28:36.863+0000] {taskinstance.py:2866} INFO - Starting attempt 1 of 1
[2025-10-14T04:28:36.878+0000] {taskinstance.py:2889} INFO - Executing <Task(PythonOperator): extract_load_group.extract_transaction_items> on 2025-09-02 00:00:00+00:00
[2025-10-14T04:28:36.884+0000] {warnings.py:112} WARNING - /home/***/.local/lib/python3.12/site-packages/***/task/task_runner/standard_task_runner.py:70: DeprecationWarning: This process (pid=785) is multi-threaded, use of fork() may lead to deadlocks in the child.
  pid = os.fork()

[2025-10-14T04:28:36.886+0000] {standard_task_runner.py:72} INFO - Started process 792 to run task
[2025-10-14T04:28:36.886+0000] {standard_task_runner.py:104} INFO - Running: ['***', 'tasks', 'run', 'elt-pipeline', 'extract_load_group.extract_transaction_items', 'scheduled__2025-09-02T00:00:00+00:00', '--job-id', '378', '--raw', '--subdir', 'DAGS_FOLDER/elt.py', '--cfg-path', '/tmp/tmpdbs5q4zn']
[2025-10-14T04:28:36.888+0000] {standard_task_runner.py:105} INFO - Job 378: Subtask extract_load_group.extract_transaction_items
[2025-10-14T04:28:36.953+0000] {task_command.py:467} INFO - Running <TaskInstance: elt-pipeline.extract_load_group.extract_transaction_items scheduled__2025-09-02T00:00:00+00:00 [running]> on host e348b991e0be
[2025-10-14T04:28:37.065+0000] {taskinstance.py:3132} INFO - Exporting env vars: AIRFLOW_CTX_DAG_OWNER='***' AIRFLOW_CTX_DAG_ID='elt-pipeline' AIRFLOW_CTX_TASK_ID='extract_load_group.extract_transaction_items' AIRFLOW_CTX_EXECUTION_DATE='2025-09-02T00:00:00+00:00' AIRFLOW_CTX_TRY_NUMBER='1' AIRFLOW_CTX_DAG_RUN_ID='scheduled__2025-09-02T00:00:00+00:00'
[2025-10-14T04:28:37.066+0000] {taskinstance.py:731} INFO - ::endgroup::
[2025-10-14T04:28:37.241+0000] {extract.py:22} INFO - Data written to transaction_items.csv
[2025-10-14T04:28:37.242+0000] {python.py:240} INFO - Done. Returned value was: None
[2025-10-14T04:28:37.257+0000] {taskinstance.py:340} INFO - ::group::Post task execution logs
[2025-10-14T04:28:37.258+0000] {taskinstance.py:352} INFO - Marking task as SUCCESS. dag_id=elt-pipeline, task_id=extract_load_group.extract_transaction_items, run_id=scheduled__2025-09-02T00:00:00+00:00, execution_date=20250902T000000, start_date=20251014T042836, end_date=20251014T042837
[2025-10-14T04:28:37.302+0000] {local_task_job_runner.py:266} INFO - Task exited with return code 0
[2025-10-14T04:28:37.340+0000] {taskinstance.py:3895} INFO - 1 downstream tasks scheduled from follow-on schedule check
[2025-10-14T04:28:37.343+0000] {local_task_job_runner.py:245} INFO - ::endgroup::
[2025-10-14T04:31:44.207+0000] {local_task_job_runner.py:123} INFO - ::group::Pre task execution logs
[2025-10-14T04:31:44.231+0000] {taskinstance.py:2613} INFO - Dependencies all met for dep_context=non-requeueable deps ti=<TaskInstance: elt-pipeline.extract_load_group.extract_transaction_items scheduled__2025-09-02T00:00:00+00:00 [queued]>
[2025-10-14T04:31:44.241+0000] {taskinstance.py:2613} INFO - Dependencies all met for dep_context=requeueable deps ti=<TaskInstance: elt-pipeline.extract_load_group.extract_transaction_items scheduled__2025-09-02T00:00:00+00:00 [queued]>
[2025-10-14T04:31:44.242+0000] {taskinstance.py:2866} INFO - Starting attempt 1 of 1
[2025-10-14T04:31:44.261+0000] {taskinstance.py:2889} INFO - Executing <Task(PythonOperator): extract_load_group.extract_transaction_items> on 2025-09-02 00:00:00+00:00
[2025-10-14T04:31:44.271+0000] {warnings.py:112} WARNING - /home/***/.local/lib/python3.12/site-packages/***/task/task_runner/standard_task_runner.py:70: DeprecationWarning: This process (pid=1089) is multi-threaded, use of fork() may lead to deadlocks in the child.
  pid = os.fork()

[2025-10-14T04:31:44.274+0000] {standard_task_runner.py:72} INFO - Started process 1094 to run task
[2025-10-14T04:31:44.274+0000] {standard_task_runner.py:104} INFO - Running: ['***', 'tasks', 'run', 'elt-pipeline', 'extract_load_group.extract_transaction_items', 'scheduled__2025-09-02T00:00:00+00:00', '--job-id', '452', '--raw', '--subdir', 'DAGS_FOLDER/elt.py', '--cfg-path', '/tmp/tmpcx0ihsdg']
[2025-10-14T04:31:44.276+0000] {standard_task_runner.py:105} INFO - Job 452: Subtask extract_load_group.extract_transaction_items
[2025-10-14T04:31:44.351+0000] {task_command.py:467} INFO - Running <TaskInstance: elt-pipeline.extract_load_group.extract_transaction_items scheduled__2025-09-02T00:00:00+00:00 [running]> on host e348b991e0be
[2025-10-14T04:31:44.475+0000] {taskinstance.py:3132} INFO - Exporting env vars: AIRFLOW_CTX_DAG_OWNER='***' AIRFLOW_CTX_DAG_ID='elt-pipeline' AIRFLOW_CTX_TASK_ID='extract_load_group.extract_transaction_items' AIRFLOW_CTX_EXECUTION_DATE='2025-09-02T00:00:00+00:00' AIRFLOW_CTX_TRY_NUMBER='1' AIRFLOW_CTX_DAG_RUN_ID='scheduled__2025-09-02T00:00:00+00:00'
[2025-10-14T04:31:44.477+0000] {taskinstance.py:731} INFO - ::endgroup::
[2025-10-14T04:31:44.664+0000] {extract.py:22} INFO - Data written to transaction_items.csv
[2025-10-14T04:31:44.665+0000] {python.py:240} INFO - Done. Returned value was: None
[2025-10-14T04:31:44.682+0000] {taskinstance.py:340} INFO - ::group::Post task execution logs
[2025-10-14T04:31:44.683+0000] {taskinstance.py:352} INFO - Marking task as SUCCESS. dag_id=elt-pipeline, task_id=extract_load_group.extract_transaction_items, run_id=scheduled__2025-09-02T00:00:00+00:00, execution_date=20250902T000000, start_date=20251014T043144, end_date=20251014T043144
[2025-10-14T04:31:44.731+0000] {local_task_job_runner.py:266} INFO - Task exited with return code 0
[2025-10-14T04:31:44.745+0000] {local_task_job_runner.py:245} INFO - ::endgroup::
