[2025-10-13T08:41:43.810+0000] {local_task_job_runner.py:123} INFO - ::group::Pre task execution logs
[2025-10-13T08:41:43.833+0000] {taskinstance.py:2613} INFO - Dependencies all met for dep_context=non-requeueable deps ti=<TaskInstance: elt-pipeline.extract_load_group.extract_products scheduled__2025-09-04T00:00:00+00:00 [queued]>
[2025-10-13T08:41:43.844+0000] {taskinstance.py:2613} INFO - Dependencies all met for dep_context=requeueable deps ti=<TaskInstance: elt-pipeline.extract_load_group.extract_products scheduled__2025-09-04T00:00:00+00:00 [queued]>
[2025-10-13T08:41:43.845+0000] {taskinstance.py:2866} INFO - Starting attempt 1 of 1
[2025-10-13T08:41:43.860+0000] {taskinstance.py:2889} INFO - Executing <Task(PythonOperator): extract_load_group.extract_products> on 2025-09-04 00:00:00+00:00
[2025-10-13T08:41:43.868+0000] {warnings.py:112} WARNING - /home/***/.local/lib/python3.12/site-packages/***/task/task_runner/standard_task_runner.py:70: DeprecationWarning: This process (pid=341) is multi-threaded, use of fork() may lead to deadlocks in the child.
  pid = os.fork()

[2025-10-13T08:41:43.871+0000] {standard_task_runner.py:72} INFO - Started process 348 to run task
[2025-10-13T08:41:43.871+0000] {standard_task_runner.py:104} INFO - Running: ['***', 'tasks', 'run', 'elt-pipeline', 'extract_load_group.extract_products', 'scheduled__2025-09-04T00:00:00+00:00', '--job-id', '48', '--raw', '--subdir', 'DAGS_FOLDER/elt.py', '--cfg-path', '/tmp/tmpozlvx31s']
[2025-10-13T08:41:43.872+0000] {standard_task_runner.py:105} INFO - Job 48: Subtask extract_load_group.extract_products
[2025-10-13T08:41:43.937+0000] {task_command.py:467} INFO - Running <TaskInstance: elt-pipeline.extract_load_group.extract_products scheduled__2025-09-04T00:00:00+00:00 [running]> on host 84d5a327cf64
[2025-10-13T08:41:44.038+0000] {taskinstance.py:3132} INFO - Exporting env vars: AIRFLOW_CTX_DAG_OWNER='***' AIRFLOW_CTX_DAG_ID='elt-pipeline' AIRFLOW_CTX_TASK_ID='extract_load_group.extract_products' AIRFLOW_CTX_EXECUTION_DATE='2025-09-04T00:00:00+00:00' AIRFLOW_CTX_TRY_NUMBER='1' AIRFLOW_CTX_DAG_RUN_ID='scheduled__2025-09-04T00:00:00+00:00'
[2025-10-13T08:41:44.040+0000] {taskinstance.py:731} INFO - ::endgroup::
[2025-10-13T08:41:44.205+0000] {extract.py:22} INFO - Data written to products.csv
[2025-10-13T08:41:44.206+0000] {python.py:240} INFO - Done. Returned value was: None
[2025-10-13T08:41:44.221+0000] {taskinstance.py:340} INFO - ::group::Post task execution logs
[2025-10-13T08:41:44.221+0000] {taskinstance.py:352} INFO - Marking task as SUCCESS. dag_id=elt-pipeline, task_id=extract_load_group.extract_products, run_id=scheduled__2025-09-04T00:00:00+00:00, execution_date=20250904T000000, start_date=20251013T084143, end_date=20251013T084144
[2025-10-13T08:41:44.247+0000] {local_task_job_runner.py:266} INFO - Task exited with return code 0
[2025-10-13T08:41:44.282+0000] {taskinstance.py:3895} INFO - 1 downstream tasks scheduled from follow-on schedule check
[2025-10-13T08:41:44.285+0000] {local_task_job_runner.py:245} INFO - ::endgroup::
[2025-10-13T09:21:29.722+0000] {local_task_job_runner.py:123} INFO - ::group::Pre task execution logs
[2025-10-13T09:21:29.744+0000] {taskinstance.py:2613} INFO - Dependencies all met for dep_context=non-requeueable deps ti=<TaskInstance: elt-pipeline.extract_load_group.extract_products scheduled__2025-09-04T00:00:00+00:00 [queued]>
[2025-10-13T09:21:29.753+0000] {taskinstance.py:2613} INFO - Dependencies all met for dep_context=requeueable deps ti=<TaskInstance: elt-pipeline.extract_load_group.extract_products scheduled__2025-09-04T00:00:00+00:00 [queued]>
[2025-10-13T09:21:29.754+0000] {taskinstance.py:2866} INFO - Starting attempt 1 of 1
[2025-10-13T09:21:29.768+0000] {taskinstance.py:2889} INFO - Executing <Task(PythonOperator): extract_load_group.extract_products> on 2025-09-04 00:00:00+00:00
[2025-10-13T09:21:29.776+0000] {warnings.py:112} WARNING - /home/***/.local/lib/python3.12/site-packages/***/task/task_runner/standard_task_runner.py:70: DeprecationWarning: This process (pid=1402) is multi-threaded, use of fork() may lead to deadlocks in the child.
  pid = os.fork()

[2025-10-13T09:21:29.779+0000] {standard_task_runner.py:72} INFO - Started process 1405 to run task
[2025-10-13T09:21:29.779+0000] {standard_task_runner.py:104} INFO - Running: ['***', 'tasks', 'run', 'elt-pipeline', 'extract_load_group.extract_products', 'scheduled__2025-09-04T00:00:00+00:00', '--job-id', '198', '--raw', '--subdir', 'DAGS_FOLDER/elt.py', '--cfg-path', '/tmp/tmpxroa1dl0']
[2025-10-13T09:21:29.780+0000] {standard_task_runner.py:105} INFO - Job 198: Subtask extract_load_group.extract_products
[2025-10-13T09:21:29.843+0000] {task_command.py:467} INFO - Running <TaskInstance: elt-pipeline.extract_load_group.extract_products scheduled__2025-09-04T00:00:00+00:00 [running]> on host 84d5a327cf64
[2025-10-13T09:21:29.939+0000] {taskinstance.py:3132} INFO - Exporting env vars: AIRFLOW_CTX_DAG_OWNER='***' AIRFLOW_CTX_DAG_ID='elt-pipeline' AIRFLOW_CTX_TASK_ID='extract_load_group.extract_products' AIRFLOW_CTX_EXECUTION_DATE='2025-09-04T00:00:00+00:00' AIRFLOW_CTX_TRY_NUMBER='1' AIRFLOW_CTX_DAG_RUN_ID='scheduled__2025-09-04T00:00:00+00:00'
[2025-10-13T09:21:29.940+0000] {taskinstance.py:731} INFO - ::endgroup::
[2025-10-13T09:21:30.111+0000] {extract.py:22} INFO - Data written to products.csv
[2025-10-13T09:21:30.112+0000] {python.py:240} INFO - Done. Returned value was: None
[2025-10-13T09:21:30.125+0000] {taskinstance.py:340} INFO - ::group::Post task execution logs
[2025-10-13T09:21:30.126+0000] {taskinstance.py:352} INFO - Marking task as SUCCESS. dag_id=elt-pipeline, task_id=extract_load_group.extract_products, run_id=scheduled__2025-09-04T00:00:00+00:00, execution_date=20250904T000000, start_date=20251013T092129, end_date=20251013T092130
[2025-10-13T09:21:30.195+0000] {local_task_job_runner.py:266} INFO - Task exited with return code 0
[2025-10-13T09:21:30.250+0000] {taskinstance.py:3895} INFO - 1 downstream tasks scheduled from follow-on schedule check
[2025-10-13T09:21:30.259+0000] {local_task_job_runner.py:245} INFO - ::endgroup::
[2025-10-14T04:21:25.870+0000] {local_task_job_runner.py:123} INFO - ::group::Pre task execution logs
[2025-10-14T04:21:25.893+0000] {taskinstance.py:2613} INFO - Dependencies all met for dep_context=non-requeueable deps ti=<TaskInstance: elt-pipeline.extract_load_group.extract_products scheduled__2025-09-04T00:00:00+00:00 [queued]>
[2025-10-14T04:21:25.903+0000] {taskinstance.py:2613} INFO - Dependencies all met for dep_context=requeueable deps ti=<TaskInstance: elt-pipeline.extract_load_group.extract_products scheduled__2025-09-04T00:00:00+00:00 [queued]>
[2025-10-14T04:21:25.904+0000] {taskinstance.py:2866} INFO - Starting attempt 1 of 1
[2025-10-14T04:21:25.918+0000] {taskinstance.py:2889} INFO - Executing <Task(PythonOperator): extract_load_group.extract_products> on 2025-09-04 00:00:00+00:00
[2025-10-14T04:21:25.926+0000] {warnings.py:112} WARNING - /home/***/.local/lib/python3.12/site-packages/***/task/task_runner/standard_task_runner.py:70: DeprecationWarning: This process (pid=393) is multi-threaded, use of fork() may lead to deadlocks in the child.
  pid = os.fork()

[2025-10-14T04:21:25.929+0000] {standard_task_runner.py:72} INFO - Started process 398 to run task
[2025-10-14T04:21:25.929+0000] {standard_task_runner.py:104} INFO - Running: ['***', 'tasks', 'run', 'elt-pipeline', 'extract_load_group.extract_products', 'scheduled__2025-09-04T00:00:00+00:00', '--job-id', '295', '--raw', '--subdir', 'DAGS_FOLDER/elt.py', '--cfg-path', '/tmp/tmpee7b_qjx']
[2025-10-14T04:21:25.931+0000] {standard_task_runner.py:105} INFO - Job 295: Subtask extract_load_group.extract_products
[2025-10-14T04:21:25.994+0000] {task_command.py:467} INFO - Running <TaskInstance: elt-pipeline.extract_load_group.extract_products scheduled__2025-09-04T00:00:00+00:00 [running]> on host e348b991e0be
[2025-10-14T04:21:26.116+0000] {taskinstance.py:3132} INFO - Exporting env vars: AIRFLOW_CTX_DAG_OWNER='***' AIRFLOW_CTX_DAG_ID='elt-pipeline' AIRFLOW_CTX_TASK_ID='extract_load_group.extract_products' AIRFLOW_CTX_EXECUTION_DATE='2025-09-04T00:00:00+00:00' AIRFLOW_CTX_TRY_NUMBER='1' AIRFLOW_CTX_DAG_RUN_ID='scheduled__2025-09-04T00:00:00+00:00'
[2025-10-14T04:21:26.117+0000] {taskinstance.py:731} INFO - ::endgroup::
[2025-10-14T04:21:26.279+0000] {extract.py:22} INFO - Data written to products.csv
[2025-10-14T04:21:26.280+0000] {python.py:240} INFO - Done. Returned value was: None
[2025-10-14T04:21:26.296+0000] {taskinstance.py:340} INFO - ::group::Post task execution logs
[2025-10-14T04:21:26.297+0000] {taskinstance.py:352} INFO - Marking task as SUCCESS. dag_id=elt-pipeline, task_id=extract_load_group.extract_products, run_id=scheduled__2025-09-04T00:00:00+00:00, execution_date=20250904T000000, start_date=20251014T042125, end_date=20251014T042126
[2025-10-14T04:21:26.346+0000] {local_task_job_runner.py:266} INFO - Task exited with return code 0
[2025-10-14T04:21:26.383+0000] {taskinstance.py:3895} INFO - 1 downstream tasks scheduled from follow-on schedule check
[2025-10-14T04:21:26.387+0000] {local_task_job_runner.py:245} INFO - ::endgroup::
[2025-10-14T04:29:27.444+0000] {local_task_job_runner.py:123} INFO - ::group::Pre task execution logs
[2025-10-14T04:29:27.468+0000] {taskinstance.py:2613} INFO - Dependencies all met for dep_context=non-requeueable deps ti=<TaskInstance: elt-pipeline.extract_load_group.extract_products scheduled__2025-09-04T00:00:00+00:00 [queued]>
[2025-10-14T04:29:27.478+0000] {taskinstance.py:2613} INFO - Dependencies all met for dep_context=requeueable deps ti=<TaskInstance: elt-pipeline.extract_load_group.extract_products scheduled__2025-09-04T00:00:00+00:00 [queued]>
[2025-10-14T04:29:27.479+0000] {taskinstance.py:2866} INFO - Starting attempt 1 of 1
[2025-10-14T04:29:27.494+0000] {taskinstance.py:2889} INFO - Executing <Task(PythonOperator): extract_load_group.extract_products> on 2025-09-04 00:00:00+00:00
[2025-10-14T04:29:27.500+0000] {warnings.py:112} WARNING - /home/***/.local/lib/python3.12/site-packages/***/task/task_runner/standard_task_runner.py:70: DeprecationWarning: This process (pid=888) is multi-threaded, use of fork() may lead to deadlocks in the child.
  pid = os.fork()

[2025-10-14T04:29:27.502+0000] {standard_task_runner.py:72} INFO - Started process 891 to run task
[2025-10-14T04:29:27.502+0000] {standard_task_runner.py:104} INFO - Running: ['***', 'tasks', 'run', 'elt-pipeline', 'extract_load_group.extract_products', 'scheduled__2025-09-04T00:00:00+00:00', '--job-id', '403', '--raw', '--subdir', 'DAGS_FOLDER/elt.py', '--cfg-path', '/tmp/tmpzx6e0iji']
[2025-10-14T04:29:27.504+0000] {standard_task_runner.py:105} INFO - Job 403: Subtask extract_load_group.extract_products
[2025-10-14T04:29:27.572+0000] {task_command.py:467} INFO - Running <TaskInstance: elt-pipeline.extract_load_group.extract_products scheduled__2025-09-04T00:00:00+00:00 [running]> on host e348b991e0be
[2025-10-14T04:29:27.673+0000] {taskinstance.py:3132} INFO - Exporting env vars: AIRFLOW_CTX_DAG_OWNER='***' AIRFLOW_CTX_DAG_ID='elt-pipeline' AIRFLOW_CTX_TASK_ID='extract_load_group.extract_products' AIRFLOW_CTX_EXECUTION_DATE='2025-09-04T00:00:00+00:00' AIRFLOW_CTX_TRY_NUMBER='1' AIRFLOW_CTX_DAG_RUN_ID='scheduled__2025-09-04T00:00:00+00:00'
[2025-10-14T04:29:27.674+0000] {taskinstance.py:731} INFO - ::endgroup::
[2025-10-14T04:29:27.832+0000] {extract.py:22} INFO - Data written to products.csv
[2025-10-14T04:29:27.833+0000] {python.py:240} INFO - Done. Returned value was: None
[2025-10-14T04:29:27.849+0000] {taskinstance.py:340} INFO - ::group::Post task execution logs
[2025-10-14T04:29:27.850+0000] {taskinstance.py:352} INFO - Marking task as SUCCESS. dag_id=elt-pipeline, task_id=extract_load_group.extract_products, run_id=scheduled__2025-09-04T00:00:00+00:00, execution_date=20250904T000000, start_date=20251014T042927, end_date=20251014T042927
[2025-10-14T04:29:27.879+0000] {local_task_job_runner.py:266} INFO - Task exited with return code 0
[2025-10-14T04:29:27.901+0000] {local_task_job_runner.py:245} INFO - ::endgroup::
[2025-10-14T04:36:23.260+0000] {local_task_job_runner.py:123} INFO - ::group::Pre task execution logs
[2025-10-14T04:36:23.281+0000] {taskinstance.py:2613} INFO - Dependencies all met for dep_context=non-requeueable deps ti=<TaskInstance: elt-pipeline.extract_load_group.extract_products scheduled__2025-09-04T00:00:00+00:00 [queued]>
[2025-10-14T04:36:23.289+0000] {taskinstance.py:2613} INFO - Dependencies all met for dep_context=requeueable deps ti=<TaskInstance: elt-pipeline.extract_load_group.extract_products scheduled__2025-09-04T00:00:00+00:00 [queued]>
[2025-10-14T04:36:23.290+0000] {taskinstance.py:2866} INFO - Starting attempt 1 of 1
[2025-10-14T04:36:23.304+0000] {taskinstance.py:2889} INFO - Executing <Task(PythonOperator): extract_load_group.extract_products> on 2025-09-04 00:00:00+00:00
[2025-10-14T04:36:23.311+0000] {warnings.py:112} WARNING - /home/***/.local/lib/python3.12/site-packages/***/task/task_runner/standard_task_runner.py:70: DeprecationWarning: This process (pid=1235) is multi-threaded, use of fork() may lead to deadlocks in the child.
  pid = os.fork()

[2025-10-14T04:36:23.314+0000] {standard_task_runner.py:72} INFO - Started process 1239 to run task
[2025-10-14T04:36:23.314+0000] {standard_task_runner.py:104} INFO - Running: ['***', 'tasks', 'run', 'elt-pipeline', 'extract_load_group.extract_products', 'scheduled__2025-09-04T00:00:00+00:00', '--job-id', '477', '--raw', '--subdir', 'DAGS_FOLDER/elt.py', '--cfg-path', '/tmp/tmpr7b5vtw2']
[2025-10-14T04:36:23.316+0000] {standard_task_runner.py:105} INFO - Job 477: Subtask extract_load_group.extract_products
[2025-10-14T04:36:23.386+0000] {task_command.py:467} INFO - Running <TaskInstance: elt-pipeline.extract_load_group.extract_products scheduled__2025-09-04T00:00:00+00:00 [running]> on host e348b991e0be
[2025-10-14T04:36:23.484+0000] {taskinstance.py:3132} INFO - Exporting env vars: AIRFLOW_CTX_DAG_OWNER='***' AIRFLOW_CTX_DAG_ID='elt-pipeline' AIRFLOW_CTX_TASK_ID='extract_load_group.extract_products' AIRFLOW_CTX_EXECUTION_DATE='2025-09-04T00:00:00+00:00' AIRFLOW_CTX_TRY_NUMBER='1' AIRFLOW_CTX_DAG_RUN_ID='scheduled__2025-09-04T00:00:00+00:00'
[2025-10-14T04:36:23.485+0000] {taskinstance.py:731} INFO - ::endgroup::
[2025-10-14T04:36:23.642+0000] {extract.py:22} INFO - Data written to products.csv
[2025-10-14T04:36:23.643+0000] {python.py:240} INFO - Done. Returned value was: None
[2025-10-14T04:36:23.659+0000] {taskinstance.py:340} INFO - ::group::Post task execution logs
[2025-10-14T04:36:23.660+0000] {taskinstance.py:352} INFO - Marking task as SUCCESS. dag_id=elt-pipeline, task_id=extract_load_group.extract_products, run_id=scheduled__2025-09-04T00:00:00+00:00, execution_date=20250904T000000, start_date=20251014T043623, end_date=20251014T043623
[2025-10-14T04:36:23.691+0000] {local_task_job_runner.py:266} INFO - Task exited with return code 0
[2025-10-14T04:36:23.726+0000] {taskinstance.py:3895} INFO - 1 downstream tasks scheduled from follow-on schedule check
[2025-10-14T04:36:23.729+0000] {local_task_job_runner.py:245} INFO - ::endgroup::
