[2025-10-13T09:21:44.765+0000] {local_task_job_runner.py:123} INFO - ::group::Pre task execution logs
[2025-10-13T09:21:44.786+0000] {taskinstance.py:2613} INFO - Dependencies all met for dep_context=non-requeueable deps ti=<TaskInstance: elt-pipeline.cleanup scheduled__2025-09-04T00:00:00+00:00 [queued]>
[2025-10-13T09:21:44.794+0000] {taskinstance.py:2613} INFO - Dependencies all met for dep_context=requeueable deps ti=<TaskInstance: elt-pipeline.cleanup scheduled__2025-09-04T00:00:00+00:00 [queued]>
[2025-10-13T09:21:44.795+0000] {taskinstance.py:2866} INFO - Starting attempt 1 of 1
[2025-10-13T09:21:44.807+0000] {taskinstance.py:2889} INFO - Executing <Task(BashOperator): cleanup> on 2025-09-04 00:00:00+00:00
[2025-10-13T09:21:44.814+0000] {warnings.py:112} WARNING - /home/***/.local/lib/python3.12/site-packages/***/task/task_runner/standard_task_runner.py:70: DeprecationWarning: This process (pid=1441) is multi-threaded, use of fork() may lead to deadlocks in the child.
  pid = os.fork()

[2025-10-13T09:21:44.816+0000] {standard_task_runner.py:72} INFO - Started process 1442 to run task
[2025-10-13T09:21:44.816+0000] {standard_task_runner.py:104} INFO - Running: ['***', 'tasks', 'run', 'elt-pipeline', 'cleanup', 'scheduled__2025-09-04T00:00:00+00:00', '--job-id', '207', '--raw', '--subdir', 'DAGS_FOLDER/elt.py', '--cfg-path', '/tmp/tmpy1q_dcg2']
[2025-10-13T09:21:44.817+0000] {standard_task_runner.py:105} INFO - Job 207: Subtask cleanup
[2025-10-13T09:21:44.866+0000] {task_command.py:467} INFO - Running <TaskInstance: elt-pipeline.cleanup scheduled__2025-09-04T00:00:00+00:00 [running]> on host 84d5a327cf64
[2025-10-13T09:21:44.952+0000] {taskinstance.py:3132} INFO - Exporting env vars: AIRFLOW_CTX_DAG_OWNER='***' AIRFLOW_CTX_DAG_ID='elt-pipeline' AIRFLOW_CTX_TASK_ID='cleanup' AIRFLOW_CTX_EXECUTION_DATE='2025-09-04T00:00:00+00:00' AIRFLOW_CTX_TRY_NUMBER='1' AIRFLOW_CTX_DAG_RUN_ID='scheduled__2025-09-04T00:00:00+00:00'
[2025-10-13T09:21:44.953+0000] {taskinstance.py:731} INFO - ::endgroup::
[2025-10-13T09:21:44.966+0000] {subprocess.py:78} INFO - Tmp dir root location: /tmp
[2025-10-13T09:21:44.967+0000] {subprocess.py:88} INFO - Running command: ['/usr/bin/bash', '-c', 'rm -rf /tmp/*.csv']
[2025-10-13T09:21:44.977+0000] {subprocess.py:99} INFO - Output:
[2025-10-13T09:21:44.981+0000] {subprocess.py:110} INFO - Command exited with return code 0
[2025-10-13T09:21:45.006+0000] {taskinstance.py:340} INFO - ::group::Post task execution logs
[2025-10-13T09:21:45.007+0000] {taskinstance.py:352} INFO - Marking task as SUCCESS. dag_id=elt-pipeline, task_id=cleanup, run_id=scheduled__2025-09-04T00:00:00+00:00, execution_date=20250904T000000, start_date=20251013T092144, end_date=20251013T092145
[2025-10-13T09:21:45.030+0000] {local_task_job_runner.py:266} INFO - Task exited with return code 0
[2025-10-13T09:21:45.050+0000] {taskinstance.py:3895} INFO - 0 downstream tasks scheduled from follow-on schedule check
[2025-10-13T09:21:45.052+0000] {local_task_job_runner.py:245} INFO - ::endgroup::
[2025-10-14T04:21:33.768+0000] {local_task_job_runner.py:123} INFO - ::group::Pre task execution logs
[2025-10-14T04:21:33.786+0000] {taskinstance.py:2613} INFO - Dependencies all met for dep_context=non-requeueable deps ti=<TaskInstance: elt-pipeline.cleanup scheduled__2025-09-04T00:00:00+00:00 [queued]>
[2025-10-14T04:21:33.795+0000] {taskinstance.py:2613} INFO - Dependencies all met for dep_context=requeueable deps ti=<TaskInstance: elt-pipeline.cleanup scheduled__2025-09-04T00:00:00+00:00 [queued]>
[2025-10-14T04:21:33.795+0000] {taskinstance.py:2866} INFO - Starting attempt 1 of 1
[2025-10-14T04:21:33.806+0000] {taskinstance.py:2889} INFO - Executing <Task(BashOperator): cleanup> on 2025-09-04 00:00:00+00:00
[2025-10-14T04:21:33.812+0000] {warnings.py:112} WARNING - /home/***/.local/lib/python3.12/site-packages/***/task/task_runner/standard_task_runner.py:70: DeprecationWarning: This process (pid=428) is multi-threaded, use of fork() may lead to deadlocks in the child.
  pid = os.fork()

[2025-10-14T04:21:33.813+0000] {standard_task_runner.py:72} INFO - Started process 429 to run task
[2025-10-14T04:21:33.814+0000] {standard_task_runner.py:104} INFO - Running: ['***', 'tasks', 'run', 'elt-pipeline', 'cleanup', 'scheduled__2025-09-04T00:00:00+00:00', '--job-id', '304', '--raw', '--subdir', 'DAGS_FOLDER/elt.py', '--cfg-path', '/tmp/tmp6_93oeke']
[2025-10-14T04:21:33.815+0000] {standard_task_runner.py:105} INFO - Job 304: Subtask cleanup
[2025-10-14T04:21:33.862+0000] {task_command.py:467} INFO - Running <TaskInstance: elt-pipeline.cleanup scheduled__2025-09-04T00:00:00+00:00 [running]> on host e348b991e0be
[2025-10-14T04:21:33.940+0000] {taskinstance.py:3132} INFO - Exporting env vars: AIRFLOW_CTX_DAG_OWNER='***' AIRFLOW_CTX_DAG_ID='elt-pipeline' AIRFLOW_CTX_TASK_ID='cleanup' AIRFLOW_CTX_EXECUTION_DATE='2025-09-04T00:00:00+00:00' AIRFLOW_CTX_TRY_NUMBER='1' AIRFLOW_CTX_DAG_RUN_ID='scheduled__2025-09-04T00:00:00+00:00'
[2025-10-14T04:21:33.941+0000] {taskinstance.py:731} INFO - ::endgroup::
[2025-10-14T04:21:33.953+0000] {subprocess.py:78} INFO - Tmp dir root location: /tmp
[2025-10-14T04:21:33.955+0000] {subprocess.py:88} INFO - Running command: ['/usr/bin/bash', '-c', 'rm -rf /tmp/*.csv']
[2025-10-14T04:21:33.965+0000] {subprocess.py:99} INFO - Output:
[2025-10-14T04:21:33.969+0000] {subprocess.py:110} INFO - Command exited with return code 0
[2025-10-14T04:21:33.994+0000] {taskinstance.py:340} INFO - ::group::Post task execution logs
[2025-10-14T04:21:33.995+0000] {taskinstance.py:352} INFO - Marking task as SUCCESS. dag_id=elt-pipeline, task_id=cleanup, run_id=scheduled__2025-09-04T00:00:00+00:00, execution_date=20250904T000000, start_date=20251014T042133, end_date=20251014T042133
[2025-10-14T04:21:34.028+0000] {local_task_job_runner.py:266} INFO - Task exited with return code 0
[2025-10-14T04:21:34.057+0000] {taskinstance.py:3895} INFO - 1 downstream tasks scheduled from follow-on schedule check
[2025-10-14T04:21:34.059+0000] {local_task_job_runner.py:245} INFO - ::endgroup::
[2025-10-14T04:29:34.394+0000] {local_task_job_runner.py:123} INFO - ::group::Pre task execution logs
[2025-10-14T04:29:34.413+0000] {taskinstance.py:2613} INFO - Dependencies all met for dep_context=non-requeueable deps ti=<TaskInstance: elt-pipeline.cleanup scheduled__2025-09-04T00:00:00+00:00 [queued]>
[2025-10-14T04:29:34.422+0000] {taskinstance.py:2613} INFO - Dependencies all met for dep_context=requeueable deps ti=<TaskInstance: elt-pipeline.cleanup scheduled__2025-09-04T00:00:00+00:00 [queued]>
[2025-10-14T04:29:34.422+0000] {taskinstance.py:2866} INFO - Starting attempt 1 of 1
[2025-10-14T04:29:34.435+0000] {taskinstance.py:2889} INFO - Executing <Task(BashOperator): cleanup> on 2025-09-04 00:00:00+00:00
[2025-10-14T04:29:34.442+0000] {warnings.py:112} WARNING - /home/***/.local/lib/python3.12/site-packages/***/task/task_runner/standard_task_runner.py:70: DeprecationWarning: This process (pid=920) is multi-threaded, use of fork() may lead to deadlocks in the child.
  pid = os.fork()

[2025-10-14T04:29:34.444+0000] {standard_task_runner.py:72} INFO - Started process 921 to run task
[2025-10-14T04:29:34.444+0000] {standard_task_runner.py:104} INFO - Running: ['***', 'tasks', 'run', 'elt-pipeline', 'cleanup', 'scheduled__2025-09-04T00:00:00+00:00', '--job-id', '412', '--raw', '--subdir', 'DAGS_FOLDER/elt.py', '--cfg-path', '/tmp/tmpkl0vuy47']
[2025-10-14T04:29:34.445+0000] {standard_task_runner.py:105} INFO - Job 412: Subtask cleanup
[2025-10-14T04:29:34.501+0000] {task_command.py:467} INFO - Running <TaskInstance: elt-pipeline.cleanup scheduled__2025-09-04T00:00:00+00:00 [running]> on host e348b991e0be
[2025-10-14T04:29:34.582+0000] {taskinstance.py:3132} INFO - Exporting env vars: AIRFLOW_CTX_DAG_OWNER='***' AIRFLOW_CTX_DAG_ID='elt-pipeline' AIRFLOW_CTX_TASK_ID='cleanup' AIRFLOW_CTX_EXECUTION_DATE='2025-09-04T00:00:00+00:00' AIRFLOW_CTX_TRY_NUMBER='1' AIRFLOW_CTX_DAG_RUN_ID='scheduled__2025-09-04T00:00:00+00:00'
[2025-10-14T04:29:34.583+0000] {taskinstance.py:731} INFO - ::endgroup::
[2025-10-14T04:29:34.596+0000] {subprocess.py:78} INFO - Tmp dir root location: /tmp
[2025-10-14T04:29:34.597+0000] {subprocess.py:88} INFO - Running command: ['/usr/bin/bash', '-c', 'rm -rf /tmp/*.csv']
[2025-10-14T04:29:34.608+0000] {subprocess.py:99} INFO - Output:
[2025-10-14T04:29:34.611+0000] {subprocess.py:110} INFO - Command exited with return code 0
[2025-10-14T04:29:34.636+0000] {taskinstance.py:340} INFO - ::group::Post task execution logs
[2025-10-14T04:29:34.637+0000] {taskinstance.py:352} INFO - Marking task as SUCCESS. dag_id=elt-pipeline, task_id=cleanup, run_id=scheduled__2025-09-04T00:00:00+00:00, execution_date=20250904T000000, start_date=20251014T042934, end_date=20251014T042934
[2025-10-14T04:29:34.658+0000] {local_task_job_runner.py:266} INFO - Task exited with return code 0
[2025-10-14T04:29:34.687+0000] {taskinstance.py:3895} INFO - 1 downstream tasks scheduled from follow-on schedule check
[2025-10-14T04:29:34.689+0000] {local_task_job_runner.py:245} INFO - ::endgroup::
[2025-10-14T04:36:31.333+0000] {local_task_job_runner.py:123} INFO - ::group::Pre task execution logs
[2025-10-14T04:36:31.354+0000] {taskinstance.py:2613} INFO - Dependencies all met for dep_context=non-requeueable deps ti=<TaskInstance: elt-pipeline.cleanup scheduled__2025-09-04T00:00:00+00:00 [queued]>
[2025-10-14T04:36:31.363+0000] {taskinstance.py:2613} INFO - Dependencies all met for dep_context=requeueable deps ti=<TaskInstance: elt-pipeline.cleanup scheduled__2025-09-04T00:00:00+00:00 [queued]>
[2025-10-14T04:36:31.364+0000] {taskinstance.py:2866} INFO - Starting attempt 1 of 1
[2025-10-14T04:36:31.380+0000] {taskinstance.py:2889} INFO - Executing <Task(BashOperator): cleanup> on 2025-09-04 00:00:00+00:00
[2025-10-14T04:36:31.387+0000] {warnings.py:112} WARNING - /home/***/.local/lib/python3.12/site-packages/***/task/task_runner/standard_task_runner.py:70: DeprecationWarning: This process (pid=1269) is multi-threaded, use of fork() may lead to deadlocks in the child.
  pid = os.fork()

[2025-10-14T04:36:31.388+0000] {standard_task_runner.py:72} INFO - Started process 1270 to run task
[2025-10-14T04:36:31.388+0000] {standard_task_runner.py:104} INFO - Running: ['***', 'tasks', 'run', 'elt-pipeline', 'cleanup', 'scheduled__2025-09-04T00:00:00+00:00', '--job-id', '484', '--raw', '--subdir', 'DAGS_FOLDER/elt.py', '--cfg-path', '/tmp/tmpjx_8t8jh']
[2025-10-14T04:36:31.389+0000] {standard_task_runner.py:105} INFO - Job 484: Subtask cleanup
[2025-10-14T04:36:31.436+0000] {task_command.py:467} INFO - Running <TaskInstance: elt-pipeline.cleanup scheduled__2025-09-04T00:00:00+00:00 [running]> on host e348b991e0be
[2025-10-14T04:36:31.518+0000] {taskinstance.py:3132} INFO - Exporting env vars: AIRFLOW_CTX_DAG_OWNER='***' AIRFLOW_CTX_DAG_ID='elt-pipeline' AIRFLOW_CTX_TASK_ID='cleanup' AIRFLOW_CTX_EXECUTION_DATE='2025-09-04T00:00:00+00:00' AIRFLOW_CTX_TRY_NUMBER='1' AIRFLOW_CTX_DAG_RUN_ID='scheduled__2025-09-04T00:00:00+00:00'
[2025-10-14T04:36:31.519+0000] {taskinstance.py:731} INFO - ::endgroup::
[2025-10-14T04:36:31.533+0000] {subprocess.py:78} INFO - Tmp dir root location: /tmp
[2025-10-14T04:36:31.534+0000] {subprocess.py:88} INFO - Running command: ['/usr/bin/bash', '-c', 'rm -rf /tmp/*.csv']
[2025-10-14T04:36:31.544+0000] {subprocess.py:99} INFO - Output:
[2025-10-14T04:36:31.547+0000] {subprocess.py:110} INFO - Command exited with return code 0
[2025-10-14T04:36:31.575+0000] {taskinstance.py:340} INFO - ::group::Post task execution logs
[2025-10-14T04:36:31.576+0000] {taskinstance.py:352} INFO - Marking task as SUCCESS. dag_id=elt-pipeline, task_id=cleanup, run_id=scheduled__2025-09-04T00:00:00+00:00, execution_date=20250904T000000, start_date=20251014T043631, end_date=20251014T043631
[2025-10-14T04:36:31.603+0000] {local_task_job_runner.py:266} INFO - Task exited with return code 0
[2025-10-14T04:36:31.629+0000] {taskinstance.py:3895} INFO - 1 downstream tasks scheduled from follow-on schedule check
[2025-10-14T04:36:31.631+0000] {local_task_job_runner.py:245} INFO - ::endgroup::
