[2025-10-13T08:41:45.017+0000] {local_task_job_runner.py:123} INFO - ::group::Pre task execution logs
[2025-10-13T08:41:45.041+0000] {taskinstance.py:2613} INFO - Dependencies all met for dep_context=non-requeueable deps ti=<TaskInstance: elt-pipeline.extract_load_group.load_products scheduled__2025-09-04T00:00:00+00:00 [queued]>
[2025-10-13T08:41:45.052+0000] {taskinstance.py:2613} INFO - Dependencies all met for dep_context=requeueable deps ti=<TaskInstance: elt-pipeline.extract_load_group.load_products scheduled__2025-09-04T00:00:00+00:00 [queued]>
[2025-10-13T08:41:45.053+0000] {taskinstance.py:2866} INFO - Starting attempt 1 of 1
[2025-10-13T08:41:45.071+0000] {taskinstance.py:2889} INFO - Executing <Task(PythonOperator): extract_load_group.load_products> on 2025-09-04 00:00:00+00:00
[2025-10-13T08:41:45.080+0000] {warnings.py:112} WARNING - /home/***/.local/lib/python3.12/site-packages/***/task/task_runner/standard_task_runner.py:70: DeprecationWarning: This process (pid=355) is multi-threaded, use of fork() may lead to deadlocks in the child.
  pid = os.fork()

[2025-10-13T08:41:45.083+0000] {standard_task_runner.py:72} INFO - Started process 358 to run task
[2025-10-13T08:41:45.083+0000] {standard_task_runner.py:104} INFO - Running: ['***', 'tasks', 'run', 'elt-pipeline', 'extract_load_group.load_products', 'scheduled__2025-09-04T00:00:00+00:00', '--job-id', '50', '--raw', '--subdir', 'DAGS_FOLDER/elt.py', '--cfg-path', '/tmp/tmpc2wdmots']
[2025-10-13T08:41:45.085+0000] {standard_task_runner.py:105} INFO - Job 50: Subtask extract_load_group.load_products
[2025-10-13T08:41:45.153+0000] {task_command.py:467} INFO - Running <TaskInstance: elt-pipeline.extract_load_group.load_products scheduled__2025-09-04T00:00:00+00:00 [running]> on host 84d5a327cf64
[2025-10-13T08:41:45.251+0000] {taskinstance.py:3132} INFO - Exporting env vars: AIRFLOW_CTX_DAG_OWNER='***' AIRFLOW_CTX_DAG_ID='elt-pipeline' AIRFLOW_CTX_TASK_ID='extract_load_group.load_products' AIRFLOW_CTX_EXECUTION_DATE='2025-09-04T00:00:00+00:00' AIRFLOW_CTX_TRY_NUMBER='1' AIRFLOW_CTX_DAG_RUN_ID='scheduled__2025-09-04T00:00:00+00:00'
[2025-10-13T08:41:45.253+0000] {taskinstance.py:731} INFO - ::endgroup::
[2025-10-13T08:41:56.045+0000] {load.py:30} INFO - Loaded 1000 rows and 4 columns to gcpl-469311.datalabs_techtest.stg_products
[2025-10-13T08:41:56.046+0000] {python.py:240} INFO - Done. Returned value was: None
[2025-10-13T08:41:56.061+0000] {taskinstance.py:340} INFO - ::group::Post task execution logs
[2025-10-13T08:41:56.062+0000] {taskinstance.py:352} INFO - Marking task as SUCCESS. dag_id=elt-pipeline, task_id=extract_load_group.load_products, run_id=scheduled__2025-09-04T00:00:00+00:00, execution_date=20250904T000000, start_date=20251013T084145, end_date=20251013T084156
[2025-10-13T08:41:56.125+0000] {local_task_job_runner.py:266} INFO - Task exited with return code 0
[2025-10-13T08:41:56.153+0000] {taskinstance.py:3895} INFO - 0 downstream tasks scheduled from follow-on schedule check
[2025-10-13T08:41:56.155+0000] {local_task_job_runner.py:245} INFO - ::endgroup::
[2025-10-13T09:21:30.802+0000] {local_task_job_runner.py:123} INFO - ::group::Pre task execution logs
[2025-10-13T09:21:30.823+0000] {taskinstance.py:2613} INFO - Dependencies all met for dep_context=non-requeueable deps ti=<TaskInstance: elt-pipeline.extract_load_group.load_products scheduled__2025-09-04T00:00:00+00:00 [queued]>
[2025-10-13T09:21:30.833+0000] {taskinstance.py:2613} INFO - Dependencies all met for dep_context=requeueable deps ti=<TaskInstance: elt-pipeline.extract_load_group.load_products scheduled__2025-09-04T00:00:00+00:00 [queued]>
[2025-10-13T09:21:30.834+0000] {taskinstance.py:2866} INFO - Starting attempt 1 of 1
[2025-10-13T09:21:30.848+0000] {taskinstance.py:2889} INFO - Executing <Task(PythonOperator): extract_load_group.load_products> on 2025-09-04 00:00:00+00:00
[2025-10-13T09:21:30.855+0000] {warnings.py:112} WARNING - /home/***/.local/lib/python3.12/site-packages/***/task/task_runner/standard_task_runner.py:70: DeprecationWarning: This process (pid=1416) is multi-threaded, use of fork() may lead to deadlocks in the child.
  pid = os.fork()

[2025-10-13T09:21:30.857+0000] {standard_task_runner.py:72} INFO - Started process 1421 to run task
[2025-10-13T09:21:30.857+0000] {standard_task_runner.py:104} INFO - Running: ['***', 'tasks', 'run', 'elt-pipeline', 'extract_load_group.load_products', 'scheduled__2025-09-04T00:00:00+00:00', '--job-id', '204', '--raw', '--subdir', 'DAGS_FOLDER/elt.py', '--cfg-path', '/tmp/tmp43ipl3sk']
[2025-10-13T09:21:30.859+0000] {standard_task_runner.py:105} INFO - Job 204: Subtask extract_load_group.load_products
[2025-10-13T09:21:30.917+0000] {task_command.py:467} INFO - Running <TaskInstance: elt-pipeline.extract_load_group.load_products scheduled__2025-09-04T00:00:00+00:00 [running]> on host 84d5a327cf64
[2025-10-13T09:21:31.007+0000] {taskinstance.py:3132} INFO - Exporting env vars: AIRFLOW_CTX_DAG_OWNER='***' AIRFLOW_CTX_DAG_ID='elt-pipeline' AIRFLOW_CTX_TASK_ID='extract_load_group.load_products' AIRFLOW_CTX_EXECUTION_DATE='2025-09-04T00:00:00+00:00' AIRFLOW_CTX_TRY_NUMBER='1' AIRFLOW_CTX_DAG_RUN_ID='scheduled__2025-09-04T00:00:00+00:00'
[2025-10-13T09:21:31.008+0000] {taskinstance.py:731} INFO - ::endgroup::
[2025-10-13T09:21:43.423+0000] {load.py:30} INFO - Loaded 1000 rows and 4 columns to gcpl-469311.datalabs_techtest.stg_products
[2025-10-13T09:21:43.424+0000] {python.py:240} INFO - Done. Returned value was: None
[2025-10-13T09:21:43.435+0000] {taskinstance.py:340} INFO - ::group::Post task execution logs
[2025-10-13T09:21:43.436+0000] {taskinstance.py:352} INFO - Marking task as SUCCESS. dag_id=elt-pipeline, task_id=extract_load_group.load_products, run_id=scheduled__2025-09-04T00:00:00+00:00, execution_date=20250904T000000, start_date=20251013T092130, end_date=20251013T092143
[2025-10-13T09:21:43.475+0000] {local_task_job_runner.py:266} INFO - Task exited with return code 0
[2025-10-13T09:21:43.501+0000] {taskinstance.py:3895} INFO - 1 downstream tasks scheduled from follow-on schedule check
[2025-10-13T09:21:43.503+0000] {local_task_job_runner.py:245} INFO - ::endgroup::
[2025-10-14T04:21:27.397+0000] {local_task_job_runner.py:123} INFO - ::group::Pre task execution logs
[2025-10-14T04:21:27.421+0000] {taskinstance.py:2613} INFO - Dependencies all met for dep_context=non-requeueable deps ti=<TaskInstance: elt-pipeline.extract_load_group.load_products scheduled__2025-09-04T00:00:00+00:00 [queued]>
[2025-10-14T04:21:27.437+0000] {taskinstance.py:2613} INFO - Dependencies all met for dep_context=requeueable deps ti=<TaskInstance: elt-pipeline.extract_load_group.load_products scheduled__2025-09-04T00:00:00+00:00 [queued]>
[2025-10-14T04:21:27.438+0000] {taskinstance.py:2866} INFO - Starting attempt 1 of 1
[2025-10-14T04:21:27.455+0000] {taskinstance.py:2889} INFO - Executing <Task(PythonOperator): extract_load_group.load_products> on 2025-09-04 00:00:00+00:00
[2025-10-14T04:21:27.463+0000] {warnings.py:112} WARNING - /home/***/.local/lib/python3.12/site-packages/***/task/task_runner/standard_task_runner.py:70: DeprecationWarning: This process (pid=412) is multi-threaded, use of fork() may lead to deadlocks in the child.
  pid = os.fork()

[2025-10-14T04:21:27.467+0000] {standard_task_runner.py:72} INFO - Started process 414 to run task
[2025-10-14T04:21:27.467+0000] {standard_task_runner.py:104} INFO - Running: ['***', 'tasks', 'run', 'elt-pipeline', 'extract_load_group.load_products', 'scheduled__2025-09-04T00:00:00+00:00', '--job-id', '300', '--raw', '--subdir', 'DAGS_FOLDER/elt.py', '--cfg-path', '/tmp/tmpwbp_38kk']
[2025-10-14T04:21:27.469+0000] {standard_task_runner.py:105} INFO - Job 300: Subtask extract_load_group.load_products
[2025-10-14T04:21:27.546+0000] {task_command.py:467} INFO - Running <TaskInstance: elt-pipeline.extract_load_group.load_products scheduled__2025-09-04T00:00:00+00:00 [running]> on host e348b991e0be
[2025-10-14T04:21:27.647+0000] {taskinstance.py:3132} INFO - Exporting env vars: AIRFLOW_CTX_DAG_OWNER='***' AIRFLOW_CTX_DAG_ID='elt-pipeline' AIRFLOW_CTX_TASK_ID='extract_load_group.load_products' AIRFLOW_CTX_EXECUTION_DATE='2025-09-04T00:00:00+00:00' AIRFLOW_CTX_TRY_NUMBER='1' AIRFLOW_CTX_DAG_RUN_ID='scheduled__2025-09-04T00:00:00+00:00'
[2025-10-14T04:21:27.648+0000] {taskinstance.py:731} INFO - ::endgroup::
[2025-10-14T04:21:32.822+0000] {load.py:30} INFO - Loaded 1000 rows and 4 columns to gcpl-469311.datalabs_techtest.stg_products
[2025-10-14T04:21:32.823+0000] {python.py:240} INFO - Done. Returned value was: None
[2025-10-14T04:21:32.834+0000] {taskinstance.py:340} INFO - ::group::Post task execution logs
[2025-10-14T04:21:32.835+0000] {taskinstance.py:352} INFO - Marking task as SUCCESS. dag_id=elt-pipeline, task_id=extract_load_group.load_products, run_id=scheduled__2025-09-04T00:00:00+00:00, execution_date=20250904T000000, start_date=20251014T042127, end_date=20251014T042132
[2025-10-14T04:21:32.863+0000] {local_task_job_runner.py:266} INFO - Task exited with return code 0
[2025-10-14T04:21:32.886+0000] {taskinstance.py:3895} INFO - 1 downstream tasks scheduled from follow-on schedule check
[2025-10-14T04:21:32.888+0000] {local_task_job_runner.py:245} INFO - ::endgroup::
[2025-10-14T04:29:28.699+0000] {local_task_job_runner.py:123} INFO - ::group::Pre task execution logs
[2025-10-14T04:29:28.749+0000] {taskinstance.py:2613} INFO - Dependencies all met for dep_context=non-requeueable deps ti=<TaskInstance: elt-pipeline.extract_load_group.load_products scheduled__2025-09-04T00:00:00+00:00 [queued]>
[2025-10-14T04:29:28.784+0000] {taskinstance.py:2613} INFO - Dependencies all met for dep_context=requeueable deps ti=<TaskInstance: elt-pipeline.extract_load_group.load_products scheduled__2025-09-04T00:00:00+00:00 [queued]>
[2025-10-14T04:29:28.791+0000] {taskinstance.py:2866} INFO - Starting attempt 1 of 1
[2025-10-14T04:29:28.824+0000] {taskinstance.py:2889} INFO - Executing <Task(PythonOperator): extract_load_group.load_products> on 2025-09-04 00:00:00+00:00
[2025-10-14T04:29:28.834+0000] {warnings.py:112} WARNING - /home/***/.local/lib/python3.12/site-packages/***/task/task_runner/standard_task_runner.py:70: DeprecationWarning: This process (pid=904) is multi-threaded, use of fork() may lead to deadlocks in the child.
  pid = os.fork()

[2025-10-14T04:29:28.837+0000] {standard_task_runner.py:72} INFO - Started process 913 to run task
[2025-10-14T04:29:28.837+0000] {standard_task_runner.py:104} INFO - Running: ['***', 'tasks', 'run', 'elt-pipeline', 'extract_load_group.load_products', 'scheduled__2025-09-04T00:00:00+00:00', '--job-id', '411', '--raw', '--subdir', 'DAGS_FOLDER/elt.py', '--cfg-path', '/tmp/tmph1uwb3iz']
[2025-10-14T04:29:28.839+0000] {standard_task_runner.py:105} INFO - Job 411: Subtask extract_load_group.load_products
[2025-10-14T04:29:28.916+0000] {task_command.py:467} INFO - Running <TaskInstance: elt-pipeline.extract_load_group.load_products scheduled__2025-09-04T00:00:00+00:00 [running]> on host e348b991e0be
[2025-10-14T04:29:29.042+0000] {taskinstance.py:3132} INFO - Exporting env vars: AIRFLOW_CTX_DAG_OWNER='***' AIRFLOW_CTX_DAG_ID='elt-pipeline' AIRFLOW_CTX_TASK_ID='extract_load_group.load_products' AIRFLOW_CTX_EXECUTION_DATE='2025-09-04T00:00:00+00:00' AIRFLOW_CTX_TRY_NUMBER='1' AIRFLOW_CTX_DAG_RUN_ID='scheduled__2025-09-04T00:00:00+00:00'
[2025-10-14T04:29:29.043+0000] {taskinstance.py:731} INFO - ::endgroup::
[2025-10-14T04:29:33.097+0000] {load.py:30} INFO - Loaded 1000 rows and 4 columns to gcpl-469311.datalabs_techtest.stg_products
[2025-10-14T04:29:33.097+0000] {python.py:240} INFO - Done. Returned value was: None
[2025-10-14T04:29:33.112+0000] {taskinstance.py:340} INFO - ::group::Post task execution logs
[2025-10-14T04:29:33.113+0000] {taskinstance.py:352} INFO - Marking task as SUCCESS. dag_id=elt-pipeline, task_id=extract_load_group.load_products, run_id=scheduled__2025-09-04T00:00:00+00:00, execution_date=20250904T000000, start_date=20251014T042928, end_date=20251014T042933
[2025-10-14T04:29:33.153+0000] {local_task_job_runner.py:266} INFO - Task exited with return code 0
[2025-10-14T04:29:33.178+0000] {taskinstance.py:3895} INFO - 0 downstream tasks scheduled from follow-on schedule check
[2025-10-14T04:29:33.180+0000] {local_task_job_runner.py:245} INFO - ::endgroup::
[2025-10-14T04:36:24.519+0000] {local_task_job_runner.py:123} INFO - ::group::Pre task execution logs
[2025-10-14T04:36:24.542+0000] {taskinstance.py:2613} INFO - Dependencies all met for dep_context=non-requeueable deps ti=<TaskInstance: elt-pipeline.extract_load_group.load_products scheduled__2025-09-04T00:00:00+00:00 [queued]>
[2025-10-14T04:36:24.554+0000] {taskinstance.py:2613} INFO - Dependencies all met for dep_context=requeueable deps ti=<TaskInstance: elt-pipeline.extract_load_group.load_products scheduled__2025-09-04T00:00:00+00:00 [queued]>
[2025-10-14T04:36:24.555+0000] {taskinstance.py:2866} INFO - Starting attempt 1 of 1
[2025-10-14T04:36:24.577+0000] {taskinstance.py:2889} INFO - Executing <Task(PythonOperator): extract_load_group.load_products> on 2025-09-04 00:00:00+00:00
[2025-10-14T04:36:24.587+0000] {warnings.py:112} WARNING - /home/***/.local/lib/python3.12/site-packages/***/task/task_runner/standard_task_runner.py:70: DeprecationWarning: This process (pid=1252) is multi-threaded, use of fork() may lead to deadlocks in the child.
  pid = os.fork()

[2025-10-14T04:36:24.589+0000] {standard_task_runner.py:72} INFO - Started process 1262 to run task
[2025-10-14T04:36:24.588+0000] {standard_task_runner.py:104} INFO - Running: ['***', 'tasks', 'run', 'elt-pipeline', 'extract_load_group.load_products', 'scheduled__2025-09-04T00:00:00+00:00', '--job-id', '483', '--raw', '--subdir', 'DAGS_FOLDER/elt.py', '--cfg-path', '/tmp/tmpjnt9uuxs']
[2025-10-14T04:36:24.590+0000] {standard_task_runner.py:105} INFO - Job 483: Subtask extract_load_group.load_products
[2025-10-14T04:36:24.654+0000] {task_command.py:467} INFO - Running <TaskInstance: elt-pipeline.extract_load_group.load_products scheduled__2025-09-04T00:00:00+00:00 [running]> on host e348b991e0be
[2025-10-14T04:36:24.773+0000] {taskinstance.py:3132} INFO - Exporting env vars: AIRFLOW_CTX_DAG_OWNER='***' AIRFLOW_CTX_DAG_ID='elt-pipeline' AIRFLOW_CTX_TASK_ID='extract_load_group.load_products' AIRFLOW_CTX_EXECUTION_DATE='2025-09-04T00:00:00+00:00' AIRFLOW_CTX_TRY_NUMBER='1' AIRFLOW_CTX_DAG_RUN_ID='scheduled__2025-09-04T00:00:00+00:00'
[2025-10-14T04:36:24.774+0000] {taskinstance.py:731} INFO - ::endgroup::
[2025-10-14T04:36:29.250+0000] {load.py:30} INFO - Loaded 1000 rows and 4 columns to gcpl-469311.datalabs_techtest.stg_products
[2025-10-14T04:36:29.251+0000] {python.py:240} INFO - Done. Returned value was: None
[2025-10-14T04:36:29.266+0000] {taskinstance.py:340} INFO - ::group::Post task execution logs
[2025-10-14T04:36:29.267+0000] {taskinstance.py:352} INFO - Marking task as SUCCESS. dag_id=elt-pipeline, task_id=extract_load_group.load_products, run_id=scheduled__2025-09-04T00:00:00+00:00, execution_date=20250904T000000, start_date=20251014T043624, end_date=20251014T043629
[2025-10-14T04:36:29.300+0000] {local_task_job_runner.py:266} INFO - Task exited with return code 0
[2025-10-14T04:36:29.327+0000] {taskinstance.py:3895} INFO - 0 downstream tasks scheduled from follow-on schedule check
[2025-10-14T04:36:29.330+0000] {local_task_job_runner.py:245} INFO - ::endgroup::
