[2025-10-13T09:22:06.244+0000] {local_task_job_runner.py:123} INFO - ::group::Pre task execution logs
[2025-10-13T09:22:06.266+0000] {taskinstance.py:2613} INFO - Dependencies all met for dep_context=non-requeueable deps ti=<TaskInstance: elt-pipeline.extract_load_group.extract_customers scheduled__2025-09-06T00:00:00+00:00 [queued]>
[2025-10-13T09:22:06.278+0000] {taskinstance.py:2613} INFO - Dependencies all met for dep_context=requeueable deps ti=<TaskInstance: elt-pipeline.extract_load_group.extract_customers scheduled__2025-09-06T00:00:00+00:00 [queued]>
[2025-10-13T09:22:06.278+0000] {taskinstance.py:2866} INFO - Starting attempt 1 of 1
[2025-10-13T09:22:06.296+0000] {taskinstance.py:2889} INFO - Executing <Task(PythonOperator): extract_load_group.extract_customers> on 2025-09-06 00:00:00+00:00
[2025-10-13T09:22:06.307+0000] {warnings.py:112} WARNING - /home/***/.local/lib/python3.12/site-packages/***/task/task_runner/standard_task_runner.py:70: DeprecationWarning: This process (pid=1484) is multi-threaded, use of fork() may lead to deadlocks in the child.
  pid = os.fork()

[2025-10-13T09:22:06.310+0000] {standard_task_runner.py:72} INFO - Started process 1492 to run task
[2025-10-13T09:22:06.311+0000] {standard_task_runner.py:104} INFO - Running: ['***', 'tasks', 'run', 'elt-pipeline', 'extract_load_group.extract_customers', 'scheduled__2025-09-06T00:00:00+00:00', '--job-id', '223', '--raw', '--subdir', 'DAGS_FOLDER/elt.py', '--cfg-path', '/tmp/tmpym8f1c0f']
[2025-10-13T09:22:06.313+0000] {standard_task_runner.py:105} INFO - Job 223: Subtask extract_load_group.extract_customers
[2025-10-13T09:22:06.383+0000] {task_command.py:467} INFO - Running <TaskInstance: elt-pipeline.extract_load_group.extract_customers scheduled__2025-09-06T00:00:00+00:00 [running]> on host 84d5a327cf64
[2025-10-13T09:22:06.504+0000] {taskinstance.py:3132} INFO - Exporting env vars: AIRFLOW_CTX_DAG_OWNER='***' AIRFLOW_CTX_DAG_ID='elt-pipeline' AIRFLOW_CTX_TASK_ID='extract_load_group.extract_customers' AIRFLOW_CTX_EXECUTION_DATE='2025-09-06T00:00:00+00:00' AIRFLOW_CTX_TRY_NUMBER='1' AIRFLOW_CTX_DAG_RUN_ID='scheduled__2025-09-06T00:00:00+00:00'
[2025-10-13T09:22:06.505+0000] {taskinstance.py:731} INFO - ::endgroup::
[2025-10-13T09:22:06.640+0000] {extract.py:22} INFO - Data written to customers.csv
[2025-10-13T09:22:06.641+0000] {python.py:240} INFO - Done. Returned value was: None
[2025-10-13T09:22:06.654+0000] {taskinstance.py:340} INFO - ::group::Post task execution logs
[2025-10-13T09:22:06.655+0000] {taskinstance.py:352} INFO - Marking task as SUCCESS. dag_id=elt-pipeline, task_id=extract_load_group.extract_customers, run_id=scheduled__2025-09-06T00:00:00+00:00, execution_date=20250906T000000, start_date=20251013T092206, end_date=20251013T092206
[2025-10-13T09:22:06.688+0000] {local_task_job_runner.py:266} INFO - Task exited with return code 0
[2025-10-13T09:22:06.703+0000] {local_task_job_runner.py:245} INFO - ::endgroup::
[2025-10-14T04:30:18.159+0000] {local_task_job_runner.py:123} INFO - ::group::Pre task execution logs
[2025-10-14T04:30:18.180+0000] {taskinstance.py:2613} INFO - Dependencies all met for dep_context=non-requeueable deps ti=<TaskInstance: elt-pipeline.extract_load_group.extract_customers scheduled__2025-09-06T00:00:00+00:00 [queued]>
[2025-10-14T04:30:18.188+0000] {taskinstance.py:2613} INFO - Dependencies all met for dep_context=requeueable deps ti=<TaskInstance: elt-pipeline.extract_load_group.extract_customers scheduled__2025-09-06T00:00:00+00:00 [queued]>
[2025-10-14T04:30:18.188+0000] {taskinstance.py:2866} INFO - Starting attempt 1 of 1
[2025-10-14T04:30:18.203+0000] {taskinstance.py:2889} INFO - Executing <Task(PythonOperator): extract_load_group.extract_customers> on 2025-09-06 00:00:00+00:00
[2025-10-14T04:30:18.212+0000] {warnings.py:112} WARNING - /home/***/.local/lib/python3.12/site-packages/***/task/task_runner/standard_task_runner.py:70: DeprecationWarning: This process (pid=981) is multi-threaded, use of fork() may lead to deadlocks in the child.
  pid = os.fork()

[2025-10-14T04:30:18.214+0000] {standard_task_runner.py:72} INFO - Started process 987 to run task
[2025-10-14T04:30:18.214+0000] {standard_task_runner.py:104} INFO - Running: ['***', 'tasks', 'run', 'elt-pipeline', 'extract_load_group.extract_customers', 'scheduled__2025-09-06T00:00:00+00:00', '--job-id', '428', '--raw', '--subdir', 'DAGS_FOLDER/elt.py', '--cfg-path', '/tmp/tmpix310u1k']
[2025-10-14T04:30:18.216+0000] {standard_task_runner.py:105} INFO - Job 428: Subtask extract_load_group.extract_customers
[2025-10-14T04:30:18.287+0000] {task_command.py:467} INFO - Running <TaskInstance: elt-pipeline.extract_load_group.extract_customers scheduled__2025-09-06T00:00:00+00:00 [running]> on host e348b991e0be
[2025-10-14T04:30:18.419+0000] {taskinstance.py:3132} INFO - Exporting env vars: AIRFLOW_CTX_DAG_OWNER='***' AIRFLOW_CTX_DAG_ID='elt-pipeline' AIRFLOW_CTX_TASK_ID='extract_load_group.extract_customers' AIRFLOW_CTX_EXECUTION_DATE='2025-09-06T00:00:00+00:00' AIRFLOW_CTX_TRY_NUMBER='1' AIRFLOW_CTX_DAG_RUN_ID='scheduled__2025-09-06T00:00:00+00:00'
[2025-10-14T04:30:18.420+0000] {taskinstance.py:731} INFO - ::endgroup::
[2025-10-14T04:30:18.577+0000] {extract.py:22} INFO - Data written to customers.csv
[2025-10-14T04:30:18.578+0000] {python.py:240} INFO - Done. Returned value was: None
[2025-10-14T04:30:18.595+0000] {taskinstance.py:340} INFO - ::group::Post task execution logs
[2025-10-14T04:30:18.596+0000] {taskinstance.py:352} INFO - Marking task as SUCCESS. dag_id=elt-pipeline, task_id=extract_load_group.extract_customers, run_id=scheduled__2025-09-06T00:00:00+00:00, execution_date=20250906T000000, start_date=20251014T043018, end_date=20251014T043018
[2025-10-14T04:30:18.631+0000] {local_task_job_runner.py:266} INFO - Task exited with return code 0
[2025-10-14T04:30:18.642+0000] {local_task_job_runner.py:245} INFO - ::endgroup::
[2025-10-14T04:37:13.919+0000] {local_task_job_runner.py:123} INFO - ::group::Pre task execution logs
[2025-10-14T04:37:13.942+0000] {taskinstance.py:2613} INFO - Dependencies all met for dep_context=non-requeueable deps ti=<TaskInstance: elt-pipeline.extract_load_group.extract_customers scheduled__2025-09-06T00:00:00+00:00 [queued]>
[2025-10-14T04:37:13.958+0000] {taskinstance.py:2613} INFO - Dependencies all met for dep_context=requeueable deps ti=<TaskInstance: elt-pipeline.extract_load_group.extract_customers scheduled__2025-09-06T00:00:00+00:00 [queued]>
[2025-10-14T04:37:13.958+0000] {taskinstance.py:2866} INFO - Starting attempt 1 of 1
[2025-10-14T04:37:13.974+0000] {taskinstance.py:2889} INFO - Executing <Task(PythonOperator): extract_load_group.extract_customers> on 2025-09-06 00:00:00+00:00
[2025-10-14T04:37:13.983+0000] {warnings.py:112} WARNING - /home/***/.local/lib/python3.12/site-packages/***/task/task_runner/standard_task_runner.py:70: DeprecationWarning: This process (pid=1327) is multi-threaded, use of fork() may lead to deadlocks in the child.
  pid = os.fork()

[2025-10-14T04:37:13.986+0000] {standard_task_runner.py:72} INFO - Started process 1332 to run task
[2025-10-14T04:37:13.986+0000] {standard_task_runner.py:104} INFO - Running: ['***', 'tasks', 'run', 'elt-pipeline', 'extract_load_group.extract_customers', 'scheduled__2025-09-06T00:00:00+00:00', '--job-id', '498', '--raw', '--subdir', 'DAGS_FOLDER/elt.py', '--cfg-path', '/tmp/tmpyd8he3bk']
[2025-10-14T04:37:13.987+0000] {standard_task_runner.py:105} INFO - Job 498: Subtask extract_load_group.extract_customers
[2025-10-14T04:37:14.064+0000] {task_command.py:467} INFO - Running <TaskInstance: elt-pipeline.extract_load_group.extract_customers scheduled__2025-09-06T00:00:00+00:00 [running]> on host e348b991e0be
[2025-10-14T04:37:14.192+0000] {taskinstance.py:3132} INFO - Exporting env vars: AIRFLOW_CTX_DAG_OWNER='***' AIRFLOW_CTX_DAG_ID='elt-pipeline' AIRFLOW_CTX_TASK_ID='extract_load_group.extract_customers' AIRFLOW_CTX_EXECUTION_DATE='2025-09-06T00:00:00+00:00' AIRFLOW_CTX_TRY_NUMBER='1' AIRFLOW_CTX_DAG_RUN_ID='scheduled__2025-09-06T00:00:00+00:00'
[2025-10-14T04:37:14.194+0000] {taskinstance.py:731} INFO - ::endgroup::
[2025-10-14T04:37:14.359+0000] {extract.py:22} INFO - Data written to customers.csv
[2025-10-14T04:37:14.361+0000] {python.py:240} INFO - Done. Returned value was: None
[2025-10-14T04:37:14.379+0000] {taskinstance.py:340} INFO - ::group::Post task execution logs
[2025-10-14T04:37:14.380+0000] {taskinstance.py:352} INFO - Marking task as SUCCESS. dag_id=elt-pipeline, task_id=extract_load_group.extract_customers, run_id=scheduled__2025-09-06T00:00:00+00:00, execution_date=20250906T000000, start_date=20251014T043713, end_date=20251014T043714
[2025-10-14T04:37:14.442+0000] {local_task_job_runner.py:266} INFO - Task exited with return code 0
[2025-10-14T04:37:14.483+0000] {taskinstance.py:3895} INFO - 1 downstream tasks scheduled from follow-on schedule check
[2025-10-14T04:37:14.485+0000] {local_task_job_runner.py:245} INFO - ::endgroup::
