[2025-10-14T04:40:29.455+0000] {local_task_job_runner.py:123} INFO - ::group::Pre task execution logs
[2025-10-14T04:40:29.477+0000] {taskinstance.py:2613} INFO - Dependencies all met for dep_context=non-requeueable deps ti=<TaskInstance: elt-pipeline.extract_load_group.extract_transactions scheduled__2025-09-12T00:00:00+00:00 [queued]>
[2025-10-14T04:40:29.484+0000] {taskinstance.py:2613} INFO - Dependencies all met for dep_context=requeueable deps ti=<TaskInstance: elt-pipeline.extract_load_group.extract_transactions scheduled__2025-09-12T00:00:00+00:00 [queued]>
[2025-10-14T04:40:29.485+0000] {taskinstance.py:2866} INFO - Starting attempt 1 of 1
[2025-10-14T04:40:29.499+0000] {taskinstance.py:2889} INFO - Executing <Task(PythonOperator): extract_load_group.extract_transactions> on 2025-09-12 00:00:00+00:00
[2025-10-14T04:40:29.507+0000] {warnings.py:112} WARNING - /home/***/.local/lib/python3.12/site-packages/***/task/task_runner/standard_task_runner.py:70: DeprecationWarning: This process (pid=1631) is multi-threaded, use of fork() may lead to deadlocks in the child.
  pid = os.fork()

[2025-10-14T04:40:29.510+0000] {standard_task_runner.py:72} INFO - Started process 1633 to run task
[2025-10-14T04:40:29.510+0000] {standard_task_runner.py:104} INFO - Running: ['***', 'tasks', 'run', 'elt-pipeline', 'extract_load_group.extract_transactions', 'scheduled__2025-09-12T00:00:00+00:00', '--job-id', '572', '--raw', '--subdir', 'DAGS_FOLDER/elt.py', '--cfg-path', '/tmp/tmp_jj76hhh']
[2025-10-14T04:40:29.512+0000] {standard_task_runner.py:105} INFO - Job 572: Subtask extract_load_group.extract_transactions
[2025-10-14T04:40:29.573+0000] {task_command.py:467} INFO - Running <TaskInstance: elt-pipeline.extract_load_group.extract_transactions scheduled__2025-09-12T00:00:00+00:00 [running]> on host e348b991e0be
[2025-10-14T04:40:29.673+0000] {taskinstance.py:3132} INFO - Exporting env vars: AIRFLOW_CTX_DAG_OWNER='***' AIRFLOW_CTX_DAG_ID='elt-pipeline' AIRFLOW_CTX_TASK_ID='extract_load_group.extract_transactions' AIRFLOW_CTX_EXECUTION_DATE='2025-09-12T00:00:00+00:00' AIRFLOW_CTX_TRY_NUMBER='1' AIRFLOW_CTX_DAG_RUN_ID='scheduled__2025-09-12T00:00:00+00:00'
[2025-10-14T04:40:29.674+0000] {taskinstance.py:731} INFO - ::endgroup::
[2025-10-14T04:40:29.840+0000] {extract.py:22} INFO - Data written to transactions.csv
[2025-10-14T04:40:29.841+0000] {python.py:240} INFO - Done. Returned value was: None
[2025-10-14T04:40:29.857+0000] {taskinstance.py:340} INFO - ::group::Post task execution logs
[2025-10-14T04:40:29.858+0000] {taskinstance.py:352} INFO - Marking task as SUCCESS. dag_id=elt-pipeline, task_id=extract_load_group.extract_transactions, run_id=scheduled__2025-09-12T00:00:00+00:00, execution_date=20250912T000000, start_date=20251014T044029, end_date=20251014T044029
[2025-10-14T04:40:29.926+0000] {local_task_job_runner.py:266} INFO - Task exited with return code 0
[2025-10-14T04:40:29.970+0000] {taskinstance.py:3895} INFO - 0 downstream tasks scheduled from follow-on schedule check
[2025-10-14T04:40:29.972+0000] {local_task_job_runner.py:245} INFO - ::endgroup::
