[2025-10-13T09:22:07.492+0000] {local_task_job_runner.py:123} INFO - ::group::Pre task execution logs
[2025-10-13T09:22:07.517+0000] {taskinstance.py:2613} INFO - Dependencies all met for dep_context=non-requeueable deps ti=<TaskInstance: elt-pipeline.extract_load_group.load_customers scheduled__2025-09-06T00:00:00+00:00 [queued]>
[2025-10-13T09:22:07.529+0000] {taskinstance.py:2613} INFO - Dependencies all met for dep_context=requeueable deps ti=<TaskInstance: elt-pipeline.extract_load_group.load_customers scheduled__2025-09-06T00:00:00+00:00 [queued]>
[2025-10-13T09:22:07.529+0000] {taskinstance.py:2866} INFO - Starting attempt 1 of 1
[2025-10-13T09:22:07.544+0000] {taskinstance.py:2889} INFO - Executing <Task(PythonOperator): extract_load_group.load_customers> on 2025-09-06 00:00:00+00:00
[2025-10-13T09:22:07.551+0000] {warnings.py:112} WARNING - /home/***/.local/lib/python3.12/site-packages/***/task/task_runner/standard_task_runner.py:70: DeprecationWarning: This process (pid=1501) is multi-threaded, use of fork() may lead to deadlocks in the child.
  pid = os.fork()

[2025-10-13T09:22:07.553+0000] {standard_task_runner.py:72} INFO - Started process 1505 to run task
[2025-10-13T09:22:07.553+0000] {standard_task_runner.py:104} INFO - Running: ['***', 'tasks', 'run', 'elt-pipeline', 'extract_load_group.load_customers', 'scheduled__2025-09-06T00:00:00+00:00', '--job-id', '225', '--raw', '--subdir', 'DAGS_FOLDER/elt.py', '--cfg-path', '/tmp/tmp7pxv78bi']
[2025-10-13T09:22:07.554+0000] {standard_task_runner.py:105} INFO - Job 225: Subtask extract_load_group.load_customers
[2025-10-13T09:22:07.622+0000] {task_command.py:467} INFO - Running <TaskInstance: elt-pipeline.extract_load_group.load_customers scheduled__2025-09-06T00:00:00+00:00 [running]> on host 84d5a327cf64
[2025-10-13T09:22:07.731+0000] {taskinstance.py:3132} INFO - Exporting env vars: AIRFLOW_CTX_DAG_OWNER='***' AIRFLOW_CTX_DAG_ID='elt-pipeline' AIRFLOW_CTX_TASK_ID='extract_load_group.load_customers' AIRFLOW_CTX_EXECUTION_DATE='2025-09-06T00:00:00+00:00' AIRFLOW_CTX_TRY_NUMBER='1' AIRFLOW_CTX_DAG_RUN_ID='scheduled__2025-09-06T00:00:00+00:00'
[2025-10-13T09:22:07.732+0000] {taskinstance.py:731} INFO - ::endgroup::
[2025-10-13T09:22:18.904+0000] {load.py:30} INFO - Loaded 22 rows and 5 columns to gcpl-469311.datalabs_techtest.stg_customers
[2025-10-13T09:22:18.904+0000] {python.py:240} INFO - Done. Returned value was: None
[2025-10-13T09:22:18.916+0000] {taskinstance.py:340} INFO - ::group::Post task execution logs
[2025-10-13T09:22:18.917+0000] {taskinstance.py:352} INFO - Marking task as SUCCESS. dag_id=elt-pipeline, task_id=extract_load_group.load_customers, run_id=scheduled__2025-09-06T00:00:00+00:00, execution_date=20250906T000000, start_date=20251013T092207, end_date=20251013T092218
[2025-10-13T09:22:18.980+0000] {local_task_job_runner.py:266} INFO - Task exited with return code 0
[2025-10-13T09:22:19.002+0000] {taskinstance.py:3895} INFO - 0 downstream tasks scheduled from follow-on schedule check
[2025-10-13T09:22:19.004+0000] {local_task_job_runner.py:245} INFO - ::endgroup::
[2025-10-14T04:30:20.034+0000] {local_task_job_runner.py:123} INFO - ::group::Pre task execution logs
[2025-10-14T04:30:20.053+0000] {taskinstance.py:2613} INFO - Dependencies all met for dep_context=non-requeueable deps ti=<TaskInstance: elt-pipeline.extract_load_group.load_customers scheduled__2025-09-06T00:00:00+00:00 [queued]>
[2025-10-14T04:30:20.062+0000] {taskinstance.py:2613} INFO - Dependencies all met for dep_context=requeueable deps ti=<TaskInstance: elt-pipeline.extract_load_group.load_customers scheduled__2025-09-06T00:00:00+00:00 [queued]>
[2025-10-14T04:30:20.062+0000] {taskinstance.py:2866} INFO - Starting attempt 1 of 1
[2025-10-14T04:30:20.076+0000] {taskinstance.py:2889} INFO - Executing <Task(PythonOperator): extract_load_group.load_customers> on 2025-09-06 00:00:00+00:00
[2025-10-14T04:30:20.083+0000] {warnings.py:112} WARNING - /home/***/.local/lib/python3.12/site-packages/***/task/task_runner/standard_task_runner.py:70: DeprecationWarning: This process (pid=995) is multi-threaded, use of fork() may lead to deadlocks in the child.
  pid = os.fork()

[2025-10-14T04:30:20.086+0000] {standard_task_runner.py:72} INFO - Started process 1001 to run task
[2025-10-14T04:30:20.090+0000] {standard_task_runner.py:104} INFO - Running: ['***', 'tasks', 'run', 'elt-pipeline', 'extract_load_group.load_customers', 'scheduled__2025-09-06T00:00:00+00:00', '--job-id', '435', '--raw', '--subdir', 'DAGS_FOLDER/elt.py', '--cfg-path', '/tmp/tmpif79l0le']
[2025-10-14T04:30:20.092+0000] {standard_task_runner.py:105} INFO - Job 435: Subtask extract_load_group.load_customers
[2025-10-14T04:30:20.149+0000] {task_command.py:467} INFO - Running <TaskInstance: elt-pipeline.extract_load_group.load_customers scheduled__2025-09-06T00:00:00+00:00 [running]> on host e348b991e0be
[2025-10-14T04:30:20.240+0000] {taskinstance.py:3132} INFO - Exporting env vars: AIRFLOW_CTX_DAG_OWNER='***' AIRFLOW_CTX_DAG_ID='elt-pipeline' AIRFLOW_CTX_TASK_ID='extract_load_group.load_customers' AIRFLOW_CTX_EXECUTION_DATE='2025-09-06T00:00:00+00:00' AIRFLOW_CTX_TRY_NUMBER='1' AIRFLOW_CTX_DAG_RUN_ID='scheduled__2025-09-06T00:00:00+00:00'
[2025-10-14T04:30:20.241+0000] {taskinstance.py:731} INFO - ::endgroup::
[2025-10-14T04:30:23.955+0000] {load.py:30} INFO - Loaded 22 rows and 5 columns to gcpl-469311.datalabs_techtest.stg_customers
[2025-10-14T04:30:23.956+0000] {python.py:240} INFO - Done. Returned value was: None
[2025-10-14T04:30:23.966+0000] {taskinstance.py:340} INFO - ::group::Post task execution logs
[2025-10-14T04:30:23.967+0000] {taskinstance.py:352} INFO - Marking task as SUCCESS. dag_id=elt-pipeline, task_id=extract_load_group.load_customers, run_id=scheduled__2025-09-06T00:00:00+00:00, execution_date=20250906T000000, start_date=20251014T043020, end_date=20251014T043023
[2025-10-14T04:30:23.996+0000] {local_task_job_runner.py:266} INFO - Task exited with return code 0
[2025-10-14T04:30:24.022+0000] {taskinstance.py:3895} INFO - 0 downstream tasks scheduled from follow-on schedule check
[2025-10-14T04:30:24.024+0000] {local_task_job_runner.py:245} INFO - ::endgroup::
[2025-10-14T04:37:15.160+0000] {local_task_job_runner.py:123} INFO - ::group::Pre task execution logs
[2025-10-14T04:37:15.183+0000] {taskinstance.py:2613} INFO - Dependencies all met for dep_context=non-requeueable deps ti=<TaskInstance: elt-pipeline.extract_load_group.load_customers scheduled__2025-09-06T00:00:00+00:00 [queued]>
[2025-10-14T04:37:15.194+0000] {taskinstance.py:2613} INFO - Dependencies all met for dep_context=requeueable deps ti=<TaskInstance: elt-pipeline.extract_load_group.load_customers scheduled__2025-09-06T00:00:00+00:00 [queued]>
[2025-10-14T04:37:15.195+0000] {taskinstance.py:2866} INFO - Starting attempt 1 of 1
[2025-10-14T04:37:15.211+0000] {taskinstance.py:2889} INFO - Executing <Task(PythonOperator): extract_load_group.load_customers> on 2025-09-06 00:00:00+00:00
[2025-10-14T04:37:15.218+0000] {warnings.py:112} WARNING - /home/***/.local/lib/python3.12/site-packages/***/task/task_runner/standard_task_runner.py:70: DeprecationWarning: This process (pid=1343) is multi-threaded, use of fork() may lead to deadlocks in the child.
  pid = os.fork()

[2025-10-14T04:37:15.221+0000] {standard_task_runner.py:72} INFO - Started process 1348 to run task
[2025-10-14T04:37:15.221+0000] {standard_task_runner.py:104} INFO - Running: ['***', 'tasks', 'run', 'elt-pipeline', 'extract_load_group.load_customers', 'scheduled__2025-09-06T00:00:00+00:00', '--job-id', '504', '--raw', '--subdir', 'DAGS_FOLDER/elt.py', '--cfg-path', '/tmp/tmpwngba0pk']
[2025-10-14T04:37:15.223+0000] {standard_task_runner.py:105} INFO - Job 504: Subtask extract_load_group.load_customers
[2025-10-14T04:37:15.292+0000] {task_command.py:467} INFO - Running <TaskInstance: elt-pipeline.extract_load_group.load_customers scheduled__2025-09-06T00:00:00+00:00 [running]> on host e348b991e0be
[2025-10-14T04:37:15.402+0000] {taskinstance.py:3132} INFO - Exporting env vars: AIRFLOW_CTX_DAG_OWNER='***' AIRFLOW_CTX_DAG_ID='elt-pipeline' AIRFLOW_CTX_TASK_ID='extract_load_group.load_customers' AIRFLOW_CTX_EXECUTION_DATE='2025-09-06T00:00:00+00:00' AIRFLOW_CTX_TRY_NUMBER='1' AIRFLOW_CTX_DAG_RUN_ID='scheduled__2025-09-06T00:00:00+00:00'
[2025-10-14T04:37:15.403+0000] {taskinstance.py:731} INFO - ::endgroup::
[2025-10-14T04:37:19.569+0000] {load.py:30} INFO - Loaded 22 rows and 5 columns to gcpl-469311.datalabs_techtest.stg_customers
[2025-10-14T04:37:19.570+0000] {python.py:240} INFO - Done. Returned value was: None
[2025-10-14T04:37:19.581+0000] {taskinstance.py:340} INFO - ::group::Post task execution logs
[2025-10-14T04:37:19.582+0000] {taskinstance.py:352} INFO - Marking task as SUCCESS. dag_id=elt-pipeline, task_id=extract_load_group.load_customers, run_id=scheduled__2025-09-06T00:00:00+00:00, execution_date=20250906T000000, start_date=20251014T043715, end_date=20251014T043719
[2025-10-14T04:37:19.654+0000] {local_task_job_runner.py:266} INFO - Task exited with return code 0
[2025-10-14T04:37:19.679+0000] {taskinstance.py:3895} INFO - 0 downstream tasks scheduled from follow-on schedule check
[2025-10-14T04:37:19.682+0000] {local_task_job_runner.py:245} INFO - ::endgroup::
