[2025-10-13T08:41:43.808+0000] {local_task_job_runner.py:123} INFO - ::group::Pre task execution logs
[2025-10-13T08:41:43.832+0000] {taskinstance.py:2613} INFO - Dependencies all met for dep_context=non-requeueable deps ti=<TaskInstance: elt-pipeline.extract_load_group.extract_customers scheduled__2025-09-04T00:00:00+00:00 [queued]>
[2025-10-13T08:41:43.843+0000] {taskinstance.py:2613} INFO - Dependencies all met for dep_context=requeueable deps ti=<TaskInstance: elt-pipeline.extract_load_group.extract_customers scheduled__2025-09-04T00:00:00+00:00 [queued]>
[2025-10-13T08:41:43.844+0000] {taskinstance.py:2866} INFO - Starting attempt 1 of 1
[2025-10-13T08:41:43.861+0000] {taskinstance.py:2889} INFO - Executing <Task(PythonOperator): extract_load_group.extract_customers> on 2025-09-04 00:00:00+00:00
[2025-10-13T08:41:43.869+0000] {warnings.py:112} WARNING - /home/***/.local/lib/python3.12/site-packages/***/task/task_runner/standard_task_runner.py:70: DeprecationWarning: This process (pid=340) is multi-threaded, use of fork() may lead to deadlocks in the child.
  pid = os.fork()

[2025-10-13T08:41:43.872+0000] {standard_task_runner.py:72} INFO - Started process 347 to run task
[2025-10-13T08:41:43.872+0000] {standard_task_runner.py:104} INFO - Running: ['***', 'tasks', 'run', 'elt-pipeline', 'extract_load_group.extract_customers', 'scheduled__2025-09-04T00:00:00+00:00', '--job-id', '46', '--raw', '--subdir', 'DAGS_FOLDER/elt.py', '--cfg-path', '/tmp/tmp6uyo9h5o']
[2025-10-13T08:41:43.874+0000] {standard_task_runner.py:105} INFO - Job 46: Subtask extract_load_group.extract_customers
[2025-10-13T08:41:43.938+0000] {task_command.py:467} INFO - Running <TaskInstance: elt-pipeline.extract_load_group.extract_customers scheduled__2025-09-04T00:00:00+00:00 [running]> on host 84d5a327cf64
[2025-10-13T08:41:44.032+0000] {taskinstance.py:3132} INFO - Exporting env vars: AIRFLOW_CTX_DAG_OWNER='***' AIRFLOW_CTX_DAG_ID='elt-pipeline' AIRFLOW_CTX_TASK_ID='extract_load_group.extract_customers' AIRFLOW_CTX_EXECUTION_DATE='2025-09-04T00:00:00+00:00' AIRFLOW_CTX_TRY_NUMBER='1' AIRFLOW_CTX_DAG_RUN_ID='scheduled__2025-09-04T00:00:00+00:00'
[2025-10-13T08:41:44.034+0000] {taskinstance.py:731} INFO - ::endgroup::
[2025-10-13T08:41:44.187+0000] {extract.py:22} INFO - Data written to customers.csv
[2025-10-13T08:41:44.188+0000] {python.py:240} INFO - Done. Returned value was: None
[2025-10-13T08:41:44.206+0000] {taskinstance.py:340} INFO - ::group::Post task execution logs
[2025-10-13T08:41:44.206+0000] {taskinstance.py:352} INFO - Marking task as SUCCESS. dag_id=elt-pipeline, task_id=extract_load_group.extract_customers, run_id=scheduled__2025-09-04T00:00:00+00:00, execution_date=20250904T000000, start_date=20251013T084143, end_date=20251013T084144
[2025-10-13T08:41:44.248+0000] {local_task_job_runner.py:266} INFO - Task exited with return code 0
[2025-10-13T08:41:44.260+0000] {local_task_job_runner.py:245} INFO - ::endgroup::
[2025-10-13T09:21:29.732+0000] {local_task_job_runner.py:123} INFO - ::group::Pre task execution logs
[2025-10-13T09:21:29.752+0000] {taskinstance.py:2613} INFO - Dependencies all met for dep_context=non-requeueable deps ti=<TaskInstance: elt-pipeline.extract_load_group.extract_customers scheduled__2025-09-04T00:00:00+00:00 [queued]>
[2025-10-13T09:21:29.761+0000] {taskinstance.py:2613} INFO - Dependencies all met for dep_context=requeueable deps ti=<TaskInstance: elt-pipeline.extract_load_group.extract_customers scheduled__2025-09-04T00:00:00+00:00 [queued]>
[2025-10-13T09:21:29.762+0000] {taskinstance.py:2866} INFO - Starting attempt 1 of 1
[2025-10-13T09:21:29.776+0000] {taskinstance.py:2889} INFO - Executing <Task(PythonOperator): extract_load_group.extract_customers> on 2025-09-04 00:00:00+00:00
[2025-10-13T09:21:29.786+0000] {warnings.py:112} WARNING - /home/***/.local/lib/python3.12/site-packages/***/task/task_runner/standard_task_runner.py:70: DeprecationWarning: This process (pid=1400) is multi-threaded, use of fork() may lead to deadlocks in the child.
  pid = os.fork()

[2025-10-13T09:21:29.788+0000] {standard_task_runner.py:72} INFO - Started process 1410 to run task
[2025-10-13T09:21:29.788+0000] {standard_task_runner.py:104} INFO - Running: ['***', 'tasks', 'run', 'elt-pipeline', 'extract_load_group.extract_customers', 'scheduled__2025-09-04T00:00:00+00:00', '--job-id', '200', '--raw', '--subdir', 'DAGS_FOLDER/elt.py', '--cfg-path', '/tmp/tmpi7jhvfz8']
[2025-10-13T09:21:29.790+0000] {standard_task_runner.py:105} INFO - Job 200: Subtask extract_load_group.extract_customers
[2025-10-13T09:21:29.852+0000] {task_command.py:467} INFO - Running <TaskInstance: elt-pipeline.extract_load_group.extract_customers scheduled__2025-09-04T00:00:00+00:00 [running]> on host 84d5a327cf64
[2025-10-13T09:21:29.960+0000] {taskinstance.py:3132} INFO - Exporting env vars: AIRFLOW_CTX_DAG_OWNER='***' AIRFLOW_CTX_DAG_ID='elt-pipeline' AIRFLOW_CTX_TASK_ID='extract_load_group.extract_customers' AIRFLOW_CTX_EXECUTION_DATE='2025-09-04T00:00:00+00:00' AIRFLOW_CTX_TRY_NUMBER='1' AIRFLOW_CTX_DAG_RUN_ID='scheduled__2025-09-04T00:00:00+00:00'
[2025-10-13T09:21:29.962+0000] {taskinstance.py:731} INFO - ::endgroup::
[2025-10-13T09:21:30.120+0000] {extract.py:22} INFO - Data written to customers.csv
[2025-10-13T09:21:30.120+0000] {python.py:240} INFO - Done. Returned value was: None
[2025-10-13T09:21:30.137+0000] {taskinstance.py:340} INFO - ::group::Post task execution logs
[2025-10-13T09:21:30.138+0000] {taskinstance.py:352} INFO - Marking task as SUCCESS. dag_id=elt-pipeline, task_id=extract_load_group.extract_customers, run_id=scheduled__2025-09-04T00:00:00+00:00, execution_date=20250904T000000, start_date=20251013T092129, end_date=20251013T092130
[2025-10-13T09:21:30.205+0000] {local_task_job_runner.py:266} INFO - Task exited with return code 0
[2025-10-13T09:21:30.225+0000] {local_task_job_runner.py:245} INFO - ::endgroup::
[2025-10-14T04:21:25.870+0000] {local_task_job_runner.py:123} INFO - ::group::Pre task execution logs
[2025-10-14T04:21:25.893+0000] {taskinstance.py:2613} INFO - Dependencies all met for dep_context=non-requeueable deps ti=<TaskInstance: elt-pipeline.extract_load_group.extract_customers scheduled__2025-09-04T00:00:00+00:00 [queued]>
[2025-10-14T04:21:25.904+0000] {taskinstance.py:2613} INFO - Dependencies all met for dep_context=requeueable deps ti=<TaskInstance: elt-pipeline.extract_load_group.extract_customers scheduled__2025-09-04T00:00:00+00:00 [queued]>
[2025-10-14T04:21:25.904+0000] {taskinstance.py:2866} INFO - Starting attempt 1 of 1
[2025-10-14T04:21:25.920+0000] {taskinstance.py:2889} INFO - Executing <Task(PythonOperator): extract_load_group.extract_customers> on 2025-09-04 00:00:00+00:00
[2025-10-14T04:21:25.927+0000] {warnings.py:112} WARNING - /home/***/.local/lib/python3.12/site-packages/***/task/task_runner/standard_task_runner.py:70: DeprecationWarning: This process (pid=394) is multi-threaded, use of fork() may lead to deadlocks in the child.
  pid = os.fork()

[2025-10-14T04:21:25.930+0000] {standard_task_runner.py:72} INFO - Started process 399 to run task
[2025-10-14T04:21:25.930+0000] {standard_task_runner.py:104} INFO - Running: ['***', 'tasks', 'run', 'elt-pipeline', 'extract_load_group.extract_customers', 'scheduled__2025-09-04T00:00:00+00:00', '--job-id', '294', '--raw', '--subdir', 'DAGS_FOLDER/elt.py', '--cfg-path', '/tmp/tmpah54x5p_']
[2025-10-14T04:21:25.931+0000] {standard_task_runner.py:105} INFO - Job 294: Subtask extract_load_group.extract_customers
[2025-10-14T04:21:25.994+0000] {task_command.py:467} INFO - Running <TaskInstance: elt-pipeline.extract_load_group.extract_customers scheduled__2025-09-04T00:00:00+00:00 [running]> on host e348b991e0be
[2025-10-14T04:21:26.136+0000] {taskinstance.py:3132} INFO - Exporting env vars: AIRFLOW_CTX_DAG_OWNER='***' AIRFLOW_CTX_DAG_ID='elt-pipeline' AIRFLOW_CTX_TASK_ID='extract_load_group.extract_customers' AIRFLOW_CTX_EXECUTION_DATE='2025-09-04T00:00:00+00:00' AIRFLOW_CTX_TRY_NUMBER='1' AIRFLOW_CTX_DAG_RUN_ID='scheduled__2025-09-04T00:00:00+00:00'
[2025-10-14T04:21:26.137+0000] {taskinstance.py:731} INFO - ::endgroup::
[2025-10-14T04:21:26.289+0000] {extract.py:22} INFO - Data written to customers.csv
[2025-10-14T04:21:26.290+0000] {python.py:240} INFO - Done. Returned value was: None
[2025-10-14T04:21:26.304+0000] {taskinstance.py:340} INFO - ::group::Post task execution logs
[2025-10-14T04:21:26.304+0000] {taskinstance.py:352} INFO - Marking task as SUCCESS. dag_id=elt-pipeline, task_id=extract_load_group.extract_customers, run_id=scheduled__2025-09-04T00:00:00+00:00, execution_date=20250904T000000, start_date=20251014T042125, end_date=20251014T042126
[2025-10-14T04:21:26.347+0000] {local_task_job_runner.py:266} INFO - Task exited with return code 0
[2025-10-14T04:21:26.359+0000] {local_task_job_runner.py:245} INFO - ::endgroup::
[2025-10-14T04:29:27.455+0000] {local_task_job_runner.py:123} INFO - ::group::Pre task execution logs
[2025-10-14T04:29:27.476+0000] {taskinstance.py:2613} INFO - Dependencies all met for dep_context=non-requeueable deps ti=<TaskInstance: elt-pipeline.extract_load_group.extract_customers scheduled__2025-09-04T00:00:00+00:00 [queued]>
[2025-10-14T04:29:27.484+0000] {taskinstance.py:2613} INFO - Dependencies all met for dep_context=requeueable deps ti=<TaskInstance: elt-pipeline.extract_load_group.extract_customers scheduled__2025-09-04T00:00:00+00:00 [queued]>
[2025-10-14T04:29:27.485+0000] {taskinstance.py:2866} INFO - Starting attempt 1 of 1
[2025-10-14T04:29:27.503+0000] {taskinstance.py:2889} INFO - Executing <Task(PythonOperator): extract_load_group.extract_customers> on 2025-09-04 00:00:00+00:00
[2025-10-14T04:29:27.513+0000] {warnings.py:112} WARNING - /home/***/.local/lib/python3.12/site-packages/***/task/task_runner/standard_task_runner.py:70: DeprecationWarning: This process (pid=887) is multi-threaded, use of fork() may lead to deadlocks in the child.
  pid = os.fork()

[2025-10-14T04:29:27.515+0000] {standard_task_runner.py:72} INFO - Started process 894 to run task
[2025-10-14T04:29:27.515+0000] {standard_task_runner.py:104} INFO - Running: ['***', 'tasks', 'run', 'elt-pipeline', 'extract_load_group.extract_customers', 'scheduled__2025-09-04T00:00:00+00:00', '--job-id', '405', '--raw', '--subdir', 'DAGS_FOLDER/elt.py', '--cfg-path', '/tmp/tmpi7w5elav']
[2025-10-14T04:29:27.516+0000] {standard_task_runner.py:105} INFO - Job 405: Subtask extract_load_group.extract_customers
[2025-10-14T04:29:27.585+0000] {task_command.py:467} INFO - Running <TaskInstance: elt-pipeline.extract_load_group.extract_customers scheduled__2025-09-04T00:00:00+00:00 [running]> on host e348b991e0be
[2025-10-14T04:29:27.698+0000] {taskinstance.py:3132} INFO - Exporting env vars: AIRFLOW_CTX_DAG_OWNER='***' AIRFLOW_CTX_DAG_ID='elt-pipeline' AIRFLOW_CTX_TASK_ID='extract_load_group.extract_customers' AIRFLOW_CTX_EXECUTION_DATE='2025-09-04T00:00:00+00:00' AIRFLOW_CTX_TRY_NUMBER='1' AIRFLOW_CTX_DAG_RUN_ID='scheduled__2025-09-04T00:00:00+00:00'
[2025-10-14T04:29:27.699+0000] {taskinstance.py:731} INFO - ::endgroup::
[2025-10-14T04:29:27.860+0000] {extract.py:22} INFO - Data written to customers.csv
[2025-10-14T04:29:27.861+0000] {python.py:240} INFO - Done. Returned value was: None
[2025-10-14T04:29:27.881+0000] {taskinstance.py:340} INFO - ::group::Post task execution logs
[2025-10-14T04:29:27.882+0000] {taskinstance.py:352} INFO - Marking task as SUCCESS. dag_id=elt-pipeline, task_id=extract_load_group.extract_customers, run_id=scheduled__2025-09-04T00:00:00+00:00, execution_date=20250904T000000, start_date=20251014T042927, end_date=20251014T042927
[2025-10-14T04:29:27.931+0000] {local_task_job_runner.py:266} INFO - Task exited with return code 0
[2025-10-14T04:29:27.949+0000] {local_task_job_runner.py:245} INFO - ::endgroup::
[2025-10-14T04:36:23.260+0000] {local_task_job_runner.py:123} INFO - ::group::Pre task execution logs
[2025-10-14T04:36:23.282+0000] {taskinstance.py:2613} INFO - Dependencies all met for dep_context=non-requeueable deps ti=<TaskInstance: elt-pipeline.extract_load_group.extract_customers scheduled__2025-09-04T00:00:00+00:00 [queued]>
[2025-10-14T04:36:23.290+0000] {taskinstance.py:2613} INFO - Dependencies all met for dep_context=requeueable deps ti=<TaskInstance: elt-pipeline.extract_load_group.extract_customers scheduled__2025-09-04T00:00:00+00:00 [queued]>
[2025-10-14T04:36:23.291+0000] {taskinstance.py:2866} INFO - Starting attempt 1 of 1
[2025-10-14T04:36:23.305+0000] {taskinstance.py:2889} INFO - Executing <Task(PythonOperator): extract_load_group.extract_customers> on 2025-09-04 00:00:00+00:00
[2025-10-14T04:36:23.312+0000] {warnings.py:112} WARNING - /home/***/.local/lib/python3.12/site-packages/***/task/task_runner/standard_task_runner.py:70: DeprecationWarning: This process (pid=1238) is multi-threaded, use of fork() may lead to deadlocks in the child.
  pid = os.fork()

[2025-10-14T04:36:23.314+0000] {standard_task_runner.py:72} INFO - Started process 1242 to run task
[2025-10-14T04:36:23.316+0000] {standard_task_runner.py:104} INFO - Running: ['***', 'tasks', 'run', 'elt-pipeline', 'extract_load_group.extract_customers', 'scheduled__2025-09-04T00:00:00+00:00', '--job-id', '475', '--raw', '--subdir', 'DAGS_FOLDER/elt.py', '--cfg-path', '/tmp/tmpp1cjnc0c']
[2025-10-14T04:36:23.318+0000] {standard_task_runner.py:105} INFO - Job 475: Subtask extract_load_group.extract_customers
[2025-10-14T04:36:23.386+0000] {task_command.py:467} INFO - Running <TaskInstance: elt-pipeline.extract_load_group.extract_customers scheduled__2025-09-04T00:00:00+00:00 [running]> on host e348b991e0be
[2025-10-14T04:36:23.500+0000] {taskinstance.py:3132} INFO - Exporting env vars: AIRFLOW_CTX_DAG_OWNER='***' AIRFLOW_CTX_DAG_ID='elt-pipeline' AIRFLOW_CTX_TASK_ID='extract_load_group.extract_customers' AIRFLOW_CTX_EXECUTION_DATE='2025-09-04T00:00:00+00:00' AIRFLOW_CTX_TRY_NUMBER='1' AIRFLOW_CTX_DAG_RUN_ID='scheduled__2025-09-04T00:00:00+00:00'
[2025-10-14T04:36:23.501+0000] {taskinstance.py:731} INFO - ::endgroup::
[2025-10-14T04:36:23.653+0000] {extract.py:22} INFO - Data written to customers.csv
[2025-10-14T04:36:23.654+0000] {python.py:240} INFO - Done. Returned value was: None
[2025-10-14T04:36:23.669+0000] {taskinstance.py:340} INFO - ::group::Post task execution logs
[2025-10-14T04:36:23.670+0000] {taskinstance.py:352} INFO - Marking task as SUCCESS. dag_id=elt-pipeline, task_id=extract_load_group.extract_customers, run_id=scheduled__2025-09-04T00:00:00+00:00, execution_date=20250904T000000, start_date=20251014T043623, end_date=20251014T043623
[2025-10-14T04:36:23.731+0000] {local_task_job_runner.py:266} INFO - Task exited with return code 0
[2025-10-14T04:36:23.772+0000] {taskinstance.py:3895} INFO - 1 downstream tasks scheduled from follow-on schedule check
[2025-10-14T04:36:23.774+0000] {local_task_job_runner.py:245} INFO - ::endgroup::
