[2025-10-13T08:42:40.361+0000] {local_task_job_runner.py:123} INFO - ::group::Pre task execution logs
[2025-10-13T08:42:40.380+0000] {taskinstance.py:2613} INFO - Dependencies all met for dep_context=non-requeueable deps ti=<TaskInstance: elt-pipeline.extract_load_group.load_transactions scheduled__2025-09-05T00:00:00+00:00 [queued]>
[2025-10-13T08:42:40.389+0000] {taskinstance.py:2613} INFO - Dependencies all met for dep_context=requeueable deps ti=<TaskInstance: elt-pipeline.extract_load_group.load_transactions scheduled__2025-09-05T00:00:00+00:00 [queued]>
[2025-10-13T08:42:40.389+0000] {taskinstance.py:2866} INFO - Starting attempt 1 of 1
[2025-10-13T08:42:40.403+0000] {taskinstance.py:2889} INFO - Executing <Task(PythonOperator): extract_load_group.load_transactions> on 2025-09-05 00:00:00+00:00
[2025-10-13T08:42:40.413+0000] {warnings.py:112} WARNING - /home/***/.local/lib/python3.12/site-packages/***/task/task_runner/standard_task_runner.py:70: DeprecationWarning: This process (pid=440) is multi-threaded, use of fork() may lead to deadlocks in the child.
  pid = os.fork()

[2025-10-13T08:42:40.415+0000] {standard_task_runner.py:72} INFO - Started process 445 to run task
[2025-10-13T08:42:40.418+0000] {standard_task_runner.py:104} INFO - Running: ['***', 'tasks', 'run', 'elt-pipeline', 'extract_load_group.load_transactions', 'scheduled__2025-09-05T00:00:00+00:00', '--job-id', '70', '--raw', '--subdir', 'DAGS_FOLDER/elt.py', '--cfg-path', '/tmp/tmp6dfe7k78']
[2025-10-13T08:42:40.420+0000] {standard_task_runner.py:105} INFO - Job 70: Subtask extract_load_group.load_transactions
[2025-10-13T08:42:40.475+0000] {task_command.py:467} INFO - Running <TaskInstance: elt-pipeline.extract_load_group.load_transactions scheduled__2025-09-05T00:00:00+00:00 [running]> on host 84d5a327cf64
[2025-10-13T08:42:40.592+0000] {taskinstance.py:3132} INFO - Exporting env vars: AIRFLOW_CTX_DAG_OWNER='***' AIRFLOW_CTX_DAG_ID='elt-pipeline' AIRFLOW_CTX_TASK_ID='extract_load_group.load_transactions' AIRFLOW_CTX_EXECUTION_DATE='2025-09-05T00:00:00+00:00' AIRFLOW_CTX_TRY_NUMBER='1' AIRFLOW_CTX_DAG_RUN_ID='scheduled__2025-09-05T00:00:00+00:00'
[2025-10-13T08:42:40.593+0000] {taskinstance.py:731} INFO - ::endgroup::
[2025-10-13T08:43:02.450+0000] {load.py:30} INFO - Loaded 29 rows and 4 columns to gcpl-469311.datalabs_techtest.stg_transactions
[2025-10-13T08:43:02.451+0000] {python.py:240} INFO - Done. Returned value was: None
[2025-10-13T08:43:02.465+0000] {taskinstance.py:340} INFO - ::group::Post task execution logs
[2025-10-13T08:43:02.465+0000] {taskinstance.py:352} INFO - Marking task as SUCCESS. dag_id=elt-pipeline, task_id=extract_load_group.load_transactions, run_id=scheduled__2025-09-05T00:00:00+00:00, execution_date=20250905T000000, start_date=20251013T084240, end_date=20251013T084302
[2025-10-13T08:43:02.527+0000] {local_task_job_runner.py:266} INFO - Task exited with return code 0
[2025-10-13T08:43:02.545+0000] {taskinstance.py:3895} INFO - 0 downstream tasks scheduled from follow-on schedule check
[2025-10-13T08:43:02.547+0000] {local_task_job_runner.py:245} INFO - ::endgroup::
[2025-10-13T09:21:50.068+0000] {local_task_job_runner.py:123} INFO - ::group::Pre task execution logs
[2025-10-13T09:21:50.089+0000] {taskinstance.py:2613} INFO - Dependencies all met for dep_context=non-requeueable deps ti=<TaskInstance: elt-pipeline.extract_load_group.load_transactions scheduled__2025-09-05T00:00:00+00:00 [queued]>
[2025-10-13T09:21:50.100+0000] {taskinstance.py:2613} INFO - Dependencies all met for dep_context=requeueable deps ti=<TaskInstance: elt-pipeline.extract_load_group.load_transactions scheduled__2025-09-05T00:00:00+00:00 [queued]>
[2025-10-13T09:21:50.100+0000] {taskinstance.py:2866} INFO - Starting attempt 1 of 1
[2025-10-13T09:21:50.113+0000] {taskinstance.py:2889} INFO - Executing <Task(PythonOperator): extract_load_group.load_transactions> on 2025-09-05 00:00:00+00:00
[2025-10-13T09:21:50.120+0000] {warnings.py:112} WARNING - /home/***/.local/lib/python3.12/site-packages/***/task/task_runner/standard_task_runner.py:70: DeprecationWarning: This process (pid=1463) is multi-threaded, use of fork() may lead to deadlocks in the child.
  pid = os.fork()

[2025-10-13T09:21:50.122+0000] {standard_task_runner.py:72} INFO - Started process 1469 to run task
[2025-10-13T09:21:50.123+0000] {standard_task_runner.py:104} INFO - Running: ['***', 'tasks', 'run', 'elt-pipeline', 'extract_load_group.load_transactions', 'scheduled__2025-09-05T00:00:00+00:00', '--job-id', '213', '--raw', '--subdir', 'DAGS_FOLDER/elt.py', '--cfg-path', '/tmp/tmp_2lagiyx']
[2025-10-13T09:21:50.124+0000] {standard_task_runner.py:105} INFO - Job 213: Subtask extract_load_group.load_transactions
[2025-10-13T09:21:50.195+0000] {task_command.py:467} INFO - Running <TaskInstance: elt-pipeline.extract_load_group.load_transactions scheduled__2025-09-05T00:00:00+00:00 [running]> on host 84d5a327cf64
[2025-10-13T09:21:50.316+0000] {taskinstance.py:3132} INFO - Exporting env vars: AIRFLOW_CTX_DAG_OWNER='***' AIRFLOW_CTX_DAG_ID='elt-pipeline' AIRFLOW_CTX_TASK_ID='extract_load_group.load_transactions' AIRFLOW_CTX_EXECUTION_DATE='2025-09-05T00:00:00+00:00' AIRFLOW_CTX_TRY_NUMBER='1' AIRFLOW_CTX_DAG_RUN_ID='scheduled__2025-09-05T00:00:00+00:00'
[2025-10-13T09:21:50.317+0000] {taskinstance.py:731} INFO - ::endgroup::
[2025-10-13T09:22:01.218+0000] {load.py:30} INFO - Loaded 29 rows and 4 columns to gcpl-469311.datalabs_techtest.stg_transactions
[2025-10-13T09:22:01.219+0000] {python.py:240} INFO - Done. Returned value was: None
[2025-10-13T09:22:01.231+0000] {taskinstance.py:340} INFO - ::group::Post task execution logs
[2025-10-13T09:22:01.231+0000] {taskinstance.py:352} INFO - Marking task as SUCCESS. dag_id=elt-pipeline, task_id=extract_load_group.load_transactions, run_id=scheduled__2025-09-05T00:00:00+00:00, execution_date=20250905T000000, start_date=20251013T092150, end_date=20251013T092201
[2025-10-13T09:22:01.277+0000] {local_task_job_runner.py:266} INFO - Task exited with return code 0
[2025-10-13T09:22:01.300+0000] {taskinstance.py:3895} INFO - 0 downstream tasks scheduled from follow-on schedule check
[2025-10-13T09:22:01.302+0000] {local_task_job_runner.py:245} INFO - ::endgroup::
[2025-10-14T04:21:41.171+0000] {local_task_job_runner.py:123} INFO - ::group::Pre task execution logs
[2025-10-14T04:21:41.191+0000] {taskinstance.py:2613} INFO - Dependencies all met for dep_context=non-requeueable deps ti=<TaskInstance: elt-pipeline.extract_load_group.load_transactions scheduled__2025-09-05T00:00:00+00:00 [queued]>
[2025-10-14T04:21:41.201+0000] {taskinstance.py:2613} INFO - Dependencies all met for dep_context=requeueable deps ti=<TaskInstance: elt-pipeline.extract_load_group.load_transactions scheduled__2025-09-05T00:00:00+00:00 [queued]>
[2025-10-14T04:21:41.201+0000] {taskinstance.py:2866} INFO - Starting attempt 1 of 1
[2025-10-14T04:21:41.218+0000] {taskinstance.py:2889} INFO - Executing <Task(PythonOperator): extract_load_group.load_transactions> on 2025-09-05 00:00:00+00:00
[2025-10-14T04:21:41.226+0000] {warnings.py:112} WARNING - /home/***/.local/lib/python3.12/site-packages/***/task/task_runner/standard_task_runner.py:70: DeprecationWarning: This process (pid=451) is multi-threaded, use of fork() may lead to deadlocks in the child.
  pid = os.fork()

[2025-10-14T04:21:41.228+0000] {standard_task_runner.py:72} INFO - Started process 464 to run task
[2025-10-14T04:21:41.228+0000] {standard_task_runner.py:104} INFO - Running: ['***', 'tasks', 'run', 'elt-pipeline', 'extract_load_group.load_transactions', 'scheduled__2025-09-05T00:00:00+00:00', '--job-id', '315', '--raw', '--subdir', 'DAGS_FOLDER/elt.py', '--cfg-path', '/tmp/tmp_xy4f7ar']
[2025-10-14T04:21:41.230+0000] {standard_task_runner.py:105} INFO - Job 315: Subtask extract_load_group.load_transactions
[2025-10-14T04:21:41.283+0000] {task_command.py:467} INFO - Running <TaskInstance: elt-pipeline.extract_load_group.load_transactions scheduled__2025-09-05T00:00:00+00:00 [running]> on host e348b991e0be
[2025-10-14T04:21:41.378+0000] {taskinstance.py:3132} INFO - Exporting env vars: AIRFLOW_CTX_DAG_OWNER='***' AIRFLOW_CTX_DAG_ID='elt-pipeline' AIRFLOW_CTX_TASK_ID='extract_load_group.load_transactions' AIRFLOW_CTX_EXECUTION_DATE='2025-09-05T00:00:00+00:00' AIRFLOW_CTX_TRY_NUMBER='1' AIRFLOW_CTX_DAG_RUN_ID='scheduled__2025-09-05T00:00:00+00:00'
[2025-10-14T04:21:41.379+0000] {taskinstance.py:731} INFO - ::endgroup::
[2025-10-14T04:21:45.438+0000] {load.py:30} INFO - Loaded 29 rows and 4 columns to gcpl-469311.datalabs_techtest.stg_transactions
[2025-10-14T04:21:45.439+0000] {python.py:240} INFO - Done. Returned value was: None
[2025-10-14T04:21:45.450+0000] {taskinstance.py:340} INFO - ::group::Post task execution logs
[2025-10-14T04:21:45.451+0000] {taskinstance.py:352} INFO - Marking task as SUCCESS. dag_id=elt-pipeline, task_id=extract_load_group.load_transactions, run_id=scheduled__2025-09-05T00:00:00+00:00, execution_date=20250905T000000, start_date=20251014T042141, end_date=20251014T042145
[2025-10-14T04:21:45.495+0000] {local_task_job_runner.py:266} INFO - Task exited with return code 0
[2025-10-14T04:21:45.518+0000] {taskinstance.py:3895} INFO - 0 downstream tasks scheduled from follow-on schedule check
[2025-10-14T04:21:45.520+0000] {local_task_job_runner.py:245} INFO - ::endgroup::
[2025-10-14T04:29:53.369+0000] {local_task_job_runner.py:123} INFO - ::group::Pre task execution logs
[2025-10-14T04:29:53.418+0000] {taskinstance.py:2613} INFO - Dependencies all met for dep_context=non-requeueable deps ti=<TaskInstance: elt-pipeline.extract_load_group.load_transactions scheduled__2025-09-05T00:00:00+00:00 [queued]>
[2025-10-14T04:29:53.432+0000] {taskinstance.py:2613} INFO - Dependencies all met for dep_context=requeueable deps ti=<TaskInstance: elt-pipeline.extract_load_group.load_transactions scheduled__2025-09-05T00:00:00+00:00 [queued]>
[2025-10-14T04:29:53.432+0000] {taskinstance.py:2866} INFO - Starting attempt 1 of 1
[2025-10-14T04:29:53.470+0000] {taskinstance.py:2889} INFO - Executing <Task(PythonOperator): extract_load_group.load_transactions> on 2025-09-05 00:00:00+00:00
[2025-10-14T04:29:53.479+0000] {warnings.py:112} WARNING - /home/***/.local/lib/python3.12/site-packages/***/task/task_runner/standard_task_runner.py:70: DeprecationWarning: This process (pid=950) is multi-threaded, use of fork() may lead to deadlocks in the child.
  pid = os.fork()

[2025-10-14T04:29:53.481+0000] {standard_task_runner.py:72} INFO - Started process 957 to run task
[2025-10-14T04:29:53.481+0000] {standard_task_runner.py:104} INFO - Running: ['***', 'tasks', 'run', 'elt-pipeline', 'extract_load_group.load_transactions', 'scheduled__2025-09-05T00:00:00+00:00', '--job-id', '419', '--raw', '--subdir', 'DAGS_FOLDER/elt.py', '--cfg-path', '/tmp/tmpfx5njomd']
[2025-10-14T04:29:53.483+0000] {standard_task_runner.py:105} INFO - Job 419: Subtask extract_load_group.load_transactions
[2025-10-14T04:29:53.573+0000] {task_command.py:467} INFO - Running <TaskInstance: elt-pipeline.extract_load_group.load_transactions scheduled__2025-09-05T00:00:00+00:00 [running]> on host e348b991e0be
[2025-10-14T04:29:53.721+0000] {taskinstance.py:3132} INFO - Exporting env vars: AIRFLOW_CTX_DAG_OWNER='***' AIRFLOW_CTX_DAG_ID='elt-pipeline' AIRFLOW_CTX_TASK_ID='extract_load_group.load_transactions' AIRFLOW_CTX_EXECUTION_DATE='2025-09-05T00:00:00+00:00' AIRFLOW_CTX_TRY_NUMBER='1' AIRFLOW_CTX_DAG_RUN_ID='scheduled__2025-09-05T00:00:00+00:00'
[2025-10-14T04:29:53.723+0000] {taskinstance.py:731} INFO - ::endgroup::
[2025-10-14T04:29:57.654+0000] {load.py:30} INFO - Loaded 29 rows and 4 columns to gcpl-469311.datalabs_techtest.stg_transactions
[2025-10-14T04:29:57.655+0000] {python.py:240} INFO - Done. Returned value was: None
[2025-10-14T04:29:57.668+0000] {taskinstance.py:340} INFO - ::group::Post task execution logs
[2025-10-14T04:29:57.668+0000] {taskinstance.py:352} INFO - Marking task as SUCCESS. dag_id=elt-pipeline, task_id=extract_load_group.load_transactions, run_id=scheduled__2025-09-05T00:00:00+00:00, execution_date=20250905T000000, start_date=20251014T042953, end_date=20251014T042957
[2025-10-14T04:29:57.711+0000] {local_task_job_runner.py:266} INFO - Task exited with return code 0
[2025-10-14T04:29:57.726+0000] {local_task_job_runner.py:245} INFO - ::endgroup::
[2025-10-14T04:36:49.871+0000] {local_task_job_runner.py:123} INFO - ::group::Pre task execution logs
[2025-10-14T04:36:49.896+0000] {taskinstance.py:2613} INFO - Dependencies all met for dep_context=non-requeueable deps ti=<TaskInstance: elt-pipeline.extract_load_group.load_transactions scheduled__2025-09-05T00:00:00+00:00 [queued]>
[2025-10-14T04:36:49.907+0000] {taskinstance.py:2613} INFO - Dependencies all met for dep_context=requeueable deps ti=<TaskInstance: elt-pipeline.extract_load_group.load_transactions scheduled__2025-09-05T00:00:00+00:00 [queued]>
[2025-10-14T04:36:49.908+0000] {taskinstance.py:2866} INFO - Starting attempt 1 of 1
[2025-10-14T04:36:49.924+0000] {taskinstance.py:2889} INFO - Executing <Task(PythonOperator): extract_load_group.load_transactions> on 2025-09-05 00:00:00+00:00
[2025-10-14T04:36:49.934+0000] {warnings.py:112} WARNING - /home/***/.local/lib/python3.12/site-packages/***/task/task_runner/standard_task_runner.py:70: DeprecationWarning: This process (pid=1293) is multi-threaded, use of fork() may lead to deadlocks in the child.
  pid = os.fork()

[2025-10-14T04:36:49.936+0000] {standard_task_runner.py:72} INFO - Started process 1301 to run task
[2025-10-14T04:36:49.936+0000] {standard_task_runner.py:104} INFO - Running: ['***', 'tasks', 'run', 'elt-pipeline', 'extract_load_group.load_transactions', 'scheduled__2025-09-05T00:00:00+00:00', '--job-id', '493', '--raw', '--subdir', 'DAGS_FOLDER/elt.py', '--cfg-path', '/tmp/tmpwc1zv8fx']
[2025-10-14T04:36:49.938+0000] {standard_task_runner.py:105} INFO - Job 493: Subtask extract_load_group.load_transactions
[2025-10-14T04:36:50.006+0000] {task_command.py:467} INFO - Running <TaskInstance: elt-pipeline.extract_load_group.load_transactions scheduled__2025-09-05T00:00:00+00:00 [running]> on host e348b991e0be
[2025-10-14T04:36:50.124+0000] {taskinstance.py:3132} INFO - Exporting env vars: AIRFLOW_CTX_DAG_OWNER='***' AIRFLOW_CTX_DAG_ID='elt-pipeline' AIRFLOW_CTX_TASK_ID='extract_load_group.load_transactions' AIRFLOW_CTX_EXECUTION_DATE='2025-09-05T00:00:00+00:00' AIRFLOW_CTX_TRY_NUMBER='1' AIRFLOW_CTX_DAG_RUN_ID='scheduled__2025-09-05T00:00:00+00:00'
[2025-10-14T04:36:50.125+0000] {taskinstance.py:731} INFO - ::endgroup::
[2025-10-14T04:36:53.980+0000] {load.py:30} INFO - Loaded 29 rows and 4 columns to gcpl-469311.datalabs_techtest.stg_transactions
[2025-10-14T04:36:53.981+0000] {python.py:240} INFO - Done. Returned value was: None
[2025-10-14T04:36:53.994+0000] {taskinstance.py:340} INFO - ::group::Post task execution logs
[2025-10-14T04:36:53.994+0000] {taskinstance.py:352} INFO - Marking task as SUCCESS. dag_id=elt-pipeline, task_id=extract_load_group.load_transactions, run_id=scheduled__2025-09-05T00:00:00+00:00, execution_date=20250905T000000, start_date=20251014T043649, end_date=20251014T043653
[2025-10-14T04:36:54.044+0000] {local_task_job_runner.py:266} INFO - Task exited with return code 0
[2025-10-14T04:36:54.058+0000] {local_task_job_runner.py:245} INFO - ::endgroup::
