[2025-10-13T09:22:23.205+0000] {local_task_job_runner.py:123} INFO - ::group::Pre task execution logs
[2025-10-13T09:22:23.225+0000] {taskinstance.py:2613} INFO - Dependencies all met for dep_context=non-requeueable deps ti=<TaskInstance: elt-pipeline.cleanup scheduled__2025-09-06T00:00:00+00:00 [queued]>
[2025-10-13T09:22:23.234+0000] {taskinstance.py:2613} INFO - Dependencies all met for dep_context=requeueable deps ti=<TaskInstance: elt-pipeline.cleanup scheduled__2025-09-06T00:00:00+00:00 [queued]>
[2025-10-13T09:22:23.234+0000] {taskinstance.py:2866} INFO - Starting attempt 1 of 1
[2025-10-13T09:22:23.247+0000] {taskinstance.py:2889} INFO - Executing <Task(BashOperator): cleanup> on 2025-09-06 00:00:00+00:00
[2025-10-13T09:22:23.254+0000] {warnings.py:112} WARNING - /home/***/.local/lib/python3.12/site-packages/***/task/task_runner/standard_task_runner.py:70: DeprecationWarning: This process (pid=1526) is multi-threaded, use of fork() may lead to deadlocks in the child.
  pid = os.fork()

[2025-10-13T09:22:23.255+0000] {standard_task_runner.py:72} INFO - Started process 1527 to run task
[2025-10-13T09:22:23.255+0000] {standard_task_runner.py:104} INFO - Running: ['***', 'tasks', 'run', 'elt-pipeline', 'cleanup', 'scheduled__2025-09-06T00:00:00+00:00', '--job-id', '229', '--raw', '--subdir', 'DAGS_FOLDER/elt.py', '--cfg-path', '/tmp/tmpc0qq1bh8']
[2025-10-13T09:22:23.257+0000] {standard_task_runner.py:105} INFO - Job 229: Subtask cleanup
[2025-10-13T09:22:23.305+0000] {task_command.py:467} INFO - Running <TaskInstance: elt-pipeline.cleanup scheduled__2025-09-06T00:00:00+00:00 [running]> on host 84d5a327cf64
[2025-10-13T09:22:23.389+0000] {taskinstance.py:3132} INFO - Exporting env vars: AIRFLOW_CTX_DAG_OWNER='***' AIRFLOW_CTX_DAG_ID='elt-pipeline' AIRFLOW_CTX_TASK_ID='cleanup' AIRFLOW_CTX_EXECUTION_DATE='2025-09-06T00:00:00+00:00' AIRFLOW_CTX_TRY_NUMBER='1' AIRFLOW_CTX_DAG_RUN_ID='scheduled__2025-09-06T00:00:00+00:00'
[2025-10-13T09:22:23.390+0000] {taskinstance.py:731} INFO - ::endgroup::
[2025-10-13T09:22:23.402+0000] {subprocess.py:78} INFO - Tmp dir root location: /tmp
[2025-10-13T09:22:23.403+0000] {subprocess.py:88} INFO - Running command: ['/usr/bin/bash', '-c', 'rm -rf /tmp/*.csv']
[2025-10-13T09:22:23.415+0000] {subprocess.py:99} INFO - Output:
[2025-10-13T09:22:23.418+0000] {subprocess.py:110} INFO - Command exited with return code 0
[2025-10-13T09:22:23.446+0000] {taskinstance.py:340} INFO - ::group::Post task execution logs
[2025-10-13T09:22:23.447+0000] {taskinstance.py:352} INFO - Marking task as SUCCESS. dag_id=elt-pipeline, task_id=cleanup, run_id=scheduled__2025-09-06T00:00:00+00:00, execution_date=20250906T000000, start_date=20251013T092223, end_date=20251013T092223
[2025-10-13T09:22:23.470+0000] {local_task_job_runner.py:266} INFO - Task exited with return code 0
[2025-10-13T09:22:23.491+0000] {taskinstance.py:3895} INFO - 0 downstream tasks scheduled from follow-on schedule check
[2025-10-13T09:22:23.493+0000] {local_task_job_runner.py:245} INFO - ::endgroup::
[2025-10-14T04:30:26.067+0000] {local_task_job_runner.py:123} INFO - ::group::Pre task execution logs
[2025-10-14T04:30:26.086+0000] {taskinstance.py:2613} INFO - Dependencies all met for dep_context=non-requeueable deps ti=<TaskInstance: elt-pipeline.cleanup scheduled__2025-09-06T00:00:00+00:00 [queued]>
[2025-10-14T04:30:26.093+0000] {taskinstance.py:2613} INFO - Dependencies all met for dep_context=requeueable deps ti=<TaskInstance: elt-pipeline.cleanup scheduled__2025-09-06T00:00:00+00:00 [queued]>
[2025-10-14T04:30:26.094+0000] {taskinstance.py:2866} INFO - Starting attempt 1 of 1
[2025-10-14T04:30:26.106+0000] {taskinstance.py:2889} INFO - Executing <Task(BashOperator): cleanup> on 2025-09-06 00:00:00+00:00
[2025-10-14T04:30:26.112+0000] {warnings.py:112} WARNING - /home/***/.local/lib/python3.12/site-packages/***/task/task_runner/standard_task_runner.py:70: DeprecationWarning: This process (pid=1020) is multi-threaded, use of fork() may lead to deadlocks in the child.
  pid = os.fork()

[2025-10-14T04:30:26.114+0000] {standard_task_runner.py:72} INFO - Started process 1021 to run task
[2025-10-14T04:30:26.114+0000] {standard_task_runner.py:104} INFO - Running: ['***', 'tasks', 'run', 'elt-pipeline', 'cleanup', 'scheduled__2025-09-06T00:00:00+00:00', '--job-id', '436', '--raw', '--subdir', 'DAGS_FOLDER/elt.py', '--cfg-path', '/tmp/tmps7zk0t9o']
[2025-10-14T04:30:26.115+0000] {standard_task_runner.py:105} INFO - Job 436: Subtask cleanup
[2025-10-14T04:30:26.165+0000] {task_command.py:467} INFO - Running <TaskInstance: elt-pipeline.cleanup scheduled__2025-09-06T00:00:00+00:00 [running]> on host e348b991e0be
[2025-10-14T04:30:26.248+0000] {taskinstance.py:3132} INFO - Exporting env vars: AIRFLOW_CTX_DAG_OWNER='***' AIRFLOW_CTX_DAG_ID='elt-pipeline' AIRFLOW_CTX_TASK_ID='cleanup' AIRFLOW_CTX_EXECUTION_DATE='2025-09-06T00:00:00+00:00' AIRFLOW_CTX_TRY_NUMBER='1' AIRFLOW_CTX_DAG_RUN_ID='scheduled__2025-09-06T00:00:00+00:00'
[2025-10-14T04:30:26.249+0000] {taskinstance.py:731} INFO - ::endgroup::
[2025-10-14T04:30:26.261+0000] {subprocess.py:78} INFO - Tmp dir root location: /tmp
[2025-10-14T04:30:26.263+0000] {subprocess.py:88} INFO - Running command: ['/usr/bin/bash', '-c', 'rm -rf /tmp/*.csv']
[2025-10-14T04:30:26.273+0000] {subprocess.py:99} INFO - Output:
[2025-10-14T04:30:26.276+0000] {subprocess.py:110} INFO - Command exited with return code 0
[2025-10-14T04:30:26.305+0000] {taskinstance.py:340} INFO - ::group::Post task execution logs
[2025-10-14T04:30:26.306+0000] {taskinstance.py:352} INFO - Marking task as SUCCESS. dag_id=elt-pipeline, task_id=cleanup, run_id=scheduled__2025-09-06T00:00:00+00:00, execution_date=20250906T000000, start_date=20251014T043026, end_date=20251014T043026
[2025-10-14T04:30:26.328+0000] {local_task_job_runner.py:266} INFO - Task exited with return code 0
[2025-10-14T04:30:26.360+0000] {taskinstance.py:3895} INFO - 1 downstream tasks scheduled from follow-on schedule check
[2025-10-14T04:30:26.363+0000] {local_task_job_runner.py:245} INFO - ::endgroup::
[2025-10-14T04:37:20.542+0000] {local_task_job_runner.py:123} INFO - ::group::Pre task execution logs
[2025-10-14T04:37:20.561+0000] {taskinstance.py:2613} INFO - Dependencies all met for dep_context=non-requeueable deps ti=<TaskInstance: elt-pipeline.cleanup scheduled__2025-09-06T00:00:00+00:00 [queued]>
[2025-10-14T04:37:20.569+0000] {taskinstance.py:2613} INFO - Dependencies all met for dep_context=requeueable deps ti=<TaskInstance: elt-pipeline.cleanup scheduled__2025-09-06T00:00:00+00:00 [queued]>
[2025-10-14T04:37:20.570+0000] {taskinstance.py:2866} INFO - Starting attempt 1 of 1
[2025-10-14T04:37:20.582+0000] {taskinstance.py:2889} INFO - Executing <Task(BashOperator): cleanup> on 2025-09-06 00:00:00+00:00
[2025-10-14T04:37:20.589+0000] {warnings.py:112} WARNING - /home/***/.local/lib/python3.12/site-packages/***/task/task_runner/standard_task_runner.py:70: DeprecationWarning: This process (pid=1362) is multi-threaded, use of fork() may lead to deadlocks in the child.
  pid = os.fork()

[2025-10-14T04:37:20.590+0000] {standard_task_runner.py:72} INFO - Started process 1363 to run task
[2025-10-14T04:37:20.590+0000] {standard_task_runner.py:104} INFO - Running: ['***', 'tasks', 'run', 'elt-pipeline', 'cleanup', 'scheduled__2025-09-06T00:00:00+00:00', '--job-id', '508', '--raw', '--subdir', 'DAGS_FOLDER/elt.py', '--cfg-path', '/tmp/tmpl5xr1beg']
[2025-10-14T04:37:20.591+0000] {standard_task_runner.py:105} INFO - Job 508: Subtask cleanup
[2025-10-14T04:37:20.644+0000] {task_command.py:467} INFO - Running <TaskInstance: elt-pipeline.cleanup scheduled__2025-09-06T00:00:00+00:00 [running]> on host e348b991e0be
[2025-10-14T04:37:20.726+0000] {taskinstance.py:3132} INFO - Exporting env vars: AIRFLOW_CTX_DAG_OWNER='***' AIRFLOW_CTX_DAG_ID='elt-pipeline' AIRFLOW_CTX_TASK_ID='cleanup' AIRFLOW_CTX_EXECUTION_DATE='2025-09-06T00:00:00+00:00' AIRFLOW_CTX_TRY_NUMBER='1' AIRFLOW_CTX_DAG_RUN_ID='scheduled__2025-09-06T00:00:00+00:00'
[2025-10-14T04:37:20.727+0000] {taskinstance.py:731} INFO - ::endgroup::
[2025-10-14T04:37:20.741+0000] {subprocess.py:78} INFO - Tmp dir root location: /tmp
[2025-10-14T04:37:20.742+0000] {subprocess.py:88} INFO - Running command: ['/usr/bin/bash', '-c', 'rm -rf /tmp/*.csv']
[2025-10-14T04:37:20.753+0000] {subprocess.py:99} INFO - Output:
[2025-10-14T04:37:20.756+0000] {subprocess.py:110} INFO - Command exited with return code 0
[2025-10-14T04:37:20.784+0000] {taskinstance.py:340} INFO - ::group::Post task execution logs
[2025-10-14T04:37:20.784+0000] {taskinstance.py:352} INFO - Marking task as SUCCESS. dag_id=elt-pipeline, task_id=cleanup, run_id=scheduled__2025-09-06T00:00:00+00:00, execution_date=20250906T000000, start_date=20251014T043720, end_date=20251014T043720
[2025-10-14T04:37:20.806+0000] {local_task_job_runner.py:266} INFO - Task exited with return code 0
[2025-10-14T04:37:20.836+0000] {taskinstance.py:3895} INFO - 1 downstream tasks scheduled from follow-on schedule check
[2025-10-14T04:37:20.838+0000] {local_task_job_runner.py:245} INFO - ::endgroup::
