[2025-10-14T04:42:40.571+0000] {local_task_job_runner.py:123} INFO - ::group::Pre task execution logs
[2025-10-14T04:42:40.589+0000] {taskinstance.py:2613} INFO - Dependencies all met for dep_context=non-requeueable deps ti=<TaskInstance: elt-pipeline.cleanup scheduled__2025-09-15T00:00:00+00:00 [queued]>
[2025-10-14T04:42:40.597+0000] {taskinstance.py:2613} INFO - Dependencies all met for dep_context=requeueable deps ti=<TaskInstance: elt-pipeline.cleanup scheduled__2025-09-15T00:00:00+00:00 [queued]>
[2025-10-14T04:42:40.598+0000] {taskinstance.py:2866} INFO - Starting attempt 1 of 1
[2025-10-14T04:42:40.610+0000] {taskinstance.py:2889} INFO - Executing <Task(BashOperator): cleanup> on 2025-09-15 00:00:00+00:00
[2025-10-14T04:42:40.617+0000] {warnings.py:112} WARNING - /home/***/.local/lib/python3.12/site-packages/***/task/task_runner/standard_task_runner.py:70: DeprecationWarning: This process (pid=1819) is multi-threaded, use of fork() may lead to deadlocks in the child.
  pid = os.fork()

[2025-10-14T04:42:40.618+0000] {standard_task_runner.py:72} INFO - Started process 1820 to run task
[2025-10-14T04:42:40.619+0000] {standard_task_runner.py:104} INFO - Running: ['***', 'tasks', 'run', 'elt-pipeline', 'cleanup', 'scheduled__2025-09-15T00:00:00+00:00', '--job-id', '616', '--raw', '--subdir', 'DAGS_FOLDER/elt.py', '--cfg-path', '/tmp/tmpm93tx9qc']
[2025-10-14T04:42:40.620+0000] {standard_task_runner.py:105} INFO - Job 616: Subtask cleanup
[2025-10-14T04:42:40.666+0000] {task_command.py:467} INFO - Running <TaskInstance: elt-pipeline.cleanup scheduled__2025-09-15T00:00:00+00:00 [running]> on host e348b991e0be
[2025-10-14T04:42:40.751+0000] {taskinstance.py:3132} INFO - Exporting env vars: AIRFLOW_CTX_DAG_OWNER='***' AIRFLOW_CTX_DAG_ID='elt-pipeline' AIRFLOW_CTX_TASK_ID='cleanup' AIRFLOW_CTX_EXECUTION_DATE='2025-09-15T00:00:00+00:00' AIRFLOW_CTX_TRY_NUMBER='1' AIRFLOW_CTX_DAG_RUN_ID='scheduled__2025-09-15T00:00:00+00:00'
[2025-10-14T04:42:40.752+0000] {taskinstance.py:731} INFO - ::endgroup::
[2025-10-14T04:42:40.765+0000] {subprocess.py:78} INFO - Tmp dir root location: /tmp
[2025-10-14T04:42:40.766+0000] {subprocess.py:88} INFO - Running command: ['/usr/bin/bash', '-c', 'rm -rf /tmp/*.csv']
[2025-10-14T04:42:40.776+0000] {subprocess.py:99} INFO - Output:
[2025-10-14T04:42:40.779+0000] {subprocess.py:110} INFO - Command exited with return code 0
[2025-10-14T04:42:40.807+0000] {taskinstance.py:340} INFO - ::group::Post task execution logs
[2025-10-14T04:42:40.808+0000] {taskinstance.py:352} INFO - Marking task as SUCCESS. dag_id=elt-pipeline, task_id=cleanup, run_id=scheduled__2025-09-15T00:00:00+00:00, execution_date=20250915T000000, start_date=20251014T044240, end_date=20251014T044240
[2025-10-14T04:42:40.833+0000] {local_task_job_runner.py:266} INFO - Task exited with return code 0
[2025-10-14T04:42:40.859+0000] {taskinstance.py:3895} INFO - 1 downstream tasks scheduled from follow-on schedule check
[2025-10-14T04:42:40.861+0000] {local_task_job_runner.py:245} INFO - ::endgroup::
