[2025-10-13T08:36:36.244+0000] {local_task_job_runner.py:123} INFO - ::group::Pre task execution logs
[2025-10-13T08:36:36.268+0000] {taskinstance.py:2613} INFO - Dependencies all met for dep_context=non-requeueable deps ti=<TaskInstance: elt-pipeline.extract_load_group.extract_transactions scheduled__2025-09-01T00:00:00+00:00 [queued]>
[2025-10-13T08:36:36.279+0000] {taskinstance.py:2613} INFO - Dependencies all met for dep_context=requeueable deps ti=<TaskInstance: elt-pipeline.extract_load_group.extract_transactions scheduled__2025-09-01T00:00:00+00:00 [queued]>
[2025-10-13T08:36:36.279+0000] {taskinstance.py:2866} INFO - Starting attempt 1 of 1
[2025-10-13T08:36:36.295+0000] {taskinstance.py:2889} INFO - Executing <Task(PythonOperator): extract_load_group.extract_transactions> on 2025-09-01 00:00:00+00:00
[2025-10-13T08:36:36.304+0000] {warnings.py:112} WARNING - /home/***/.local/lib/python3.12/site-packages/***/task/task_runner/standard_task_runner.py:70: DeprecationWarning: This process (pid=137) is multi-threaded, use of fork() may lead to deadlocks in the child.
  pid = os.fork()

[2025-10-13T08:36:36.307+0000] {standard_task_runner.py:72} INFO - Started process 141 to run task
[2025-10-13T08:36:36.306+0000] {standard_task_runner.py:104} INFO - Running: ['***', 'tasks', 'run', 'elt-pipeline', 'extract_load_group.extract_transactions', 'scheduled__2025-09-01T00:00:00+00:00', '--job-id', '6', '--raw', '--subdir', 'DAGS_FOLDER/elt.py', '--cfg-path', '/tmp/tmpjoi_j5a2']
[2025-10-13T08:36:36.308+0000] {standard_task_runner.py:105} INFO - Job 6: Subtask extract_load_group.extract_transactions
[2025-10-13T08:36:36.381+0000] {task_command.py:467} INFO - Running <TaskInstance: elt-pipeline.extract_load_group.extract_transactions scheduled__2025-09-01T00:00:00+00:00 [running]> on host 84d5a327cf64
[2025-10-13T08:36:36.490+0000] {taskinstance.py:3132} INFO - Exporting env vars: AIRFLOW_CTX_DAG_OWNER='***' AIRFLOW_CTX_DAG_ID='elt-pipeline' AIRFLOW_CTX_TASK_ID='extract_load_group.extract_transactions' AIRFLOW_CTX_EXECUTION_DATE='2025-09-01T00:00:00+00:00' AIRFLOW_CTX_TRY_NUMBER='1' AIRFLOW_CTX_DAG_RUN_ID='scheduled__2025-09-01T00:00:00+00:00'
[2025-10-13T08:36:36.491+0000] {taskinstance.py:731} INFO - ::endgroup::
[2025-10-13T08:36:36.716+0000] {extract.py:22} INFO - Data written to transactions.csv
[2025-10-13T08:36:36.717+0000] {python.py:240} INFO - Done. Returned value was: None
[2025-10-13T08:36:36.733+0000] {taskinstance.py:340} INFO - ::group::Post task execution logs
[2025-10-13T08:36:36.734+0000] {taskinstance.py:352} INFO - Marking task as SUCCESS. dag_id=elt-pipeline, task_id=extract_load_group.extract_transactions, run_id=scheduled__2025-09-01T00:00:00+00:00, execution_date=20250901T000000, start_date=20251013T083636, end_date=20251013T083636
[2025-10-13T08:36:36.806+0000] {local_task_job_runner.py:266} INFO - Task exited with return code 0
[2025-10-13T08:36:36.819+0000] {local_task_job_runner.py:245} INFO - ::endgroup::
[2025-10-13T08:44:44.008+0000] {local_task_job_runner.py:123} INFO - ::group::Pre task execution logs
[2025-10-13T08:44:44.029+0000] {taskinstance.py:2613} INFO - Dependencies all met for dep_context=non-requeueable deps ti=<TaskInstance: elt-pipeline.extract_load_group.extract_transactions scheduled__2025-09-01T00:00:00+00:00 [queued]>
[2025-10-13T08:44:44.039+0000] {taskinstance.py:2613} INFO - Dependencies all met for dep_context=requeueable deps ti=<TaskInstance: elt-pipeline.extract_load_group.extract_transactions scheduled__2025-09-01T00:00:00+00:00 [queued]>
[2025-10-13T08:44:44.040+0000] {taskinstance.py:2866} INFO - Starting attempt 1 of 1
[2025-10-13T08:44:44.058+0000] {taskinstance.py:2889} INFO - Executing <Task(PythonOperator): extract_load_group.extract_transactions> on 2025-09-01 00:00:00+00:00
[2025-10-13T08:44:44.067+0000] {warnings.py:112} WARNING - /home/***/.local/lib/python3.12/site-packages/***/task/task_runner/standard_task_runner.py:70: DeprecationWarning: This process (pid=485) is multi-threaded, use of fork() may lead to deadlocks in the child.
  pid = os.fork()

[2025-10-13T08:44:44.070+0000] {standard_task_runner.py:72} INFO - Started process 497 to run task
[2025-10-13T08:44:44.070+0000] {standard_task_runner.py:104} INFO - Running: ['***', 'tasks', 'run', 'elt-pipeline', 'extract_load_group.extract_transactions', 'scheduled__2025-09-01T00:00:00+00:00', '--job-id', '78', '--raw', '--subdir', 'DAGS_FOLDER/elt.py', '--cfg-path', '/tmp/tmp7_qxw9g_']
[2025-10-13T08:44:44.071+0000] {standard_task_runner.py:105} INFO - Job 78: Subtask extract_load_group.extract_transactions
[2025-10-13T08:44:44.139+0000] {task_command.py:467} INFO - Running <TaskInstance: elt-pipeline.extract_load_group.extract_transactions scheduled__2025-09-01T00:00:00+00:00 [running]> on host 84d5a327cf64
[2025-10-13T08:44:44.234+0000] {taskinstance.py:3132} INFO - Exporting env vars: AIRFLOW_CTX_DAG_OWNER='***' AIRFLOW_CTX_DAG_ID='elt-pipeline' AIRFLOW_CTX_TASK_ID='extract_load_group.extract_transactions' AIRFLOW_CTX_EXECUTION_DATE='2025-09-01T00:00:00+00:00' AIRFLOW_CTX_TRY_NUMBER='1' AIRFLOW_CTX_DAG_RUN_ID='scheduled__2025-09-01T00:00:00+00:00'
[2025-10-13T08:44:44.235+0000] {taskinstance.py:731} INFO - ::endgroup::
[2025-10-13T08:44:44.391+0000] {extract.py:22} INFO - Data written to transactions.csv
[2025-10-13T08:44:44.392+0000] {python.py:240} INFO - Done. Returned value was: None
[2025-10-13T08:44:44.410+0000] {taskinstance.py:340} INFO - ::group::Post task execution logs
[2025-10-13T08:44:44.411+0000] {taskinstance.py:352} INFO - Marking task as SUCCESS. dag_id=elt-pipeline, task_id=extract_load_group.extract_transactions, run_id=scheduled__2025-09-01T00:00:00+00:00, execution_date=20250901T000000, start_date=20251013T084444, end_date=20251013T084444
[2025-10-13T08:44:44.446+0000] {local_task_job_runner.py:266} INFO - Task exited with return code 0
[2025-10-13T08:44:44.460+0000] {local_task_job_runner.py:245} INFO - ::endgroup::
[2025-10-13T08:53:59.264+0000] {local_task_job_runner.py:123} INFO - ::group::Pre task execution logs
[2025-10-13T08:53:59.290+0000] {taskinstance.py:2613} INFO - Dependencies all met for dep_context=non-requeueable deps ti=<TaskInstance: elt-pipeline.extract_load_group.extract_transactions scheduled__2025-09-01T00:00:00+00:00 [queued]>
[2025-10-13T08:53:59.301+0000] {taskinstance.py:2613} INFO - Dependencies all met for dep_context=requeueable deps ti=<TaskInstance: elt-pipeline.extract_load_group.extract_transactions scheduled__2025-09-01T00:00:00+00:00 [queued]>
[2025-10-13T08:53:59.302+0000] {taskinstance.py:2866} INFO - Starting attempt 1 of 1
[2025-10-13T08:53:59.318+0000] {taskinstance.py:2889} INFO - Executing <Task(PythonOperator): extract_load_group.extract_transactions> on 2025-09-01 00:00:00+00:00
[2025-10-13T08:53:59.328+0000] {warnings.py:112} WARNING - /home/***/.local/lib/python3.12/site-packages/***/task/task_runner/standard_task_runner.py:70: DeprecationWarning: This process (pid=675) is multi-threaded, use of fork() may lead to deadlocks in the child.
  pid = os.fork()

[2025-10-13T08:53:59.330+0000] {standard_task_runner.py:72} INFO - Started process 682 to run task
[2025-10-13T08:53:59.330+0000] {standard_task_runner.py:104} INFO - Running: ['***', 'tasks', 'run', 'elt-pipeline', 'extract_load_group.extract_transactions', 'scheduled__2025-09-01T00:00:00+00:00', '--job-id', '97', '--raw', '--subdir', 'DAGS_FOLDER/elt.py', '--cfg-path', '/tmp/tmp_b7v09fm']
[2025-10-13T08:53:59.331+0000] {standard_task_runner.py:105} INFO - Job 97: Subtask extract_load_group.extract_transactions
[2025-10-13T08:53:59.404+0000] {task_command.py:467} INFO - Running <TaskInstance: elt-pipeline.extract_load_group.extract_transactions scheduled__2025-09-01T00:00:00+00:00 [running]> on host 84d5a327cf64
[2025-10-13T08:53:59.524+0000] {taskinstance.py:3132} INFO - Exporting env vars: AIRFLOW_CTX_DAG_OWNER='***' AIRFLOW_CTX_DAG_ID='elt-pipeline' AIRFLOW_CTX_TASK_ID='extract_load_group.extract_transactions' AIRFLOW_CTX_EXECUTION_DATE='2025-09-01T00:00:00+00:00' AIRFLOW_CTX_TRY_NUMBER='1' AIRFLOW_CTX_DAG_RUN_ID='scheduled__2025-09-01T00:00:00+00:00'
[2025-10-13T08:53:59.527+0000] {taskinstance.py:731} INFO - ::endgroup::
[2025-10-13T08:53:59.686+0000] {extract.py:22} INFO - Data written to transactions.csv
[2025-10-13T08:53:59.687+0000] {python.py:240} INFO - Done. Returned value was: None
[2025-10-13T08:53:59.703+0000] {taskinstance.py:340} INFO - ::group::Post task execution logs
[2025-10-13T08:53:59.704+0000] {taskinstance.py:352} INFO - Marking task as SUCCESS. dag_id=elt-pipeline, task_id=extract_load_group.extract_transactions, run_id=scheduled__2025-09-01T00:00:00+00:00, execution_date=20250901T000000, start_date=20251013T085359, end_date=20251013T085359
[2025-10-13T08:53:59.747+0000] {local_task_job_runner.py:266} INFO - Task exited with return code 0
[2025-10-13T08:53:59.757+0000] {local_task_job_runner.py:245} INFO - ::endgroup::
[2025-10-13T09:04:28.034+0000] {local_task_job_runner.py:123} INFO - ::group::Pre task execution logs
[2025-10-13T09:04:28.059+0000] {taskinstance.py:2613} INFO - Dependencies all met for dep_context=non-requeueable deps ti=<TaskInstance: elt-pipeline.extract_load_group.extract_transactions scheduled__2025-09-01T00:00:00+00:00 [queued]>
[2025-10-13T09:04:28.068+0000] {taskinstance.py:2613} INFO - Dependencies all met for dep_context=requeueable deps ti=<TaskInstance: elt-pipeline.extract_load_group.extract_transactions scheduled__2025-09-01T00:00:00+00:00 [queued]>
[2025-10-13T09:04:28.069+0000] {taskinstance.py:2866} INFO - Starting attempt 1 of 1
[2025-10-13T09:04:28.085+0000] {taskinstance.py:2889} INFO - Executing <Task(PythonOperator): extract_load_group.extract_transactions> on 2025-09-01 00:00:00+00:00
[2025-10-13T09:04:28.094+0000] {warnings.py:112} WARNING - /home/***/.local/lib/python3.12/site-packages/***/task/task_runner/standard_task_runner.py:70: DeprecationWarning: This process (pid=958) is multi-threaded, use of fork() may lead to deadlocks in the child.
  pid = os.fork()

[2025-10-13T09:04:28.097+0000] {standard_task_runner.py:72} INFO - Started process 961 to run task
[2025-10-13T09:04:28.097+0000] {standard_task_runner.py:104} INFO - Running: ['***', 'tasks', 'run', 'elt-pipeline', 'extract_load_group.extract_transactions', 'scheduled__2025-09-01T00:00:00+00:00', '--job-id', '135', '--raw', '--subdir', 'DAGS_FOLDER/elt.py', '--cfg-path', '/tmp/tmpxylbhkjc']
[2025-10-13T09:04:28.099+0000] {standard_task_runner.py:105} INFO - Job 135: Subtask extract_load_group.extract_transactions
[2025-10-13T09:04:28.172+0000] {task_command.py:467} INFO - Running <TaskInstance: elt-pipeline.extract_load_group.extract_transactions scheduled__2025-09-01T00:00:00+00:00 [running]> on host 84d5a327cf64
[2025-10-13T09:04:28.293+0000] {taskinstance.py:3132} INFO - Exporting env vars: AIRFLOW_CTX_DAG_OWNER='***' AIRFLOW_CTX_DAG_ID='elt-pipeline' AIRFLOW_CTX_TASK_ID='extract_load_group.extract_transactions' AIRFLOW_CTX_EXECUTION_DATE='2025-09-01T00:00:00+00:00' AIRFLOW_CTX_TRY_NUMBER='1' AIRFLOW_CTX_DAG_RUN_ID='scheduled__2025-09-01T00:00:00+00:00'
[2025-10-13T09:04:28.295+0000] {taskinstance.py:731} INFO - ::endgroup::
[2025-10-13T09:04:28.474+0000] {taskinstance.py:3311} ERROR - Task failed with exception
Traceback (most recent call last):
  File "/home/airflow/.local/lib/python3.12/site-packages/airflow/models/taskinstance.py", line 767, in _execute_task
    result = _execute_callable(context=context, **execute_callable_kwargs)
             ^^^^^^^^^^^^^^^^^^^^^^^^^^^^^^^^^^^^^^^^^^^^^^^^^^^^^^^^^^^^^
  File "/home/airflow/.local/lib/python3.12/site-packages/airflow/models/taskinstance.py", line 733, in _execute_callable
    return ExecutionCallableRunner(
           ^^^^^^^^^^^^^^^^^^^^^^^^
  File "/home/airflow/.local/lib/python3.12/site-packages/airflow/utils/operator_helpers.py", line 252, in run
    return self.func(*args, **kwargs)
           ^^^^^^^^^^^^^^^^^^^^^^^^^^
  File "/home/airflow/.local/lib/python3.12/site-packages/airflow/models/baseoperator.py", line 422, in wrapper
    return func(self, *args, **kwargs)
           ^^^^^^^^^^^^^^^^^^^^^^^^^^^
  File "/home/airflow/.local/lib/python3.12/site-packages/airflow/operators/python.py", line 238, in execute
    return_value = self.execute_callable()
                   ^^^^^^^^^^^^^^^^^^^^^^^
  File "/home/airflow/.local/lib/python3.12/site-packages/airflow/operators/python.py", line 256, in execute_callable
    return runner.run(*self.op_args, **self.op_kwargs)
           ^^^^^^^^^^^^^^^^^^^^^^^^^^^^^^^^^^^^^^^^^^^
  File "/home/airflow/.local/lib/python3.12/site-packages/airflow/utils/operator_helpers.py", line 252, in run
    return self.func(*args, **kwargs)
           ^^^^^^^^^^^^^^^^^^^^^^^^^^
  File "/opt/airflow/dags/scripts/extract.py", line 17, in extract
    with open(f"config/sample_data/{table_name}.csv", "w", newline="", encoding="utf-8") as csvfile:
         ^^^^^^^^^^^^^^^^^^^^^^^^^^^^^^^^^^^^^^^^^^^^^^^^^^^^^^^^^^^^^^^^^^^^^^^^^^^^^^^
FileNotFoundError: [Errno 2] No such file or directory: 'config/sample_data/transactions.csv'
[2025-10-13T09:04:28.495+0000] {taskinstance.py:1225} INFO - Marking task as FAILED. dag_id=elt-pipeline, task_id=extract_load_group.extract_transactions, run_id=scheduled__2025-09-01T00:00:00+00:00, execution_date=20250901T000000, start_date=20251013T090428, end_date=20251013T090428
[2025-10-13T09:04:28.512+0000] {taskinstance.py:340} INFO - ::group::Post task execution logs
[2025-10-13T09:04:28.513+0000] {standard_task_runner.py:124} ERROR - Failed to execute job 135 for task extract_load_group.extract_transactions ([Errno 2] No such file or directory: 'config/sample_data/transactions.csv'; 961)
Traceback (most recent call last):
  File "/home/airflow/.local/lib/python3.12/site-packages/airflow/task/task_runner/standard_task_runner.py", line 117, in _start_by_fork
    ret = args.func(args, dag=self.dag)
          ^^^^^^^^^^^^^^^^^^^^^^^^^^^^^
  File "/home/airflow/.local/lib/python3.12/site-packages/airflow/cli/cli_config.py", line 49, in command
    return func(*args, **kwargs)
           ^^^^^^^^^^^^^^^^^^^^^
  File "/home/airflow/.local/lib/python3.12/site-packages/airflow/utils/cli.py", line 116, in wrapper
    return f(*args, **kwargs)
           ^^^^^^^^^^^^^^^^^^
  File "/home/airflow/.local/lib/python3.12/site-packages/airflow/cli/commands/task_command.py", line 483, in task_run
    task_return_code = _run_task_by_selected_method(args, _dag, ti)
                       ^^^^^^^^^^^^^^^^^^^^^^^^^^^^^^^^^^^^^^^^^^^^
  File "/home/airflow/.local/lib/python3.12/site-packages/airflow/cli/commands/task_command.py", line 256, in _run_task_by_selected_method
    return _run_raw_task(args, ti)
           ^^^^^^^^^^^^^^^^^^^^^^^
  File "/home/airflow/.local/lib/python3.12/site-packages/airflow/cli/commands/task_command.py", line 341, in _run_raw_task
    return ti._run_raw_task(
           ^^^^^^^^^^^^^^^^^
  File "/home/airflow/.local/lib/python3.12/site-packages/airflow/utils/session.py", line 97, in wrapper
    return func(*args, session=session, **kwargs)
           ^^^^^^^^^^^^^^^^^^^^^^^^^^^^^^^^^^^^^^
  File "/home/airflow/.local/lib/python3.12/site-packages/airflow/models/taskinstance.py", line 3005, in _run_raw_task
    return _run_raw_task(
           ^^^^^^^^^^^^^^
  File "/home/airflow/.local/lib/python3.12/site-packages/airflow/models/taskinstance.py", line 273, in _run_raw_task
    TaskInstance._execute_task_with_callbacks(
  File "/home/airflow/.local/lib/python3.12/site-packages/airflow/models/taskinstance.py", line 3159, in _execute_task_with_callbacks
    result = self._execute_task(context, task_orig)
             ^^^^^^^^^^^^^^^^^^^^^^^^^^^^^^^^^^^^^^
  File "/home/airflow/.local/lib/python3.12/site-packages/airflow/models/taskinstance.py", line 3183, in _execute_task
    return _execute_task(self, context, task_orig)
           ^^^^^^^^^^^^^^^^^^^^^^^^^^^^^^^^^^^^^^^
  File "/home/airflow/.local/lib/python3.12/site-packages/airflow/models/taskinstance.py", line 767, in _execute_task
    result = _execute_callable(context=context, **execute_callable_kwargs)
             ^^^^^^^^^^^^^^^^^^^^^^^^^^^^^^^^^^^^^^^^^^^^^^^^^^^^^^^^^^^^^
  File "/home/airflow/.local/lib/python3.12/site-packages/airflow/models/taskinstance.py", line 733, in _execute_callable
    return ExecutionCallableRunner(
           ^^^^^^^^^^^^^^^^^^^^^^^^
  File "/home/airflow/.local/lib/python3.12/site-packages/airflow/utils/operator_helpers.py", line 252, in run
    return self.func(*args, **kwargs)
           ^^^^^^^^^^^^^^^^^^^^^^^^^^
  File "/home/airflow/.local/lib/python3.12/site-packages/airflow/models/baseoperator.py", line 422, in wrapper
    return func(self, *args, **kwargs)
           ^^^^^^^^^^^^^^^^^^^^^^^^^^^
  File "/home/airflow/.local/lib/python3.12/site-packages/airflow/operators/python.py", line 238, in execute
    return_value = self.execute_callable()
                   ^^^^^^^^^^^^^^^^^^^^^^^
  File "/home/airflow/.local/lib/python3.12/site-packages/airflow/operators/python.py", line 256, in execute_callable
    return runner.run(*self.op_args, **self.op_kwargs)
           ^^^^^^^^^^^^^^^^^^^^^^^^^^^^^^^^^^^^^^^^^^^
  File "/home/airflow/.local/lib/python3.12/site-packages/airflow/utils/operator_helpers.py", line 252, in run
    return self.func(*args, **kwargs)
           ^^^^^^^^^^^^^^^^^^^^^^^^^^
  File "/opt/airflow/dags/scripts/extract.py", line 17, in extract
    with open(f"config/sample_data/{table_name}.csv", "w", newline="", encoding="utf-8") as csvfile:
         ^^^^^^^^^^^^^^^^^^^^^^^^^^^^^^^^^^^^^^^^^^^^^^^^^^^^^^^^^^^^^^^^^^^^^^^^^^^^^^^
FileNotFoundError: [Errno 2] No such file or directory: 'config/sample_data/transactions.csv'
[2025-10-13T09:04:28.554+0000] {local_task_job_runner.py:266} INFO - Task exited with return code 1
[2025-10-13T09:04:28.597+0000] {taskinstance.py:3895} INFO - 0 downstream tasks scheduled from follow-on schedule check
[2025-10-13T09:04:28.606+0000] {local_task_job_runner.py:245} INFO - ::endgroup::
[2025-10-13T09:05:34.943+0000] {local_task_job_runner.py:123} INFO - ::group::Pre task execution logs
[2025-10-13T09:05:34.967+0000] {taskinstance.py:2613} INFO - Dependencies all met for dep_context=non-requeueable deps ti=<TaskInstance: elt-pipeline.extract_load_group.extract_transactions scheduled__2025-09-01T00:00:00+00:00 [queued]>
[2025-10-13T09:05:34.978+0000] {taskinstance.py:2613} INFO - Dependencies all met for dep_context=requeueable deps ti=<TaskInstance: elt-pipeline.extract_load_group.extract_transactions scheduled__2025-09-01T00:00:00+00:00 [queued]>
[2025-10-13T09:05:34.978+0000] {taskinstance.py:2866} INFO - Starting attempt 1 of 1
[2025-10-13T09:05:34.994+0000] {taskinstance.py:2889} INFO - Executing <Task(PythonOperator): extract_load_group.extract_transactions> on 2025-09-01 00:00:00+00:00
[2025-10-13T09:05:35.003+0000] {warnings.py:112} WARNING - /home/***/.local/lib/python3.12/site-packages/***/task/task_runner/standard_task_runner.py:70: DeprecationWarning: This process (pid=1009) is multi-threaded, use of fork() may lead to deadlocks in the child.
  pid = os.fork()

[2025-10-13T09:05:35.005+0000] {standard_task_runner.py:72} INFO - Started process 1012 to run task
[2025-10-13T09:05:35.006+0000] {standard_task_runner.py:104} INFO - Running: ['***', 'tasks', 'run', 'elt-pipeline', 'extract_load_group.extract_transactions', 'scheduled__2025-09-01T00:00:00+00:00', '--job-id', '146', '--raw', '--subdir', 'DAGS_FOLDER/elt.py', '--cfg-path', '/tmp/tmpolc9ri0w']
[2025-10-13T09:05:35.007+0000] {standard_task_runner.py:105} INFO - Job 146: Subtask extract_load_group.extract_transactions
[2025-10-13T09:05:35.077+0000] {task_command.py:467} INFO - Running <TaskInstance: elt-pipeline.extract_load_group.extract_transactions scheduled__2025-09-01T00:00:00+00:00 [running]> on host 84d5a327cf64
[2025-10-13T09:05:35.184+0000] {taskinstance.py:3132} INFO - Exporting env vars: AIRFLOW_CTX_DAG_OWNER='***' AIRFLOW_CTX_DAG_ID='elt-pipeline' AIRFLOW_CTX_TASK_ID='extract_load_group.extract_transactions' AIRFLOW_CTX_EXECUTION_DATE='2025-09-01T00:00:00+00:00' AIRFLOW_CTX_TRY_NUMBER='1' AIRFLOW_CTX_DAG_RUN_ID='scheduled__2025-09-01T00:00:00+00:00'
[2025-10-13T09:05:35.185+0000] {taskinstance.py:731} INFO - ::endgroup::
[2025-10-13T09:05:35.347+0000] {extract.py:22} INFO - Data written to transactions.csv
[2025-10-13T09:05:35.348+0000] {python.py:240} INFO - Done. Returned value was: None
[2025-10-13T09:05:35.366+0000] {taskinstance.py:340} INFO - ::group::Post task execution logs
[2025-10-13T09:05:35.367+0000] {taskinstance.py:352} INFO - Marking task as SUCCESS. dag_id=elt-pipeline, task_id=extract_load_group.extract_transactions, run_id=scheduled__2025-09-01T00:00:00+00:00, execution_date=20250901T000000, start_date=20251013T090534, end_date=20251013T090535
[2025-10-13T09:05:35.421+0000] {local_task_job_runner.py:266} INFO - Task exited with return code 0
[2025-10-13T09:05:35.432+0000] {local_task_job_runner.py:245} INFO - ::endgroup::
[2025-10-13T09:15:16.592+0000] {local_task_job_runner.py:123} INFO - ::group::Pre task execution logs
[2025-10-13T09:15:16.615+0000] {taskinstance.py:2613} INFO - Dependencies all met for dep_context=non-requeueable deps ti=<TaskInstance: elt-pipeline.extract_load_group.extract_transactions scheduled__2025-09-01T00:00:00+00:00 [queued]>
[2025-10-13T09:15:16.624+0000] {taskinstance.py:2613} INFO - Dependencies all met for dep_context=requeueable deps ti=<TaskInstance: elt-pipeline.extract_load_group.extract_transactions scheduled__2025-09-01T00:00:00+00:00 [queued]>
[2025-10-13T09:15:16.624+0000] {taskinstance.py:2866} INFO - Starting attempt 1 of 1
[2025-10-13T09:15:16.643+0000] {taskinstance.py:2889} INFO - Executing <Task(PythonOperator): extract_load_group.extract_transactions> on 2025-09-01 00:00:00+00:00
[2025-10-13T09:15:16.652+0000] {warnings.py:112} WARNING - /home/***/.local/lib/python3.12/site-packages/***/task/task_runner/standard_task_runner.py:70: DeprecationWarning: This process (pid=1171) is multi-threaded, use of fork() may lead to deadlocks in the child.
  pid = os.fork()

[2025-10-13T09:15:16.655+0000] {standard_task_runner.py:72} INFO - Started process 1180 to run task
[2025-10-13T09:15:16.655+0000] {standard_task_runner.py:104} INFO - Running: ['***', 'tasks', 'run', 'elt-pipeline', 'extract_load_group.extract_transactions', 'scheduled__2025-09-01T00:00:00+00:00', '--job-id', '158', '--raw', '--subdir', 'DAGS_FOLDER/elt.py', '--cfg-path', '/tmp/tmp0u6b2o1w']
[2025-10-13T09:15:16.657+0000] {standard_task_runner.py:105} INFO - Job 158: Subtask extract_load_group.extract_transactions
[2025-10-13T09:15:16.731+0000] {task_command.py:467} INFO - Running <TaskInstance: elt-pipeline.extract_load_group.extract_transactions scheduled__2025-09-01T00:00:00+00:00 [running]> on host 84d5a327cf64
[2025-10-13T09:15:16.828+0000] {taskinstance.py:3132} INFO - Exporting env vars: AIRFLOW_CTX_DAG_OWNER='***' AIRFLOW_CTX_DAG_ID='elt-pipeline' AIRFLOW_CTX_TASK_ID='extract_load_group.extract_transactions' AIRFLOW_CTX_EXECUTION_DATE='2025-09-01T00:00:00+00:00' AIRFLOW_CTX_TRY_NUMBER='1' AIRFLOW_CTX_DAG_RUN_ID='scheduled__2025-09-01T00:00:00+00:00'
[2025-10-13T09:15:16.829+0000] {taskinstance.py:731} INFO - ::endgroup::
[2025-10-13T09:15:16.971+0000] {extract.py:22} INFO - Data written to transactions.csv
[2025-10-13T09:15:16.972+0000] {python.py:240} INFO - Done. Returned value was: None
[2025-10-13T09:15:16.988+0000] {taskinstance.py:340} INFO - ::group::Post task execution logs
[2025-10-13T09:15:16.989+0000] {taskinstance.py:352} INFO - Marking task as SUCCESS. dag_id=elt-pipeline, task_id=extract_load_group.extract_transactions, run_id=scheduled__2025-09-01T00:00:00+00:00, execution_date=20250901T000000, start_date=20251013T091516, end_date=20251013T091516
[2025-10-13T09:15:17.032+0000] {local_task_job_runner.py:266} INFO - Task exited with return code 0
[2025-10-13T09:15:17.043+0000] {local_task_job_runner.py:245} INFO - ::endgroup::
[2025-10-13T09:20:32.934+0000] {local_task_job_runner.py:123} INFO - ::group::Pre task execution logs
[2025-10-13T09:20:32.960+0000] {taskinstance.py:2613} INFO - Dependencies all met for dep_context=non-requeueable deps ti=<TaskInstance: elt-pipeline.extract_load_group.extract_transactions scheduled__2025-09-01T00:00:00+00:00 [queued]>
[2025-10-13T09:20:32.972+0000] {taskinstance.py:2613} INFO - Dependencies all met for dep_context=requeueable deps ti=<TaskInstance: elt-pipeline.extract_load_group.extract_transactions scheduled__2025-09-01T00:00:00+00:00 [queued]>
[2025-10-13T09:20:32.972+0000] {taskinstance.py:2866} INFO - Starting attempt 1 of 1
[2025-10-13T09:20:32.988+0000] {taskinstance.py:2889} INFO - Executing <Task(PythonOperator): extract_load_group.extract_transactions> on 2025-09-01 00:00:00+00:00
[2025-10-13T09:20:32.997+0000] {warnings.py:112} WARNING - /home/***/.local/lib/python3.12/site-packages/***/task/task_runner/standard_task_runner.py:70: DeprecationWarning: This process (pid=1271) is multi-threaded, use of fork() may lead to deadlocks in the child.
  pid = os.fork()

[2025-10-13T09:20:33.000+0000] {standard_task_runner.py:72} INFO - Started process 1274 to run task
[2025-10-13T09:20:33.001+0000] {standard_task_runner.py:104} INFO - Running: ['***', 'tasks', 'run', 'elt-pipeline', 'extract_load_group.extract_transactions', 'scheduled__2025-09-01T00:00:00+00:00', '--job-id', '165', '--raw', '--subdir', 'DAGS_FOLDER/elt.py', '--cfg-path', '/tmp/tmpx_qc2ect']
[2025-10-13T09:20:33.003+0000] {standard_task_runner.py:105} INFO - Job 165: Subtask extract_load_group.extract_transactions
[2025-10-13T09:20:33.093+0000] {task_command.py:467} INFO - Running <TaskInstance: elt-pipeline.extract_load_group.extract_transactions scheduled__2025-09-01T00:00:00+00:00 [running]> on host 84d5a327cf64
[2025-10-13T09:20:33.216+0000] {taskinstance.py:3132} INFO - Exporting env vars: AIRFLOW_CTX_DAG_OWNER='***' AIRFLOW_CTX_DAG_ID='elt-pipeline' AIRFLOW_CTX_TASK_ID='extract_load_group.extract_transactions' AIRFLOW_CTX_EXECUTION_DATE='2025-09-01T00:00:00+00:00' AIRFLOW_CTX_TRY_NUMBER='1' AIRFLOW_CTX_DAG_RUN_ID='scheduled__2025-09-01T00:00:00+00:00'
[2025-10-13T09:20:33.217+0000] {taskinstance.py:731} INFO - ::endgroup::
[2025-10-13T09:20:33.385+0000] {extract.py:22} INFO - Data written to transactions.csv
[2025-10-13T09:20:33.386+0000] {python.py:240} INFO - Done. Returned value was: None
[2025-10-13T09:20:33.404+0000] {taskinstance.py:340} INFO - ::group::Post task execution logs
[2025-10-13T09:20:33.405+0000] {taskinstance.py:352} INFO - Marking task as SUCCESS. dag_id=elt-pipeline, task_id=extract_load_group.extract_transactions, run_id=scheduled__2025-09-01T00:00:00+00:00, execution_date=20250901T000000, start_date=20251013T092032, end_date=20251013T092033
[2025-10-13T09:20:33.459+0000] {local_task_job_runner.py:266} INFO - Task exited with return code 0
[2025-10-13T09:20:33.502+0000] {taskinstance.py:3895} INFO - 1 downstream tasks scheduled from follow-on schedule check
[2025-10-13T09:20:33.506+0000] {local_task_job_runner.py:245} INFO - ::endgroup::
[2025-10-14T04:15:40.134+0000] {local_task_job_runner.py:123} INFO - ::group::Pre task execution logs
[2025-10-14T04:15:40.155+0000] {taskinstance.py:2613} INFO - Dependencies all met for dep_context=non-requeueable deps ti=<TaskInstance: elt-pipeline.extract_load_group.extract_transactions scheduled__2025-09-01T00:00:00+00:00 [queued]>
[2025-10-14T04:15:40.164+0000] {taskinstance.py:2613} INFO - Dependencies all met for dep_context=requeueable deps ti=<TaskInstance: elt-pipeline.extract_load_group.extract_transactions scheduled__2025-09-01T00:00:00+00:00 [queued]>
[2025-10-14T04:15:40.165+0000] {taskinstance.py:2866} INFO - Starting attempt 1 of 1
[2025-10-14T04:15:40.179+0000] {taskinstance.py:2889} INFO - Executing <Task(PythonOperator): extract_load_group.extract_transactions> on 2025-09-01 00:00:00+00:00
[2025-10-14T04:15:40.187+0000] {warnings.py:112} WARNING - /home/***/.local/lib/python3.12/site-packages/***/task/task_runner/standard_task_runner.py:70: DeprecationWarning: This process (pid=110) is multi-threaded, use of fork() may lead to deadlocks in the child.
  pid = os.fork()

[2025-10-14T04:15:40.190+0000] {standard_task_runner.py:72} INFO - Started process 114 to run task
[2025-10-14T04:15:40.190+0000] {standard_task_runner.py:104} INFO - Running: ['***', 'tasks', 'run', 'elt-pipeline', 'extract_load_group.extract_transactions', 'scheduled__2025-09-01T00:00:00+00:00', '--job-id', '238', '--raw', '--subdir', 'DAGS_FOLDER/elt.py', '--cfg-path', '/tmp/tmpkkjlzstg']
[2025-10-14T04:15:40.192+0000] {standard_task_runner.py:105} INFO - Job 238: Subtask extract_load_group.extract_transactions
[2025-10-14T04:15:40.263+0000] {task_command.py:467} INFO - Running <TaskInstance: elt-pipeline.extract_load_group.extract_transactions scheduled__2025-09-01T00:00:00+00:00 [running]> on host e348b991e0be
[2025-10-14T04:15:40.357+0000] {taskinstance.py:3132} INFO - Exporting env vars: AIRFLOW_CTX_DAG_OWNER='***' AIRFLOW_CTX_DAG_ID='elt-pipeline' AIRFLOW_CTX_TASK_ID='extract_load_group.extract_transactions' AIRFLOW_CTX_EXECUTION_DATE='2025-09-01T00:00:00+00:00' AIRFLOW_CTX_TRY_NUMBER='1' AIRFLOW_CTX_DAG_RUN_ID='scheduled__2025-09-01T00:00:00+00:00'
[2025-10-14T04:15:40.358+0000] {taskinstance.py:731} INFO - ::endgroup::
[2025-10-14T04:15:40.629+0000] {extract.py:22} INFO - Data written to transactions.csv
[2025-10-14T04:15:40.630+0000] {python.py:240} INFO - Done. Returned value was: None
[2025-10-14T04:15:40.645+0000] {taskinstance.py:340} INFO - ::group::Post task execution logs
[2025-10-14T04:15:40.646+0000] {taskinstance.py:352} INFO - Marking task as SUCCESS. dag_id=elt-pipeline, task_id=extract_load_group.extract_transactions, run_id=scheduled__2025-09-01T00:00:00+00:00, execution_date=20250901T000000, start_date=20251014T041540, end_date=20251014T041540
[2025-10-14T04:15:40.689+0000] {local_task_job_runner.py:266} INFO - Task exited with return code 0
[2025-10-14T04:15:40.701+0000] {local_task_job_runner.py:245} INFO - ::endgroup::
[2025-10-14T04:20:39.335+0000] {local_task_job_runner.py:123} INFO - ::group::Pre task execution logs
[2025-10-14T04:20:39.362+0000] {taskinstance.py:2613} INFO - Dependencies all met for dep_context=non-requeueable deps ti=<TaskInstance: elt-pipeline.extract_load_group.extract_transactions scheduled__2025-09-01T00:00:00+00:00 [queued]>
[2025-10-14T04:20:39.376+0000] {taskinstance.py:2613} INFO - Dependencies all met for dep_context=requeueable deps ti=<TaskInstance: elt-pipeline.extract_load_group.extract_transactions scheduled__2025-09-01T00:00:00+00:00 [queued]>
[2025-10-14T04:20:39.377+0000] {taskinstance.py:2866} INFO - Starting attempt 1 of 1
[2025-10-14T04:20:39.398+0000] {taskinstance.py:2889} INFO - Executing <Task(PythonOperator): extract_load_group.extract_transactions> on 2025-09-01 00:00:00+00:00
[2025-10-14T04:20:39.407+0000] {warnings.py:112} WARNING - /home/***/.local/lib/python3.12/site-packages/***/task/task_runner/standard_task_runner.py:70: DeprecationWarning: This process (pid=252) is multi-threaded, use of fork() may lead to deadlocks in the child.
  pid = os.fork()

[2025-10-14T04:20:39.408+0000] {standard_task_runner.py:72} INFO - Started process 263 to run task
[2025-10-14T04:20:39.409+0000] {standard_task_runner.py:104} INFO - Running: ['***', 'tasks', 'run', 'elt-pipeline', 'extract_load_group.extract_transactions', 'scheduled__2025-09-01T00:00:00+00:00', '--job-id', '262', '--raw', '--subdir', 'DAGS_FOLDER/elt.py', '--cfg-path', '/tmp/tmp8yh1l3ep']
[2025-10-14T04:20:39.410+0000] {standard_task_runner.py:105} INFO - Job 262: Subtask extract_load_group.extract_transactions
[2025-10-14T04:20:39.479+0000] {task_command.py:467} INFO - Running <TaskInstance: elt-pipeline.extract_load_group.extract_transactions scheduled__2025-09-01T00:00:00+00:00 [running]> on host e348b991e0be
[2025-10-14T04:20:39.593+0000] {taskinstance.py:3132} INFO - Exporting env vars: AIRFLOW_CTX_DAG_OWNER='***' AIRFLOW_CTX_DAG_ID='elt-pipeline' AIRFLOW_CTX_TASK_ID='extract_load_group.extract_transactions' AIRFLOW_CTX_EXECUTION_DATE='2025-09-01T00:00:00+00:00' AIRFLOW_CTX_TRY_NUMBER='1' AIRFLOW_CTX_DAG_RUN_ID='scheduled__2025-09-01T00:00:00+00:00'
[2025-10-14T04:20:39.594+0000] {taskinstance.py:731} INFO - ::endgroup::
[2025-10-14T04:20:39.760+0000] {extract.py:22} INFO - Data written to transactions.csv
[2025-10-14T04:20:39.760+0000] {python.py:240} INFO - Done. Returned value was: None
[2025-10-14T04:20:39.777+0000] {taskinstance.py:340} INFO - ::group::Post task execution logs
[2025-10-14T04:20:39.778+0000] {taskinstance.py:352} INFO - Marking task as SUCCESS. dag_id=elt-pipeline, task_id=extract_load_group.extract_transactions, run_id=scheduled__2025-09-01T00:00:00+00:00, execution_date=20250901T000000, start_date=20251014T042039, end_date=20251014T042039
[2025-10-14T04:20:39.825+0000] {local_task_job_runner.py:266} INFO - Task exited with return code 0
[2025-10-14T04:20:39.863+0000] {taskinstance.py:3895} INFO - 1 downstream tasks scheduled from follow-on schedule check
[2025-10-14T04:20:39.866+0000] {local_task_job_runner.py:245} INFO - ::endgroup::
[2025-10-14T04:22:14.249+0000] {local_task_job_runner.py:123} INFO - ::group::Pre task execution logs
[2025-10-14T04:22:14.269+0000] {taskinstance.py:2613} INFO - Dependencies all met for dep_context=non-requeueable deps ti=<TaskInstance: elt-pipeline.extract_load_group.extract_transactions scheduled__2025-09-01T00:00:00+00:00 [queued]>
[2025-10-14T04:22:14.278+0000] {taskinstance.py:2613} INFO - Dependencies all met for dep_context=requeueable deps ti=<TaskInstance: elt-pipeline.extract_load_group.extract_transactions scheduled__2025-09-01T00:00:00+00:00 [queued]>
[2025-10-14T04:22:14.279+0000] {taskinstance.py:2866} INFO - Starting attempt 1 of 1
[2025-10-14T04:22:14.297+0000] {taskinstance.py:2889} INFO - Executing <Task(PythonOperator): extract_load_group.extract_transactions> on 2025-09-01 00:00:00+00:00
[2025-10-14T04:22:14.305+0000] {warnings.py:112} WARNING - /home/***/.local/lib/python3.12/site-packages/***/task/task_runner/standard_task_runner.py:70: DeprecationWarning: This process (pid=487) is multi-threaded, use of fork() may lead to deadlocks in the child.
  pid = os.fork()

[2025-10-14T04:22:14.307+0000] {standard_task_runner.py:72} INFO - Started process 498 to run task
[2025-10-14T04:22:14.307+0000] {standard_task_runner.py:104} INFO - Running: ['***', 'tasks', 'run', 'elt-pipeline', 'extract_load_group.extract_transactions', 'scheduled__2025-09-01T00:00:00+00:00', '--job-id', '321', '--raw', '--subdir', 'DAGS_FOLDER/elt.py', '--cfg-path', '/tmp/tmp0q5t5ua1']
[2025-10-14T04:22:14.309+0000] {standard_task_runner.py:105} INFO - Job 321: Subtask extract_load_group.extract_transactions
[2025-10-14T04:22:14.374+0000] {task_command.py:467} INFO - Running <TaskInstance: elt-pipeline.extract_load_group.extract_transactions scheduled__2025-09-01T00:00:00+00:00 [running]> on host e348b991e0be
[2025-10-14T04:22:14.471+0000] {taskinstance.py:3132} INFO - Exporting env vars: AIRFLOW_CTX_DAG_OWNER='***' AIRFLOW_CTX_DAG_ID='elt-pipeline' AIRFLOW_CTX_TASK_ID='extract_load_group.extract_transactions' AIRFLOW_CTX_EXECUTION_DATE='2025-09-01T00:00:00+00:00' AIRFLOW_CTX_TRY_NUMBER='1' AIRFLOW_CTX_DAG_RUN_ID='scheduled__2025-09-01T00:00:00+00:00'
[2025-10-14T04:22:14.472+0000] {taskinstance.py:731} INFO - ::endgroup::
[2025-10-14T04:22:14.642+0000] {extract.py:22} INFO - Data written to transactions.csv
[2025-10-14T04:22:14.643+0000] {python.py:240} INFO - Done. Returned value was: None
[2025-10-14T04:22:14.660+0000] {taskinstance.py:340} INFO - ::group::Post task execution logs
[2025-10-14T04:22:14.661+0000] {taskinstance.py:352} INFO - Marking task as SUCCESS. dag_id=elt-pipeline, task_id=extract_load_group.extract_transactions, run_id=scheduled__2025-09-01T00:00:00+00:00, execution_date=20250901T000000, start_date=20251014T042214, end_date=20251014T042214
[2025-10-14T04:22:14.724+0000] {local_task_job_runner.py:266} INFO - Task exited with return code 0
[2025-10-14T04:22:14.744+0000] {local_task_job_runner.py:245} INFO - ::endgroup::
[2025-10-14T04:26:07.587+0000] {local_task_job_runner.py:123} INFO - ::group::Pre task execution logs
[2025-10-14T04:26:07.618+0000] {taskinstance.py:2613} INFO - Dependencies all met for dep_context=non-requeueable deps ti=<TaskInstance: elt-pipeline.extract_load_group.extract_transactions scheduled__2025-09-01T00:00:00+00:00 [queued]>
[2025-10-14T04:26:07.631+0000] {taskinstance.py:2613} INFO - Dependencies all met for dep_context=requeueable deps ti=<TaskInstance: elt-pipeline.extract_load_group.extract_transactions scheduled__2025-09-01T00:00:00+00:00 [queued]>
[2025-10-14T04:26:07.631+0000] {taskinstance.py:2866} INFO - Starting attempt 1 of 1
[2025-10-14T04:26:07.648+0000] {taskinstance.py:2889} INFO - Executing <Task(PythonOperator): extract_load_group.extract_transactions> on 2025-09-01 00:00:00+00:00
[2025-10-14T04:26:07.657+0000] {warnings.py:112} WARNING - /home/***/.local/lib/python3.12/site-packages/***/task/task_runner/standard_task_runner.py:70: DeprecationWarning: This process (pid=629) is multi-threaded, use of fork() may lead to deadlocks in the child.
  pid = os.fork()

[2025-10-14T04:26:07.660+0000] {standard_task_runner.py:72} INFO - Started process 633 to run task
[2025-10-14T04:26:07.660+0000] {standard_task_runner.py:104} INFO - Running: ['***', 'tasks', 'run', 'elt-pipeline', 'extract_load_group.extract_transactions', 'scheduled__2025-09-01T00:00:00+00:00', '--job-id', '343', '--raw', '--subdir', 'DAGS_FOLDER/elt.py', '--cfg-path', '/tmp/tmpzoel5m8t']
[2025-10-14T04:26:07.662+0000] {standard_task_runner.py:105} INFO - Job 343: Subtask extract_load_group.extract_transactions
[2025-10-14T04:26:07.739+0000] {task_command.py:467} INFO - Running <TaskInstance: elt-pipeline.extract_load_group.extract_transactions scheduled__2025-09-01T00:00:00+00:00 [running]> on host e348b991e0be
[2025-10-14T04:26:07.858+0000] {taskinstance.py:3132} INFO - Exporting env vars: AIRFLOW_CTX_DAG_OWNER='***' AIRFLOW_CTX_DAG_ID='elt-pipeline' AIRFLOW_CTX_TASK_ID='extract_load_group.extract_transactions' AIRFLOW_CTX_EXECUTION_DATE='2025-09-01T00:00:00+00:00' AIRFLOW_CTX_TRY_NUMBER='1' AIRFLOW_CTX_DAG_RUN_ID='scheduled__2025-09-01T00:00:00+00:00'
[2025-10-14T04:26:07.859+0000] {taskinstance.py:731} INFO - ::endgroup::
[2025-10-14T04:26:08.041+0000] {extract.py:22} INFO - Data written to transactions.csv
[2025-10-14T04:26:08.042+0000] {python.py:240} INFO - Done. Returned value was: None
[2025-10-14T04:26:08.056+0000] {taskinstance.py:340} INFO - ::group::Post task execution logs
[2025-10-14T04:26:08.058+0000] {taskinstance.py:352} INFO - Marking task as SUCCESS. dag_id=elt-pipeline, task_id=extract_load_group.extract_transactions, run_id=scheduled__2025-09-01T00:00:00+00:00, execution_date=20250901T000000, start_date=20251014T042607, end_date=20251014T042608
[2025-10-14T04:26:08.117+0000] {local_task_job_runner.py:266} INFO - Task exited with return code 0
[2025-10-14T04:26:08.158+0000] {taskinstance.py:3895} INFO - 1 downstream tasks scheduled from follow-on schedule check
[2025-10-14T04:26:08.161+0000] {local_task_job_runner.py:245} INFO - ::endgroup::
[2025-10-14T04:28:11.287+0000] {local_task_job_runner.py:123} INFO - ::group::Pre task execution logs
[2025-10-14T04:28:11.321+0000] {taskinstance.py:2613} INFO - Dependencies all met for dep_context=non-requeueable deps ti=<TaskInstance: elt-pipeline.extract_load_group.extract_transactions scheduled__2025-09-01T00:00:00+00:00 [queued]>
[2025-10-14T04:28:11.340+0000] {taskinstance.py:2613} INFO - Dependencies all met for dep_context=requeueable deps ti=<TaskInstance: elt-pipeline.extract_load_group.extract_transactions scheduled__2025-09-01T00:00:00+00:00 [queued]>
[2025-10-14T04:28:11.341+0000] {taskinstance.py:2866} INFO - Starting attempt 1 of 1
[2025-10-14T04:28:11.367+0000] {taskinstance.py:2889} INFO - Executing <Task(PythonOperator): extract_load_group.extract_transactions> on 2025-09-01 00:00:00+00:00
[2025-10-14T04:28:11.376+0000] {warnings.py:112} WARNING - /home/***/.local/lib/python3.12/site-packages/***/task/task_runner/standard_task_runner.py:70: DeprecationWarning: This process (pid=737) is multi-threaded, use of fork() may lead to deadlocks in the child.
  pid = os.fork()

[2025-10-14T04:28:11.378+0000] {standard_task_runner.py:72} INFO - Started process 746 to run task
[2025-10-14T04:28:11.379+0000] {standard_task_runner.py:104} INFO - Running: ['***', 'tasks', 'run', 'elt-pipeline', 'extract_load_group.extract_transactions', 'scheduled__2025-09-01T00:00:00+00:00', '--job-id', '369', '--raw', '--subdir', 'DAGS_FOLDER/elt.py', '--cfg-path', '/tmp/tmprfn5ubbp']
[2025-10-14T04:28:11.380+0000] {standard_task_runner.py:105} INFO - Job 369: Subtask extract_load_group.extract_transactions
[2025-10-14T04:28:11.465+0000] {task_command.py:467} INFO - Running <TaskInstance: elt-pipeline.extract_load_group.extract_transactions scheduled__2025-09-01T00:00:00+00:00 [running]> on host e348b991e0be
[2025-10-14T04:28:11.593+0000] {taskinstance.py:3132} INFO - Exporting env vars: AIRFLOW_CTX_DAG_OWNER='***' AIRFLOW_CTX_DAG_ID='elt-pipeline' AIRFLOW_CTX_TASK_ID='extract_load_group.extract_transactions' AIRFLOW_CTX_EXECUTION_DATE='2025-09-01T00:00:00+00:00' AIRFLOW_CTX_TRY_NUMBER='1' AIRFLOW_CTX_DAG_RUN_ID='scheduled__2025-09-01T00:00:00+00:00'
[2025-10-14T04:28:11.595+0000] {taskinstance.py:731} INFO - ::endgroup::
[2025-10-14T04:28:11.760+0000] {extract.py:22} INFO - Data written to transactions.csv
[2025-10-14T04:28:11.761+0000] {python.py:240} INFO - Done. Returned value was: None
[2025-10-14T04:28:11.779+0000] {taskinstance.py:340} INFO - ::group::Post task execution logs
[2025-10-14T04:28:11.780+0000] {taskinstance.py:352} INFO - Marking task as SUCCESS. dag_id=elt-pipeline, task_id=extract_load_group.extract_transactions, run_id=scheduled__2025-09-01T00:00:00+00:00, execution_date=20250901T000000, start_date=20251014T042811, end_date=20251014T042811
[2025-10-14T04:28:11.835+0000] {local_task_job_runner.py:266} INFO - Task exited with return code 0
[2025-10-14T04:28:11.884+0000] {taskinstance.py:3895} INFO - 0 downstream tasks scheduled from follow-on schedule check
[2025-10-14T04:28:11.889+0000] {local_task_job_runner.py:245} INFO - ::endgroup::
[2025-10-14T04:31:19.071+0000] {local_task_job_runner.py:123} INFO - ::group::Pre task execution logs
[2025-10-14T04:31:19.093+0000] {taskinstance.py:2613} INFO - Dependencies all met for dep_context=non-requeueable deps ti=<TaskInstance: elt-pipeline.extract_load_group.extract_transactions scheduled__2025-09-01T00:00:00+00:00 [queued]>
[2025-10-14T04:31:19.104+0000] {taskinstance.py:2613} INFO - Dependencies all met for dep_context=requeueable deps ti=<TaskInstance: elt-pipeline.extract_load_group.extract_transactions scheduled__2025-09-01T00:00:00+00:00 [queued]>
[2025-10-14T04:31:19.104+0000] {taskinstance.py:2866} INFO - Starting attempt 1 of 1
[2025-10-14T04:31:19.122+0000] {taskinstance.py:2889} INFO - Executing <Task(PythonOperator): extract_load_group.extract_transactions> on 2025-09-01 00:00:00+00:00
[2025-10-14T04:31:19.129+0000] {warnings.py:112} WARNING - /home/***/.local/lib/python3.12/site-packages/***/task/task_runner/standard_task_runner.py:70: DeprecationWarning: This process (pid=1037) is multi-threaded, use of fork() may lead to deadlocks in the child.
  pid = os.fork()

[2025-10-14T04:31:19.131+0000] {standard_task_runner.py:72} INFO - Started process 1046 to run task
[2025-10-14T04:31:19.131+0000] {standard_task_runner.py:104} INFO - Running: ['***', 'tasks', 'run', 'elt-pipeline', 'extract_load_group.extract_transactions', 'scheduled__2025-09-01T00:00:00+00:00', '--job-id', '441', '--raw', '--subdir', 'DAGS_FOLDER/elt.py', '--cfg-path', '/tmp/tmpjmcae_b_']
[2025-10-14T04:31:19.133+0000] {standard_task_runner.py:105} INFO - Job 441: Subtask extract_load_group.extract_transactions
[2025-10-14T04:31:19.196+0000] {task_command.py:467} INFO - Running <TaskInstance: elt-pipeline.extract_load_group.extract_transactions scheduled__2025-09-01T00:00:00+00:00 [running]> on host e348b991e0be
[2025-10-14T04:31:19.295+0000] {taskinstance.py:3132} INFO - Exporting env vars: AIRFLOW_CTX_DAG_OWNER='***' AIRFLOW_CTX_DAG_ID='elt-pipeline' AIRFLOW_CTX_TASK_ID='extract_load_group.extract_transactions' AIRFLOW_CTX_EXECUTION_DATE='2025-09-01T00:00:00+00:00' AIRFLOW_CTX_TRY_NUMBER='1' AIRFLOW_CTX_DAG_RUN_ID='scheduled__2025-09-01T00:00:00+00:00'
[2025-10-14T04:31:19.296+0000] {taskinstance.py:731} INFO - ::endgroup::
[2025-10-14T04:31:19.465+0000] {extract.py:22} INFO - Data written to transactions.csv
[2025-10-14T04:31:19.466+0000] {python.py:240} INFO - Done. Returned value was: None
[2025-10-14T04:31:19.481+0000] {taskinstance.py:340} INFO - ::group::Post task execution logs
[2025-10-14T04:31:19.482+0000] {taskinstance.py:352} INFO - Marking task as SUCCESS. dag_id=elt-pipeline, task_id=extract_load_group.extract_transactions, run_id=scheduled__2025-09-01T00:00:00+00:00, execution_date=20250901T000000, start_date=20251014T043119, end_date=20251014T043119
[2025-10-14T04:31:19.548+0000] {local_task_job_runner.py:266} INFO - Task exited with return code 0
[2025-10-14T04:31:19.560+0000] {local_task_job_runner.py:245} INFO - ::endgroup::
