[2025-10-13T08:42:38.679+0000] {local_task_job_runner.py:123} INFO - ::group::Pre task execution logs
[2025-10-13T08:42:38.703+0000] {taskinstance.py:2613} INFO - Dependencies all met for dep_context=non-requeueable deps ti=<TaskInstance: elt-pipeline.extract_load_group.extract_transactions scheduled__2025-09-05T00:00:00+00:00 [queued]>
[2025-10-13T08:42:38.716+0000] {taskinstance.py:2613} INFO - Dependencies all met for dep_context=requeueable deps ti=<TaskInstance: elt-pipeline.extract_load_group.extract_transactions scheduled__2025-09-05T00:00:00+00:00 [queued]>
[2025-10-13T08:42:38.716+0000] {taskinstance.py:2866} INFO - Starting attempt 1 of 1
[2025-10-13T08:42:38.740+0000] {taskinstance.py:2889} INFO - Executing <Task(PythonOperator): extract_load_group.extract_transactions> on 2025-09-05 00:00:00+00:00
[2025-10-13T08:42:38.751+0000] {warnings.py:112} WARNING - /home/***/.local/lib/python3.12/site-packages/***/task/task_runner/standard_task_runner.py:70: DeprecationWarning: This process (pid=422) is multi-threaded, use of fork() may lead to deadlocks in the child.
  pid = os.fork()

[2025-10-13T08:42:38.754+0000] {standard_task_runner.py:72} INFO - Started process 433 to run task
[2025-10-13T08:42:38.754+0000] {standard_task_runner.py:104} INFO - Running: ['***', 'tasks', 'run', 'elt-pipeline', 'extract_load_group.extract_transactions', 'scheduled__2025-09-05T00:00:00+00:00', '--job-id', '68', '--raw', '--subdir', 'DAGS_FOLDER/elt.py', '--cfg-path', '/tmp/tmpswncshiu']
[2025-10-13T08:42:38.756+0000] {standard_task_runner.py:105} INFO - Job 68: Subtask extract_load_group.extract_transactions
[2025-10-13T08:42:38.836+0000] {task_command.py:467} INFO - Running <TaskInstance: elt-pipeline.extract_load_group.extract_transactions scheduled__2025-09-05T00:00:00+00:00 [running]> on host 84d5a327cf64
[2025-10-13T08:42:38.953+0000] {taskinstance.py:3132} INFO - Exporting env vars: AIRFLOW_CTX_DAG_OWNER='***' AIRFLOW_CTX_DAG_ID='elt-pipeline' AIRFLOW_CTX_TASK_ID='extract_load_group.extract_transactions' AIRFLOW_CTX_EXECUTION_DATE='2025-09-05T00:00:00+00:00' AIRFLOW_CTX_TRY_NUMBER='1' AIRFLOW_CTX_DAG_RUN_ID='scheduled__2025-09-05T00:00:00+00:00'
[2025-10-13T08:42:38.955+0000] {taskinstance.py:731} INFO - ::endgroup::
[2025-10-13T08:42:39.114+0000] {extract.py:22} INFO - Data written to transactions.csv
[2025-10-13T08:42:39.115+0000] {python.py:240} INFO - Done. Returned value was: None
[2025-10-13T08:42:39.129+0000] {taskinstance.py:340} INFO - ::group::Post task execution logs
[2025-10-13T08:42:39.131+0000] {taskinstance.py:352} INFO - Marking task as SUCCESS. dag_id=elt-pipeline, task_id=extract_load_group.extract_transactions, run_id=scheduled__2025-09-05T00:00:00+00:00, execution_date=20250905T000000, start_date=20251013T084238, end_date=20251013T084239
[2025-10-13T08:42:39.171+0000] {local_task_job_runner.py:266} INFO - Task exited with return code 0
[2025-10-13T08:42:39.183+0000] {local_task_job_runner.py:245} INFO - ::endgroup::
[2025-10-13T09:21:48.870+0000] {local_task_job_runner.py:123} INFO - ::group::Pre task execution logs
[2025-10-13T09:21:48.890+0000] {taskinstance.py:2613} INFO - Dependencies all met for dep_context=non-requeueable deps ti=<TaskInstance: elt-pipeline.extract_load_group.extract_transactions scheduled__2025-09-05T00:00:00+00:00 [queued]>
[2025-10-13T09:21:48.898+0000] {taskinstance.py:2613} INFO - Dependencies all met for dep_context=requeueable deps ti=<TaskInstance: elt-pipeline.extract_load_group.extract_transactions scheduled__2025-09-05T00:00:00+00:00 [queued]>
[2025-10-13T09:21:48.899+0000] {taskinstance.py:2866} INFO - Starting attempt 1 of 1
[2025-10-13T09:21:48.913+0000] {taskinstance.py:2889} INFO - Executing <Task(PythonOperator): extract_load_group.extract_transactions> on 2025-09-05 00:00:00+00:00
[2025-10-13T09:21:48.921+0000] {warnings.py:112} WARNING - /home/***/.local/lib/python3.12/site-packages/***/task/task_runner/standard_task_runner.py:70: DeprecationWarning: This process (pid=1449) is multi-threaded, use of fork() may lead to deadlocks in the child.
  pid = os.fork()

[2025-10-13T09:21:48.923+0000] {standard_task_runner.py:72} INFO - Started process 1450 to run task
[2025-10-13T09:21:48.923+0000] {standard_task_runner.py:104} INFO - Running: ['***', 'tasks', 'run', 'elt-pipeline', 'extract_load_group.extract_transactions', 'scheduled__2025-09-05T00:00:00+00:00', '--job-id', '209', '--raw', '--subdir', 'DAGS_FOLDER/elt.py', '--cfg-path', '/tmp/tmpdyya5p7s']
[2025-10-13T09:21:48.925+0000] {standard_task_runner.py:105} INFO - Job 209: Subtask extract_load_group.extract_transactions
[2025-10-13T09:21:48.988+0000] {task_command.py:467} INFO - Running <TaskInstance: elt-pipeline.extract_load_group.extract_transactions scheduled__2025-09-05T00:00:00+00:00 [running]> on host 84d5a327cf64
[2025-10-13T09:21:49.094+0000] {taskinstance.py:3132} INFO - Exporting env vars: AIRFLOW_CTX_DAG_OWNER='***' AIRFLOW_CTX_DAG_ID='elt-pipeline' AIRFLOW_CTX_TASK_ID='extract_load_group.extract_transactions' AIRFLOW_CTX_EXECUTION_DATE='2025-09-05T00:00:00+00:00' AIRFLOW_CTX_TRY_NUMBER='1' AIRFLOW_CTX_DAG_RUN_ID='scheduled__2025-09-05T00:00:00+00:00'
[2025-10-13T09:21:49.095+0000] {taskinstance.py:731} INFO - ::endgroup::
[2025-10-13T09:21:49.248+0000] {extract.py:22} INFO - Data written to transactions.csv
[2025-10-13T09:21:49.249+0000] {python.py:240} INFO - Done. Returned value was: None
[2025-10-13T09:21:49.264+0000] {taskinstance.py:340} INFO - ::group::Post task execution logs
[2025-10-13T09:21:49.265+0000] {taskinstance.py:352} INFO - Marking task as SUCCESS. dag_id=elt-pipeline, task_id=extract_load_group.extract_transactions, run_id=scheduled__2025-09-05T00:00:00+00:00, execution_date=20250905T000000, start_date=20251013T092148, end_date=20251013T092149
[2025-10-13T09:21:49.299+0000] {local_task_job_runner.py:266} INFO - Task exited with return code 0
[2025-10-13T09:21:49.318+0000] {local_task_job_runner.py:245} INFO - ::endgroup::
[2025-10-14T04:21:40.058+0000] {local_task_job_runner.py:123} INFO - ::group::Pre task execution logs
[2025-10-14T04:21:40.082+0000] {taskinstance.py:2613} INFO - Dependencies all met for dep_context=non-requeueable deps ti=<TaskInstance: elt-pipeline.extract_load_group.extract_transactions scheduled__2025-09-05T00:00:00+00:00 [queued]>
[2025-10-14T04:21:40.091+0000] {taskinstance.py:2613} INFO - Dependencies all met for dep_context=requeueable deps ti=<TaskInstance: elt-pipeline.extract_load_group.extract_transactions scheduled__2025-09-05T00:00:00+00:00 [queued]>
[2025-10-14T04:21:40.091+0000] {taskinstance.py:2866} INFO - Starting attempt 1 of 1
[2025-10-14T04:21:40.105+0000] {taskinstance.py:2889} INFO - Executing <Task(PythonOperator): extract_load_group.extract_transactions> on 2025-09-05 00:00:00+00:00
[2025-10-14T04:21:40.112+0000] {warnings.py:112} WARNING - /home/***/.local/lib/python3.12/site-packages/***/task/task_runner/standard_task_runner.py:70: DeprecationWarning: This process (pid=437) is multi-threaded, use of fork() may lead to deadlocks in the child.
  pid = os.fork()

[2025-10-14T04:21:40.114+0000] {standard_task_runner.py:72} INFO - Started process 441 to run task
[2025-10-14T04:21:40.116+0000] {standard_task_runner.py:104} INFO - Running: ['***', 'tasks', 'run', 'elt-pipeline', 'extract_load_group.extract_transactions', 'scheduled__2025-09-05T00:00:00+00:00', '--job-id', '307', '--raw', '--subdir', 'DAGS_FOLDER/elt.py', '--cfg-path', '/tmp/tmphdbjpneo']
[2025-10-14T04:21:40.117+0000] {standard_task_runner.py:105} INFO - Job 307: Subtask extract_load_group.extract_transactions
[2025-10-14T04:21:40.178+0000] {task_command.py:467} INFO - Running <TaskInstance: elt-pipeline.extract_load_group.extract_transactions scheduled__2025-09-05T00:00:00+00:00 [running]> on host e348b991e0be
[2025-10-14T04:21:40.280+0000] {taskinstance.py:3132} INFO - Exporting env vars: AIRFLOW_CTX_DAG_OWNER='***' AIRFLOW_CTX_DAG_ID='elt-pipeline' AIRFLOW_CTX_TASK_ID='extract_load_group.extract_transactions' AIRFLOW_CTX_EXECUTION_DATE='2025-09-05T00:00:00+00:00' AIRFLOW_CTX_TRY_NUMBER='1' AIRFLOW_CTX_DAG_RUN_ID='scheduled__2025-09-05T00:00:00+00:00'
[2025-10-14T04:21:40.281+0000] {taskinstance.py:731} INFO - ::endgroup::
[2025-10-14T04:21:40.443+0000] {extract.py:22} INFO - Data written to transactions.csv
[2025-10-14T04:21:40.444+0000] {python.py:240} INFO - Done. Returned value was: None
[2025-10-14T04:21:40.464+0000] {taskinstance.py:340} INFO - ::group::Post task execution logs
[2025-10-14T04:21:40.465+0000] {taskinstance.py:352} INFO - Marking task as SUCCESS. dag_id=elt-pipeline, task_id=extract_load_group.extract_transactions, run_id=scheduled__2025-09-05T00:00:00+00:00, execution_date=20250905T000000, start_date=20251014T042140, end_date=20251014T042140
[2025-10-14T04:21:40.490+0000] {local_task_job_runner.py:266} INFO - Task exited with return code 0
[2025-10-14T04:21:40.534+0000] {taskinstance.py:3895} INFO - 1 downstream tasks scheduled from follow-on schedule check
[2025-10-14T04:21:40.536+0000] {local_task_job_runner.py:245} INFO - ::endgroup::
[2025-10-14T04:29:51.802+0000] {local_task_job_runner.py:123} INFO - ::group::Pre task execution logs
[2025-10-14T04:29:51.826+0000] {taskinstance.py:2613} INFO - Dependencies all met for dep_context=non-requeueable deps ti=<TaskInstance: elt-pipeline.extract_load_group.extract_transactions scheduled__2025-09-05T00:00:00+00:00 [queued]>
[2025-10-14T04:29:51.837+0000] {taskinstance.py:2613} INFO - Dependencies all met for dep_context=requeueable deps ti=<TaskInstance: elt-pipeline.extract_load_group.extract_transactions scheduled__2025-09-05T00:00:00+00:00 [queued]>
[2025-10-14T04:29:51.838+0000] {taskinstance.py:2866} INFO - Starting attempt 1 of 1
[2025-10-14T04:29:51.854+0000] {taskinstance.py:2889} INFO - Executing <Task(PythonOperator): extract_load_group.extract_transactions> on 2025-09-05 00:00:00+00:00
[2025-10-14T04:29:51.861+0000] {warnings.py:112} WARNING - /home/***/.local/lib/python3.12/site-packages/***/task/task_runner/standard_task_runner.py:70: DeprecationWarning: This process (pid=936) is multi-threaded, use of fork() may lead to deadlocks in the child.
  pid = os.fork()

[2025-10-14T04:29:51.863+0000] {standard_task_runner.py:72} INFO - Started process 940 to run task
[2025-10-14T04:29:51.863+0000] {standard_task_runner.py:104} INFO - Running: ['***', 'tasks', 'run', 'elt-pipeline', 'extract_load_group.extract_transactions', 'scheduled__2025-09-05T00:00:00+00:00', '--job-id', '414', '--raw', '--subdir', 'DAGS_FOLDER/elt.py', '--cfg-path', '/tmp/tmpdn1hjzbi']
[2025-10-14T04:29:51.864+0000] {standard_task_runner.py:105} INFO - Job 414: Subtask extract_load_group.extract_transactions
[2025-10-14T04:29:51.928+0000] {task_command.py:467} INFO - Running <TaskInstance: elt-pipeline.extract_load_group.extract_transactions scheduled__2025-09-05T00:00:00+00:00 [running]> on host e348b991e0be
[2025-10-14T04:29:52.042+0000] {taskinstance.py:3132} INFO - Exporting env vars: AIRFLOW_CTX_DAG_OWNER='***' AIRFLOW_CTX_DAG_ID='elt-pipeline' AIRFLOW_CTX_TASK_ID='extract_load_group.extract_transactions' AIRFLOW_CTX_EXECUTION_DATE='2025-09-05T00:00:00+00:00' AIRFLOW_CTX_TRY_NUMBER='1' AIRFLOW_CTX_DAG_RUN_ID='scheduled__2025-09-05T00:00:00+00:00'
[2025-10-14T04:29:52.043+0000] {taskinstance.py:731} INFO - ::endgroup::
[2025-10-14T04:29:52.193+0000] {extract.py:22} INFO - Data written to transactions.csv
[2025-10-14T04:29:52.194+0000] {python.py:240} INFO - Done. Returned value was: None
[2025-10-14T04:29:52.213+0000] {taskinstance.py:340} INFO - ::group::Post task execution logs
[2025-10-14T04:29:52.213+0000] {taskinstance.py:352} INFO - Marking task as SUCCESS. dag_id=elt-pipeline, task_id=extract_load_group.extract_transactions, run_id=scheduled__2025-09-05T00:00:00+00:00, execution_date=20250905T000000, start_date=20251014T042951, end_date=20251014T042952
[2025-10-14T04:29:52.278+0000] {local_task_job_runner.py:266} INFO - Task exited with return code 0
[2025-10-14T04:29:52.315+0000] {taskinstance.py:3895} INFO - 1 downstream tasks scheduled from follow-on schedule check
[2025-10-14T04:29:52.318+0000] {local_task_job_runner.py:245} INFO - ::endgroup::
[2025-10-14T04:36:48.659+0000] {local_task_job_runner.py:123} INFO - ::group::Pre task execution logs
[2025-10-14T04:36:48.683+0000] {taskinstance.py:2613} INFO - Dependencies all met for dep_context=non-requeueable deps ti=<TaskInstance: elt-pipeline.extract_load_group.extract_transactions scheduled__2025-09-05T00:00:00+00:00 [queued]>
[2025-10-14T04:36:48.693+0000] {taskinstance.py:2613} INFO - Dependencies all met for dep_context=requeueable deps ti=<TaskInstance: elt-pipeline.extract_load_group.extract_transactions scheduled__2025-09-05T00:00:00+00:00 [queued]>
[2025-10-14T04:36:48.693+0000] {taskinstance.py:2866} INFO - Starting attempt 1 of 1
[2025-10-14T04:36:48.710+0000] {taskinstance.py:2889} INFO - Executing <Task(PythonOperator): extract_load_group.extract_transactions> on 2025-09-05 00:00:00+00:00
[2025-10-14T04:36:48.718+0000] {warnings.py:112} WARNING - /home/***/.local/lib/python3.12/site-packages/***/task/task_runner/standard_task_runner.py:70: DeprecationWarning: This process (pid=1281) is multi-threaded, use of fork() may lead to deadlocks in the child.
  pid = os.fork()

[2025-10-14T04:36:48.720+0000] {standard_task_runner.py:72} INFO - Started process 1282 to run task
[2025-10-14T04:36:48.720+0000] {standard_task_runner.py:104} INFO - Running: ['***', 'tasks', 'run', 'elt-pipeline', 'extract_load_group.extract_transactions', 'scheduled__2025-09-05T00:00:00+00:00', '--job-id', '488', '--raw', '--subdir', 'DAGS_FOLDER/elt.py', '--cfg-path', '/tmp/tmpn9lo5ihd']
[2025-10-14T04:36:48.722+0000] {standard_task_runner.py:105} INFO - Job 488: Subtask extract_load_group.extract_transactions
[2025-10-14T04:36:48.791+0000] {task_command.py:467} INFO - Running <TaskInstance: elt-pipeline.extract_load_group.extract_transactions scheduled__2025-09-05T00:00:00+00:00 [running]> on host e348b991e0be
[2025-10-14T04:36:48.913+0000] {taskinstance.py:3132} INFO - Exporting env vars: AIRFLOW_CTX_DAG_OWNER='***' AIRFLOW_CTX_DAG_ID='elt-pipeline' AIRFLOW_CTX_TASK_ID='extract_load_group.extract_transactions' AIRFLOW_CTX_EXECUTION_DATE='2025-09-05T00:00:00+00:00' AIRFLOW_CTX_TRY_NUMBER='1' AIRFLOW_CTX_DAG_RUN_ID='scheduled__2025-09-05T00:00:00+00:00'
[2025-10-14T04:36:48.914+0000] {taskinstance.py:731} INFO - ::endgroup::
[2025-10-14T04:36:49.081+0000] {extract.py:22} INFO - Data written to transactions.csv
[2025-10-14T04:36:49.082+0000] {python.py:240} INFO - Done. Returned value was: None
[2025-10-14T04:36:49.098+0000] {taskinstance.py:340} INFO - ::group::Post task execution logs
[2025-10-14T04:36:49.099+0000] {taskinstance.py:352} INFO - Marking task as SUCCESS. dag_id=elt-pipeline, task_id=extract_load_group.extract_transactions, run_id=scheduled__2025-09-05T00:00:00+00:00, execution_date=20250905T000000, start_date=20251014T043648, end_date=20251014T043649
[2025-10-14T04:36:49.136+0000] {local_task_job_runner.py:266} INFO - Task exited with return code 0
[2025-10-14T04:36:49.177+0000] {taskinstance.py:3895} INFO - 1 downstream tasks scheduled from follow-on schedule check
[2025-10-14T04:36:49.180+0000] {local_task_job_runner.py:245} INFO - ::endgroup::
