[2025-10-13T09:22:07.492+0000] {local_task_job_runner.py:123} INFO - ::group::Pre task execution logs
[2025-10-13T09:22:07.517+0000] {taskinstance.py:2613} INFO - Dependencies all met for dep_context=non-requeueable deps ti=<TaskInstance: elt-pipeline.extract_load_group.load_transactions scheduled__2025-09-06T00:00:00+00:00 [queued]>
[2025-10-13T09:22:07.528+0000] {taskinstance.py:2613} INFO - Dependencies all met for dep_context=requeueable deps ti=<TaskInstance: elt-pipeline.extract_load_group.load_transactions scheduled__2025-09-06T00:00:00+00:00 [queued]>
[2025-10-13T09:22:07.528+0000] {taskinstance.py:2866} INFO - Starting attempt 1 of 1
[2025-10-13T09:22:07.543+0000] {taskinstance.py:2889} INFO - Executing <Task(PythonOperator): extract_load_group.load_transactions> on 2025-09-06 00:00:00+00:00
[2025-10-13T09:22:07.550+0000] {warnings.py:112} WARNING - /home/***/.local/lib/python3.12/site-packages/***/task/task_runner/standard_task_runner.py:70: DeprecationWarning: This process (pid=1500) is multi-threaded, use of fork() may lead to deadlocks in the child.
  pid = os.fork()

[2025-10-13T09:22:07.552+0000] {standard_task_runner.py:72} INFO - Started process 1504 to run task
[2025-10-13T09:22:07.552+0000] {standard_task_runner.py:104} INFO - Running: ['***', 'tasks', 'run', 'elt-pipeline', 'extract_load_group.load_transactions', 'scheduled__2025-09-06T00:00:00+00:00', '--job-id', '224', '--raw', '--subdir', 'DAGS_FOLDER/elt.py', '--cfg-path', '/tmp/tmptv03c_wt']
[2025-10-13T09:22:07.554+0000] {standard_task_runner.py:105} INFO - Job 224: Subtask extract_load_group.load_transactions
[2025-10-13T09:22:07.622+0000] {task_command.py:467} INFO - Running <TaskInstance: elt-pipeline.extract_load_group.load_transactions scheduled__2025-09-06T00:00:00+00:00 [running]> on host 84d5a327cf64
[2025-10-13T09:22:07.735+0000] {taskinstance.py:3132} INFO - Exporting env vars: AIRFLOW_CTX_DAG_OWNER='***' AIRFLOW_CTX_DAG_ID='elt-pipeline' AIRFLOW_CTX_TASK_ID='extract_load_group.load_transactions' AIRFLOW_CTX_EXECUTION_DATE='2025-09-06T00:00:00+00:00' AIRFLOW_CTX_TRY_NUMBER='1' AIRFLOW_CTX_DAG_RUN_ID='scheduled__2025-09-06T00:00:00+00:00'
[2025-10-13T09:22:07.736+0000] {taskinstance.py:731} INFO - ::endgroup::
[2025-10-13T09:22:20.213+0000] {load.py:30} INFO - Loaded 29 rows and 4 columns to gcpl-469311.datalabs_techtest.stg_transactions
[2025-10-13T09:22:20.214+0000] {python.py:240} INFO - Done. Returned value was: None
[2025-10-13T09:22:20.227+0000] {taskinstance.py:340} INFO - ::group::Post task execution logs
[2025-10-13T09:22:20.228+0000] {taskinstance.py:352} INFO - Marking task as SUCCESS. dag_id=elt-pipeline, task_id=extract_load_group.load_transactions, run_id=scheduled__2025-09-06T00:00:00+00:00, execution_date=20250906T000000, start_date=20251013T092207, end_date=20251013T092220
[2025-10-13T09:22:20.265+0000] {local_task_job_runner.py:266} INFO - Task exited with return code 0
[2025-10-13T09:22:20.290+0000] {taskinstance.py:3895} INFO - 0 downstream tasks scheduled from follow-on schedule check
[2025-10-13T09:22:20.293+0000] {local_task_job_runner.py:245} INFO - ::endgroup::
[2025-10-14T04:30:20.033+0000] {local_task_job_runner.py:123} INFO - ::group::Pre task execution logs
[2025-10-14T04:30:20.053+0000] {taskinstance.py:2613} INFO - Dependencies all met for dep_context=non-requeueable deps ti=<TaskInstance: elt-pipeline.extract_load_group.load_transactions scheduled__2025-09-06T00:00:00+00:00 [queued]>
[2025-10-14T04:30:20.062+0000] {taskinstance.py:2613} INFO - Dependencies all met for dep_context=requeueable deps ti=<TaskInstance: elt-pipeline.extract_load_group.load_transactions scheduled__2025-09-06T00:00:00+00:00 [queued]>
[2025-10-14T04:30:20.062+0000] {taskinstance.py:2866} INFO - Starting attempt 1 of 1
[2025-10-14T04:30:20.076+0000] {taskinstance.py:2889} INFO - Executing <Task(PythonOperator): extract_load_group.load_transactions> on 2025-09-06 00:00:00+00:00
[2025-10-14T04:30:20.083+0000] {warnings.py:112} WARNING - /home/***/.local/lib/python3.12/site-packages/***/task/task_runner/standard_task_runner.py:70: DeprecationWarning: This process (pid=997) is multi-threaded, use of fork() may lead to deadlocks in the child.
  pid = os.fork()

[2025-10-14T04:30:20.086+0000] {standard_task_runner.py:72} INFO - Started process 999 to run task
[2025-10-14T04:30:20.086+0000] {standard_task_runner.py:104} INFO - Running: ['***', 'tasks', 'run', 'elt-pipeline', 'extract_load_group.load_transactions', 'scheduled__2025-09-06T00:00:00+00:00', '--job-id', '431', '--raw', '--subdir', 'DAGS_FOLDER/elt.py', '--cfg-path', '/tmp/tmplfak8y5m']
[2025-10-14T04:30:20.087+0000] {standard_task_runner.py:105} INFO - Job 431: Subtask extract_load_group.load_transactions
[2025-10-14T04:30:20.145+0000] {task_command.py:467} INFO - Running <TaskInstance: elt-pipeline.extract_load_group.load_transactions scheduled__2025-09-06T00:00:00+00:00 [running]> on host e348b991e0be
[2025-10-14T04:30:20.238+0000] {taskinstance.py:3132} INFO - Exporting env vars: AIRFLOW_CTX_DAG_OWNER='***' AIRFLOW_CTX_DAG_ID='elt-pipeline' AIRFLOW_CTX_TASK_ID='extract_load_group.load_transactions' AIRFLOW_CTX_EXECUTION_DATE='2025-09-06T00:00:00+00:00' AIRFLOW_CTX_TRY_NUMBER='1' AIRFLOW_CTX_DAG_RUN_ID='scheduled__2025-09-06T00:00:00+00:00'
[2025-10-14T04:30:20.239+0000] {taskinstance.py:731} INFO - ::endgroup::
[2025-10-14T04:30:23.837+0000] {load.py:30} INFO - Loaded 29 rows and 4 columns to gcpl-469311.datalabs_techtest.stg_transactions
[2025-10-14T04:30:23.838+0000] {python.py:240} INFO - Done. Returned value was: None
[2025-10-14T04:30:23.852+0000] {taskinstance.py:340} INFO - ::group::Post task execution logs
[2025-10-14T04:30:23.853+0000] {taskinstance.py:352} INFO - Marking task as SUCCESS. dag_id=elt-pipeline, task_id=extract_load_group.load_transactions, run_id=scheduled__2025-09-06T00:00:00+00:00, execution_date=20250906T000000, start_date=20251014T043020, end_date=20251014T043023
[2025-10-14T04:30:23.916+0000] {local_task_job_runner.py:266} INFO - Task exited with return code 0
[2025-10-14T04:30:23.944+0000] {taskinstance.py:3895} INFO - 0 downstream tasks scheduled from follow-on schedule check
[2025-10-14T04:30:23.947+0000] {local_task_job_runner.py:245} INFO - ::endgroup::
[2025-10-14T04:37:15.159+0000] {local_task_job_runner.py:123} INFO - ::group::Pre task execution logs
[2025-10-14T04:37:15.182+0000] {taskinstance.py:2613} INFO - Dependencies all met for dep_context=non-requeueable deps ti=<TaskInstance: elt-pipeline.extract_load_group.load_transactions scheduled__2025-09-06T00:00:00+00:00 [queued]>
[2025-10-14T04:37:15.193+0000] {taskinstance.py:2613} INFO - Dependencies all met for dep_context=requeueable deps ti=<TaskInstance: elt-pipeline.extract_load_group.load_transactions scheduled__2025-09-06T00:00:00+00:00 [queued]>
[2025-10-14T04:37:15.194+0000] {taskinstance.py:2866} INFO - Starting attempt 1 of 1
[2025-10-14T04:37:15.210+0000] {taskinstance.py:2889} INFO - Executing <Task(PythonOperator): extract_load_group.load_transactions> on 2025-09-06 00:00:00+00:00
[2025-10-14T04:37:15.218+0000] {warnings.py:112} WARNING - /home/***/.local/lib/python3.12/site-packages/***/task/task_runner/standard_task_runner.py:70: DeprecationWarning: This process (pid=1342) is multi-threaded, use of fork() may lead to deadlocks in the child.
  pid = os.fork()

[2025-10-14T04:37:15.221+0000] {standard_task_runner.py:72} INFO - Started process 1347 to run task
[2025-10-14T04:37:15.221+0000] {standard_task_runner.py:104} INFO - Running: ['***', 'tasks', 'run', 'elt-pipeline', 'extract_load_group.load_transactions', 'scheduled__2025-09-06T00:00:00+00:00', '--job-id', '505', '--raw', '--subdir', 'DAGS_FOLDER/elt.py', '--cfg-path', '/tmp/tmp3x1t1n6d']
[2025-10-14T04:37:15.223+0000] {standard_task_runner.py:105} INFO - Job 505: Subtask extract_load_group.load_transactions
[2025-10-14T04:37:15.292+0000] {task_command.py:467} INFO - Running <TaskInstance: elt-pipeline.extract_load_group.load_transactions scheduled__2025-09-06T00:00:00+00:00 [running]> on host e348b991e0be
[2025-10-14T04:37:15.399+0000] {taskinstance.py:3132} INFO - Exporting env vars: AIRFLOW_CTX_DAG_OWNER='***' AIRFLOW_CTX_DAG_ID='elt-pipeline' AIRFLOW_CTX_TASK_ID='extract_load_group.load_transactions' AIRFLOW_CTX_EXECUTION_DATE='2025-09-06T00:00:00+00:00' AIRFLOW_CTX_TRY_NUMBER='1' AIRFLOW_CTX_DAG_RUN_ID='scheduled__2025-09-06T00:00:00+00:00'
[2025-10-14T04:37:15.401+0000] {taskinstance.py:731} INFO - ::endgroup::
[2025-10-14T04:37:19.800+0000] {load.py:30} INFO - Loaded 29 rows and 4 columns to gcpl-469311.datalabs_techtest.stg_transactions
[2025-10-14T04:37:19.801+0000] {python.py:240} INFO - Done. Returned value was: None
[2025-10-14T04:37:19.812+0000] {taskinstance.py:340} INFO - ::group::Post task execution logs
[2025-10-14T04:37:19.813+0000] {taskinstance.py:352} INFO - Marking task as SUCCESS. dag_id=elt-pipeline, task_id=extract_load_group.load_transactions, run_id=scheduled__2025-09-06T00:00:00+00:00, execution_date=20250906T000000, start_date=20251014T043715, end_date=20251014T043719
[2025-10-14T04:37:19.854+0000] {local_task_job_runner.py:266} INFO - Task exited with return code 0
[2025-10-14T04:37:19.879+0000] {taskinstance.py:3895} INFO - 0 downstream tasks scheduled from follow-on schedule check
[2025-10-14T04:37:19.881+0000] {local_task_job_runner.py:245} INFO - ::endgroup::
