[2025-10-13T08:42:40.360+0000] {local_task_job_runner.py:123} INFO - ::group::Pre task execution logs
[2025-10-13T08:42:40.380+0000] {taskinstance.py:2613} INFO - Dependencies all met for dep_context=non-requeueable deps ti=<TaskInstance: elt-pipeline.extract_load_group.load_transaction_items scheduled__2025-09-05T00:00:00+00:00 [queued]>
[2025-10-13T08:42:40.390+0000] {taskinstance.py:2613} INFO - Dependencies all met for dep_context=requeueable deps ti=<TaskInstance: elt-pipeline.extract_load_group.load_transaction_items scheduled__2025-09-05T00:00:00+00:00 [queued]>
[2025-10-13T08:42:40.390+0000] {taskinstance.py:2866} INFO - Starting attempt 1 of 1
[2025-10-13T08:42:40.404+0000] {taskinstance.py:2889} INFO - Executing <Task(PythonOperator): extract_load_group.load_transaction_items> on 2025-09-05 00:00:00+00:00
[2025-10-13T08:42:40.412+0000] {warnings.py:112} WARNING - /home/***/.local/lib/python3.12/site-packages/***/task/task_runner/standard_task_runner.py:70: DeprecationWarning: This process (pid=438) is multi-threaded, use of fork() may lead to deadlocks in the child.
  pid = os.fork()

[2025-10-13T08:42:40.414+0000] {standard_task_runner.py:72} INFO - Started process 441 to run task
[2025-10-13T08:42:40.414+0000] {standard_task_runner.py:104} INFO - Running: ['***', 'tasks', 'run', 'elt-pipeline', 'extract_load_group.load_transaction_items', 'scheduled__2025-09-05T00:00:00+00:00', '--job-id', '69', '--raw', '--subdir', 'DAGS_FOLDER/elt.py', '--cfg-path', '/tmp/tmpnqdzkv11']
[2025-10-13T08:42:40.416+0000] {standard_task_runner.py:105} INFO - Job 69: Subtask extract_load_group.load_transaction_items
[2025-10-13T08:42:40.477+0000] {task_command.py:467} INFO - Running <TaskInstance: elt-pipeline.extract_load_group.load_transaction_items scheduled__2025-09-05T00:00:00+00:00 [running]> on host 84d5a327cf64
[2025-10-13T08:42:40.593+0000] {taskinstance.py:3132} INFO - Exporting env vars: AIRFLOW_CTX_DAG_OWNER='***' AIRFLOW_CTX_DAG_ID='elt-pipeline' AIRFLOW_CTX_TASK_ID='extract_load_group.load_transaction_items' AIRFLOW_CTX_EXECUTION_DATE='2025-09-05T00:00:00+00:00' AIRFLOW_CTX_TRY_NUMBER='1' AIRFLOW_CTX_DAG_RUN_ID='scheduled__2025-09-05T00:00:00+00:00'
[2025-10-13T08:42:40.594+0000] {taskinstance.py:731} INFO - ::endgroup::
[2025-10-13T08:42:53.275+0000] {load.py:30} INFO - Loaded 2000 rows and 5 columns to gcpl-469311.datalabs_techtest.stg_transaction_items
[2025-10-13T08:42:53.277+0000] {python.py:240} INFO - Done. Returned value was: None
[2025-10-13T08:42:53.291+0000] {taskinstance.py:340} INFO - ::group::Post task execution logs
[2025-10-13T08:42:53.292+0000] {taskinstance.py:352} INFO - Marking task as SUCCESS. dag_id=elt-pipeline, task_id=extract_load_group.load_transaction_items, run_id=scheduled__2025-09-05T00:00:00+00:00, execution_date=20250905T000000, start_date=20251013T084240, end_date=20251013T084253
[2025-10-13T08:42:53.339+0000] {local_task_job_runner.py:266} INFO - Task exited with return code 0
[2025-10-13T08:42:53.362+0000] {taskinstance.py:3895} INFO - 0 downstream tasks scheduled from follow-on schedule check
[2025-10-13T08:42:53.364+0000] {local_task_job_runner.py:245} INFO - ::endgroup::
[2025-10-13T09:21:50.070+0000] {local_task_job_runner.py:123} INFO - ::group::Pre task execution logs
[2025-10-13T09:21:50.089+0000] {taskinstance.py:2613} INFO - Dependencies all met for dep_context=non-requeueable deps ti=<TaskInstance: elt-pipeline.extract_load_group.load_transaction_items scheduled__2025-09-05T00:00:00+00:00 [queued]>
[2025-10-13T09:21:50.098+0000] {taskinstance.py:2613} INFO - Dependencies all met for dep_context=requeueable deps ti=<TaskInstance: elt-pipeline.extract_load_group.load_transaction_items scheduled__2025-09-05T00:00:00+00:00 [queued]>
[2025-10-13T09:21:50.098+0000] {taskinstance.py:2866} INFO - Starting attempt 1 of 1
[2025-10-13T09:21:50.112+0000] {taskinstance.py:2889} INFO - Executing <Task(PythonOperator): extract_load_group.load_transaction_items> on 2025-09-05 00:00:00+00:00
[2025-10-13T09:21:50.120+0000] {warnings.py:112} WARNING - /home/***/.local/lib/python3.12/site-packages/***/task/task_runner/standard_task_runner.py:70: DeprecationWarning: This process (pid=1460) is multi-threaded, use of fork() may lead to deadlocks in the child.
  pid = os.fork()

[2025-10-13T09:21:50.122+0000] {standard_task_runner.py:72} INFO - Started process 1468 to run task
[2025-10-13T09:21:50.123+0000] {standard_task_runner.py:104} INFO - Running: ['***', 'tasks', 'run', 'elt-pipeline', 'extract_load_group.load_transaction_items', 'scheduled__2025-09-05T00:00:00+00:00', '--job-id', '217', '--raw', '--subdir', 'DAGS_FOLDER/elt.py', '--cfg-path', '/tmp/tmpvqbc8rgt']
[2025-10-13T09:21:50.124+0000] {standard_task_runner.py:105} INFO - Job 217: Subtask extract_load_group.load_transaction_items
[2025-10-13T09:21:50.186+0000] {task_command.py:467} INFO - Running <TaskInstance: elt-pipeline.extract_load_group.load_transaction_items scheduled__2025-09-05T00:00:00+00:00 [running]> on host 84d5a327cf64
[2025-10-13T09:21:50.315+0000] {taskinstance.py:3132} INFO - Exporting env vars: AIRFLOW_CTX_DAG_OWNER='***' AIRFLOW_CTX_DAG_ID='elt-pipeline' AIRFLOW_CTX_TASK_ID='extract_load_group.load_transaction_items' AIRFLOW_CTX_EXECUTION_DATE='2025-09-05T00:00:00+00:00' AIRFLOW_CTX_TRY_NUMBER='1' AIRFLOW_CTX_DAG_RUN_ID='scheduled__2025-09-05T00:00:00+00:00'
[2025-10-13T09:21:50.316+0000] {taskinstance.py:731} INFO - ::endgroup::
[2025-10-13T09:22:01.547+0000] {load.py:30} INFO - Loaded 2000 rows and 5 columns to gcpl-469311.datalabs_techtest.stg_transaction_items
[2025-10-13T09:22:01.547+0000] {python.py:240} INFO - Done. Returned value was: None
[2025-10-13T09:22:01.558+0000] {taskinstance.py:340} INFO - ::group::Post task execution logs
[2025-10-13T09:22:01.559+0000] {taskinstance.py:352} INFO - Marking task as SUCCESS. dag_id=elt-pipeline, task_id=extract_load_group.load_transaction_items, run_id=scheduled__2025-09-05T00:00:00+00:00, execution_date=20250905T000000, start_date=20251013T092150, end_date=20251013T092201
[2025-10-13T09:22:01.628+0000] {local_task_job_runner.py:266} INFO - Task exited with return code 0
[2025-10-13T09:22:01.651+0000] {taskinstance.py:3895} INFO - 0 downstream tasks scheduled from follow-on schedule check
[2025-10-13T09:22:01.653+0000] {local_task_job_runner.py:245} INFO - ::endgroup::
[2025-10-14T04:21:41.158+0000] {local_task_job_runner.py:123} INFO - ::group::Pre task execution logs
[2025-10-14T04:21:41.178+0000] {taskinstance.py:2613} INFO - Dependencies all met for dep_context=non-requeueable deps ti=<TaskInstance: elt-pipeline.extract_load_group.load_transaction_items scheduled__2025-09-05T00:00:00+00:00 [queued]>
[2025-10-14T04:21:41.188+0000] {taskinstance.py:2613} INFO - Dependencies all met for dep_context=requeueable deps ti=<TaskInstance: elt-pipeline.extract_load_group.load_transaction_items scheduled__2025-09-05T00:00:00+00:00 [queued]>
[2025-10-14T04:21:41.188+0000] {taskinstance.py:2866} INFO - Starting attempt 1 of 1
[2025-10-14T04:21:41.202+0000] {taskinstance.py:2889} INFO - Executing <Task(PythonOperator): extract_load_group.load_transaction_items> on 2025-09-05 00:00:00+00:00
[2025-10-14T04:21:41.209+0000] {warnings.py:112} WARNING - /home/***/.local/lib/python3.12/site-packages/***/task/task_runner/standard_task_runner.py:70: DeprecationWarning: This process (pid=454) is multi-threaded, use of fork() may lead to deadlocks in the child.
  pid = os.fork()

[2025-10-14T04:21:41.211+0000] {standard_task_runner.py:72} INFO - Started process 457 to run task
[2025-10-14T04:21:41.214+0000] {standard_task_runner.py:104} INFO - Running: ['***', 'tasks', 'run', 'elt-pipeline', 'extract_load_group.load_transaction_items', 'scheduled__2025-09-05T00:00:00+00:00', '--job-id', '314', '--raw', '--subdir', 'DAGS_FOLDER/elt.py', '--cfg-path', '/tmp/tmpxvxmhebl']
[2025-10-14T04:21:41.215+0000] {standard_task_runner.py:105} INFO - Job 314: Subtask extract_load_group.load_transaction_items
[2025-10-14T04:21:41.270+0000] {task_command.py:467} INFO - Running <TaskInstance: elt-pipeline.extract_load_group.load_transaction_items scheduled__2025-09-05T00:00:00+00:00 [running]> on host e348b991e0be
[2025-10-14T04:21:41.361+0000] {taskinstance.py:3132} INFO - Exporting env vars: AIRFLOW_CTX_DAG_OWNER='***' AIRFLOW_CTX_DAG_ID='elt-pipeline' AIRFLOW_CTX_TASK_ID='extract_load_group.load_transaction_items' AIRFLOW_CTX_EXECUTION_DATE='2025-09-05T00:00:00+00:00' AIRFLOW_CTX_TRY_NUMBER='1' AIRFLOW_CTX_DAG_RUN_ID='scheduled__2025-09-05T00:00:00+00:00'
[2025-10-14T04:21:41.362+0000] {taskinstance.py:731} INFO - ::endgroup::
[2025-10-14T04:21:46.038+0000] {load.py:30} INFO - Loaded 2000 rows and 5 columns to gcpl-469311.datalabs_techtest.stg_transaction_items
[2025-10-14T04:21:46.039+0000] {python.py:240} INFO - Done. Returned value was: None
[2025-10-14T04:21:46.050+0000] {taskinstance.py:340} INFO - ::group::Post task execution logs
[2025-10-14T04:21:46.051+0000] {taskinstance.py:352} INFO - Marking task as SUCCESS. dag_id=elt-pipeline, task_id=extract_load_group.load_transaction_items, run_id=scheduled__2025-09-05T00:00:00+00:00, execution_date=20250905T000000, start_date=20251014T042141, end_date=20251014T042146
[2025-10-14T04:21:46.121+0000] {local_task_job_runner.py:266} INFO - Task exited with return code 0
[2025-10-14T04:21:46.149+0000] {taskinstance.py:3895} INFO - 0 downstream tasks scheduled from follow-on schedule check
[2025-10-14T04:21:46.154+0000] {local_task_job_runner.py:245} INFO - ::endgroup::
[2025-10-14T04:29:53.453+0000] {local_task_job_runner.py:123} INFO - ::group::Pre task execution logs
[2025-10-14T04:29:53.484+0000] {taskinstance.py:2613} INFO - Dependencies all met for dep_context=non-requeueable deps ti=<TaskInstance: elt-pipeline.extract_load_group.load_transaction_items scheduled__2025-09-05T00:00:00+00:00 [queued]>
[2025-10-14T04:29:53.498+0000] {taskinstance.py:2613} INFO - Dependencies all met for dep_context=requeueable deps ti=<TaskInstance: elt-pipeline.extract_load_group.load_transaction_items scheduled__2025-09-05T00:00:00+00:00 [queued]>
[2025-10-14T04:29:53.499+0000] {taskinstance.py:2866} INFO - Starting attempt 1 of 1
[2025-10-14T04:29:53.522+0000] {taskinstance.py:2889} INFO - Executing <Task(PythonOperator): extract_load_group.load_transaction_items> on 2025-09-05 00:00:00+00:00
[2025-10-14T04:29:53.533+0000] {warnings.py:112} WARNING - /home/***/.local/lib/python3.12/site-packages/***/task/task_runner/standard_task_runner.py:70: DeprecationWarning: This process (pid=954) is multi-threaded, use of fork() may lead to deadlocks in the child.
  pid = os.fork()

[2025-10-14T04:29:53.536+0000] {standard_task_runner.py:72} INFO - Started process 963 to run task
[2025-10-14T04:29:53.536+0000] {standard_task_runner.py:104} INFO - Running: ['***', 'tasks', 'run', 'elt-pipeline', 'extract_load_group.load_transaction_items', 'scheduled__2025-09-05T00:00:00+00:00', '--job-id', '423', '--raw', '--subdir', 'DAGS_FOLDER/elt.py', '--cfg-path', '/tmp/tmpspn0ej_u']
[2025-10-14T04:29:53.539+0000] {standard_task_runner.py:105} INFO - Job 423: Subtask extract_load_group.load_transaction_items
[2025-10-14T04:29:53.627+0000] {task_command.py:467} INFO - Running <TaskInstance: elt-pipeline.extract_load_group.load_transaction_items scheduled__2025-09-05T00:00:00+00:00 [running]> on host e348b991e0be
[2025-10-14T04:29:53.778+0000] {taskinstance.py:3132} INFO - Exporting env vars: AIRFLOW_CTX_DAG_OWNER='***' AIRFLOW_CTX_DAG_ID='elt-pipeline' AIRFLOW_CTX_TASK_ID='extract_load_group.load_transaction_items' AIRFLOW_CTX_EXECUTION_DATE='2025-09-05T00:00:00+00:00' AIRFLOW_CTX_TRY_NUMBER='1' AIRFLOW_CTX_DAG_RUN_ID='scheduled__2025-09-05T00:00:00+00:00'
[2025-10-14T04:29:53.780+0000] {taskinstance.py:731} INFO - ::endgroup::
[2025-10-14T04:29:57.817+0000] {load.py:30} INFO - Loaded 2000 rows and 5 columns to gcpl-469311.datalabs_techtest.stg_transaction_items
[2025-10-14T04:29:57.817+0000] {python.py:240} INFO - Done. Returned value was: None
[2025-10-14T04:29:57.830+0000] {taskinstance.py:340} INFO - ::group::Post task execution logs
[2025-10-14T04:29:57.831+0000] {taskinstance.py:352} INFO - Marking task as SUCCESS. dag_id=elt-pipeline, task_id=extract_load_group.load_transaction_items, run_id=scheduled__2025-09-05T00:00:00+00:00, execution_date=20250905T000000, start_date=20251014T042953, end_date=20251014T042957
[2025-10-14T04:29:57.889+0000] {local_task_job_runner.py:266} INFO - Task exited with return code 0
[2025-10-14T04:29:57.922+0000] {taskinstance.py:3895} INFO - 0 downstream tasks scheduled from follow-on schedule check
[2025-10-14T04:29:57.924+0000] {local_task_job_runner.py:245} INFO - ::endgroup::
[2025-10-14T04:36:49.877+0000] {local_task_job_runner.py:123} INFO - ::group::Pre task execution logs
[2025-10-14T04:36:49.900+0000] {taskinstance.py:2613} INFO - Dependencies all met for dep_context=non-requeueable deps ti=<TaskInstance: elt-pipeline.extract_load_group.load_transaction_items scheduled__2025-09-05T00:00:00+00:00 [queued]>
[2025-10-14T04:36:49.910+0000] {taskinstance.py:2613} INFO - Dependencies all met for dep_context=requeueable deps ti=<TaskInstance: elt-pipeline.extract_load_group.load_transaction_items scheduled__2025-09-05T00:00:00+00:00 [queued]>
[2025-10-14T04:36:49.911+0000] {taskinstance.py:2866} INFO - Starting attempt 1 of 1
[2025-10-14T04:36:49.926+0000] {taskinstance.py:2889} INFO - Executing <Task(PythonOperator): extract_load_group.load_transaction_items> on 2025-09-05 00:00:00+00:00
[2025-10-14T04:36:49.936+0000] {warnings.py:112} WARNING - /home/***/.local/lib/python3.12/site-packages/***/task/task_runner/standard_task_runner.py:70: DeprecationWarning: This process (pid=1295) is multi-threaded, use of fork() may lead to deadlocks in the child.
  pid = os.fork()

[2025-10-14T04:36:49.938+0000] {standard_task_runner.py:72} INFO - Started process 1302 to run task
[2025-10-14T04:36:49.939+0000] {standard_task_runner.py:104} INFO - Running: ['***', 'tasks', 'run', 'elt-pipeline', 'extract_load_group.load_transaction_items', 'scheduled__2025-09-05T00:00:00+00:00', '--job-id', '494', '--raw', '--subdir', 'DAGS_FOLDER/elt.py', '--cfg-path', '/tmp/tmpy9padpsc']
[2025-10-14T04:36:49.940+0000] {standard_task_runner.py:105} INFO - Job 494: Subtask extract_load_group.load_transaction_items
[2025-10-14T04:36:50.007+0000] {task_command.py:467} INFO - Running <TaskInstance: elt-pipeline.extract_load_group.load_transaction_items scheduled__2025-09-05T00:00:00+00:00 [running]> on host e348b991e0be
[2025-10-14T04:36:50.125+0000] {taskinstance.py:3132} INFO - Exporting env vars: AIRFLOW_CTX_DAG_OWNER='***' AIRFLOW_CTX_DAG_ID='elt-pipeline' AIRFLOW_CTX_TASK_ID='extract_load_group.load_transaction_items' AIRFLOW_CTX_EXECUTION_DATE='2025-09-05T00:00:00+00:00' AIRFLOW_CTX_TRY_NUMBER='1' AIRFLOW_CTX_DAG_RUN_ID='scheduled__2025-09-05T00:00:00+00:00'
[2025-10-14T04:36:50.126+0000] {taskinstance.py:731} INFO - ::endgroup::
[2025-10-14T04:36:54.286+0000] {load.py:30} INFO - Loaded 2000 rows and 5 columns to gcpl-469311.datalabs_techtest.stg_transaction_items
[2025-10-14T04:36:54.287+0000] {python.py:240} INFO - Done. Returned value was: None
[2025-10-14T04:36:54.299+0000] {taskinstance.py:340} INFO - ::group::Post task execution logs
[2025-10-14T04:36:54.300+0000] {taskinstance.py:352} INFO - Marking task as SUCCESS. dag_id=elt-pipeline, task_id=extract_load_group.load_transaction_items, run_id=scheduled__2025-09-05T00:00:00+00:00, execution_date=20250905T000000, start_date=20251014T043649, end_date=20251014T043654
[2025-10-14T04:36:54.326+0000] {local_task_job_runner.py:266} INFO - Task exited with return code 0
[2025-10-14T04:36:54.339+0000] {local_task_job_runner.py:245} INFO - ::endgroup::
