[2025-10-13T08:41:43.787+0000] {local_task_job_runner.py:123} INFO - ::group::Pre task execution logs
[2025-10-13T08:41:43.809+0000] {taskinstance.py:2613} INFO - Dependencies all met for dep_context=non-requeueable deps ti=<TaskInstance: elt-pipeline.extract_load_group.extract_marketing_campaigns scheduled__2025-09-04T00:00:00+00:00 [queued]>
[2025-10-13T08:41:43.819+0000] {taskinstance.py:2613} INFO - Dependencies all met for dep_context=requeueable deps ti=<TaskInstance: elt-pipeline.extract_load_group.extract_marketing_campaigns scheduled__2025-09-04T00:00:00+00:00 [queued]>
[2025-10-13T08:41:43.820+0000] {taskinstance.py:2866} INFO - Starting attempt 1 of 1
[2025-10-13T08:41:43.834+0000] {taskinstance.py:2889} INFO - Executing <Task(PythonOperator): extract_load_group.extract_marketing_campaigns> on 2025-09-04 00:00:00+00:00
[2025-10-13T08:41:43.843+0000] {warnings.py:112} WARNING - /home/***/.local/lib/python3.12/site-packages/***/task/task_runner/standard_task_runner.py:70: DeprecationWarning: This process (pid=338) is multi-threaded, use of fork() may lead to deadlocks in the child.
  pid = os.fork()

[2025-10-13T08:41:43.845+0000] {standard_task_runner.py:72} INFO - Started process 344 to run task
[2025-10-13T08:41:43.845+0000] {standard_task_runner.py:104} INFO - Running: ['***', 'tasks', 'run', 'elt-pipeline', 'extract_load_group.extract_marketing_campaigns', 'scheduled__2025-09-04T00:00:00+00:00', '--job-id', '45', '--raw', '--subdir', 'DAGS_FOLDER/elt.py', '--cfg-path', '/tmp/tmprdwrfg_k']
[2025-10-13T08:41:43.846+0000] {standard_task_runner.py:105} INFO - Job 45: Subtask extract_load_group.extract_marketing_campaigns
[2025-10-13T08:41:43.914+0000] {task_command.py:467} INFO - Running <TaskInstance: elt-pipeline.extract_load_group.extract_marketing_campaigns scheduled__2025-09-04T00:00:00+00:00 [running]> on host 84d5a327cf64
[2025-10-13T08:41:44.011+0000] {taskinstance.py:3132} INFO - Exporting env vars: AIRFLOW_CTX_DAG_OWNER='***' AIRFLOW_CTX_DAG_ID='elt-pipeline' AIRFLOW_CTX_TASK_ID='extract_load_group.extract_marketing_campaigns' AIRFLOW_CTX_EXECUTION_DATE='2025-09-04T00:00:00+00:00' AIRFLOW_CTX_TRY_NUMBER='1' AIRFLOW_CTX_DAG_RUN_ID='scheduled__2025-09-04T00:00:00+00:00'
[2025-10-13T08:41:44.012+0000] {taskinstance.py:731} INFO - ::endgroup::
[2025-10-13T08:41:44.170+0000] {extract.py:22} INFO - Data written to marketing_campaigns.csv
[2025-10-13T08:41:44.170+0000] {python.py:240} INFO - Done. Returned value was: None
[2025-10-13T08:41:44.185+0000] {taskinstance.py:340} INFO - ::group::Post task execution logs
[2025-10-13T08:41:44.185+0000] {taskinstance.py:352} INFO - Marking task as SUCCESS. dag_id=elt-pipeline, task_id=extract_load_group.extract_marketing_campaigns, run_id=scheduled__2025-09-04T00:00:00+00:00, execution_date=20250904T000000, start_date=20251013T084143, end_date=20251013T084144
[2025-10-13T08:41:44.221+0000] {local_task_job_runner.py:266} INFO - Task exited with return code 0
[2025-10-13T08:41:44.235+0000] {local_task_job_runner.py:245} INFO - ::endgroup::
[2025-10-13T09:21:29.730+0000] {local_task_job_runner.py:123} INFO - ::group::Pre task execution logs
[2025-10-13T09:21:29.752+0000] {taskinstance.py:2613} INFO - Dependencies all met for dep_context=non-requeueable deps ti=<TaskInstance: elt-pipeline.extract_load_group.extract_marketing_campaigns scheduled__2025-09-04T00:00:00+00:00 [queued]>
[2025-10-13T09:21:29.761+0000] {taskinstance.py:2613} INFO - Dependencies all met for dep_context=requeueable deps ti=<TaskInstance: elt-pipeline.extract_load_group.extract_marketing_campaigns scheduled__2025-09-04T00:00:00+00:00 [queued]>
[2025-10-13T09:21:29.762+0000] {taskinstance.py:2866} INFO - Starting attempt 1 of 1
[2025-10-13T09:21:29.777+0000] {taskinstance.py:2889} INFO - Executing <Task(PythonOperator): extract_load_group.extract_marketing_campaigns> on 2025-09-04 00:00:00+00:00
[2025-10-13T09:21:29.786+0000] {warnings.py:112} WARNING - /home/***/.local/lib/python3.12/site-packages/***/task/task_runner/standard_task_runner.py:70: DeprecationWarning: This process (pid=1403) is multi-threaded, use of fork() may lead to deadlocks in the child.
  pid = os.fork()

[2025-10-13T09:21:29.789+0000] {standard_task_runner.py:72} INFO - Started process 1409 to run task
[2025-10-13T09:21:29.789+0000] {standard_task_runner.py:104} INFO - Running: ['***', 'tasks', 'run', 'elt-pipeline', 'extract_load_group.extract_marketing_campaigns', 'scheduled__2025-09-04T00:00:00+00:00', '--job-id', '199', '--raw', '--subdir', 'DAGS_FOLDER/elt.py', '--cfg-path', '/tmp/tmpm1lu913f']
[2025-10-13T09:21:29.791+0000] {standard_task_runner.py:105} INFO - Job 199: Subtask extract_load_group.extract_marketing_campaigns
[2025-10-13T09:21:29.852+0000] {task_command.py:467} INFO - Running <TaskInstance: elt-pipeline.extract_load_group.extract_marketing_campaigns scheduled__2025-09-04T00:00:00+00:00 [running]> on host 84d5a327cf64
[2025-10-13T09:21:29.949+0000] {taskinstance.py:3132} INFO - Exporting env vars: AIRFLOW_CTX_DAG_OWNER='***' AIRFLOW_CTX_DAG_ID='elt-pipeline' AIRFLOW_CTX_TASK_ID='extract_load_group.extract_marketing_campaigns' AIRFLOW_CTX_EXECUTION_DATE='2025-09-04T00:00:00+00:00' AIRFLOW_CTX_TRY_NUMBER='1' AIRFLOW_CTX_DAG_RUN_ID='scheduled__2025-09-04T00:00:00+00:00'
[2025-10-13T09:21:29.950+0000] {taskinstance.py:731} INFO - ::endgroup::
[2025-10-13T09:21:30.113+0000] {extract.py:22} INFO - Data written to marketing_campaigns.csv
[2025-10-13T09:21:30.114+0000] {python.py:240} INFO - Done. Returned value was: None
[2025-10-13T09:21:30.128+0000] {taskinstance.py:340} INFO - ::group::Post task execution logs
[2025-10-13T09:21:30.129+0000] {taskinstance.py:352} INFO - Marking task as SUCCESS. dag_id=elt-pipeline, task_id=extract_load_group.extract_marketing_campaigns, run_id=scheduled__2025-09-04T00:00:00+00:00, execution_date=20250904T000000, start_date=20251013T092129, end_date=20251013T092130
[2025-10-13T09:21:30.165+0000] {local_task_job_runner.py:266} INFO - Task exited with return code 0
[2025-10-13T09:21:30.180+0000] {local_task_job_runner.py:245} INFO - ::endgroup::
[2025-10-14T04:21:25.873+0000] {local_task_job_runner.py:123} INFO - ::group::Pre task execution logs
[2025-10-14T04:21:25.894+0000] {taskinstance.py:2613} INFO - Dependencies all met for dep_context=non-requeueable deps ti=<TaskInstance: elt-pipeline.extract_load_group.extract_marketing_campaigns scheduled__2025-09-04T00:00:00+00:00 [queued]>
[2025-10-14T04:21:25.905+0000] {taskinstance.py:2613} INFO - Dependencies all met for dep_context=requeueable deps ti=<TaskInstance: elt-pipeline.extract_load_group.extract_marketing_campaigns scheduled__2025-09-04T00:00:00+00:00 [queued]>
[2025-10-14T04:21:25.906+0000] {taskinstance.py:2866} INFO - Starting attempt 1 of 1
[2025-10-14T04:21:25.919+0000] {taskinstance.py:2889} INFO - Executing <Task(PythonOperator): extract_load_group.extract_marketing_campaigns> on 2025-09-04 00:00:00+00:00
[2025-10-14T04:21:25.927+0000] {warnings.py:112} WARNING - /home/***/.local/lib/python3.12/site-packages/***/task/task_runner/standard_task_runner.py:70: DeprecationWarning: This process (pid=396) is multi-threaded, use of fork() may lead to deadlocks in the child.
  pid = os.fork()

[2025-10-14T04:21:25.930+0000] {standard_task_runner.py:72} INFO - Started process 400 to run task
[2025-10-14T04:21:25.930+0000] {standard_task_runner.py:104} INFO - Running: ['***', 'tasks', 'run', 'elt-pipeline', 'extract_load_group.extract_marketing_campaigns', 'scheduled__2025-09-04T00:00:00+00:00', '--job-id', '296', '--raw', '--subdir', 'DAGS_FOLDER/elt.py', '--cfg-path', '/tmp/tmpvwx10r02']
[2025-10-14T04:21:25.932+0000] {standard_task_runner.py:105} INFO - Job 296: Subtask extract_load_group.extract_marketing_campaigns
[2025-10-14T04:21:25.994+0000] {task_command.py:467} INFO - Running <TaskInstance: elt-pipeline.extract_load_group.extract_marketing_campaigns scheduled__2025-09-04T00:00:00+00:00 [running]> on host e348b991e0be
[2025-10-14T04:21:26.108+0000] {taskinstance.py:3132} INFO - Exporting env vars: AIRFLOW_CTX_DAG_OWNER='***' AIRFLOW_CTX_DAG_ID='elt-pipeline' AIRFLOW_CTX_TASK_ID='extract_load_group.extract_marketing_campaigns' AIRFLOW_CTX_EXECUTION_DATE='2025-09-04T00:00:00+00:00' AIRFLOW_CTX_TRY_NUMBER='1' AIRFLOW_CTX_DAG_RUN_ID='scheduled__2025-09-04T00:00:00+00:00'
[2025-10-14T04:21:26.110+0000] {taskinstance.py:731} INFO - ::endgroup::
[2025-10-14T04:21:26.289+0000] {extract.py:22} INFO - Data written to marketing_campaigns.csv
[2025-10-14T04:21:26.289+0000] {python.py:240} INFO - Done. Returned value was: None
[2025-10-14T04:21:26.305+0000] {taskinstance.py:340} INFO - ::group::Post task execution logs
[2025-10-14T04:21:26.305+0000] {taskinstance.py:352} INFO - Marking task as SUCCESS. dag_id=elt-pipeline, task_id=extract_load_group.extract_marketing_campaigns, run_id=scheduled__2025-09-04T00:00:00+00:00, execution_date=20250904T000000, start_date=20251014T042125, end_date=20251014T042126
[2025-10-14T04:21:26.346+0000] {local_task_job_runner.py:266} INFO - Task exited with return code 0
[2025-10-14T04:21:26.359+0000] {local_task_job_runner.py:245} INFO - ::endgroup::
[2025-10-14T04:29:27.444+0000] {local_task_job_runner.py:123} INFO - ::group::Pre task execution logs
[2025-10-14T04:29:27.467+0000] {taskinstance.py:2613} INFO - Dependencies all met for dep_context=non-requeueable deps ti=<TaskInstance: elt-pipeline.extract_load_group.extract_marketing_campaigns scheduled__2025-09-04T00:00:00+00:00 [queued]>
[2025-10-14T04:29:27.478+0000] {taskinstance.py:2613} INFO - Dependencies all met for dep_context=requeueable deps ti=<TaskInstance: elt-pipeline.extract_load_group.extract_marketing_campaigns scheduled__2025-09-04T00:00:00+00:00 [queued]>
[2025-10-14T04:29:27.478+0000] {taskinstance.py:2866} INFO - Starting attempt 1 of 1
[2025-10-14T04:29:27.493+0000] {taskinstance.py:2889} INFO - Executing <Task(PythonOperator): extract_load_group.extract_marketing_campaigns> on 2025-09-04 00:00:00+00:00
[2025-10-14T04:29:27.500+0000] {warnings.py:112} WARNING - /home/***/.local/lib/python3.12/site-packages/***/task/task_runner/standard_task_runner.py:70: DeprecationWarning: This process (pid=885) is multi-threaded, use of fork() may lead to deadlocks in the child.
  pid = os.fork()

[2025-10-14T04:29:27.502+0000] {standard_task_runner.py:72} INFO - Started process 890 to run task
[2025-10-14T04:29:27.504+0000] {standard_task_runner.py:104} INFO - Running: ['***', 'tasks', 'run', 'elt-pipeline', 'extract_load_group.extract_marketing_campaigns', 'scheduled__2025-09-04T00:00:00+00:00', '--job-id', '402', '--raw', '--subdir', 'DAGS_FOLDER/elt.py', '--cfg-path', '/tmp/tmp162treg2']
[2025-10-14T04:29:27.506+0000] {standard_task_runner.py:105} INFO - Job 402: Subtask extract_load_group.extract_marketing_campaigns
[2025-10-14T04:29:27.570+0000] {task_command.py:467} INFO - Running <TaskInstance: elt-pipeline.extract_load_group.extract_marketing_campaigns scheduled__2025-09-04T00:00:00+00:00 [running]> on host e348b991e0be
[2025-10-14T04:29:27.674+0000] {taskinstance.py:3132} INFO - Exporting env vars: AIRFLOW_CTX_DAG_OWNER='***' AIRFLOW_CTX_DAG_ID='elt-pipeline' AIRFLOW_CTX_TASK_ID='extract_load_group.extract_marketing_campaigns' AIRFLOW_CTX_EXECUTION_DATE='2025-09-04T00:00:00+00:00' AIRFLOW_CTX_TRY_NUMBER='1' AIRFLOW_CTX_DAG_RUN_ID='scheduled__2025-09-04T00:00:00+00:00'
[2025-10-14T04:29:27.675+0000] {taskinstance.py:731} INFO - ::endgroup::
[2025-10-14T04:29:27.832+0000] {extract.py:22} INFO - Data written to marketing_campaigns.csv
[2025-10-14T04:29:27.833+0000] {python.py:240} INFO - Done. Returned value was: None
[2025-10-14T04:29:27.849+0000] {taskinstance.py:340} INFO - ::group::Post task execution logs
[2025-10-14T04:29:27.850+0000] {taskinstance.py:352} INFO - Marking task as SUCCESS. dag_id=elt-pipeline, task_id=extract_load_group.extract_marketing_campaigns, run_id=scheduled__2025-09-04T00:00:00+00:00, execution_date=20250904T000000, start_date=20251014T042927, end_date=20251014T042927
[2025-10-14T04:29:27.879+0000] {local_task_job_runner.py:266} INFO - Task exited with return code 0
[2025-10-14T04:29:27.899+0000] {local_task_job_runner.py:245} INFO - ::endgroup::
[2025-10-14T04:36:23.260+0000] {local_task_job_runner.py:123} INFO - ::group::Pre task execution logs
[2025-10-14T04:36:23.281+0000] {taskinstance.py:2613} INFO - Dependencies all met for dep_context=non-requeueable deps ti=<TaskInstance: elt-pipeline.extract_load_group.extract_marketing_campaigns scheduled__2025-09-04T00:00:00+00:00 [queued]>
[2025-10-14T04:36:23.289+0000] {taskinstance.py:2613} INFO - Dependencies all met for dep_context=requeueable deps ti=<TaskInstance: elt-pipeline.extract_load_group.extract_marketing_campaigns scheduled__2025-09-04T00:00:00+00:00 [queued]>
[2025-10-14T04:36:23.290+0000] {taskinstance.py:2866} INFO - Starting attempt 1 of 1
[2025-10-14T04:36:23.304+0000] {taskinstance.py:2889} INFO - Executing <Task(PythonOperator): extract_load_group.extract_marketing_campaigns> on 2025-09-04 00:00:00+00:00
[2025-10-14T04:36:23.311+0000] {warnings.py:112} WARNING - /home/***/.local/lib/python3.12/site-packages/***/task/task_runner/standard_task_runner.py:70: DeprecationWarning: This process (pid=1234) is multi-threaded, use of fork() may lead to deadlocks in the child.
  pid = os.fork()

[2025-10-14T04:36:23.314+0000] {standard_task_runner.py:72} INFO - Started process 1240 to run task
[2025-10-14T04:36:23.319+0000] {standard_task_runner.py:104} INFO - Running: ['***', 'tasks', 'run', 'elt-pipeline', 'extract_load_group.extract_marketing_campaigns', 'scheduled__2025-09-04T00:00:00+00:00', '--job-id', '478', '--raw', '--subdir', 'DAGS_FOLDER/elt.py', '--cfg-path', '/tmp/tmpdpdz2iy7']
[2025-10-14T04:36:23.320+0000] {standard_task_runner.py:105} INFO - Job 478: Subtask extract_load_group.extract_marketing_campaigns
[2025-10-14T04:36:23.386+0000] {task_command.py:467} INFO - Running <TaskInstance: elt-pipeline.extract_load_group.extract_marketing_campaigns scheduled__2025-09-04T00:00:00+00:00 [running]> on host e348b991e0be
[2025-10-14T04:36:23.491+0000] {taskinstance.py:3132} INFO - Exporting env vars: AIRFLOW_CTX_DAG_OWNER='***' AIRFLOW_CTX_DAG_ID='elt-pipeline' AIRFLOW_CTX_TASK_ID='extract_load_group.extract_marketing_campaigns' AIRFLOW_CTX_EXECUTION_DATE='2025-09-04T00:00:00+00:00' AIRFLOW_CTX_TRY_NUMBER='1' AIRFLOW_CTX_DAG_RUN_ID='scheduled__2025-09-04T00:00:00+00:00'
[2025-10-14T04:36:23.492+0000] {taskinstance.py:731} INFO - ::endgroup::
[2025-10-14T04:36:23.663+0000] {extract.py:22} INFO - Data written to marketing_campaigns.csv
[2025-10-14T04:36:23.664+0000] {python.py:240} INFO - Done. Returned value was: None
[2025-10-14T04:36:23.679+0000] {taskinstance.py:340} INFO - ::group::Post task execution logs
[2025-10-14T04:36:23.681+0000] {taskinstance.py:352} INFO - Marking task as SUCCESS. dag_id=elt-pipeline, task_id=extract_load_group.extract_marketing_campaigns, run_id=scheduled__2025-09-04T00:00:00+00:00, execution_date=20250904T000000, start_date=20251014T043623, end_date=20251014T043623
[2025-10-14T04:36:23.731+0000] {local_task_job_runner.py:266} INFO - Task exited with return code 0
[2025-10-14T04:36:23.747+0000] {local_task_job_runner.py:245} INFO - ::endgroup::
