[2025-10-13T08:41:43.808+0000] {local_task_job_runner.py:123} INFO - ::group::Pre task execution logs
[2025-10-13T08:41:43.830+0000] {taskinstance.py:2613} INFO - Dependencies all met for dep_context=non-requeueable deps ti=<TaskInstance: elt-pipeline.extract_load_group.extract_transaction_items scheduled__2025-09-04T00:00:00+00:00 [queued]>
[2025-10-13T08:41:43.841+0000] {taskinstance.py:2613} INFO - Dependencies all met for dep_context=requeueable deps ti=<TaskInstance: elt-pipeline.extract_load_group.extract_transaction_items scheduled__2025-09-04T00:00:00+00:00 [queued]>
[2025-10-13T08:41:43.841+0000] {taskinstance.py:2866} INFO - Starting attempt 1 of 1
[2025-10-13T08:41:43.857+0000] {taskinstance.py:2889} INFO - Executing <Task(PythonOperator): extract_load_group.extract_transaction_items> on 2025-09-04 00:00:00+00:00
[2025-10-13T08:41:43.865+0000] {warnings.py:112} WARNING - /home/***/.local/lib/python3.12/site-packages/***/task/task_runner/standard_task_runner.py:70: DeprecationWarning: This process (pid=339) is multi-threaded, use of fork() may lead to deadlocks in the child.
  pid = os.fork()

[2025-10-13T08:41:43.867+0000] {standard_task_runner.py:72} INFO - Started process 346 to run task
[2025-10-13T08:41:43.867+0000] {standard_task_runner.py:104} INFO - Running: ['***', 'tasks', 'run', 'elt-pipeline', 'extract_load_group.extract_transaction_items', 'scheduled__2025-09-04T00:00:00+00:00', '--job-id', '47', '--raw', '--subdir', 'DAGS_FOLDER/elt.py', '--cfg-path', '/tmp/tmpcc3tvot8']
[2025-10-13T08:41:43.869+0000] {standard_task_runner.py:105} INFO - Job 47: Subtask extract_load_group.extract_transaction_items
[2025-10-13T08:41:43.941+0000] {task_command.py:467} INFO - Running <TaskInstance: elt-pipeline.extract_load_group.extract_transaction_items scheduled__2025-09-04T00:00:00+00:00 [running]> on host 84d5a327cf64
[2025-10-13T08:41:44.033+0000] {taskinstance.py:3132} INFO - Exporting env vars: AIRFLOW_CTX_DAG_OWNER='***' AIRFLOW_CTX_DAG_ID='elt-pipeline' AIRFLOW_CTX_TASK_ID='extract_load_group.extract_transaction_items' AIRFLOW_CTX_EXECUTION_DATE='2025-09-04T00:00:00+00:00' AIRFLOW_CTX_TRY_NUMBER='1' AIRFLOW_CTX_DAG_RUN_ID='scheduled__2025-09-04T00:00:00+00:00'
[2025-10-13T08:41:44.034+0000] {taskinstance.py:731} INFO - ::endgroup::
[2025-10-13T08:41:44.203+0000] {extract.py:22} INFO - Data written to transaction_items.csv
[2025-10-13T08:41:44.204+0000] {python.py:240} INFO - Done. Returned value was: None
[2025-10-13T08:41:44.218+0000] {taskinstance.py:340} INFO - ::group::Post task execution logs
[2025-10-13T08:41:44.219+0000] {taskinstance.py:352} INFO - Marking task as SUCCESS. dag_id=elt-pipeline, task_id=extract_load_group.extract_transaction_items, run_id=scheduled__2025-09-04T00:00:00+00:00, execution_date=20250904T000000, start_date=20251013T084143, end_date=20251013T084144
[2025-10-13T08:41:44.244+0000] {local_task_job_runner.py:266} INFO - Task exited with return code 0
[2025-10-13T08:41:44.256+0000] {local_task_job_runner.py:245} INFO - ::endgroup::
[2025-10-13T09:21:29.733+0000] {local_task_job_runner.py:123} INFO - ::group::Pre task execution logs
[2025-10-13T09:21:29.752+0000] {taskinstance.py:2613} INFO - Dependencies all met for dep_context=non-requeueable deps ti=<TaskInstance: elt-pipeline.extract_load_group.extract_transaction_items scheduled__2025-09-04T00:00:00+00:00 [queued]>
[2025-10-13T09:21:29.762+0000] {taskinstance.py:2613} INFO - Dependencies all met for dep_context=requeueable deps ti=<TaskInstance: elt-pipeline.extract_load_group.extract_transaction_items scheduled__2025-09-04T00:00:00+00:00 [queued]>
[2025-10-13T09:21:29.762+0000] {taskinstance.py:2866} INFO - Starting attempt 1 of 1
[2025-10-13T09:21:29.777+0000] {taskinstance.py:2889} INFO - Executing <Task(PythonOperator): extract_load_group.extract_transaction_items> on 2025-09-04 00:00:00+00:00
[2025-10-13T09:21:29.786+0000] {warnings.py:112} WARNING - /home/***/.local/lib/python3.12/site-packages/***/task/task_runner/standard_task_runner.py:70: DeprecationWarning: This process (pid=1401) is multi-threaded, use of fork() may lead to deadlocks in the child.
  pid = os.fork()

[2025-10-13T09:21:29.788+0000] {standard_task_runner.py:72} INFO - Started process 1408 to run task
[2025-10-13T09:21:29.788+0000] {standard_task_runner.py:104} INFO - Running: ['***', 'tasks', 'run', 'elt-pipeline', 'extract_load_group.extract_transaction_items', 'scheduled__2025-09-04T00:00:00+00:00', '--job-id', '201', '--raw', '--subdir', 'DAGS_FOLDER/elt.py', '--cfg-path', '/tmp/tmp8m93gjwo']
[2025-10-13T09:21:29.790+0000] {standard_task_runner.py:105} INFO - Job 201: Subtask extract_load_group.extract_transaction_items
[2025-10-13T09:21:29.852+0000] {task_command.py:467} INFO - Running <TaskInstance: elt-pipeline.extract_load_group.extract_transaction_items scheduled__2025-09-04T00:00:00+00:00 [running]> on host 84d5a327cf64
[2025-10-13T09:21:29.950+0000] {taskinstance.py:3132} INFO - Exporting env vars: AIRFLOW_CTX_DAG_OWNER='***' AIRFLOW_CTX_DAG_ID='elt-pipeline' AIRFLOW_CTX_TASK_ID='extract_load_group.extract_transaction_items' AIRFLOW_CTX_EXECUTION_DATE='2025-09-04T00:00:00+00:00' AIRFLOW_CTX_TRY_NUMBER='1' AIRFLOW_CTX_DAG_RUN_ID='scheduled__2025-09-04T00:00:00+00:00'
[2025-10-13T09:21:29.951+0000] {taskinstance.py:731} INFO - ::endgroup::
[2025-10-13T09:21:30.105+0000] {extract.py:22} INFO - Data written to transaction_items.csv
[2025-10-13T09:21:30.107+0000] {python.py:240} INFO - Done. Returned value was: None
[2025-10-13T09:21:30.123+0000] {taskinstance.py:340} INFO - ::group::Post task execution logs
[2025-10-13T09:21:30.124+0000] {taskinstance.py:352} INFO - Marking task as SUCCESS. dag_id=elt-pipeline, task_id=extract_load_group.extract_transaction_items, run_id=scheduled__2025-09-04T00:00:00+00:00, execution_date=20250904T000000, start_date=20251013T092129, end_date=20251013T092130
[2025-10-13T09:21:30.165+0000] {local_task_job_runner.py:266} INFO - Task exited with return code 0
[2025-10-13T09:21:30.181+0000] {local_task_job_runner.py:245} INFO - ::endgroup::
[2025-10-14T04:21:25.871+0000] {local_task_job_runner.py:123} INFO - ::group::Pre task execution logs
[2025-10-14T04:21:25.895+0000] {taskinstance.py:2613} INFO - Dependencies all met for dep_context=non-requeueable deps ti=<TaskInstance: elt-pipeline.extract_load_group.extract_transaction_items scheduled__2025-09-04T00:00:00+00:00 [queued]>
[2025-10-14T04:21:25.905+0000] {taskinstance.py:2613} INFO - Dependencies all met for dep_context=requeueable deps ti=<TaskInstance: elt-pipeline.extract_load_group.extract_transaction_items scheduled__2025-09-04T00:00:00+00:00 [queued]>
[2025-10-14T04:21:25.905+0000] {taskinstance.py:2866} INFO - Starting attempt 1 of 1
[2025-10-14T04:21:25.921+0000] {taskinstance.py:2889} INFO - Executing <Task(PythonOperator): extract_load_group.extract_transaction_items> on 2025-09-04 00:00:00+00:00
[2025-10-14T04:21:25.927+0000] {warnings.py:112} WARNING - /home/***/.local/lib/python3.12/site-packages/***/task/task_runner/standard_task_runner.py:70: DeprecationWarning: This process (pid=397) is multi-threaded, use of fork() may lead to deadlocks in the child.
  pid = os.fork()

[2025-10-14T04:21:25.929+0000] {standard_task_runner.py:72} INFO - Started process 401 to run task
[2025-10-14T04:21:25.930+0000] {standard_task_runner.py:104} INFO - Running: ['***', 'tasks', 'run', 'elt-pipeline', 'extract_load_group.extract_transaction_items', 'scheduled__2025-09-04T00:00:00+00:00', '--job-id', '297', '--raw', '--subdir', 'DAGS_FOLDER/elt.py', '--cfg-path', '/tmp/tmpc8av36ej']
[2025-10-14T04:21:25.932+0000] {standard_task_runner.py:105} INFO - Job 297: Subtask extract_load_group.extract_transaction_items
[2025-10-14T04:21:25.994+0000] {task_command.py:467} INFO - Running <TaskInstance: elt-pipeline.extract_load_group.extract_transaction_items scheduled__2025-09-04T00:00:00+00:00 [running]> on host e348b991e0be
[2025-10-14T04:21:26.109+0000] {taskinstance.py:3132} INFO - Exporting env vars: AIRFLOW_CTX_DAG_OWNER='***' AIRFLOW_CTX_DAG_ID='elt-pipeline' AIRFLOW_CTX_TASK_ID='extract_load_group.extract_transaction_items' AIRFLOW_CTX_EXECUTION_DATE='2025-09-04T00:00:00+00:00' AIRFLOW_CTX_TRY_NUMBER='1' AIRFLOW_CTX_DAG_RUN_ID='scheduled__2025-09-04T00:00:00+00:00'
[2025-10-14T04:21:26.110+0000] {taskinstance.py:731} INFO - ::endgroup::
[2025-10-14T04:21:26.284+0000] {extract.py:22} INFO - Data written to transaction_items.csv
[2025-10-14T04:21:26.285+0000] {python.py:240} INFO - Done. Returned value was: None
[2025-10-14T04:21:26.301+0000] {taskinstance.py:340} INFO - ::group::Post task execution logs
[2025-10-14T04:21:26.301+0000] {taskinstance.py:352} INFO - Marking task as SUCCESS. dag_id=elt-pipeline, task_id=extract_load_group.extract_transaction_items, run_id=scheduled__2025-09-04T00:00:00+00:00, execution_date=20250904T000000, start_date=20251014T042125, end_date=20251014T042126
[2025-10-14T04:21:26.346+0000] {local_task_job_runner.py:266} INFO - Task exited with return code 0
[2025-10-14T04:21:26.358+0000] {local_task_job_runner.py:245} INFO - ::endgroup::
[2025-10-14T04:29:27.456+0000] {local_task_job_runner.py:123} INFO - ::group::Pre task execution logs
[2025-10-14T04:29:27.479+0000] {taskinstance.py:2613} INFO - Dependencies all met for dep_context=non-requeueable deps ti=<TaskInstance: elt-pipeline.extract_load_group.extract_transaction_items scheduled__2025-09-04T00:00:00+00:00 [queued]>
[2025-10-14T04:29:27.488+0000] {taskinstance.py:2613} INFO - Dependencies all met for dep_context=requeueable deps ti=<TaskInstance: elt-pipeline.extract_load_group.extract_transaction_items scheduled__2025-09-04T00:00:00+00:00 [queued]>
[2025-10-14T04:29:27.489+0000] {taskinstance.py:2866} INFO - Starting attempt 1 of 1
[2025-10-14T04:29:27.508+0000] {taskinstance.py:2889} INFO - Executing <Task(PythonOperator): extract_load_group.extract_transaction_items> on 2025-09-04 00:00:00+00:00
[2025-10-14T04:29:27.517+0000] {warnings.py:112} WARNING - /home/***/.local/lib/python3.12/site-packages/***/task/task_runner/standard_task_runner.py:70: DeprecationWarning: This process (pid=886) is multi-threaded, use of fork() may lead to deadlocks in the child.
  pid = os.fork()

[2025-10-14T04:29:27.520+0000] {standard_task_runner.py:72} INFO - Started process 895 to run task
[2025-10-14T04:29:27.520+0000] {standard_task_runner.py:104} INFO - Running: ['***', 'tasks', 'run', 'elt-pipeline', 'extract_load_group.extract_transaction_items', 'scheduled__2025-09-04T00:00:00+00:00', '--job-id', '404', '--raw', '--subdir', 'DAGS_FOLDER/elt.py', '--cfg-path', '/tmp/tmp4na0fyr2']
[2025-10-14T04:29:27.522+0000] {standard_task_runner.py:105} INFO - Job 404: Subtask extract_load_group.extract_transaction_items
[2025-10-14T04:29:27.586+0000] {task_command.py:467} INFO - Running <TaskInstance: elt-pipeline.extract_load_group.extract_transaction_items scheduled__2025-09-04T00:00:00+00:00 [running]> on host e348b991e0be
[2025-10-14T04:29:27.683+0000] {taskinstance.py:3132} INFO - Exporting env vars: AIRFLOW_CTX_DAG_OWNER='***' AIRFLOW_CTX_DAG_ID='elt-pipeline' AIRFLOW_CTX_TASK_ID='extract_load_group.extract_transaction_items' AIRFLOW_CTX_EXECUTION_DATE='2025-09-04T00:00:00+00:00' AIRFLOW_CTX_TRY_NUMBER='1' AIRFLOW_CTX_DAG_RUN_ID='scheduled__2025-09-04T00:00:00+00:00'
[2025-10-14T04:29:27.684+0000] {taskinstance.py:731} INFO - ::endgroup::
[2025-10-14T04:29:27.851+0000] {extract.py:22} INFO - Data written to transaction_items.csv
[2025-10-14T04:29:27.852+0000] {python.py:240} INFO - Done. Returned value was: None
[2025-10-14T04:29:27.870+0000] {taskinstance.py:340} INFO - ::group::Post task execution logs
[2025-10-14T04:29:27.870+0000] {taskinstance.py:352} INFO - Marking task as SUCCESS. dag_id=elt-pipeline, task_id=extract_load_group.extract_transaction_items, run_id=scheduled__2025-09-04T00:00:00+00:00, execution_date=20250904T000000, start_date=20251014T042927, end_date=20251014T042927
[2025-10-14T04:29:27.936+0000] {local_task_job_runner.py:266} INFO - Task exited with return code 0
[2025-10-14T04:29:27.953+0000] {local_task_job_runner.py:245} INFO - ::endgroup::
[2025-10-14T04:36:23.260+0000] {local_task_job_runner.py:123} INFO - ::group::Pre task execution logs
[2025-10-14T04:36:23.281+0000] {taskinstance.py:2613} INFO - Dependencies all met for dep_context=non-requeueable deps ti=<TaskInstance: elt-pipeline.extract_load_group.extract_transaction_items scheduled__2025-09-04T00:00:00+00:00 [queued]>
[2025-10-14T04:36:23.289+0000] {taskinstance.py:2613} INFO - Dependencies all met for dep_context=requeueable deps ti=<TaskInstance: elt-pipeline.extract_load_group.extract_transaction_items scheduled__2025-09-04T00:00:00+00:00 [queued]>
[2025-10-14T04:36:23.290+0000] {taskinstance.py:2866} INFO - Starting attempt 1 of 1
[2025-10-14T04:36:23.303+0000] {taskinstance.py:2889} INFO - Executing <Task(PythonOperator): extract_load_group.extract_transaction_items> on 2025-09-04 00:00:00+00:00
[2025-10-14T04:36:23.312+0000] {warnings.py:112} WARNING - /home/***/.local/lib/python3.12/site-packages/***/task/task_runner/standard_task_runner.py:70: DeprecationWarning: This process (pid=1237) is multi-threaded, use of fork() may lead to deadlocks in the child.
  pid = os.fork()

[2025-10-14T04:36:23.314+0000] {standard_task_runner.py:72} INFO - Started process 1241 to run task
[2025-10-14T04:36:23.319+0000] {standard_task_runner.py:104} INFO - Running: ['***', 'tasks', 'run', 'elt-pipeline', 'extract_load_group.extract_transaction_items', 'scheduled__2025-09-04T00:00:00+00:00', '--job-id', '476', '--raw', '--subdir', 'DAGS_FOLDER/elt.py', '--cfg-path', '/tmp/tmpksntpbf9']
[2025-10-14T04:36:23.320+0000] {standard_task_runner.py:105} INFO - Job 476: Subtask extract_load_group.extract_transaction_items
[2025-10-14T04:36:23.390+0000] {task_command.py:467} INFO - Running <TaskInstance: elt-pipeline.extract_load_group.extract_transaction_items scheduled__2025-09-04T00:00:00+00:00 [running]> on host e348b991e0be
[2025-10-14T04:36:23.492+0000] {taskinstance.py:3132} INFO - Exporting env vars: AIRFLOW_CTX_DAG_OWNER='***' AIRFLOW_CTX_DAG_ID='elt-pipeline' AIRFLOW_CTX_TASK_ID='extract_load_group.extract_transaction_items' AIRFLOW_CTX_EXECUTION_DATE='2025-09-04T00:00:00+00:00' AIRFLOW_CTX_TRY_NUMBER='1' AIRFLOW_CTX_DAG_RUN_ID='scheduled__2025-09-04T00:00:00+00:00'
[2025-10-14T04:36:23.493+0000] {taskinstance.py:731} INFO - ::endgroup::
[2025-10-14T04:36:23.676+0000] {extract.py:22} INFO - Data written to transaction_items.csv
[2025-10-14T04:36:23.677+0000] {python.py:240} INFO - Done. Returned value was: None
[2025-10-14T04:36:23.695+0000] {taskinstance.py:340} INFO - ::group::Post task execution logs
[2025-10-14T04:36:23.697+0000] {taskinstance.py:352} INFO - Marking task as SUCCESS. dag_id=elt-pipeline, task_id=extract_load_group.extract_transaction_items, run_id=scheduled__2025-09-04T00:00:00+00:00, execution_date=20250904T000000, start_date=20251014T043623, end_date=20251014T043623
[2025-10-14T04:36:23.731+0000] {local_task_job_runner.py:266} INFO - Task exited with return code 0
[2025-10-14T04:36:23.743+0000] {local_task_job_runner.py:245} INFO - ::endgroup::
