[2025-10-13T08:42:40.359+0000] {local_task_job_runner.py:123} INFO - ::group::Pre task execution logs
[2025-10-13T08:42:40.380+0000] {taskinstance.py:2613} INFO - Dependencies all met for dep_context=non-requeueable deps ti=<TaskInstance: elt-pipeline.extract_load_group.load_products scheduled__2025-09-05T00:00:00+00:00 [queued]>
[2025-10-13T08:42:40.389+0000] {taskinstance.py:2613} INFO - Dependencies all met for dep_context=requeueable deps ti=<TaskInstance: elt-pipeline.extract_load_group.load_products scheduled__2025-09-05T00:00:00+00:00 [queued]>
[2025-10-13T08:42:40.389+0000] {taskinstance.py:2866} INFO - Starting attempt 1 of 1
[2025-10-13T08:42:40.404+0000] {taskinstance.py:2889} INFO - Executing <Task(PythonOperator): extract_load_group.load_products> on 2025-09-05 00:00:00+00:00
[2025-10-13T08:42:40.412+0000] {warnings.py:112} WARNING - /home/***/.local/lib/python3.12/site-packages/***/task/task_runner/standard_task_runner.py:70: DeprecationWarning: This process (pid=437) is multi-threaded, use of fork() may lead to deadlocks in the child.
  pid = os.fork()

[2025-10-13T08:42:40.414+0000] {standard_task_runner.py:72} INFO - Started process 443 to run task
[2025-10-13T08:42:40.415+0000] {standard_task_runner.py:104} INFO - Running: ['***', 'tasks', 'run', 'elt-pipeline', 'extract_load_group.load_products', 'scheduled__2025-09-05T00:00:00+00:00', '--job-id', '73', '--raw', '--subdir', 'DAGS_FOLDER/elt.py', '--cfg-path', '/tmp/tmpp7tqeqqu']
[2025-10-13T08:42:40.416+0000] {standard_task_runner.py:105} INFO - Job 73: Subtask extract_load_group.load_products
[2025-10-13T08:42:40.475+0000] {task_command.py:467} INFO - Running <TaskInstance: elt-pipeline.extract_load_group.load_products scheduled__2025-09-05T00:00:00+00:00 [running]> on host 84d5a327cf64
[2025-10-13T08:42:40.593+0000] {taskinstance.py:3132} INFO - Exporting env vars: AIRFLOW_CTX_DAG_OWNER='***' AIRFLOW_CTX_DAG_ID='elt-pipeline' AIRFLOW_CTX_TASK_ID='extract_load_group.load_products' AIRFLOW_CTX_EXECUTION_DATE='2025-09-05T00:00:00+00:00' AIRFLOW_CTX_TRY_NUMBER='1' AIRFLOW_CTX_DAG_RUN_ID='scheduled__2025-09-05T00:00:00+00:00'
[2025-10-13T08:42:40.594+0000] {taskinstance.py:731} INFO - ::endgroup::
[2025-10-13T08:42:53.562+0000] {load.py:30} INFO - Loaded 1000 rows and 4 columns to gcpl-469311.datalabs_techtest.stg_products
[2025-10-13T08:42:53.564+0000] {python.py:240} INFO - Done. Returned value was: None
[2025-10-13T08:42:53.578+0000] {taskinstance.py:340} INFO - ::group::Post task execution logs
[2025-10-13T08:42:53.579+0000] {taskinstance.py:352} INFO - Marking task as SUCCESS. dag_id=elt-pipeline, task_id=extract_load_group.load_products, run_id=scheduled__2025-09-05T00:00:00+00:00, execution_date=20250905T000000, start_date=20251013T084240, end_date=20251013T084253
[2025-10-13T08:42:53.620+0000] {local_task_job_runner.py:266} INFO - Task exited with return code 0
[2025-10-13T08:42:53.642+0000] {taskinstance.py:3895} INFO - 0 downstream tasks scheduled from follow-on schedule check
[2025-10-13T08:42:53.644+0000] {local_task_job_runner.py:245} INFO - ::endgroup::
[2025-10-13T09:21:50.069+0000] {local_task_job_runner.py:123} INFO - ::group::Pre task execution logs
[2025-10-13T09:21:50.088+0000] {taskinstance.py:2613} INFO - Dependencies all met for dep_context=non-requeueable deps ti=<TaskInstance: elt-pipeline.extract_load_group.load_products scheduled__2025-09-05T00:00:00+00:00 [queued]>
[2025-10-13T09:21:50.098+0000] {taskinstance.py:2613} INFO - Dependencies all met for dep_context=requeueable deps ti=<TaskInstance: elt-pipeline.extract_load_group.load_products scheduled__2025-09-05T00:00:00+00:00 [queued]>
[2025-10-13T09:21:50.098+0000] {taskinstance.py:2866} INFO - Starting attempt 1 of 1
[2025-10-13T09:21:50.111+0000] {taskinstance.py:2889} INFO - Executing <Task(PythonOperator): extract_load_group.load_products> on 2025-09-05 00:00:00+00:00
[2025-10-13T09:21:50.120+0000] {warnings.py:112} WARNING - /home/***/.local/lib/python3.12/site-packages/***/task/task_runner/standard_task_runner.py:70: DeprecationWarning: This process (pid=1462) is multi-threaded, use of fork() may lead to deadlocks in the child.
  pid = os.fork()

[2025-10-13T09:21:50.122+0000] {standard_task_runner.py:72} INFO - Started process 1465 to run task
[2025-10-13T09:21:50.122+0000] {standard_task_runner.py:104} INFO - Running: ['***', 'tasks', 'run', 'elt-pipeline', 'extract_load_group.load_products', 'scheduled__2025-09-05T00:00:00+00:00', '--job-id', '215', '--raw', '--subdir', 'DAGS_FOLDER/elt.py', '--cfg-path', '/tmp/tmp8royauhd']
[2025-10-13T09:21:50.124+0000] {standard_task_runner.py:105} INFO - Job 215: Subtask extract_load_group.load_products
[2025-10-13T09:21:50.190+0000] {task_command.py:467} INFO - Running <TaskInstance: elt-pipeline.extract_load_group.load_products scheduled__2025-09-05T00:00:00+00:00 [running]> on host 84d5a327cf64
[2025-10-13T09:21:50.316+0000] {taskinstance.py:3132} INFO - Exporting env vars: AIRFLOW_CTX_DAG_OWNER='***' AIRFLOW_CTX_DAG_ID='elt-pipeline' AIRFLOW_CTX_TASK_ID='extract_load_group.load_products' AIRFLOW_CTX_EXECUTION_DATE='2025-09-05T00:00:00+00:00' AIRFLOW_CTX_TRY_NUMBER='1' AIRFLOW_CTX_DAG_RUN_ID='scheduled__2025-09-05T00:00:00+00:00'
[2025-10-13T09:21:50.318+0000] {taskinstance.py:731} INFO - ::endgroup::
[2025-10-13T09:22:01.546+0000] {load.py:30} INFO - Loaded 1000 rows and 4 columns to gcpl-469311.datalabs_techtest.stg_products
[2025-10-13T09:22:01.547+0000] {python.py:240} INFO - Done. Returned value was: None
[2025-10-13T09:22:01.558+0000] {taskinstance.py:340} INFO - ::group::Post task execution logs
[2025-10-13T09:22:01.559+0000] {taskinstance.py:352} INFO - Marking task as SUCCESS. dag_id=elt-pipeline, task_id=extract_load_group.load_products, run_id=scheduled__2025-09-05T00:00:00+00:00, execution_date=20250905T000000, start_date=20251013T092150, end_date=20251013T092201
[2025-10-13T09:22:01.599+0000] {local_task_job_runner.py:266} INFO - Task exited with return code 0
[2025-10-13T09:22:01.609+0000] {local_task_job_runner.py:245} INFO - ::endgroup::
[2025-10-14T04:21:41.158+0000] {local_task_job_runner.py:123} INFO - ::group::Pre task execution logs
[2025-10-14T04:21:41.178+0000] {taskinstance.py:2613} INFO - Dependencies all met for dep_context=non-requeueable deps ti=<TaskInstance: elt-pipeline.extract_load_group.load_products scheduled__2025-09-05T00:00:00+00:00 [queued]>
[2025-10-14T04:21:41.187+0000] {taskinstance.py:2613} INFO - Dependencies all met for dep_context=requeueable deps ti=<TaskInstance: elt-pipeline.extract_load_group.load_products scheduled__2025-09-05T00:00:00+00:00 [queued]>
[2025-10-14T04:21:41.188+0000] {taskinstance.py:2866} INFO - Starting attempt 1 of 1
[2025-10-14T04:21:41.202+0000] {taskinstance.py:2889} INFO - Executing <Task(PythonOperator): extract_load_group.load_products> on 2025-09-05 00:00:00+00:00
[2025-10-14T04:21:41.209+0000] {warnings.py:112} WARNING - /home/***/.local/lib/python3.12/site-packages/***/task/task_runner/standard_task_runner.py:70: DeprecationWarning: This process (pid=452) is multi-threaded, use of fork() may lead to deadlocks in the child.
  pid = os.fork()

[2025-10-14T04:21:41.211+0000] {standard_task_runner.py:72} INFO - Started process 458 to run task
[2025-10-14T04:21:41.212+0000] {standard_task_runner.py:104} INFO - Running: ['***', 'tasks', 'run', 'elt-pipeline', 'extract_load_group.load_products', 'scheduled__2025-09-05T00:00:00+00:00', '--job-id', '313', '--raw', '--subdir', 'DAGS_FOLDER/elt.py', '--cfg-path', '/tmp/tmpkpwk131r']
[2025-10-14T04:21:41.213+0000] {standard_task_runner.py:105} INFO - Job 313: Subtask extract_load_group.load_products
[2025-10-14T04:21:41.269+0000] {task_command.py:467} INFO - Running <TaskInstance: elt-pipeline.extract_load_group.load_products scheduled__2025-09-05T00:00:00+00:00 [running]> on host e348b991e0be
[2025-10-14T04:21:41.361+0000] {taskinstance.py:3132} INFO - Exporting env vars: AIRFLOW_CTX_DAG_OWNER='***' AIRFLOW_CTX_DAG_ID='elt-pipeline' AIRFLOW_CTX_TASK_ID='extract_load_group.load_products' AIRFLOW_CTX_EXECUTION_DATE='2025-09-05T00:00:00+00:00' AIRFLOW_CTX_TRY_NUMBER='1' AIRFLOW_CTX_DAG_RUN_ID='scheduled__2025-09-05T00:00:00+00:00'
[2025-10-14T04:21:41.363+0000] {taskinstance.py:731} INFO - ::endgroup::
[2025-10-14T04:21:46.122+0000] {load.py:30} INFO - Loaded 1000 rows and 4 columns to gcpl-469311.datalabs_techtest.stg_products
[2025-10-14T04:21:46.122+0000] {python.py:240} INFO - Done. Returned value was: None
[2025-10-14T04:21:46.134+0000] {taskinstance.py:340} INFO - ::group::Post task execution logs
[2025-10-14T04:21:46.135+0000] {taskinstance.py:352} INFO - Marking task as SUCCESS. dag_id=elt-pipeline, task_id=extract_load_group.load_products, run_id=scheduled__2025-09-05T00:00:00+00:00, execution_date=20250905T000000, start_date=20251014T042141, end_date=20251014T042146
[2025-10-14T04:21:46.201+0000] {local_task_job_runner.py:266} INFO - Task exited with return code 0
[2025-10-14T04:21:46.217+0000] {standard_task_runner.py:217} INFO - Process not found (most likely exited), stop collecting metrics
[2025-10-14T04:21:46.228+0000] {taskinstance.py:3895} INFO - 0 downstream tasks scheduled from follow-on schedule check
[2025-10-14T04:21:46.230+0000] {local_task_job_runner.py:245} INFO - ::endgroup::
[2025-10-14T04:29:53.362+0000] {local_task_job_runner.py:123} INFO - ::group::Pre task execution logs
[2025-10-14T04:29:53.419+0000] {taskinstance.py:2613} INFO - Dependencies all met for dep_context=non-requeueable deps ti=<TaskInstance: elt-pipeline.extract_load_group.load_products scheduled__2025-09-05T00:00:00+00:00 [queued]>
[2025-10-14T04:29:53.432+0000] {taskinstance.py:2613} INFO - Dependencies all met for dep_context=requeueable deps ti=<TaskInstance: elt-pipeline.extract_load_group.load_products scheduled__2025-09-05T00:00:00+00:00 [queued]>
[2025-10-14T04:29:53.433+0000] {taskinstance.py:2866} INFO - Starting attempt 1 of 1
[2025-10-14T04:29:53.460+0000] {taskinstance.py:2889} INFO - Executing <Task(PythonOperator): extract_load_group.load_products> on 2025-09-05 00:00:00+00:00
[2025-10-14T04:29:53.470+0000] {warnings.py:112} WARNING - /home/***/.local/lib/python3.12/site-packages/***/task/task_runner/standard_task_runner.py:70: DeprecationWarning: This process (pid=952) is multi-threaded, use of fork() may lead to deadlocks in the child.
  pid = os.fork()

[2025-10-14T04:29:53.472+0000] {standard_task_runner.py:72} INFO - Started process 955 to run task
[2025-10-14T04:29:53.472+0000] {standard_task_runner.py:104} INFO - Running: ['***', 'tasks', 'run', 'elt-pipeline', 'extract_load_group.load_products', 'scheduled__2025-09-05T00:00:00+00:00', '--job-id', '420', '--raw', '--subdir', 'DAGS_FOLDER/elt.py', '--cfg-path', '/tmp/tmpnlqs5dah']
[2025-10-14T04:29:53.474+0000] {standard_task_runner.py:105} INFO - Job 420: Subtask extract_load_group.load_products
[2025-10-14T04:29:53.559+0000] {task_command.py:467} INFO - Running <TaskInstance: elt-pipeline.extract_load_group.load_products scheduled__2025-09-05T00:00:00+00:00 [running]> on host e348b991e0be
[2025-10-14T04:29:53.713+0000] {taskinstance.py:3132} INFO - Exporting env vars: AIRFLOW_CTX_DAG_OWNER='***' AIRFLOW_CTX_DAG_ID='elt-pipeline' AIRFLOW_CTX_TASK_ID='extract_load_group.load_products' AIRFLOW_CTX_EXECUTION_DATE='2025-09-05T00:00:00+00:00' AIRFLOW_CTX_TRY_NUMBER='1' AIRFLOW_CTX_DAG_RUN_ID='scheduled__2025-09-05T00:00:00+00:00'
[2025-10-14T04:29:53.714+0000] {taskinstance.py:731} INFO - ::endgroup::
[2025-10-14T04:29:58.395+0000] {load.py:30} INFO - Loaded 1000 rows and 4 columns to gcpl-469311.datalabs_techtest.stg_products
[2025-10-14T04:29:58.396+0000] {python.py:240} INFO - Done. Returned value was: None
[2025-10-14T04:29:58.408+0000] {taskinstance.py:340} INFO - ::group::Post task execution logs
[2025-10-14T04:29:58.409+0000] {taskinstance.py:352} INFO - Marking task as SUCCESS. dag_id=elt-pipeline, task_id=extract_load_group.load_products, run_id=scheduled__2025-09-05T00:00:00+00:00, execution_date=20250905T000000, start_date=20251014T042953, end_date=20251014T042958
[2025-10-14T04:29:58.464+0000] {local_task_job_runner.py:266} INFO - Task exited with return code 0
[2025-10-14T04:29:58.479+0000] {standard_task_runner.py:217} INFO - Process not found (most likely exited), stop collecting metrics
[2025-10-14T04:29:58.499+0000] {taskinstance.py:3895} INFO - 1 downstream tasks scheduled from follow-on schedule check
[2025-10-14T04:29:58.501+0000] {local_task_job_runner.py:245} INFO - ::endgroup::
[2025-10-14T04:36:49.893+0000] {local_task_job_runner.py:123} INFO - ::group::Pre task execution logs
[2025-10-14T04:36:49.916+0000] {taskinstance.py:2613} INFO - Dependencies all met for dep_context=non-requeueable deps ti=<TaskInstance: elt-pipeline.extract_load_group.load_products scheduled__2025-09-05T00:00:00+00:00 [queued]>
[2025-10-14T04:36:49.928+0000] {taskinstance.py:2613} INFO - Dependencies all met for dep_context=requeueable deps ti=<TaskInstance: elt-pipeline.extract_load_group.load_products scheduled__2025-09-05T00:00:00+00:00 [queued]>
[2025-10-14T04:36:49.928+0000] {taskinstance.py:2866} INFO - Starting attempt 1 of 1
[2025-10-14T04:36:49.948+0000] {taskinstance.py:2889} INFO - Executing <Task(PythonOperator): extract_load_group.load_products> on 2025-09-05 00:00:00+00:00
[2025-10-14T04:36:49.957+0000] {warnings.py:112} WARNING - /home/***/.local/lib/python3.12/site-packages/***/task/task_runner/standard_task_runner.py:70: DeprecationWarning: This process (pid=1292) is multi-threaded, use of fork() may lead to deadlocks in the child.
  pid = os.fork()

[2025-10-14T04:36:49.960+0000] {standard_task_runner.py:72} INFO - Started process 1305 to run task
[2025-10-14T04:36:49.960+0000] {standard_task_runner.py:104} INFO - Running: ['***', 'tasks', 'run', 'elt-pipeline', 'extract_load_group.load_products', 'scheduled__2025-09-05T00:00:00+00:00', '--job-id', '495', '--raw', '--subdir', 'DAGS_FOLDER/elt.py', '--cfg-path', '/tmp/tmp1jdtmfil']
[2025-10-14T04:36:49.962+0000] {standard_task_runner.py:105} INFO - Job 495: Subtask extract_load_group.load_products
[2025-10-14T04:36:50.024+0000] {task_command.py:467} INFO - Running <TaskInstance: elt-pipeline.extract_load_group.load_products scheduled__2025-09-05T00:00:00+00:00 [running]> on host e348b991e0be
[2025-10-14T04:36:50.146+0000] {taskinstance.py:3132} INFO - Exporting env vars: AIRFLOW_CTX_DAG_OWNER='***' AIRFLOW_CTX_DAG_ID='elt-pipeline' AIRFLOW_CTX_TASK_ID='extract_load_group.load_products' AIRFLOW_CTX_EXECUTION_DATE='2025-09-05T00:00:00+00:00' AIRFLOW_CTX_TRY_NUMBER='1' AIRFLOW_CTX_DAG_RUN_ID='scheduled__2025-09-05T00:00:00+00:00'
[2025-10-14T04:36:50.147+0000] {taskinstance.py:731} INFO - ::endgroup::
[2025-10-14T04:36:53.859+0000] {load.py:30} INFO - Loaded 1000 rows and 4 columns to gcpl-469311.datalabs_techtest.stg_products
[2025-10-14T04:36:53.861+0000] {python.py:240} INFO - Done. Returned value was: None
[2025-10-14T04:36:53.877+0000] {taskinstance.py:340} INFO - ::group::Post task execution logs
[2025-10-14T04:36:53.877+0000] {taskinstance.py:352} INFO - Marking task as SUCCESS. dag_id=elt-pipeline, task_id=extract_load_group.load_products, run_id=scheduled__2025-09-05T00:00:00+00:00, execution_date=20250905T000000, start_date=20251014T043649, end_date=20251014T043653
[2025-10-14T04:36:53.910+0000] {local_task_job_runner.py:266} INFO - Task exited with return code 0
[2025-10-14T04:36:53.939+0000] {taskinstance.py:3895} INFO - 0 downstream tasks scheduled from follow-on schedule check
[2025-10-14T04:36:53.941+0000] {local_task_job_runner.py:245} INFO - ::endgroup::
