[2025-10-13T09:22:02.093+0000] {local_task_job_runner.py:123} INFO - ::group::Pre task execution logs
[2025-10-13T09:22:02.113+0000] {taskinstance.py:2613} INFO - Dependencies all met for dep_context=non-requeueable deps ti=<TaskInstance: elt-pipeline.cleanup scheduled__2025-09-05T00:00:00+00:00 [queued]>
[2025-10-13T09:22:02.124+0000] {taskinstance.py:2613} INFO - Dependencies all met for dep_context=requeueable deps ti=<TaskInstance: elt-pipeline.cleanup scheduled__2025-09-05T00:00:00+00:00 [queued]>
[2025-10-13T09:22:02.125+0000] {taskinstance.py:2866} INFO - Starting attempt 1 of 1
[2025-10-13T09:22:02.143+0000] {taskinstance.py:2889} INFO - Executing <Task(BashOperator): cleanup> on 2025-09-05 00:00:00+00:00
[2025-10-13T09:22:02.152+0000] {warnings.py:112} WARNING - /home/***/.local/lib/python3.12/site-packages/***/task/task_runner/standard_task_runner.py:70: DeprecationWarning: This process (pid=1480) is multi-threaded, use of fork() may lead to deadlocks in the child.
  pid = os.fork()

[2025-10-13T09:22:02.154+0000] {standard_task_runner.py:72} INFO - Started process 1481 to run task
[2025-10-13T09:22:02.153+0000] {standard_task_runner.py:104} INFO - Running: ['***', 'tasks', 'run', 'elt-pipeline', 'cleanup', 'scheduled__2025-09-05T00:00:00+00:00', '--job-id', '218', '--raw', '--subdir', 'DAGS_FOLDER/elt.py', '--cfg-path', '/tmp/tmp7ze9uu3u']
[2025-10-13T09:22:02.154+0000] {standard_task_runner.py:105} INFO - Job 218: Subtask cleanup
[2025-10-13T09:22:02.209+0000] {task_command.py:467} INFO - Running <TaskInstance: elt-pipeline.cleanup scheduled__2025-09-05T00:00:00+00:00 [running]> on host 84d5a327cf64
[2025-10-13T09:22:02.298+0000] {taskinstance.py:3132} INFO - Exporting env vars: AIRFLOW_CTX_DAG_OWNER='***' AIRFLOW_CTX_DAG_ID='elt-pipeline' AIRFLOW_CTX_TASK_ID='cleanup' AIRFLOW_CTX_EXECUTION_DATE='2025-09-05T00:00:00+00:00' AIRFLOW_CTX_TRY_NUMBER='1' AIRFLOW_CTX_DAG_RUN_ID='scheduled__2025-09-05T00:00:00+00:00'
[2025-10-13T09:22:02.299+0000] {taskinstance.py:731} INFO - ::endgroup::
[2025-10-13T09:22:02.312+0000] {subprocess.py:78} INFO - Tmp dir root location: /tmp
[2025-10-13T09:22:02.313+0000] {subprocess.py:88} INFO - Running command: ['/usr/bin/bash', '-c', 'rm -rf /tmp/*.csv']
[2025-10-13T09:22:02.324+0000] {subprocess.py:99} INFO - Output:
[2025-10-13T09:22:02.327+0000] {subprocess.py:110} INFO - Command exited with return code 0
[2025-10-13T09:22:02.355+0000] {taskinstance.py:340} INFO - ::group::Post task execution logs
[2025-10-13T09:22:02.356+0000] {taskinstance.py:352} INFO - Marking task as SUCCESS. dag_id=elt-pipeline, task_id=cleanup, run_id=scheduled__2025-09-05T00:00:00+00:00, execution_date=20250905T000000, start_date=20251013T092202, end_date=20251013T092202
[2025-10-13T09:22:02.409+0000] {local_task_job_runner.py:266} INFO - Task exited with return code 0
[2025-10-13T09:22:02.432+0000] {taskinstance.py:3895} INFO - 0 downstream tasks scheduled from follow-on schedule check
[2025-10-13T09:22:02.435+0000] {local_task_job_runner.py:245} INFO - ::endgroup::
[2025-10-14T04:21:47.424+0000] {local_task_job_runner.py:123} INFO - ::group::Pre task execution logs
[2025-10-14T04:21:47.444+0000] {taskinstance.py:2613} INFO - Dependencies all met for dep_context=non-requeueable deps ti=<TaskInstance: elt-pipeline.cleanup scheduled__2025-09-05T00:00:00+00:00 [queued]>
[2025-10-14T04:21:47.453+0000] {taskinstance.py:2613} INFO - Dependencies all met for dep_context=requeueable deps ti=<TaskInstance: elt-pipeline.cleanup scheduled__2025-09-05T00:00:00+00:00 [queued]>
[2025-10-14T04:21:47.453+0000] {taskinstance.py:2866} INFO - Starting attempt 1 of 1
[2025-10-14T04:21:47.465+0000] {taskinstance.py:2889} INFO - Executing <Task(BashOperator): cleanup> on 2025-09-05 00:00:00+00:00
[2025-10-14T04:21:47.472+0000] {warnings.py:112} WARNING - /home/***/.local/lib/python3.12/site-packages/***/task/task_runner/standard_task_runner.py:70: DeprecationWarning: This process (pid=478) is multi-threaded, use of fork() may lead to deadlocks in the child.
  pid = os.fork()

[2025-10-14T04:21:47.473+0000] {standard_task_runner.py:72} INFO - Started process 479 to run task
[2025-10-14T04:21:47.473+0000] {standard_task_runner.py:104} INFO - Running: ['***', 'tasks', 'run', 'elt-pipeline', 'cleanup', 'scheduled__2025-09-05T00:00:00+00:00', '--job-id', '316', '--raw', '--subdir', 'DAGS_FOLDER/elt.py', '--cfg-path', '/tmp/tmpxmnas9ci']
[2025-10-14T04:21:47.474+0000] {standard_task_runner.py:105} INFO - Job 316: Subtask cleanup
[2025-10-14T04:21:47.526+0000] {task_command.py:467} INFO - Running <TaskInstance: elt-pipeline.cleanup scheduled__2025-09-05T00:00:00+00:00 [running]> on host e348b991e0be
[2025-10-14T04:21:47.613+0000] {taskinstance.py:3132} INFO - Exporting env vars: AIRFLOW_CTX_DAG_OWNER='***' AIRFLOW_CTX_DAG_ID='elt-pipeline' AIRFLOW_CTX_TASK_ID='cleanup' AIRFLOW_CTX_EXECUTION_DATE='2025-09-05T00:00:00+00:00' AIRFLOW_CTX_TRY_NUMBER='1' AIRFLOW_CTX_DAG_RUN_ID='scheduled__2025-09-05T00:00:00+00:00'
[2025-10-14T04:21:47.614+0000] {taskinstance.py:731} INFO - ::endgroup::
[2025-10-14T04:21:47.628+0000] {subprocess.py:78} INFO - Tmp dir root location: /tmp
[2025-10-14T04:21:47.630+0000] {subprocess.py:88} INFO - Running command: ['/usr/bin/bash', '-c', 'rm -rf /tmp/*.csv']
[2025-10-14T04:21:47.641+0000] {subprocess.py:99} INFO - Output:
[2025-10-14T04:21:47.644+0000] {subprocess.py:110} INFO - Command exited with return code 0
[2025-10-14T04:21:47.670+0000] {taskinstance.py:340} INFO - ::group::Post task execution logs
[2025-10-14T04:21:47.671+0000] {taskinstance.py:352} INFO - Marking task as SUCCESS. dag_id=elt-pipeline, task_id=cleanup, run_id=scheduled__2025-09-05T00:00:00+00:00, execution_date=20250905T000000, start_date=20251014T042147, end_date=20251014T042147
[2025-10-14T04:21:47.728+0000] {local_task_job_runner.py:266} INFO - Task exited with return code 0
[2025-10-14T04:21:47.757+0000] {taskinstance.py:3895} INFO - 1 downstream tasks scheduled from follow-on schedule check
[2025-10-14T04:21:47.759+0000] {local_task_job_runner.py:245} INFO - ::endgroup::
[2025-10-14T04:29:59.877+0000] {local_task_job_runner.py:123} INFO - ::group::Pre task execution logs
[2025-10-14T04:29:59.895+0000] {taskinstance.py:2613} INFO - Dependencies all met for dep_context=non-requeueable deps ti=<TaskInstance: elt-pipeline.cleanup scheduled__2025-09-05T00:00:00+00:00 [queued]>
[2025-10-14T04:29:59.905+0000] {taskinstance.py:2613} INFO - Dependencies all met for dep_context=requeueable deps ti=<TaskInstance: elt-pipeline.cleanup scheduled__2025-09-05T00:00:00+00:00 [queued]>
[2025-10-14T04:29:59.905+0000] {taskinstance.py:2866} INFO - Starting attempt 1 of 1
[2025-10-14T04:29:59.917+0000] {taskinstance.py:2889} INFO - Executing <Task(BashOperator): cleanup> on 2025-09-05 00:00:00+00:00
[2025-10-14T04:29:59.923+0000] {warnings.py:112} WARNING - /home/***/.local/lib/python3.12/site-packages/***/task/task_runner/standard_task_runner.py:70: DeprecationWarning: This process (pid=970) is multi-threaded, use of fork() may lead to deadlocks in the child.
  pid = os.fork()

[2025-10-14T04:29:59.925+0000] {standard_task_runner.py:72} INFO - Started process 971 to run task
[2025-10-14T04:29:59.925+0000] {standard_task_runner.py:104} INFO - Running: ['***', 'tasks', 'run', 'elt-pipeline', 'cleanup', 'scheduled__2025-09-05T00:00:00+00:00', '--job-id', '424', '--raw', '--subdir', 'DAGS_FOLDER/elt.py', '--cfg-path', '/tmp/tmpm1fon2kr']
[2025-10-14T04:29:59.926+0000] {standard_task_runner.py:105} INFO - Job 424: Subtask cleanup
[2025-10-14T04:29:59.976+0000] {task_command.py:467} INFO - Running <TaskInstance: elt-pipeline.cleanup scheduled__2025-09-05T00:00:00+00:00 [running]> on host e348b991e0be
[2025-10-14T04:30:00.063+0000] {taskinstance.py:3132} INFO - Exporting env vars: AIRFLOW_CTX_DAG_OWNER='***' AIRFLOW_CTX_DAG_ID='elt-pipeline' AIRFLOW_CTX_TASK_ID='cleanup' AIRFLOW_CTX_EXECUTION_DATE='2025-09-05T00:00:00+00:00' AIRFLOW_CTX_TRY_NUMBER='1' AIRFLOW_CTX_DAG_RUN_ID='scheduled__2025-09-05T00:00:00+00:00'
[2025-10-14T04:30:00.064+0000] {taskinstance.py:731} INFO - ::endgroup::
[2025-10-14T04:30:00.077+0000] {subprocess.py:78} INFO - Tmp dir root location: /tmp
[2025-10-14T04:30:00.079+0000] {subprocess.py:88} INFO - Running command: ['/usr/bin/bash', '-c', 'rm -rf /tmp/*.csv']
[2025-10-14T04:30:00.090+0000] {subprocess.py:99} INFO - Output:
[2025-10-14T04:30:00.094+0000] {subprocess.py:110} INFO - Command exited with return code 0
[2025-10-14T04:30:00.122+0000] {taskinstance.py:340} INFO - ::group::Post task execution logs
[2025-10-14T04:30:00.123+0000] {taskinstance.py:352} INFO - Marking task as SUCCESS. dag_id=elt-pipeline, task_id=cleanup, run_id=scheduled__2025-09-05T00:00:00+00:00, execution_date=20250905T000000, start_date=20251014T042959, end_date=20251014T043000
[2025-10-14T04:30:00.180+0000] {local_task_job_runner.py:266} INFO - Task exited with return code 0
[2025-10-14T04:30:00.209+0000] {taskinstance.py:3895} INFO - 1 downstream tasks scheduled from follow-on schedule check
[2025-10-14T04:30:00.212+0000] {local_task_job_runner.py:245} INFO - ::endgroup::
[2025-10-14T04:36:56.509+0000] {local_task_job_runner.py:123} INFO - ::group::Pre task execution logs
[2025-10-14T04:36:56.530+0000] {taskinstance.py:2613} INFO - Dependencies all met for dep_context=non-requeueable deps ti=<TaskInstance: elt-pipeline.cleanup scheduled__2025-09-05T00:00:00+00:00 [queued]>
[2025-10-14T04:36:56.540+0000] {taskinstance.py:2613} INFO - Dependencies all met for dep_context=requeueable deps ti=<TaskInstance: elt-pipeline.cleanup scheduled__2025-09-05T00:00:00+00:00 [queued]>
[2025-10-14T04:36:56.540+0000] {taskinstance.py:2866} INFO - Starting attempt 1 of 1
[2025-10-14T04:36:56.553+0000] {taskinstance.py:2889} INFO - Executing <Task(BashOperator): cleanup> on 2025-09-05 00:00:00+00:00
[2025-10-14T04:36:56.560+0000] {warnings.py:112} WARNING - /home/***/.local/lib/python3.12/site-packages/***/task/task_runner/standard_task_runner.py:70: DeprecationWarning: This process (pid=1319) is multi-threaded, use of fork() may lead to deadlocks in the child.
  pid = os.fork()

[2025-10-14T04:36:56.561+0000] {standard_task_runner.py:72} INFO - Started process 1320 to run task
[2025-10-14T04:36:56.562+0000] {standard_task_runner.py:104} INFO - Running: ['***', 'tasks', 'run', 'elt-pipeline', 'cleanup', 'scheduled__2025-09-05T00:00:00+00:00', '--job-id', '496', '--raw', '--subdir', 'DAGS_FOLDER/elt.py', '--cfg-path', '/tmp/tmp0zrfw6hp']
[2025-10-14T04:36:56.563+0000] {standard_task_runner.py:105} INFO - Job 496: Subtask cleanup
[2025-10-14T04:36:56.617+0000] {task_command.py:467} INFO - Running <TaskInstance: elt-pipeline.cleanup scheduled__2025-09-05T00:00:00+00:00 [running]> on host e348b991e0be
[2025-10-14T04:36:56.699+0000] {taskinstance.py:3132} INFO - Exporting env vars: AIRFLOW_CTX_DAG_OWNER='***' AIRFLOW_CTX_DAG_ID='elt-pipeline' AIRFLOW_CTX_TASK_ID='cleanup' AIRFLOW_CTX_EXECUTION_DATE='2025-09-05T00:00:00+00:00' AIRFLOW_CTX_TRY_NUMBER='1' AIRFLOW_CTX_DAG_RUN_ID='scheduled__2025-09-05T00:00:00+00:00'
[2025-10-14T04:36:56.700+0000] {taskinstance.py:731} INFO - ::endgroup::
[2025-10-14T04:36:56.712+0000] {subprocess.py:78} INFO - Tmp dir root location: /tmp
[2025-10-14T04:36:56.713+0000] {subprocess.py:88} INFO - Running command: ['/usr/bin/bash', '-c', 'rm -rf /tmp/*.csv']
[2025-10-14T04:36:56.723+0000] {subprocess.py:99} INFO - Output:
[2025-10-14T04:36:56.726+0000] {subprocess.py:110} INFO - Command exited with return code 0
[2025-10-14T04:36:56.753+0000] {taskinstance.py:340} INFO - ::group::Post task execution logs
[2025-10-14T04:36:56.753+0000] {taskinstance.py:352} INFO - Marking task as SUCCESS. dag_id=elt-pipeline, task_id=cleanup, run_id=scheduled__2025-09-05T00:00:00+00:00, execution_date=20250905T000000, start_date=20251014T043656, end_date=20251014T043656
[2025-10-14T04:36:56.776+0000] {local_task_job_runner.py:266} INFO - Task exited with return code 0
[2025-10-14T04:36:56.804+0000] {taskinstance.py:3895} INFO - 1 downstream tasks scheduled from follow-on schedule check
[2025-10-14T04:36:56.806+0000] {local_task_job_runner.py:245} INFO - ::endgroup::
