[2025-10-13T08:45:11.882+0000] {local_task_job_runner.py:123} INFO - ::group::Pre task execution logs
[2025-10-13T08:45:11.902+0000] {taskinstance.py:2613} INFO - Dependencies all met for dep_context=non-requeueable deps ti=<TaskInstance: elt-pipeline.extract_load_group.load_marketing_campaigns manual__2025-10-13T08:44:42.158240+00:00 [queued]>
[2025-10-13T08:45:11.913+0000] {taskinstance.py:2613} INFO - Dependencies all met for dep_context=requeueable deps ti=<TaskInstance: elt-pipeline.extract_load_group.load_marketing_campaigns manual__2025-10-13T08:44:42.158240+00:00 [queued]>
[2025-10-13T08:45:11.913+0000] {taskinstance.py:2866} INFO - Starting attempt 1 of 1
[2025-10-13T08:45:11.930+0000] {taskinstance.py:2889} INFO - Executing <Task(PythonOperator): extract_load_group.load_marketing_campaigns> on 2025-10-13 08:44:42.158240+00:00
[2025-10-13T08:45:11.938+0000] {warnings.py:112} WARNING - /home/***/.local/lib/python3.12/site-packages/***/task/task_runner/standard_task_runner.py:70: DeprecationWarning: This process (pid=542) is multi-threaded, use of fork() may lead to deadlocks in the child.
  pid = os.fork()

[2025-10-13T08:45:11.940+0000] {standard_task_runner.py:72} INFO - Started process 547 to run task
[2025-10-13T08:45:11.941+0000] {standard_task_runner.py:104} INFO - Running: ['***', 'tasks', 'run', 'elt-pipeline', 'extract_load_group.load_marketing_campaigns', 'manual__2025-10-13T08:44:42.158240+00:00', '--job-id', '89', '--raw', '--subdir', 'DAGS_FOLDER/elt.py', '--cfg-path', '/tmp/tmphjc_wmzd']
[2025-10-13T08:45:11.942+0000] {standard_task_runner.py:105} INFO - Job 89: Subtask extract_load_group.load_marketing_campaigns
[2025-10-13T08:45:12.003+0000] {task_command.py:467} INFO - Running <TaskInstance: elt-pipeline.extract_load_group.load_marketing_campaigns manual__2025-10-13T08:44:42.158240+00:00 [running]> on host 84d5a327cf64
[2025-10-13T08:45:12.095+0000] {taskinstance.py:3132} INFO - Exporting env vars: AIRFLOW_CTX_DAG_OWNER='***' AIRFLOW_CTX_DAG_ID='elt-pipeline' AIRFLOW_CTX_TASK_ID='extract_load_group.load_marketing_campaigns' AIRFLOW_CTX_EXECUTION_DATE='2025-10-13T08:44:42.158240+00:00' AIRFLOW_CTX_TRY_NUMBER='1' AIRFLOW_CTX_DAG_RUN_ID='manual__2025-10-13T08:44:42.158240+00:00'
[2025-10-13T08:45:12.096+0000] {taskinstance.py:731} INFO - ::endgroup::
[2025-10-13T08:45:22.293+0000] {load.py:30} INFO - Loaded 0 rows and 5 columns to gcpl-469311.datalabs_techtest.stg_marketing_campaigns
[2025-10-13T08:45:22.294+0000] {python.py:240} INFO - Done. Returned value was: None
[2025-10-13T08:45:22.307+0000] {taskinstance.py:340} INFO - ::group::Post task execution logs
[2025-10-13T08:45:22.308+0000] {taskinstance.py:352} INFO - Marking task as SUCCESS. dag_id=elt-pipeline, task_id=extract_load_group.load_marketing_campaigns, run_id=manual__2025-10-13T08:44:42.158240+00:00, execution_date=20251013T084442, start_date=20251013T084511, end_date=20251013T084522
[2025-10-13T08:45:22.351+0000] {local_task_job_runner.py:266} INFO - Task exited with return code 0
[2025-10-13T08:45:22.373+0000] {taskinstance.py:3895} INFO - 0 downstream tasks scheduled from follow-on schedule check
[2025-10-13T08:45:22.375+0000] {local_task_job_runner.py:245} INFO - ::endgroup::
