[2025-10-13T09:21:05.345+0000] {local_task_job_runner.py:123} INFO - ::group::Pre task execution logs
[2025-10-13T09:21:05.364+0000] {taskinstance.py:2613} INFO - Dependencies all met for dep_context=non-requeueable deps ti=<TaskInstance: elt-pipeline.cleanup scheduled__2025-09-02T00:00:00+00:00 [queued]>
[2025-10-13T09:21:05.372+0000] {taskinstance.py:2613} INFO - Dependencies all met for dep_context=requeueable deps ti=<TaskInstance: elt-pipeline.cleanup scheduled__2025-09-02T00:00:00+00:00 [queued]>
[2025-10-13T09:21:05.373+0000] {taskinstance.py:2866} INFO - Starting attempt 1 of 1
[2025-10-13T09:21:05.385+0000] {taskinstance.py:2889} INFO - Executing <Task(BashOperator): cleanup> on 2025-09-02 00:00:00+00:00
[2025-10-13T09:21:05.392+0000] {warnings.py:112} WARNING - /home/***/.local/lib/python3.12/site-packages/***/task/task_runner/standard_task_runner.py:70: DeprecationWarning: This process (pid=1349) is multi-threaded, use of fork() may lead to deadlocks in the child.
  pid = os.fork()

[2025-10-13T09:21:05.394+0000] {standard_task_runner.py:72} INFO - Started process 1350 to run task
[2025-10-13T09:21:05.393+0000] {standard_task_runner.py:104} INFO - Running: ['***', 'tasks', 'run', 'elt-pipeline', 'cleanup', 'scheduled__2025-09-02T00:00:00+00:00', '--job-id', '185', '--raw', '--subdir', 'DAGS_FOLDER/elt.py', '--cfg-path', '/tmp/tmpqjl4drpb']
[2025-10-13T09:21:05.394+0000] {standard_task_runner.py:105} INFO - Job 185: Subtask cleanup
[2025-10-13T09:21:05.442+0000] {task_command.py:467} INFO - Running <TaskInstance: elt-pipeline.cleanup scheduled__2025-09-02T00:00:00+00:00 [running]> on host 84d5a327cf64
[2025-10-13T09:21:05.524+0000] {taskinstance.py:3132} INFO - Exporting env vars: AIRFLOW_CTX_DAG_OWNER='***' AIRFLOW_CTX_DAG_ID='elt-pipeline' AIRFLOW_CTX_TASK_ID='cleanup' AIRFLOW_CTX_EXECUTION_DATE='2025-09-02T00:00:00+00:00' AIRFLOW_CTX_TRY_NUMBER='1' AIRFLOW_CTX_DAG_RUN_ID='scheduled__2025-09-02T00:00:00+00:00'
[2025-10-13T09:21:05.524+0000] {taskinstance.py:731} INFO - ::endgroup::
[2025-10-13T09:21:05.536+0000] {subprocess.py:78} INFO - Tmp dir root location: /tmp
[2025-10-13T09:21:05.538+0000] {subprocess.py:88} INFO - Running command: ['/usr/bin/bash', '-c', 'rm -rf /tmp/*.csv']
[2025-10-13T09:21:05.548+0000] {subprocess.py:99} INFO - Output:
[2025-10-13T09:21:05.552+0000] {subprocess.py:110} INFO - Command exited with return code 0
[2025-10-13T09:21:05.580+0000] {taskinstance.py:340} INFO - ::group::Post task execution logs
[2025-10-13T09:21:05.581+0000] {taskinstance.py:352} INFO - Marking task as SUCCESS. dag_id=elt-pipeline, task_id=cleanup, run_id=scheduled__2025-09-02T00:00:00+00:00, execution_date=20250902T000000, start_date=20251013T092105, end_date=20251013T092105
[2025-10-13T09:21:05.608+0000] {local_task_job_runner.py:266} INFO - Task exited with return code 0
[2025-10-13T09:21:05.628+0000] {taskinstance.py:3895} INFO - 0 downstream tasks scheduled from follow-on schedule check
[2025-10-13T09:21:05.630+0000] {local_task_job_runner.py:245} INFO - ::endgroup::
[2025-10-14T04:21:00.501+0000] {local_task_job_runner.py:123} INFO - ::group::Pre task execution logs
[2025-10-14T04:21:00.522+0000] {taskinstance.py:2613} INFO - Dependencies all met for dep_context=non-requeueable deps ti=<TaskInstance: elt-pipeline.cleanup scheduled__2025-09-02T00:00:00+00:00 [queued]>
[2025-10-14T04:21:00.531+0000] {taskinstance.py:2613} INFO - Dependencies all met for dep_context=requeueable deps ti=<TaskInstance: elt-pipeline.cleanup scheduled__2025-09-02T00:00:00+00:00 [queued]>
[2025-10-14T04:21:00.531+0000] {taskinstance.py:2866} INFO - Starting attempt 1 of 1
[2025-10-14T04:21:00.545+0000] {taskinstance.py:2889} INFO - Executing <Task(BashOperator): cleanup> on 2025-09-02 00:00:00+00:00
[2025-10-14T04:21:00.552+0000] {warnings.py:112} WARNING - /home/***/.local/lib/python3.12/site-packages/***/task/task_runner/standard_task_runner.py:70: DeprecationWarning: This process (pid=335) is multi-threaded, use of fork() may lead to deadlocks in the child.
  pid = os.fork()

[2025-10-14T04:21:00.553+0000] {standard_task_runner.py:104} INFO - Running: ['***', 'tasks', 'run', 'elt-pipeline', 'cleanup', 'scheduled__2025-09-02T00:00:00+00:00', '--job-id', '280', '--raw', '--subdir', 'DAGS_FOLDER/elt.py', '--cfg-path', '/tmp/tmpifmyud28']
[2025-10-14T04:21:00.554+0000] {standard_task_runner.py:72} INFO - Started process 336 to run task
[2025-10-14T04:21:00.555+0000] {standard_task_runner.py:105} INFO - Job 280: Subtask cleanup
[2025-10-14T04:21:00.622+0000] {task_command.py:467} INFO - Running <TaskInstance: elt-pipeline.cleanup scheduled__2025-09-02T00:00:00+00:00 [running]> on host e348b991e0be
[2025-10-14T04:21:00.726+0000] {taskinstance.py:3132} INFO - Exporting env vars: AIRFLOW_CTX_DAG_OWNER='***' AIRFLOW_CTX_DAG_ID='elt-pipeline' AIRFLOW_CTX_TASK_ID='cleanup' AIRFLOW_CTX_EXECUTION_DATE='2025-09-02T00:00:00+00:00' AIRFLOW_CTX_TRY_NUMBER='1' AIRFLOW_CTX_DAG_RUN_ID='scheduled__2025-09-02T00:00:00+00:00'
[2025-10-14T04:21:00.727+0000] {taskinstance.py:731} INFO - ::endgroup::
[2025-10-14T04:21:00.740+0000] {subprocess.py:78} INFO - Tmp dir root location: /tmp
[2025-10-14T04:21:00.742+0000] {subprocess.py:88} INFO - Running command: ['/usr/bin/bash', '-c', 'rm -rf /tmp/*.csv']
[2025-10-14T04:21:00.753+0000] {subprocess.py:99} INFO - Output:
[2025-10-14T04:21:00.757+0000] {subprocess.py:110} INFO - Command exited with return code 0
[2025-10-14T04:21:00.784+0000] {taskinstance.py:340} INFO - ::group::Post task execution logs
[2025-10-14T04:21:00.785+0000] {taskinstance.py:352} INFO - Marking task as SUCCESS. dag_id=elt-pipeline, task_id=cleanup, run_id=scheduled__2025-09-02T00:00:00+00:00, execution_date=20250902T000000, start_date=20251014T042100, end_date=20251014T042100
[2025-10-14T04:21:00.810+0000] {local_task_job_runner.py:266} INFO - Task exited with return code 0
[2025-10-14T04:21:00.842+0000] {taskinstance.py:3895} INFO - 1 downstream tasks scheduled from follow-on schedule check
[2025-10-14T04:21:00.844+0000] {local_task_job_runner.py:245} INFO - ::endgroup::
[2025-10-14T04:22:42.666+0000] {local_task_job_runner.py:123} INFO - ::group::Pre task execution logs
[2025-10-14T04:22:42.684+0000] {taskinstance.py:2613} INFO - Dependencies all met for dep_context=non-requeueable deps ti=<TaskInstance: elt-pipeline.cleanup scheduled__2025-09-02T00:00:00+00:00 [queued]>
[2025-10-14T04:22:42.694+0000] {taskinstance.py:2613} INFO - Dependencies all met for dep_context=requeueable deps ti=<TaskInstance: elt-pipeline.cleanup scheduled__2025-09-02T00:00:00+00:00 [queued]>
[2025-10-14T04:22:42.694+0000] {taskinstance.py:2866} INFO - Starting attempt 1 of 1
[2025-10-14T04:22:42.709+0000] {taskinstance.py:2889} INFO - Executing <Task(BashOperator): cleanup> on 2025-09-02 00:00:00+00:00
[2025-10-14T04:22:42.718+0000] {warnings.py:112} WARNING - /home/***/.local/lib/python3.12/site-packages/***/task/task_runner/standard_task_runner.py:70: DeprecationWarning: This process (pid=571) is multi-threaded, use of fork() may lead to deadlocks in the child.
  pid = os.fork()

[2025-10-14T04:22:42.720+0000] {standard_task_runner.py:72} INFO - Started process 572 to run task
[2025-10-14T04:22:42.720+0000] {standard_task_runner.py:104} INFO - Running: ['***', 'tasks', 'run', 'elt-pipeline', 'cleanup', 'scheduled__2025-09-02T00:00:00+00:00', '--job-id', '340', '--raw', '--subdir', 'DAGS_FOLDER/elt.py', '--cfg-path', '/tmp/tmplm8ez75g']
[2025-10-14T04:22:42.721+0000] {standard_task_runner.py:105} INFO - Job 340: Subtask cleanup
[2025-10-14T04:22:42.770+0000] {task_command.py:467} INFO - Running <TaskInstance: elt-pipeline.cleanup scheduled__2025-09-02T00:00:00+00:00 [running]> on host e348b991e0be
[2025-10-14T04:22:42.857+0000] {taskinstance.py:3132} INFO - Exporting env vars: AIRFLOW_CTX_DAG_OWNER='***' AIRFLOW_CTX_DAG_ID='elt-pipeline' AIRFLOW_CTX_TASK_ID='cleanup' AIRFLOW_CTX_EXECUTION_DATE='2025-09-02T00:00:00+00:00' AIRFLOW_CTX_TRY_NUMBER='1' AIRFLOW_CTX_DAG_RUN_ID='scheduled__2025-09-02T00:00:00+00:00'
[2025-10-14T04:22:42.858+0000] {taskinstance.py:731} INFO - ::endgroup::
[2025-10-14T04:22:42.871+0000] {subprocess.py:78} INFO - Tmp dir root location: /tmp
[2025-10-14T04:22:42.872+0000] {subprocess.py:88} INFO - Running command: ['/usr/bin/bash', '-c', 'rm -rf /tmp/*.csv']
[2025-10-14T04:22:42.883+0000] {subprocess.py:99} INFO - Output:
[2025-10-14T04:22:42.886+0000] {subprocess.py:110} INFO - Command exited with return code 0
[2025-10-14T04:22:42.914+0000] {taskinstance.py:340} INFO - ::group::Post task execution logs
[2025-10-14T04:22:42.915+0000] {taskinstance.py:352} INFO - Marking task as SUCCESS. dag_id=elt-pipeline, task_id=cleanup, run_id=scheduled__2025-09-02T00:00:00+00:00, execution_date=20250902T000000, start_date=20251014T042242, end_date=20251014T042242
[2025-10-14T04:22:42.936+0000] {local_task_job_runner.py:266} INFO - Task exited with return code 0
[2025-10-14T04:22:42.967+0000] {taskinstance.py:3895} INFO - 1 downstream tasks scheduled from follow-on schedule check
[2025-10-14T04:22:42.969+0000] {local_task_job_runner.py:245} INFO - ::endgroup::
[2025-10-14T04:26:38.670+0000] {local_task_job_runner.py:123} INFO - ::group::Pre task execution logs
[2025-10-14T04:26:38.692+0000] {taskinstance.py:2613} INFO - Dependencies all met for dep_context=non-requeueable deps ti=<TaskInstance: elt-pipeline.cleanup scheduled__2025-09-02T00:00:00+00:00 [queued]>
[2025-10-14T04:26:38.703+0000] {taskinstance.py:2613} INFO - Dependencies all met for dep_context=requeueable deps ti=<TaskInstance: elt-pipeline.cleanup scheduled__2025-09-02T00:00:00+00:00 [queued]>
[2025-10-14T04:26:38.704+0000] {taskinstance.py:2866} INFO - Starting attempt 1 of 1
[2025-10-14T04:26:38.718+0000] {taskinstance.py:2889} INFO - Executing <Task(BashOperator): cleanup> on 2025-09-02 00:00:00+00:00
[2025-10-14T04:26:38.725+0000] {warnings.py:112} WARNING - /home/***/.local/lib/python3.12/site-packages/***/task/task_runner/standard_task_runner.py:70: DeprecationWarning: This process (pid=713) is multi-threaded, use of fork() may lead to deadlocks in the child.
  pid = os.fork()

[2025-10-14T04:26:38.727+0000] {standard_task_runner.py:72} INFO - Started process 714 to run task
[2025-10-14T04:26:38.727+0000] {standard_task_runner.py:104} INFO - Running: ['***', 'tasks', 'run', 'elt-pipeline', 'cleanup', 'scheduled__2025-09-02T00:00:00+00:00', '--job-id', '364', '--raw', '--subdir', 'DAGS_FOLDER/elt.py', '--cfg-path', '/tmp/tmp9m_b0kr9']
[2025-10-14T04:26:38.728+0000] {standard_task_runner.py:105} INFO - Job 364: Subtask cleanup
[2025-10-14T04:26:38.780+0000] {task_command.py:467} INFO - Running <TaskInstance: elt-pipeline.cleanup scheduled__2025-09-02T00:00:00+00:00 [running]> on host e348b991e0be
[2025-10-14T04:26:38.869+0000] {taskinstance.py:3132} INFO - Exporting env vars: AIRFLOW_CTX_DAG_OWNER='***' AIRFLOW_CTX_DAG_ID='elt-pipeline' AIRFLOW_CTX_TASK_ID='cleanup' AIRFLOW_CTX_EXECUTION_DATE='2025-09-02T00:00:00+00:00' AIRFLOW_CTX_TRY_NUMBER='1' AIRFLOW_CTX_DAG_RUN_ID='scheduled__2025-09-02T00:00:00+00:00'
[2025-10-14T04:26:38.870+0000] {taskinstance.py:731} INFO - ::endgroup::
[2025-10-14T04:26:38.884+0000] {subprocess.py:78} INFO - Tmp dir root location: /tmp
[2025-10-14T04:26:38.886+0000] {subprocess.py:88} INFO - Running command: ['/usr/bin/bash', '-c', 'rm -rf /tmp/*.csv']
[2025-10-14T04:26:38.897+0000] {subprocess.py:99} INFO - Output:
[2025-10-14T04:26:38.900+0000] {subprocess.py:110} INFO - Command exited with return code 0
[2025-10-14T04:26:38.928+0000] {taskinstance.py:340} INFO - ::group::Post task execution logs
[2025-10-14T04:26:38.929+0000] {taskinstance.py:352} INFO - Marking task as SUCCESS. dag_id=elt-pipeline, task_id=cleanup, run_id=scheduled__2025-09-02T00:00:00+00:00, execution_date=20250902T000000, start_date=20251014T042638, end_date=20251014T042638
[2025-10-14T04:26:38.982+0000] {local_task_job_runner.py:266} INFO - Task exited with return code 0
[2025-10-14T04:26:39.013+0000] {taskinstance.py:3895} INFO - 1 downstream tasks scheduled from follow-on schedule check
[2025-10-14T04:26:39.016+0000] {local_task_job_runner.py:245} INFO - ::endgroup::
[2025-10-14T04:28:44.945+0000] {local_task_job_runner.py:123} INFO - ::group::Pre task execution logs
[2025-10-14T04:28:44.971+0000] {taskinstance.py:2613} INFO - Dependencies all met for dep_context=non-requeueable deps ti=<TaskInstance: elt-pipeline.cleanup scheduled__2025-09-02T00:00:00+00:00 [queued]>
[2025-10-14T04:28:44.984+0000] {taskinstance.py:2613} INFO - Dependencies all met for dep_context=requeueable deps ti=<TaskInstance: elt-pipeline.cleanup scheduled__2025-09-02T00:00:00+00:00 [queued]>
[2025-10-14T04:28:44.984+0000] {taskinstance.py:2866} INFO - Starting attempt 1 of 1
[2025-10-14T04:28:45.000+0000] {taskinstance.py:2889} INFO - Executing <Task(BashOperator): cleanup> on 2025-09-02 00:00:00+00:00
[2025-10-14T04:28:45.007+0000] {warnings.py:112} WARNING - /home/***/.local/lib/python3.12/site-packages/***/task/task_runner/standard_task_runner.py:70: DeprecationWarning: This process (pid=820) is multi-threaded, use of fork() may lead to deadlocks in the child.
  pid = os.fork()

[2025-10-14T04:28:45.009+0000] {standard_task_runner.py:72} INFO - Started process 821 to run task
[2025-10-14T04:28:45.009+0000] {standard_task_runner.py:104} INFO - Running: ['***', 'tasks', 'run', 'elt-pipeline', 'cleanup', 'scheduled__2025-09-02T00:00:00+00:00', '--job-id', '388', '--raw', '--subdir', 'DAGS_FOLDER/elt.py', '--cfg-path', '/tmp/tmp7_azli62']
[2025-10-14T04:28:45.010+0000] {standard_task_runner.py:105} INFO - Job 388: Subtask cleanup
[2025-10-14T04:28:45.067+0000] {task_command.py:467} INFO - Running <TaskInstance: elt-pipeline.cleanup scheduled__2025-09-02T00:00:00+00:00 [running]> on host e348b991e0be
[2025-10-14T04:28:45.165+0000] {taskinstance.py:3132} INFO - Exporting env vars: AIRFLOW_CTX_DAG_OWNER='***' AIRFLOW_CTX_DAG_ID='elt-pipeline' AIRFLOW_CTX_TASK_ID='cleanup' AIRFLOW_CTX_EXECUTION_DATE='2025-09-02T00:00:00+00:00' AIRFLOW_CTX_TRY_NUMBER='1' AIRFLOW_CTX_DAG_RUN_ID='scheduled__2025-09-02T00:00:00+00:00'
[2025-10-14T04:28:45.167+0000] {taskinstance.py:731} INFO - ::endgroup::
[2025-10-14T04:28:45.181+0000] {subprocess.py:78} INFO - Tmp dir root location: /tmp
[2025-10-14T04:28:45.182+0000] {subprocess.py:88} INFO - Running command: ['/usr/bin/bash', '-c', 'rm -rf /tmp/*.csv']
[2025-10-14T04:28:45.194+0000] {subprocess.py:99} INFO - Output:
[2025-10-14T04:28:45.197+0000] {subprocess.py:110} INFO - Command exited with return code 0
[2025-10-14T04:28:45.228+0000] {taskinstance.py:340} INFO - ::group::Post task execution logs
[2025-10-14T04:28:45.229+0000] {taskinstance.py:352} INFO - Marking task as SUCCESS. dag_id=elt-pipeline, task_id=cleanup, run_id=scheduled__2025-09-02T00:00:00+00:00, execution_date=20250902T000000, start_date=20251014T042844, end_date=20251014T042845
[2025-10-14T04:28:45.265+0000] {local_task_job_runner.py:266} INFO - Task exited with return code 0
[2025-10-14T04:28:45.296+0000] {taskinstance.py:3895} INFO - 1 downstream tasks scheduled from follow-on schedule check
[2025-10-14T04:28:45.298+0000] {local_task_job_runner.py:245} INFO - ::endgroup::
[2025-10-14T04:35:41.063+0000] {local_task_job_runner.py:123} INFO - ::group::Pre task execution logs
[2025-10-14T04:35:41.082+0000] {taskinstance.py:2613} INFO - Dependencies all met for dep_context=non-requeueable deps ti=<TaskInstance: elt-pipeline.cleanup scheduled__2025-09-02T00:00:00+00:00 [queued]>
[2025-10-14T04:35:41.091+0000] {taskinstance.py:2613} INFO - Dependencies all met for dep_context=requeueable deps ti=<TaskInstance: elt-pipeline.cleanup scheduled__2025-09-02T00:00:00+00:00 [queued]>
[2025-10-14T04:35:41.092+0000] {taskinstance.py:2866} INFO - Starting attempt 1 of 1
[2025-10-14T04:35:41.105+0000] {taskinstance.py:2889} INFO - Executing <Task(BashOperator): cleanup> on 2025-09-02 00:00:00+00:00
[2025-10-14T04:35:41.111+0000] {warnings.py:112} WARNING - /home/***/.local/lib/python3.12/site-packages/***/task/task_runner/standard_task_runner.py:70: DeprecationWarning: This process (pid=1169) is multi-threaded, use of fork() may lead to deadlocks in the child.
  pid = os.fork()

[2025-10-14T04:35:41.113+0000] {standard_task_runner.py:72} INFO - Started process 1170 to run task
[2025-10-14T04:35:41.112+0000] {standard_task_runner.py:104} INFO - Running: ['***', 'tasks', 'run', 'elt-pipeline', 'cleanup', 'scheduled__2025-09-02T00:00:00+00:00', '--job-id', '460', '--raw', '--subdir', 'DAGS_FOLDER/elt.py', '--cfg-path', '/tmp/tmpoydulo_o']
[2025-10-14T04:35:41.113+0000] {standard_task_runner.py:105} INFO - Job 460: Subtask cleanup
[2025-10-14T04:35:41.163+0000] {task_command.py:467} INFO - Running <TaskInstance: elt-pipeline.cleanup scheduled__2025-09-02T00:00:00+00:00 [running]> on host e348b991e0be
[2025-10-14T04:35:41.254+0000] {taskinstance.py:3132} INFO - Exporting env vars: AIRFLOW_CTX_DAG_OWNER='***' AIRFLOW_CTX_DAG_ID='elt-pipeline' AIRFLOW_CTX_TASK_ID='cleanup' AIRFLOW_CTX_EXECUTION_DATE='2025-09-02T00:00:00+00:00' AIRFLOW_CTX_TRY_NUMBER='1' AIRFLOW_CTX_DAG_RUN_ID='scheduled__2025-09-02T00:00:00+00:00'
[2025-10-14T04:35:41.255+0000] {taskinstance.py:731} INFO - ::endgroup::
[2025-10-14T04:35:41.273+0000] {subprocess.py:78} INFO - Tmp dir root location: /tmp
[2025-10-14T04:35:41.274+0000] {subprocess.py:88} INFO - Running command: ['/usr/bin/bash', '-c', 'rm -rf /tmp/*.csv']
[2025-10-14T04:35:41.288+0000] {subprocess.py:99} INFO - Output:
[2025-10-14T04:35:41.292+0000] {subprocess.py:110} INFO - Command exited with return code 0
[2025-10-14T04:35:41.321+0000] {taskinstance.py:340} INFO - ::group::Post task execution logs
[2025-10-14T04:35:41.322+0000] {taskinstance.py:352} INFO - Marking task as SUCCESS. dag_id=elt-pipeline, task_id=cleanup, run_id=scheduled__2025-09-02T00:00:00+00:00, execution_date=20250902T000000, start_date=20251014T043541, end_date=20251014T043541
[2025-10-14T04:35:41.368+0000] {local_task_job_runner.py:266} INFO - Task exited with return code 0
[2025-10-14T04:35:41.397+0000] {taskinstance.py:3895} INFO - 0 downstream tasks scheduled from follow-on schedule check
[2025-10-14T04:35:41.400+0000] {local_task_job_runner.py:245} INFO - ::endgroup::
