[2025-10-14T04:38:01.938+0000] {local_task_job_runner.py:123} INFO - ::group::Pre task execution logs
[2025-10-14T04:38:01.960+0000] {taskinstance.py:2613} INFO - Dependencies all met for dep_context=non-requeueable deps ti=<TaskInstance: elt-pipeline.extract_load_group.extract_transaction_items scheduled__2025-09-08T00:00:00+00:00 [queued]>
[2025-10-14T04:38:01.969+0000] {taskinstance.py:2613} INFO - Dependencies all met for dep_context=requeueable deps ti=<TaskInstance: elt-pipeline.extract_load_group.extract_transaction_items scheduled__2025-09-08T00:00:00+00:00 [queued]>
[2025-10-14T04:38:01.970+0000] {taskinstance.py:2866} INFO - Starting attempt 1 of 1
[2025-10-14T04:38:01.986+0000] {taskinstance.py:2889} INFO - Executing <Task(PythonOperator): extract_load_group.extract_transaction_items> on 2025-09-08 00:00:00+00:00
[2025-10-14T04:38:01.994+0000] {warnings.py:112} WARNING - /home/***/.local/lib/python3.12/site-packages/***/task/task_runner/standard_task_runner.py:70: DeprecationWarning: This process (pid=1431) is multi-threaded, use of fork() may lead to deadlocks in the child.
  pid = os.fork()

[2025-10-14T04:38:01.996+0000] {standard_task_runner.py:72} INFO - Started process 1434 to run task
[2025-10-14T04:38:01.997+0000] {standard_task_runner.py:104} INFO - Running: ['***', 'tasks', 'run', 'elt-pipeline', 'extract_load_group.extract_transaction_items', 'scheduled__2025-09-08T00:00:00+00:00', '--job-id', '524', '--raw', '--subdir', 'DAGS_FOLDER/elt.py', '--cfg-path', '/tmp/tmplkartfno']
[2025-10-14T04:38:01.998+0000] {standard_task_runner.py:105} INFO - Job 524: Subtask extract_load_group.extract_transaction_items
[2025-10-14T04:38:02.064+0000] {task_command.py:467} INFO - Running <TaskInstance: elt-pipeline.extract_load_group.extract_transaction_items scheduled__2025-09-08T00:00:00+00:00 [running]> on host e348b991e0be
[2025-10-14T04:38:02.185+0000] {taskinstance.py:3132} INFO - Exporting env vars: AIRFLOW_CTX_DAG_OWNER='***' AIRFLOW_CTX_DAG_ID='elt-pipeline' AIRFLOW_CTX_TASK_ID='extract_load_group.extract_transaction_items' AIRFLOW_CTX_EXECUTION_DATE='2025-09-08T00:00:00+00:00' AIRFLOW_CTX_TRY_NUMBER='1' AIRFLOW_CTX_DAG_RUN_ID='scheduled__2025-09-08T00:00:00+00:00'
[2025-10-14T04:38:02.187+0000] {taskinstance.py:731} INFO - ::endgroup::
[2025-10-14T04:38:02.358+0000] {extract.py:22} INFO - Data written to transaction_items.csv
[2025-10-14T04:38:02.359+0000] {python.py:240} INFO - Done. Returned value was: None
[2025-10-14T04:38:02.376+0000] {taskinstance.py:340} INFO - ::group::Post task execution logs
[2025-10-14T04:38:02.377+0000] {taskinstance.py:352} INFO - Marking task as SUCCESS. dag_id=elt-pipeline, task_id=extract_load_group.extract_transaction_items, run_id=scheduled__2025-09-08T00:00:00+00:00, execution_date=20250908T000000, start_date=20251014T043801, end_date=20251014T043802
[2025-10-14T04:38:02.413+0000] {local_task_job_runner.py:266} INFO - Task exited with return code 0
[2025-10-14T04:38:02.465+0000] {taskinstance.py:3895} INFO - 1 downstream tasks scheduled from follow-on schedule check
[2025-10-14T04:38:02.468+0000] {local_task_job_runner.py:245} INFO - ::endgroup::
