[2025-10-14T04:42:28.102+0000] {local_task_job_runner.py:123} INFO - ::group::Pre task execution logs
[2025-10-14T04:42:28.125+0000] {taskinstance.py:2613} INFO - Dependencies all met for dep_context=non-requeueable deps ti=<TaskInstance: elt-pipeline.extract_load_group.extract_transaction_items scheduled__2025-09-15T00:00:00+00:00 [queued]>
[2025-10-14T04:42:28.136+0000] {taskinstance.py:2613} INFO - Dependencies all met for dep_context=requeueable deps ti=<TaskInstance: elt-pipeline.extract_load_group.extract_transaction_items scheduled__2025-09-15T00:00:00+00:00 [queued]>
[2025-10-14T04:42:28.137+0000] {taskinstance.py:2866} INFO - Starting attempt 1 of 1
[2025-10-14T04:42:28.154+0000] {taskinstance.py:2889} INFO - Executing <Task(PythonOperator): extract_load_group.extract_transaction_items> on 2025-09-15 00:00:00+00:00
[2025-10-14T04:42:28.162+0000] {warnings.py:112} WARNING - /home/***/.local/lib/python3.12/site-packages/***/task/task_runner/standard_task_runner.py:70: DeprecationWarning: This process (pid=1788) is multi-threaded, use of fork() may lead to deadlocks in the child.
  pid = os.fork()

[2025-10-14T04:42:28.164+0000] {standard_task_runner.py:72} INFO - Started process 1792 to run task
[2025-10-14T04:42:28.165+0000] {standard_task_runner.py:104} INFO - Running: ['***', 'tasks', 'run', 'elt-pipeline', 'extract_load_group.extract_transaction_items', 'scheduled__2025-09-15T00:00:00+00:00', '--job-id', '607', '--raw', '--subdir', 'DAGS_FOLDER/elt.py', '--cfg-path', '/tmp/tmpvfg8u6kt']
[2025-10-14T04:42:28.166+0000] {standard_task_runner.py:105} INFO - Job 607: Subtask extract_load_group.extract_transaction_items
[2025-10-14T04:42:28.233+0000] {task_command.py:467} INFO - Running <TaskInstance: elt-pipeline.extract_load_group.extract_transaction_items scheduled__2025-09-15T00:00:00+00:00 [running]> on host e348b991e0be
[2025-10-14T04:42:28.344+0000] {taskinstance.py:3132} INFO - Exporting env vars: AIRFLOW_CTX_DAG_OWNER='***' AIRFLOW_CTX_DAG_ID='elt-pipeline' AIRFLOW_CTX_TASK_ID='extract_load_group.extract_transaction_items' AIRFLOW_CTX_EXECUTION_DATE='2025-09-15T00:00:00+00:00' AIRFLOW_CTX_TRY_NUMBER='1' AIRFLOW_CTX_DAG_RUN_ID='scheduled__2025-09-15T00:00:00+00:00'
[2025-10-14T04:42:28.345+0000] {taskinstance.py:731} INFO - ::endgroup::
[2025-10-14T04:42:28.508+0000] {extract.py:22} INFO - Data written to transaction_items.csv
[2025-10-14T04:42:28.509+0000] {python.py:240} INFO - Done. Returned value was: None
[2025-10-14T04:42:28.527+0000] {taskinstance.py:340} INFO - ::group::Post task execution logs
[2025-10-14T04:42:28.528+0000] {taskinstance.py:352} INFO - Marking task as SUCCESS. dag_id=elt-pipeline, task_id=extract_load_group.extract_transaction_items, run_id=scheduled__2025-09-15T00:00:00+00:00, execution_date=20250915T000000, start_date=20251014T044228, end_date=20251014T044228
[2025-10-14T04:42:28.581+0000] {local_task_job_runner.py:266} INFO - Task exited with return code 0
[2025-10-14T04:42:28.622+0000] {taskinstance.py:3895} INFO - 1 downstream tasks scheduled from follow-on schedule check
[2025-10-14T04:42:28.625+0000] {local_task_job_runner.py:245} INFO - ::endgroup::
