[2025-10-13T08:42:01.205+0000] {local_task_job_runner.py:123} INFO - ::group::Pre task execution logs
[2025-10-13T08:42:01.235+0000] {taskinstance.py:2613} INFO - Dependencies all met for dep_context=non-requeueable deps ti=<TaskInstance: elt-pipeline.extract_load_group.extract_marketing_campaigns manual__2025-10-13T08:41:42.376320+00:00 [queued]>
[2025-10-13T08:42:01.247+0000] {taskinstance.py:2613} INFO - Dependencies all met for dep_context=requeueable deps ti=<TaskInstance: elt-pipeline.extract_load_group.extract_marketing_campaigns manual__2025-10-13T08:41:42.376320+00:00 [queued]>
[2025-10-13T08:42:01.248+0000] {taskinstance.py:2866} INFO - Starting attempt 1 of 1
[2025-10-13T08:42:01.265+0000] {taskinstance.py:2889} INFO - Executing <Task(PythonOperator): extract_load_group.extract_marketing_campaigns> on 2025-10-13 08:41:42.376320+00:00
[2025-10-13T08:42:01.274+0000] {warnings.py:112} WARNING - /home/***/.local/lib/python3.12/site-packages/***/task/task_runner/standard_task_runner.py:70: DeprecationWarning: This process (pid=379) is multi-threaded, use of fork() may lead to deadlocks in the child.
  pid = os.fork()

[2025-10-13T08:42:01.276+0000] {standard_task_runner.py:72} INFO - Started process 385 to run task
[2025-10-13T08:42:01.277+0000] {standard_task_runner.py:104} INFO - Running: ['***', 'tasks', 'run', 'elt-pipeline', 'extract_load_group.extract_marketing_campaigns', 'manual__2025-10-13T08:41:42.376320+00:00', '--job-id', '55', '--raw', '--subdir', 'DAGS_FOLDER/elt.py', '--cfg-path', '/tmp/tmpox_0eexe']
[2025-10-13T08:42:01.279+0000] {standard_task_runner.py:105} INFO - Job 55: Subtask extract_load_group.extract_marketing_campaigns
[2025-10-13T08:42:01.348+0000] {task_command.py:467} INFO - Running <TaskInstance: elt-pipeline.extract_load_group.extract_marketing_campaigns manual__2025-10-13T08:41:42.376320+00:00 [running]> on host 84d5a327cf64
[2025-10-13T08:42:01.463+0000] {taskinstance.py:3132} INFO - Exporting env vars: AIRFLOW_CTX_DAG_OWNER='***' AIRFLOW_CTX_DAG_ID='elt-pipeline' AIRFLOW_CTX_TASK_ID='extract_load_group.extract_marketing_campaigns' AIRFLOW_CTX_EXECUTION_DATE='2025-10-13T08:41:42.376320+00:00' AIRFLOW_CTX_TRY_NUMBER='1' AIRFLOW_CTX_DAG_RUN_ID='manual__2025-10-13T08:41:42.376320+00:00'
[2025-10-13T08:42:01.465+0000] {taskinstance.py:731} INFO - ::endgroup::
[2025-10-13T08:42:01.654+0000] {extract.py:22} INFO - Data written to marketing_campaigns.csv
[2025-10-13T08:42:01.655+0000] {python.py:240} INFO - Done. Returned value was: None
[2025-10-13T08:42:01.682+0000] {taskinstance.py:340} INFO - ::group::Post task execution logs
[2025-10-13T08:42:01.683+0000] {taskinstance.py:352} INFO - Marking task as SUCCESS. dag_id=elt-pipeline, task_id=extract_load_group.extract_marketing_campaigns, run_id=manual__2025-10-13T08:41:42.376320+00:00, execution_date=20251013T084142, start_date=20251013T084201, end_date=20251013T084201
[2025-10-13T08:42:01.733+0000] {local_task_job_runner.py:266} INFO - Task exited with return code 0
[2025-10-13T08:42:01.776+0000] {taskinstance.py:3895} INFO - 1 downstream tasks scheduled from follow-on schedule check
[2025-10-13T08:42:01.778+0000] {local_task_job_runner.py:245} INFO - ::endgroup::
