[2025-10-14T04:40:30.469+0000] {local_task_job_runner.py:123} INFO - ::group::Pre task execution logs
[2025-10-14T04:40:30.494+0000] {taskinstance.py:2613} INFO - Dependencies all met for dep_context=non-requeueable deps ti=<TaskInstance: elt-pipeline.extract_load_group.load_transactions scheduled__2025-09-12T00:00:00+00:00 [queued]>
[2025-10-14T04:40:30.504+0000] {taskinstance.py:2613} INFO - Dependencies all met for dep_context=requeueable deps ti=<TaskInstance: elt-pipeline.extract_load_group.load_transactions scheduled__2025-09-12T00:00:00+00:00 [queued]>
[2025-10-14T04:40:30.505+0000] {taskinstance.py:2866} INFO - Starting attempt 1 of 1
[2025-10-14T04:40:30.526+0000] {taskinstance.py:2889} INFO - Executing <Task(PythonOperator): extract_load_group.load_transactions> on 2025-09-12 00:00:00+00:00
[2025-10-14T04:40:30.535+0000] {warnings.py:112} WARNING - /home/***/.local/lib/python3.12/site-packages/***/task/task_runner/standard_task_runner.py:70: DeprecationWarning: This process (pid=1642) is multi-threaded, use of fork() may lead to deadlocks in the child.
  pid = os.fork()

[2025-10-14T04:40:30.537+0000] {standard_task_runner.py:72} INFO - Started process 1649 to run task
[2025-10-14T04:40:30.537+0000] {standard_task_runner.py:104} INFO - Running: ['***', 'tasks', 'run', 'elt-pipeline', 'extract_load_group.load_transactions', 'scheduled__2025-09-12T00:00:00+00:00', '--job-id', '576', '--raw', '--subdir', 'DAGS_FOLDER/elt.py', '--cfg-path', '/tmp/tmp2tc52u70']
[2025-10-14T04:40:30.538+0000] {standard_task_runner.py:105} INFO - Job 576: Subtask extract_load_group.load_transactions
[2025-10-14T04:40:30.603+0000] {task_command.py:467} INFO - Running <TaskInstance: elt-pipeline.extract_load_group.load_transactions scheduled__2025-09-12T00:00:00+00:00 [running]> on host e348b991e0be
[2025-10-14T04:40:30.730+0000] {taskinstance.py:3132} INFO - Exporting env vars: AIRFLOW_CTX_DAG_OWNER='***' AIRFLOW_CTX_DAG_ID='elt-pipeline' AIRFLOW_CTX_TASK_ID='extract_load_group.load_transactions' AIRFLOW_CTX_EXECUTION_DATE='2025-09-12T00:00:00+00:00' AIRFLOW_CTX_TRY_NUMBER='1' AIRFLOW_CTX_DAG_RUN_ID='scheduled__2025-09-12T00:00:00+00:00'
[2025-10-14T04:40:30.732+0000] {taskinstance.py:731} INFO - ::endgroup::
[2025-10-14T04:40:40.044+0000] {load.py:30} INFO - Loaded 20 rows and 4 columns to gcpl-469311.datalabs_techtest.stg_transactions
[2025-10-14T04:40:40.045+0000] {python.py:240} INFO - Done. Returned value was: None
[2025-10-14T04:40:40.056+0000] {taskinstance.py:340} INFO - ::group::Post task execution logs
[2025-10-14T04:40:40.057+0000] {taskinstance.py:352} INFO - Marking task as SUCCESS. dag_id=elt-pipeline, task_id=extract_load_group.load_transactions, run_id=scheduled__2025-09-12T00:00:00+00:00, execution_date=20250912T000000, start_date=20251014T044030, end_date=20251014T044040
[2025-10-14T04:40:40.110+0000] {local_task_job_runner.py:266} INFO - Task exited with return code 0
[2025-10-14T04:40:40.136+0000] {taskinstance.py:3895} INFO - 0 downstream tasks scheduled from follow-on schedule check
[2025-10-14T04:40:40.138+0000] {local_task_job_runner.py:245} INFO - ::endgroup::
