[2025-10-13T08:41:45.017+0000] {local_task_job_runner.py:123} INFO - ::group::Pre task execution logs
[2025-10-13T08:41:45.042+0000] {taskinstance.py:2613} INFO - Dependencies all met for dep_context=non-requeueable deps ti=<TaskInstance: elt-pipeline.extract_load_group.load_transaction_items scheduled__2025-09-04T00:00:00+00:00 [queued]>
[2025-10-13T08:41:45.053+0000] {taskinstance.py:2613} INFO - Dependencies all met for dep_context=requeueable deps ti=<TaskInstance: elt-pipeline.extract_load_group.load_transaction_items scheduled__2025-09-04T00:00:00+00:00 [queued]>
[2025-10-13T08:41:45.054+0000] {taskinstance.py:2866} INFO - Starting attempt 1 of 1
[2025-10-13T08:41:45.072+0000] {taskinstance.py:2889} INFO - Executing <Task(PythonOperator): extract_load_group.load_transaction_items> on 2025-09-04 00:00:00+00:00
[2025-10-13T08:41:45.080+0000] {warnings.py:112} WARNING - /home/***/.local/lib/python3.12/site-packages/***/task/task_runner/standard_task_runner.py:70: DeprecationWarning: This process (pid=356) is multi-threaded, use of fork() may lead to deadlocks in the child.
  pid = os.fork()

[2025-10-13T08:41:45.084+0000] {standard_task_runner.py:72} INFO - Started process 357 to run task
[2025-10-13T08:41:45.083+0000] {standard_task_runner.py:104} INFO - Running: ['***', 'tasks', 'run', 'elt-pipeline', 'extract_load_group.load_transaction_items', 'scheduled__2025-09-04T00:00:00+00:00', '--job-id', '49', '--raw', '--subdir', 'DAGS_FOLDER/elt.py', '--cfg-path', '/tmp/tmpwgry0sa3']
[2025-10-13T08:41:45.085+0000] {standard_task_runner.py:105} INFO - Job 49: Subtask extract_load_group.load_transaction_items
[2025-10-13T08:41:45.154+0000] {task_command.py:467} INFO - Running <TaskInstance: elt-pipeline.extract_load_group.load_transaction_items scheduled__2025-09-04T00:00:00+00:00 [running]> on host 84d5a327cf64
[2025-10-13T08:41:45.253+0000] {taskinstance.py:3132} INFO - Exporting env vars: AIRFLOW_CTX_DAG_OWNER='***' AIRFLOW_CTX_DAG_ID='elt-pipeline' AIRFLOW_CTX_TASK_ID='extract_load_group.load_transaction_items' AIRFLOW_CTX_EXECUTION_DATE='2025-09-04T00:00:00+00:00' AIRFLOW_CTX_TRY_NUMBER='1' AIRFLOW_CTX_DAG_RUN_ID='scheduled__2025-09-04T00:00:00+00:00'
[2025-10-13T08:41:45.255+0000] {taskinstance.py:731} INFO - ::endgroup::
[2025-10-13T08:41:56.485+0000] {load.py:30} INFO - Loaded 2000 rows and 5 columns to gcpl-469311.datalabs_techtest.stg_transaction_items
[2025-10-13T08:41:56.485+0000] {python.py:240} INFO - Done. Returned value was: None
[2025-10-13T08:41:56.498+0000] {taskinstance.py:340} INFO - ::group::Post task execution logs
[2025-10-13T08:41:56.499+0000] {taskinstance.py:352} INFO - Marking task as SUCCESS. dag_id=elt-pipeline, task_id=extract_load_group.load_transaction_items, run_id=scheduled__2025-09-04T00:00:00+00:00, execution_date=20250904T000000, start_date=20251013T084145, end_date=20251013T084156
[2025-10-13T08:41:56.556+0000] {local_task_job_runner.py:266} INFO - Task exited with return code 0
[2025-10-13T08:41:56.588+0000] {taskinstance.py:3895} INFO - 0 downstream tasks scheduled from follow-on schedule check
[2025-10-13T08:41:56.591+0000] {local_task_job_runner.py:245} INFO - ::endgroup::
[2025-10-13T09:21:30.816+0000] {local_task_job_runner.py:123} INFO - ::group::Pre task execution logs
[2025-10-13T09:21:30.838+0000] {taskinstance.py:2613} INFO - Dependencies all met for dep_context=non-requeueable deps ti=<TaskInstance: elt-pipeline.extract_load_group.load_transaction_items scheduled__2025-09-04T00:00:00+00:00 [queued]>
[2025-10-13T09:21:30.846+0000] {taskinstance.py:2613} INFO - Dependencies all met for dep_context=requeueable deps ti=<TaskInstance: elt-pipeline.extract_load_group.load_transaction_items scheduled__2025-09-04T00:00:00+00:00 [queued]>
[2025-10-13T09:21:30.847+0000] {taskinstance.py:2866} INFO - Starting attempt 1 of 1
[2025-10-13T09:21:30.865+0000] {taskinstance.py:2889} INFO - Executing <Task(PythonOperator): extract_load_group.load_transaction_items> on 2025-09-04 00:00:00+00:00
[2025-10-13T09:21:30.874+0000] {warnings.py:112} WARNING - /home/***/.local/lib/python3.12/site-packages/***/task/task_runner/standard_task_runner.py:70: DeprecationWarning: This process (pid=1415) is multi-threaded, use of fork() may lead to deadlocks in the child.
  pid = os.fork()

[2025-10-13T09:21:30.876+0000] {standard_task_runner.py:72} INFO - Started process 1425 to run task
[2025-10-13T09:21:30.876+0000] {standard_task_runner.py:104} INFO - Running: ['***', 'tasks', 'run', 'elt-pipeline', 'extract_load_group.load_transaction_items', 'scheduled__2025-09-04T00:00:00+00:00', '--job-id', '205', '--raw', '--subdir', 'DAGS_FOLDER/elt.py', '--cfg-path', '/tmp/tmp35__6tj0']
[2025-10-13T09:21:30.878+0000] {standard_task_runner.py:105} INFO - Job 205: Subtask extract_load_group.load_transaction_items
[2025-10-13T09:21:30.933+0000] {task_command.py:467} INFO - Running <TaskInstance: elt-pipeline.extract_load_group.load_transaction_items scheduled__2025-09-04T00:00:00+00:00 [running]> on host 84d5a327cf64
[2025-10-13T09:21:31.024+0000] {taskinstance.py:3132} INFO - Exporting env vars: AIRFLOW_CTX_DAG_OWNER='***' AIRFLOW_CTX_DAG_ID='elt-pipeline' AIRFLOW_CTX_TASK_ID='extract_load_group.load_transaction_items' AIRFLOW_CTX_EXECUTION_DATE='2025-09-04T00:00:00+00:00' AIRFLOW_CTX_TRY_NUMBER='1' AIRFLOW_CTX_DAG_RUN_ID='scheduled__2025-09-04T00:00:00+00:00'
[2025-10-13T09:21:31.025+0000] {taskinstance.py:731} INFO - ::endgroup::
[2025-10-13T09:21:40.824+0000] {load.py:30} INFO - Loaded 2000 rows and 5 columns to gcpl-469311.datalabs_techtest.stg_transaction_items
[2025-10-13T09:21:40.824+0000] {python.py:240} INFO - Done. Returned value was: None
[2025-10-13T09:21:40.836+0000] {taskinstance.py:340} INFO - ::group::Post task execution logs
[2025-10-13T09:21:40.837+0000] {taskinstance.py:352} INFO - Marking task as SUCCESS. dag_id=elt-pipeline, task_id=extract_load_group.load_transaction_items, run_id=scheduled__2025-09-04T00:00:00+00:00, execution_date=20250904T000000, start_date=20251013T092130, end_date=20251013T092140
[2025-10-13T09:21:40.890+0000] {local_task_job_runner.py:266} INFO - Task exited with return code 0
[2025-10-13T09:21:40.915+0000] {taskinstance.py:3895} INFO - 0 downstream tasks scheduled from follow-on schedule check
[2025-10-13T09:21:40.918+0000] {local_task_job_runner.py:245} INFO - ::endgroup::
[2025-10-14T04:21:27.414+0000] {local_task_job_runner.py:123} INFO - ::group::Pre task execution logs
[2025-10-14T04:21:27.440+0000] {taskinstance.py:2613} INFO - Dependencies all met for dep_context=non-requeueable deps ti=<TaskInstance: elt-pipeline.extract_load_group.load_transaction_items scheduled__2025-09-04T00:00:00+00:00 [queued]>
[2025-10-14T04:21:27.452+0000] {taskinstance.py:2613} INFO - Dependencies all met for dep_context=requeueable deps ti=<TaskInstance: elt-pipeline.extract_load_group.load_transaction_items scheduled__2025-09-04T00:00:00+00:00 [queued]>
[2025-10-14T04:21:27.453+0000] {taskinstance.py:2866} INFO - Starting attempt 1 of 1
[2025-10-14T04:21:27.473+0000] {taskinstance.py:2889} INFO - Executing <Task(PythonOperator): extract_load_group.load_transaction_items> on 2025-09-04 00:00:00+00:00
[2025-10-14T04:21:27.484+0000] {warnings.py:112} WARNING - /home/***/.local/lib/python3.12/site-packages/***/task/task_runner/standard_task_runner.py:70: DeprecationWarning: This process (pid=410) is multi-threaded, use of fork() may lead to deadlocks in the child.
  pid = os.fork()

[2025-10-14T04:21:27.486+0000] {standard_task_runner.py:72} INFO - Started process 419 to run task
[2025-10-14T04:21:27.487+0000] {standard_task_runner.py:104} INFO - Running: ['***', 'tasks', 'run', 'elt-pipeline', 'extract_load_group.load_transaction_items', 'scheduled__2025-09-04T00:00:00+00:00', '--job-id', '302', '--raw', '--subdir', 'DAGS_FOLDER/elt.py', '--cfg-path', '/tmp/tmpn6ng0my3']
[2025-10-14T04:21:27.489+0000] {standard_task_runner.py:105} INFO - Job 302: Subtask extract_load_group.load_transaction_items
[2025-10-14T04:21:27.557+0000] {task_command.py:467} INFO - Running <TaskInstance: elt-pipeline.extract_load_group.load_transaction_items scheduled__2025-09-04T00:00:00+00:00 [running]> on host e348b991e0be
[2025-10-14T04:21:27.663+0000] {taskinstance.py:3132} INFO - Exporting env vars: AIRFLOW_CTX_DAG_OWNER='***' AIRFLOW_CTX_DAG_ID='elt-pipeline' AIRFLOW_CTX_TASK_ID='extract_load_group.load_transaction_items' AIRFLOW_CTX_EXECUTION_DATE='2025-09-04T00:00:00+00:00' AIRFLOW_CTX_TRY_NUMBER='1' AIRFLOW_CTX_DAG_RUN_ID='scheduled__2025-09-04T00:00:00+00:00'
[2025-10-14T04:21:27.665+0000] {taskinstance.py:731} INFO - ::endgroup::
[2025-10-14T04:21:32.232+0000] {load.py:30} INFO - Loaded 2000 rows and 5 columns to gcpl-469311.datalabs_techtest.stg_transaction_items
[2025-10-14T04:21:32.233+0000] {python.py:240} INFO - Done. Returned value was: None
[2025-10-14T04:21:32.247+0000] {taskinstance.py:340} INFO - ::group::Post task execution logs
[2025-10-14T04:21:32.247+0000] {taskinstance.py:352} INFO - Marking task as SUCCESS. dag_id=elt-pipeline, task_id=extract_load_group.load_transaction_items, run_id=scheduled__2025-09-04T00:00:00+00:00, execution_date=20250904T000000, start_date=20251014T042127, end_date=20251014T042132
[2025-10-14T04:21:32.285+0000] {local_task_job_runner.py:266} INFO - Task exited with return code 0
[2025-10-14T04:21:32.309+0000] {taskinstance.py:3895} INFO - 0 downstream tasks scheduled from follow-on schedule check
[2025-10-14T04:21:32.311+0000] {local_task_job_runner.py:245} INFO - ::endgroup::
[2025-10-14T04:29:28.575+0000] {local_task_job_runner.py:123} INFO - ::group::Pre task execution logs
[2025-10-14T04:29:28.612+0000] {taskinstance.py:2613} INFO - Dependencies all met for dep_context=non-requeueable deps ti=<TaskInstance: elt-pipeline.extract_load_group.load_transaction_items scheduled__2025-09-04T00:00:00+00:00 [queued]>
[2025-10-14T04:29:28.635+0000] {taskinstance.py:2613} INFO - Dependencies all met for dep_context=requeueable deps ti=<TaskInstance: elt-pipeline.extract_load_group.load_transaction_items scheduled__2025-09-04T00:00:00+00:00 [queued]>
[2025-10-14T04:29:28.636+0000] {taskinstance.py:2866} INFO - Starting attempt 1 of 1
[2025-10-14T04:29:28.654+0000] {taskinstance.py:2889} INFO - Executing <Task(PythonOperator): extract_load_group.load_transaction_items> on 2025-09-04 00:00:00+00:00
[2025-10-14T04:29:28.664+0000] {warnings.py:112} WARNING - /home/***/.local/lib/python3.12/site-packages/***/task/task_runner/standard_task_runner.py:70: DeprecationWarning: This process (pid=903) is multi-threaded, use of fork() may lead to deadlocks in the child.
  pid = os.fork()

[2025-10-14T04:29:28.666+0000] {standard_task_runner.py:72} INFO - Started process 909 to run task
[2025-10-14T04:29:28.666+0000] {standard_task_runner.py:104} INFO - Running: ['***', 'tasks', 'run', 'elt-pipeline', 'extract_load_group.load_transaction_items', 'scheduled__2025-09-04T00:00:00+00:00', '--job-id', '409', '--raw', '--subdir', 'DAGS_FOLDER/elt.py', '--cfg-path', '/tmp/tmpri5it1lc']
[2025-10-14T04:29:28.668+0000] {standard_task_runner.py:105} INFO - Job 409: Subtask extract_load_group.load_transaction_items
[2025-10-14T04:29:28.775+0000] {task_command.py:467} INFO - Running <TaskInstance: elt-pipeline.extract_load_group.load_transaction_items scheduled__2025-09-04T00:00:00+00:00 [running]> on host e348b991e0be
[2025-10-14T04:29:28.928+0000] {taskinstance.py:3132} INFO - Exporting env vars: AIRFLOW_CTX_DAG_OWNER='***' AIRFLOW_CTX_DAG_ID='elt-pipeline' AIRFLOW_CTX_TASK_ID='extract_load_group.load_transaction_items' AIRFLOW_CTX_EXECUTION_DATE='2025-09-04T00:00:00+00:00' AIRFLOW_CTX_TRY_NUMBER='1' AIRFLOW_CTX_DAG_RUN_ID='scheduled__2025-09-04T00:00:00+00:00'
[2025-10-14T04:29:28.929+0000] {taskinstance.py:731} INFO - ::endgroup::
[2025-10-14T04:29:33.288+0000] {load.py:30} INFO - Loaded 2000 rows and 5 columns to gcpl-469311.datalabs_techtest.stg_transaction_items
[2025-10-14T04:29:33.289+0000] {python.py:240} INFO - Done. Returned value was: None
[2025-10-14T04:29:33.300+0000] {taskinstance.py:340} INFO - ::group::Post task execution logs
[2025-10-14T04:29:33.301+0000] {taskinstance.py:352} INFO - Marking task as SUCCESS. dag_id=elt-pipeline, task_id=extract_load_group.load_transaction_items, run_id=scheduled__2025-09-04T00:00:00+00:00, execution_date=20250904T000000, start_date=20251014T042928, end_date=20251014T042933
[2025-10-14T04:29:33.340+0000] {local_task_job_runner.py:266} INFO - Task exited with return code 0
[2025-10-14T04:29:33.364+0000] {taskinstance.py:3895} INFO - 0 downstream tasks scheduled from follow-on schedule check
[2025-10-14T04:29:33.366+0000] {local_task_job_runner.py:245} INFO - ::endgroup::
[2025-10-14T04:36:24.499+0000] {local_task_job_runner.py:123} INFO - ::group::Pre task execution logs
[2025-10-14T04:36:24.524+0000] {taskinstance.py:2613} INFO - Dependencies all met for dep_context=non-requeueable deps ti=<TaskInstance: elt-pipeline.extract_load_group.load_transaction_items scheduled__2025-09-04T00:00:00+00:00 [queued]>
[2025-10-14T04:36:24.534+0000] {taskinstance.py:2613} INFO - Dependencies all met for dep_context=requeueable deps ti=<TaskInstance: elt-pipeline.extract_load_group.load_transaction_items scheduled__2025-09-04T00:00:00+00:00 [queued]>
[2025-10-14T04:36:24.535+0000] {taskinstance.py:2866} INFO - Starting attempt 1 of 1
[2025-10-14T04:36:24.553+0000] {taskinstance.py:2889} INFO - Executing <Task(PythonOperator): extract_load_group.load_transaction_items> on 2025-09-04 00:00:00+00:00
[2025-10-14T04:36:24.560+0000] {warnings.py:112} WARNING - /home/***/.local/lib/python3.12/site-packages/***/task/task_runner/standard_task_runner.py:70: DeprecationWarning: This process (pid=1253) is multi-threaded, use of fork() may lead to deadlocks in the child.
  pid = os.fork()

[2025-10-14T04:36:24.562+0000] {standard_task_runner.py:72} INFO - Started process 1256 to run task
[2025-10-14T04:36:24.563+0000] {standard_task_runner.py:104} INFO - Running: ['***', 'tasks', 'run', 'elt-pipeline', 'extract_load_group.load_transaction_items', 'scheduled__2025-09-04T00:00:00+00:00', '--job-id', '481', '--raw', '--subdir', 'DAGS_FOLDER/elt.py', '--cfg-path', '/tmp/tmpux2q697k']
[2025-10-14T04:36:24.565+0000] {standard_task_runner.py:105} INFO - Job 481: Subtask extract_load_group.load_transaction_items
[2025-10-14T04:36:24.629+0000] {task_command.py:467} INFO - Running <TaskInstance: elt-pipeline.extract_load_group.load_transaction_items scheduled__2025-09-04T00:00:00+00:00 [running]> on host e348b991e0be
[2025-10-14T04:36:24.741+0000] {taskinstance.py:3132} INFO - Exporting env vars: AIRFLOW_CTX_DAG_OWNER='***' AIRFLOW_CTX_DAG_ID='elt-pipeline' AIRFLOW_CTX_TASK_ID='extract_load_group.load_transaction_items' AIRFLOW_CTX_EXECUTION_DATE='2025-09-04T00:00:00+00:00' AIRFLOW_CTX_TRY_NUMBER='1' AIRFLOW_CTX_DAG_RUN_ID='scheduled__2025-09-04T00:00:00+00:00'
[2025-10-14T04:36:24.742+0000] {taskinstance.py:731} INFO - ::endgroup::
[2025-10-14T04:36:29.914+0000] {load.py:30} INFO - Loaded 2000 rows and 5 columns to gcpl-469311.datalabs_techtest.stg_transaction_items
[2025-10-14T04:36:29.915+0000] {python.py:240} INFO - Done. Returned value was: None
[2025-10-14T04:36:29.929+0000] {taskinstance.py:340} INFO - ::group::Post task execution logs
[2025-10-14T04:36:29.930+0000] {taskinstance.py:352} INFO - Marking task as SUCCESS. dag_id=elt-pipeline, task_id=extract_load_group.load_transaction_items, run_id=scheduled__2025-09-04T00:00:00+00:00, execution_date=20250904T000000, start_date=20251014T043624, end_date=20251014T043629
[2025-10-14T04:36:29.965+0000] {local_task_job_runner.py:266} INFO - Task exited with return code 0
[2025-10-14T04:36:29.989+0000] {taskinstance.py:3895} INFO - 1 downstream tasks scheduled from follow-on schedule check
[2025-10-14T04:36:29.991+0000] {local_task_job_runner.py:245} INFO - ::endgroup::
