[2025-10-13T08:41:43.783+0000] {local_task_job_runner.py:123} INFO - ::group::Pre task execution logs
[2025-10-13T08:41:43.806+0000] {taskinstance.py:2613} INFO - Dependencies all met for dep_context=non-requeueable deps ti=<TaskInstance: elt-pipeline.extract_load_group.extract_transactions scheduled__2025-09-04T00:00:00+00:00 [queued]>
[2025-10-13T08:41:43.816+0000] {taskinstance.py:2613} INFO - Dependencies all met for dep_context=requeueable deps ti=<TaskInstance: elt-pipeline.extract_load_group.extract_transactions scheduled__2025-09-04T00:00:00+00:00 [queued]>
[2025-10-13T08:41:43.816+0000] {taskinstance.py:2866} INFO - Starting attempt 1 of 1
[2025-10-13T08:41:43.830+0000] {taskinstance.py:2889} INFO - Executing <Task(PythonOperator): extract_load_group.extract_transactions> on 2025-09-04 00:00:00+00:00
[2025-10-13T08:41:43.838+0000] {warnings.py:112} WARNING - /home/***/.local/lib/python3.12/site-packages/***/task/task_runner/standard_task_runner.py:70: DeprecationWarning: This process (pid=337) is multi-threaded, use of fork() may lead to deadlocks in the child.
  pid = os.fork()

[2025-10-13T08:41:43.840+0000] {standard_task_runner.py:72} INFO - Started process 342 to run task
[2025-10-13T08:41:43.840+0000] {standard_task_runner.py:104} INFO - Running: ['***', 'tasks', 'run', 'elt-pipeline', 'extract_load_group.extract_transactions', 'scheduled__2025-09-04T00:00:00+00:00', '--job-id', '44', '--raw', '--subdir', 'DAGS_FOLDER/elt.py', '--cfg-path', '/tmp/tmpruenp78k']
[2025-10-13T08:41:43.841+0000] {standard_task_runner.py:105} INFO - Job 44: Subtask extract_load_group.extract_transactions
[2025-10-13T08:41:43.910+0000] {task_command.py:467} INFO - Running <TaskInstance: elt-pipeline.extract_load_group.extract_transactions scheduled__2025-09-04T00:00:00+00:00 [running]> on host 84d5a327cf64
[2025-10-13T08:41:44.012+0000] {taskinstance.py:3132} INFO - Exporting env vars: AIRFLOW_CTX_DAG_OWNER='***' AIRFLOW_CTX_DAG_ID='elt-pipeline' AIRFLOW_CTX_TASK_ID='extract_load_group.extract_transactions' AIRFLOW_CTX_EXECUTION_DATE='2025-09-04T00:00:00+00:00' AIRFLOW_CTX_TRY_NUMBER='1' AIRFLOW_CTX_DAG_RUN_ID='scheduled__2025-09-04T00:00:00+00:00'
[2025-10-13T08:41:44.013+0000] {taskinstance.py:731} INFO - ::endgroup::
[2025-10-13T08:41:44.169+0000] {extract.py:22} INFO - Data written to transactions.csv
[2025-10-13T08:41:44.170+0000] {python.py:240} INFO - Done. Returned value was: None
[2025-10-13T08:41:44.184+0000] {taskinstance.py:340} INFO - ::group::Post task execution logs
[2025-10-13T08:41:44.185+0000] {taskinstance.py:352} INFO - Marking task as SUCCESS. dag_id=elt-pipeline, task_id=extract_load_group.extract_transactions, run_id=scheduled__2025-09-04T00:00:00+00:00, execution_date=20250904T000000, start_date=20251013T084143, end_date=20251013T084144
[2025-10-13T08:41:44.215+0000] {local_task_job_runner.py:266} INFO - Task exited with return code 0
[2025-10-13T08:41:44.253+0000] {taskinstance.py:3895} INFO - 1 downstream tasks scheduled from follow-on schedule check
[2025-10-13T08:41:44.255+0000] {local_task_job_runner.py:245} INFO - ::endgroup::
[2025-10-13T09:21:29.722+0000] {local_task_job_runner.py:123} INFO - ::group::Pre task execution logs
[2025-10-13T09:21:29.743+0000] {taskinstance.py:2613} INFO - Dependencies all met for dep_context=non-requeueable deps ti=<TaskInstance: elt-pipeline.extract_load_group.extract_transactions scheduled__2025-09-04T00:00:00+00:00 [queued]>
[2025-10-13T09:21:29.753+0000] {taskinstance.py:2613} INFO - Dependencies all met for dep_context=requeueable deps ti=<TaskInstance: elt-pipeline.extract_load_group.extract_transactions scheduled__2025-09-04T00:00:00+00:00 [queued]>
[2025-10-13T09:21:29.753+0000] {taskinstance.py:2866} INFO - Starting attempt 1 of 1
[2025-10-13T09:21:29.769+0000] {taskinstance.py:2889} INFO - Executing <Task(PythonOperator): extract_load_group.extract_transactions> on 2025-09-04 00:00:00+00:00
[2025-10-13T09:21:29.776+0000] {warnings.py:112} WARNING - /home/***/.local/lib/python3.12/site-packages/***/task/task_runner/standard_task_runner.py:70: DeprecationWarning: This process (pid=1399) is multi-threaded, use of fork() may lead to deadlocks in the child.
  pid = os.fork()

[2025-10-13T09:21:29.779+0000] {standard_task_runner.py:72} INFO - Started process 1404 to run task
[2025-10-13T09:21:29.779+0000] {standard_task_runner.py:104} INFO - Running: ['***', 'tasks', 'run', 'elt-pipeline', 'extract_load_group.extract_transactions', 'scheduled__2025-09-04T00:00:00+00:00', '--job-id', '197', '--raw', '--subdir', 'DAGS_FOLDER/elt.py', '--cfg-path', '/tmp/tmpwnc_u8bu']
[2025-10-13T09:21:29.781+0000] {standard_task_runner.py:105} INFO - Job 197: Subtask extract_load_group.extract_transactions
[2025-10-13T09:21:29.842+0000] {task_command.py:467} INFO - Running <TaskInstance: elt-pipeline.extract_load_group.extract_transactions scheduled__2025-09-04T00:00:00+00:00 [running]> on host 84d5a327cf64
[2025-10-13T09:21:29.938+0000] {taskinstance.py:3132} INFO - Exporting env vars: AIRFLOW_CTX_DAG_OWNER='***' AIRFLOW_CTX_DAG_ID='elt-pipeline' AIRFLOW_CTX_TASK_ID='extract_load_group.extract_transactions' AIRFLOW_CTX_EXECUTION_DATE='2025-09-04T00:00:00+00:00' AIRFLOW_CTX_TRY_NUMBER='1' AIRFLOW_CTX_DAG_RUN_ID='scheduled__2025-09-04T00:00:00+00:00'
[2025-10-13T09:21:29.939+0000] {taskinstance.py:731} INFO - ::endgroup::
[2025-10-13T09:21:30.109+0000] {extract.py:22} INFO - Data written to transactions.csv
[2025-10-13T09:21:30.109+0000] {python.py:240} INFO - Done. Returned value was: None
[2025-10-13T09:21:30.125+0000] {taskinstance.py:340} INFO - ::group::Post task execution logs
[2025-10-13T09:21:30.126+0000] {taskinstance.py:352} INFO - Marking task as SUCCESS. dag_id=elt-pipeline, task_id=extract_load_group.extract_transactions, run_id=scheduled__2025-09-04T00:00:00+00:00, execution_date=20250904T000000, start_date=20251013T092129, end_date=20251013T092130
[2025-10-13T09:21:30.155+0000] {local_task_job_runner.py:266} INFO - Task exited with return code 0
[2025-10-13T09:21:30.195+0000] {taskinstance.py:3895} INFO - 1 downstream tasks scheduled from follow-on schedule check
[2025-10-13T09:21:30.198+0000] {local_task_job_runner.py:245} INFO - ::endgroup::
[2025-10-14T04:21:25.881+0000] {local_task_job_runner.py:123} INFO - ::group::Pre task execution logs
[2025-10-14T04:21:25.905+0000] {taskinstance.py:2613} INFO - Dependencies all met for dep_context=non-requeueable deps ti=<TaskInstance: elt-pipeline.extract_load_group.extract_transactions scheduled__2025-09-04T00:00:00+00:00 [queued]>
[2025-10-14T04:21:25.914+0000] {taskinstance.py:2613} INFO - Dependencies all met for dep_context=requeueable deps ti=<TaskInstance: elt-pipeline.extract_load_group.extract_transactions scheduled__2025-09-04T00:00:00+00:00 [queued]>
[2025-10-14T04:21:25.915+0000] {taskinstance.py:2866} INFO - Starting attempt 1 of 1
[2025-10-14T04:21:25.933+0000] {taskinstance.py:2889} INFO - Executing <Task(PythonOperator): extract_load_group.extract_transactions> on 2025-09-04 00:00:00+00:00
[2025-10-14T04:21:25.942+0000] {warnings.py:112} WARNING - /home/***/.local/lib/python3.12/site-packages/***/task/task_runner/standard_task_runner.py:70: DeprecationWarning: This process (pid=395) is multi-threaded, use of fork() may lead to deadlocks in the child.
  pid = os.fork()

[2025-10-14T04:21:25.944+0000] {standard_task_runner.py:72} INFO - Started process 406 to run task
[2025-10-14T04:21:25.944+0000] {standard_task_runner.py:104} INFO - Running: ['***', 'tasks', 'run', 'elt-pipeline', 'extract_load_group.extract_transactions', 'scheduled__2025-09-04T00:00:00+00:00', '--job-id', '298', '--raw', '--subdir', 'DAGS_FOLDER/elt.py', '--cfg-path', '/tmp/tmp9qjfn61u']
[2025-10-14T04:21:25.945+0000] {standard_task_runner.py:105} INFO - Job 298: Subtask extract_load_group.extract_transactions
[2025-10-14T04:21:26.010+0000] {task_command.py:467} INFO - Running <TaskInstance: elt-pipeline.extract_load_group.extract_transactions scheduled__2025-09-04T00:00:00+00:00 [running]> on host e348b991e0be
[2025-10-14T04:21:26.140+0000] {taskinstance.py:3132} INFO - Exporting env vars: AIRFLOW_CTX_DAG_OWNER='***' AIRFLOW_CTX_DAG_ID='elt-pipeline' AIRFLOW_CTX_TASK_ID='extract_load_group.extract_transactions' AIRFLOW_CTX_EXECUTION_DATE='2025-09-04T00:00:00+00:00' AIRFLOW_CTX_TRY_NUMBER='1' AIRFLOW_CTX_DAG_RUN_ID='scheduled__2025-09-04T00:00:00+00:00'
[2025-10-14T04:21:26.142+0000] {taskinstance.py:731} INFO - ::endgroup::
[2025-10-14T04:21:26.298+0000] {extract.py:22} INFO - Data written to transactions.csv
[2025-10-14T04:21:26.299+0000] {python.py:240} INFO - Done. Returned value was: None
[2025-10-14T04:21:26.314+0000] {taskinstance.py:340} INFO - ::group::Post task execution logs
[2025-10-14T04:21:26.315+0000] {taskinstance.py:352} INFO - Marking task as SUCCESS. dag_id=elt-pipeline, task_id=extract_load_group.extract_transactions, run_id=scheduled__2025-09-04T00:00:00+00:00, execution_date=20250904T000000, start_date=20251014T042125, end_date=20251014T042126
[2025-10-14T04:21:26.360+0000] {local_task_job_runner.py:266} INFO - Task exited with return code 0
[2025-10-14T04:21:26.371+0000] {local_task_job_runner.py:245} INFO - ::endgroup::
[2025-10-14T04:29:27.464+0000] {local_task_job_runner.py:123} INFO - ::group::Pre task execution logs
[2025-10-14T04:29:27.485+0000] {taskinstance.py:2613} INFO - Dependencies all met for dep_context=non-requeueable deps ti=<TaskInstance: elt-pipeline.extract_load_group.extract_transactions scheduled__2025-09-04T00:00:00+00:00 [queued]>
[2025-10-14T04:29:27.496+0000] {taskinstance.py:2613} INFO - Dependencies all met for dep_context=requeueable deps ti=<TaskInstance: elt-pipeline.extract_load_group.extract_transactions scheduled__2025-09-04T00:00:00+00:00 [queued]>
[2025-10-14T04:29:27.496+0000] {taskinstance.py:2866} INFO - Starting attempt 1 of 1
[2025-10-14T04:29:27.515+0000] {taskinstance.py:2889} INFO - Executing <Task(PythonOperator): extract_load_group.extract_transactions> on 2025-09-04 00:00:00+00:00
[2025-10-14T04:29:27.525+0000] {warnings.py:112} WARNING - /home/***/.local/lib/python3.12/site-packages/***/task/task_runner/standard_task_runner.py:70: DeprecationWarning: This process (pid=889) is multi-threaded, use of fork() may lead to deadlocks in the child.
  pid = os.fork()

[2025-10-14T04:29:27.527+0000] {standard_task_runner.py:72} INFO - Started process 898 to run task
[2025-10-14T04:29:27.526+0000] {standard_task_runner.py:104} INFO - Running: ['***', 'tasks', 'run', 'elt-pipeline', 'extract_load_group.extract_transactions', 'scheduled__2025-09-04T00:00:00+00:00', '--job-id', '406', '--raw', '--subdir', 'DAGS_FOLDER/elt.py', '--cfg-path', '/tmp/tmpzkwp46hp']
[2025-10-14T04:29:27.528+0000] {standard_task_runner.py:105} INFO - Job 406: Subtask extract_load_group.extract_transactions
[2025-10-14T04:29:27.591+0000] {task_command.py:467} INFO - Running <TaskInstance: elt-pipeline.extract_load_group.extract_transactions scheduled__2025-09-04T00:00:00+00:00 [running]> on host e348b991e0be
[2025-10-14T04:29:27.686+0000] {taskinstance.py:3132} INFO - Exporting env vars: AIRFLOW_CTX_DAG_OWNER='***' AIRFLOW_CTX_DAG_ID='elt-pipeline' AIRFLOW_CTX_TASK_ID='extract_load_group.extract_transactions' AIRFLOW_CTX_EXECUTION_DATE='2025-09-04T00:00:00+00:00' AIRFLOW_CTX_TRY_NUMBER='1' AIRFLOW_CTX_DAG_RUN_ID='scheduled__2025-09-04T00:00:00+00:00'
[2025-10-14T04:29:27.687+0000] {taskinstance.py:731} INFO - ::endgroup::
[2025-10-14T04:29:27.842+0000] {extract.py:22} INFO - Data written to transactions.csv
[2025-10-14T04:29:27.843+0000] {python.py:240} INFO - Done. Returned value was: None
[2025-10-14T04:29:27.858+0000] {taskinstance.py:340} INFO - ::group::Post task execution logs
[2025-10-14T04:29:27.859+0000] {taskinstance.py:352} INFO - Marking task as SUCCESS. dag_id=elt-pipeline, task_id=extract_load_group.extract_transactions, run_id=scheduled__2025-09-04T00:00:00+00:00, execution_date=20250904T000000, start_date=20251014T042927, end_date=20251014T042927
[2025-10-14T04:29:27.903+0000] {local_task_job_runner.py:266} INFO - Task exited with return code 0
[2025-10-14T04:29:27.951+0000] {taskinstance.py:3895} INFO - 1 downstream tasks scheduled from follow-on schedule check
[2025-10-14T04:29:27.953+0000] {local_task_job_runner.py:245} INFO - ::endgroup::
[2025-10-14T04:36:23.260+0000] {local_task_job_runner.py:123} INFO - ::group::Pre task execution logs
[2025-10-14T04:36:23.282+0000] {taskinstance.py:2613} INFO - Dependencies all met for dep_context=non-requeueable deps ti=<TaskInstance: elt-pipeline.extract_load_group.extract_transactions scheduled__2025-09-04T00:00:00+00:00 [queued]>
[2025-10-14T04:36:23.290+0000] {taskinstance.py:2613} INFO - Dependencies all met for dep_context=requeueable deps ti=<TaskInstance: elt-pipeline.extract_load_group.extract_transactions scheduled__2025-09-04T00:00:00+00:00 [queued]>
[2025-10-14T04:36:23.291+0000] {taskinstance.py:2866} INFO - Starting attempt 1 of 1
[2025-10-14T04:36:23.304+0000] {taskinstance.py:2889} INFO - Executing <Task(PythonOperator): extract_load_group.extract_transactions> on 2025-09-04 00:00:00+00:00
[2025-10-14T04:36:23.312+0000] {warnings.py:112} WARNING - /home/***/.local/lib/python3.12/site-packages/***/task/task_runner/standard_task_runner.py:70: DeprecationWarning: This process (pid=1236) is multi-threaded, use of fork() may lead to deadlocks in the child.
  pid = os.fork()

[2025-10-14T04:36:23.314+0000] {standard_task_runner.py:72} INFO - Started process 1243 to run task
[2025-10-14T04:36:23.314+0000] {standard_task_runner.py:104} INFO - Running: ['***', 'tasks', 'run', 'elt-pipeline', 'extract_load_group.extract_transactions', 'scheduled__2025-09-04T00:00:00+00:00', '--job-id', '474', '--raw', '--subdir', 'DAGS_FOLDER/elt.py', '--cfg-path', '/tmp/tmpvop04tk8']
[2025-10-14T04:36:23.316+0000] {standard_task_runner.py:105} INFO - Job 474: Subtask extract_load_group.extract_transactions
[2025-10-14T04:36:23.390+0000] {task_command.py:467} INFO - Running <TaskInstance: elt-pipeline.extract_load_group.extract_transactions scheduled__2025-09-04T00:00:00+00:00 [running]> on host e348b991e0be
[2025-10-14T04:36:23.490+0000] {taskinstance.py:3132} INFO - Exporting env vars: AIRFLOW_CTX_DAG_OWNER='***' AIRFLOW_CTX_DAG_ID='elt-pipeline' AIRFLOW_CTX_TASK_ID='extract_load_group.extract_transactions' AIRFLOW_CTX_EXECUTION_DATE='2025-09-04T00:00:00+00:00' AIRFLOW_CTX_TRY_NUMBER='1' AIRFLOW_CTX_DAG_RUN_ID='scheduled__2025-09-04T00:00:00+00:00'
[2025-10-14T04:36:23.491+0000] {taskinstance.py:731} INFO - ::endgroup::
[2025-10-14T04:36:23.654+0000] {extract.py:22} INFO - Data written to transactions.csv
[2025-10-14T04:36:23.655+0000] {python.py:240} INFO - Done. Returned value was: None
[2025-10-14T04:36:23.669+0000] {taskinstance.py:340} INFO - ::group::Post task execution logs
[2025-10-14T04:36:23.670+0000] {taskinstance.py:352} INFO - Marking task as SUCCESS. dag_id=elt-pipeline, task_id=extract_load_group.extract_transactions, run_id=scheduled__2025-09-04T00:00:00+00:00, execution_date=20250904T000000, start_date=20251014T043623, end_date=20251014T043623
[2025-10-14T04:36:23.731+0000] {local_task_job_runner.py:266} INFO - Task exited with return code 0
[2025-10-14T04:36:23.747+0000] {local_task_job_runner.py:245} INFO - ::endgroup::
