[2025-10-13T08:37:05.836+0000] {local_task_job_runner.py:123} INFO - ::group::Pre task execution logs
[2025-10-13T08:37:05.880+0000] {taskinstance.py:2613} INFO - Dependencies all met for dep_context=non-requeueable deps ti=<TaskInstance: elt-pipeline.extract_load_group.extract_marketing_campaigns scheduled__2025-09-02T00:00:00+00:00 [queued]>
[2025-10-13T08:37:05.898+0000] {taskinstance.py:2613} INFO - Dependencies all met for dep_context=requeueable deps ti=<TaskInstance: elt-pipeline.extract_load_group.extract_marketing_campaigns scheduled__2025-09-02T00:00:00+00:00 [queued]>
[2025-10-13T08:37:05.899+0000] {taskinstance.py:2866} INFO - Starting attempt 1 of 1
[2025-10-13T08:37:05.926+0000] {taskinstance.py:2889} INFO - Executing <Task(PythonOperator): extract_load_group.extract_marketing_campaigns> on 2025-09-02 00:00:00+00:00
[2025-10-13T08:37:05.939+0000] {warnings.py:112} WARNING - /home/***/.local/lib/python3.12/site-packages/***/task/task_runner/standard_task_runner.py:70: DeprecationWarning: This process (pid=214) is multi-threaded, use of fork() may lead to deadlocks in the child.
  pid = os.fork()

[2025-10-13T08:37:05.942+0000] {standard_task_runner.py:72} INFO - Started process 217 to run task
[2025-10-13T08:37:05.944+0000] {standard_task_runner.py:104} INFO - Running: ['***', 'tasks', 'run', 'elt-pipeline', 'extract_load_group.extract_marketing_campaigns', 'scheduled__2025-09-02T00:00:00+00:00', '--job-id', '24', '--raw', '--subdir', 'DAGS_FOLDER/elt.py', '--cfg-path', '/tmp/tmpxzspidy9']
[2025-10-13T08:37:05.947+0000] {standard_task_runner.py:105} INFO - Job 24: Subtask extract_load_group.extract_marketing_campaigns
[2025-10-13T08:37:06.035+0000] {task_command.py:467} INFO - Running <TaskInstance: elt-pipeline.extract_load_group.extract_marketing_campaigns scheduled__2025-09-02T00:00:00+00:00 [running]> on host 84d5a327cf64
[2025-10-13T08:37:06.170+0000] {taskinstance.py:3132} INFO - Exporting env vars: AIRFLOW_CTX_DAG_OWNER='***' AIRFLOW_CTX_DAG_ID='elt-pipeline' AIRFLOW_CTX_TASK_ID='extract_load_group.extract_marketing_campaigns' AIRFLOW_CTX_EXECUTION_DATE='2025-09-02T00:00:00+00:00' AIRFLOW_CTX_TRY_NUMBER='1' AIRFLOW_CTX_DAG_RUN_ID='scheduled__2025-09-02T00:00:00+00:00'
[2025-10-13T08:37:06.172+0000] {taskinstance.py:731} INFO - ::endgroup::
[2025-10-13T08:37:06.369+0000] {extract.py:22} INFO - Data written to marketing_campaigns.csv
[2025-10-13T08:37:06.370+0000] {python.py:240} INFO - Done. Returned value was: None
[2025-10-13T08:37:06.391+0000] {taskinstance.py:340} INFO - ::group::Post task execution logs
[2025-10-13T08:37:06.392+0000] {taskinstance.py:352} INFO - Marking task as SUCCESS. dag_id=elt-pipeline, task_id=extract_load_group.extract_marketing_campaigns, run_id=scheduled__2025-09-02T00:00:00+00:00, execution_date=20250902T000000, start_date=20251013T083705, end_date=20251013T083706
[2025-10-13T08:37:06.444+0000] {local_task_job_runner.py:266} INFO - Task exited with return code 0
[2025-10-13T08:37:06.458+0000] {local_task_job_runner.py:245} INFO - ::endgroup::
[2025-10-13T08:54:50.703+0000] {local_task_job_runner.py:123} INFO - ::group::Pre task execution logs
[2025-10-13T08:54:50.737+0000] {taskinstance.py:2613} INFO - Dependencies all met for dep_context=non-requeueable deps ti=<TaskInstance: elt-pipeline.extract_load_group.extract_marketing_campaigns scheduled__2025-09-02T00:00:00+00:00 [queued]>
[2025-10-13T08:54:50.749+0000] {taskinstance.py:2613} INFO - Dependencies all met for dep_context=requeueable deps ti=<TaskInstance: elt-pipeline.extract_load_group.extract_marketing_campaigns scheduled__2025-09-02T00:00:00+00:00 [queued]>
[2025-10-13T08:54:50.750+0000] {taskinstance.py:2866} INFO - Starting attempt 1 of 1
[2025-10-13T08:54:50.767+0000] {taskinstance.py:2889} INFO - Executing <Task(PythonOperator): extract_load_group.extract_marketing_campaigns> on 2025-09-02 00:00:00+00:00
[2025-10-13T08:54:50.779+0000] {warnings.py:112} WARNING - /home/***/.local/lib/python3.12/site-packages/***/task/task_runner/standard_task_runner.py:70: DeprecationWarning: This process (pid=760) is multi-threaded, use of fork() may lead to deadlocks in the child.
  pid = os.fork()

[2025-10-13T08:54:50.781+0000] {standard_task_runner.py:72} INFO - Started process 766 to run task
[2025-10-13T08:54:50.780+0000] {standard_task_runner.py:104} INFO - Running: ['***', 'tasks', 'run', 'elt-pipeline', 'extract_load_group.extract_marketing_campaigns', 'scheduled__2025-09-02T00:00:00+00:00', '--job-id', '117', '--raw', '--subdir', 'DAGS_FOLDER/elt.py', '--cfg-path', '/tmp/tmpihvxsoh9']
[2025-10-13T08:54:50.782+0000] {standard_task_runner.py:105} INFO - Job 117: Subtask extract_load_group.extract_marketing_campaigns
[2025-10-13T08:54:50.863+0000] {task_command.py:467} INFO - Running <TaskInstance: elt-pipeline.extract_load_group.extract_marketing_campaigns scheduled__2025-09-02T00:00:00+00:00 [running]> on host 84d5a327cf64
[2025-10-13T08:54:50.996+0000] {taskinstance.py:3132} INFO - Exporting env vars: AIRFLOW_CTX_DAG_OWNER='***' AIRFLOW_CTX_DAG_ID='elt-pipeline' AIRFLOW_CTX_TASK_ID='extract_load_group.extract_marketing_campaigns' AIRFLOW_CTX_EXECUTION_DATE='2025-09-02T00:00:00+00:00' AIRFLOW_CTX_TRY_NUMBER='1' AIRFLOW_CTX_DAG_RUN_ID='scheduled__2025-09-02T00:00:00+00:00'
[2025-10-13T08:54:50.997+0000] {taskinstance.py:731} INFO - ::endgroup::
[2025-10-13T08:54:51.197+0000] {extract.py:22} INFO - Data written to marketing_campaigns.csv
[2025-10-13T08:54:51.198+0000] {python.py:240} INFO - Done. Returned value was: None
[2025-10-13T08:54:51.217+0000] {taskinstance.py:340} INFO - ::group::Post task execution logs
[2025-10-13T08:54:51.218+0000] {taskinstance.py:352} INFO - Marking task as SUCCESS. dag_id=elt-pipeline, task_id=extract_load_group.extract_marketing_campaigns, run_id=scheduled__2025-09-02T00:00:00+00:00, execution_date=20250902T000000, start_date=20251013T085450, end_date=20251013T085451
[2025-10-13T08:54:51.279+0000] {local_task_job_runner.py:266} INFO - Task exited with return code 0
[2025-10-13T08:54:51.325+0000] {taskinstance.py:3895} INFO - 1 downstream tasks scheduled from follow-on schedule check
[2025-10-13T08:54:51.329+0000] {local_task_job_runner.py:245} INFO - ::endgroup::
[2025-10-13T09:20:50.295+0000] {local_task_job_runner.py:123} INFO - ::group::Pre task execution logs
[2025-10-13T09:20:50.317+0000] {taskinstance.py:2613} INFO - Dependencies all met for dep_context=non-requeueable deps ti=<TaskInstance: elt-pipeline.extract_load_group.extract_marketing_campaigns scheduled__2025-09-02T00:00:00+00:00 [queued]>
[2025-10-13T09:20:50.326+0000] {taskinstance.py:2613} INFO - Dependencies all met for dep_context=requeueable deps ti=<TaskInstance: elt-pipeline.extract_load_group.extract_marketing_campaigns scheduled__2025-09-02T00:00:00+00:00 [queued]>
[2025-10-13T09:20:50.327+0000] {taskinstance.py:2866} INFO - Starting attempt 1 of 1
[2025-10-13T09:20:50.351+0000] {taskinstance.py:2889} INFO - Executing <Task(PythonOperator): extract_load_group.extract_marketing_campaigns> on 2025-09-02 00:00:00+00:00
[2025-10-13T09:20:50.361+0000] {warnings.py:112} WARNING - /home/***/.local/lib/python3.12/site-packages/***/task/task_runner/standard_task_runner.py:70: DeprecationWarning: This process (pid=1315) is multi-threaded, use of fork() may lead to deadlocks in the child.
  pid = os.fork()

[2025-10-13T09:20:50.363+0000] {standard_task_runner.py:72} INFO - Started process 1327 to run task
[2025-10-13T09:20:50.363+0000] {standard_task_runner.py:104} INFO - Running: ['***', 'tasks', 'run', 'elt-pipeline', 'extract_load_group.extract_marketing_campaigns', 'scheduled__2025-09-02T00:00:00+00:00', '--job-id', '179', '--raw', '--subdir', 'DAGS_FOLDER/elt.py', '--cfg-path', '/tmp/tmp6hlbl1km']
[2025-10-13T09:20:50.365+0000] {standard_task_runner.py:105} INFO - Job 179: Subtask extract_load_group.extract_marketing_campaigns
[2025-10-13T09:20:50.433+0000] {task_command.py:467} INFO - Running <TaskInstance: elt-pipeline.extract_load_group.extract_marketing_campaigns scheduled__2025-09-02T00:00:00+00:00 [running]> on host 84d5a327cf64
[2025-10-13T09:20:50.543+0000] {taskinstance.py:3132} INFO - Exporting env vars: AIRFLOW_CTX_DAG_OWNER='***' AIRFLOW_CTX_DAG_ID='elt-pipeline' AIRFLOW_CTX_TASK_ID='extract_load_group.extract_marketing_campaigns' AIRFLOW_CTX_EXECUTION_DATE='2025-09-02T00:00:00+00:00' AIRFLOW_CTX_TRY_NUMBER='1' AIRFLOW_CTX_DAG_RUN_ID='scheduled__2025-09-02T00:00:00+00:00'
[2025-10-13T09:20:50.544+0000] {taskinstance.py:731} INFO - ::endgroup::
[2025-10-13T09:20:50.691+0000] {extract.py:22} INFO - Data written to marketing_campaigns.csv
[2025-10-13T09:20:50.692+0000] {python.py:240} INFO - Done. Returned value was: None
[2025-10-13T09:20:50.707+0000] {taskinstance.py:340} INFO - ::group::Post task execution logs
[2025-10-13T09:20:50.708+0000] {taskinstance.py:352} INFO - Marking task as SUCCESS. dag_id=elt-pipeline, task_id=extract_load_group.extract_marketing_campaigns, run_id=scheduled__2025-09-02T00:00:00+00:00, execution_date=20250902T000000, start_date=20251013T092050, end_date=20251013T092050
[2025-10-13T09:20:50.740+0000] {local_task_job_runner.py:266} INFO - Task exited with return code 0
[2025-10-13T09:20:50.775+0000] {taskinstance.py:3895} INFO - 1 downstream tasks scheduled from follow-on schedule check
[2025-10-13T09:20:50.777+0000] {local_task_job_runner.py:245} INFO - ::endgroup::
[2025-10-14T04:16:03.190+0000] {local_task_job_runner.py:123} INFO - ::group::Pre task execution logs
[2025-10-14T04:16:03.214+0000] {taskinstance.py:2613} INFO - Dependencies all met for dep_context=non-requeueable deps ti=<TaskInstance: elt-pipeline.extract_load_group.extract_marketing_campaigns scheduled__2025-09-02T00:00:00+00:00 [queued]>
[2025-10-14T04:16:03.223+0000] {taskinstance.py:2613} INFO - Dependencies all met for dep_context=requeueable deps ti=<TaskInstance: elt-pipeline.extract_load_group.extract_marketing_campaigns scheduled__2025-09-02T00:00:00+00:00 [queued]>
[2025-10-14T04:16:03.224+0000] {taskinstance.py:2866} INFO - Starting attempt 1 of 1
[2025-10-14T04:16:03.242+0000] {taskinstance.py:2889} INFO - Executing <Task(PythonOperator): extract_load_group.extract_marketing_campaigns> on 2025-09-02 00:00:00+00:00
[2025-10-14T04:16:03.252+0000] {warnings.py:112} WARNING - /home/***/.local/lib/python3.12/site-packages/***/task/task_runner/standard_task_runner.py:70: DeprecationWarning: This process (pid=160) is multi-threaded, use of fork() may lead to deadlocks in the child.
  pid = os.fork()

[2025-10-14T04:16:03.254+0000] {standard_task_runner.py:72} INFO - Started process 167 to run task
[2025-10-14T04:16:03.254+0000] {standard_task_runner.py:104} INFO - Running: ['***', 'tasks', 'run', 'elt-pipeline', 'extract_load_group.extract_marketing_campaigns', 'scheduled__2025-09-02T00:00:00+00:00', '--job-id', '251', '--raw', '--subdir', 'DAGS_FOLDER/elt.py', '--cfg-path', '/tmp/tmpgoyuf6zh']
[2025-10-14T04:16:03.256+0000] {standard_task_runner.py:105} INFO - Job 251: Subtask extract_load_group.extract_marketing_campaigns
[2025-10-14T04:16:03.338+0000] {task_command.py:467} INFO - Running <TaskInstance: elt-pipeline.extract_load_group.extract_marketing_campaigns scheduled__2025-09-02T00:00:00+00:00 [running]> on host e348b991e0be
[2025-10-14T04:16:03.447+0000] {taskinstance.py:3132} INFO - Exporting env vars: AIRFLOW_CTX_DAG_OWNER='***' AIRFLOW_CTX_DAG_ID='elt-pipeline' AIRFLOW_CTX_TASK_ID='extract_load_group.extract_marketing_campaigns' AIRFLOW_CTX_EXECUTION_DATE='2025-09-02T00:00:00+00:00' AIRFLOW_CTX_TRY_NUMBER='1' AIRFLOW_CTX_DAG_RUN_ID='scheduled__2025-09-02T00:00:00+00:00'
[2025-10-14T04:16:03.448+0000] {taskinstance.py:731} INFO - ::endgroup::
[2025-10-14T04:16:03.597+0000] {extract.py:22} INFO - Data written to marketing_campaigns.csv
[2025-10-14T04:16:03.599+0000] {python.py:240} INFO - Done. Returned value was: None
[2025-10-14T04:16:03.613+0000] {taskinstance.py:340} INFO - ::group::Post task execution logs
[2025-10-14T04:16:03.614+0000] {taskinstance.py:352} INFO - Marking task as SUCCESS. dag_id=elt-pipeline, task_id=extract_load_group.extract_marketing_campaigns, run_id=scheduled__2025-09-02T00:00:00+00:00, execution_date=20250902T000000, start_date=20251014T041603, end_date=20251014T041603
[2025-10-14T04:16:03.671+0000] {local_task_job_runner.py:266} INFO - Task exited with return code 0
[2025-10-14T04:16:03.688+0000] {local_task_job_runner.py:245} INFO - ::endgroup::
[2025-10-14T04:20:52.823+0000] {local_task_job_runner.py:123} INFO - ::group::Pre task execution logs
[2025-10-14T04:20:52.846+0000] {taskinstance.py:2613} INFO - Dependencies all met for dep_context=non-requeueable deps ti=<TaskInstance: elt-pipeline.extract_load_group.extract_marketing_campaigns scheduled__2025-09-02T00:00:00+00:00 [queued]>
[2025-10-14T04:20:52.857+0000] {taskinstance.py:2613} INFO - Dependencies all met for dep_context=requeueable deps ti=<TaskInstance: elt-pipeline.extract_load_group.extract_marketing_campaigns scheduled__2025-09-02T00:00:00+00:00 [queued]>
[2025-10-14T04:20:52.857+0000] {taskinstance.py:2866} INFO - Starting attempt 1 of 1
[2025-10-14T04:20:52.882+0000] {taskinstance.py:2889} INFO - Executing <Task(PythonOperator): extract_load_group.extract_marketing_campaigns> on 2025-09-02 00:00:00+00:00
[2025-10-14T04:20:52.893+0000] {warnings.py:112} WARNING - /home/***/.local/lib/python3.12/site-packages/***/task/task_runner/standard_task_runner.py:70: DeprecationWarning: This process (pid=302) is multi-threaded, use of fork() may lead to deadlocks in the child.
  pid = os.fork()

[2025-10-14T04:20:52.896+0000] {standard_task_runner.py:72} INFO - Started process 310 to run task
[2025-10-14T04:20:52.896+0000] {standard_task_runner.py:104} INFO - Running: ['***', 'tasks', 'run', 'elt-pipeline', 'extract_load_group.extract_marketing_campaigns', 'scheduled__2025-09-02T00:00:00+00:00', '--job-id', '273', '--raw', '--subdir', 'DAGS_FOLDER/elt.py', '--cfg-path', '/tmp/tmppduv9r7w']
[2025-10-14T04:20:52.898+0000] {standard_task_runner.py:105} INFO - Job 273: Subtask extract_load_group.extract_marketing_campaigns
[2025-10-14T04:20:52.968+0000] {task_command.py:467} INFO - Running <TaskInstance: elt-pipeline.extract_load_group.extract_marketing_campaigns scheduled__2025-09-02T00:00:00+00:00 [running]> on host e348b991e0be
[2025-10-14T04:20:53.076+0000] {taskinstance.py:3132} INFO - Exporting env vars: AIRFLOW_CTX_DAG_OWNER='***' AIRFLOW_CTX_DAG_ID='elt-pipeline' AIRFLOW_CTX_TASK_ID='extract_load_group.extract_marketing_campaigns' AIRFLOW_CTX_EXECUTION_DATE='2025-09-02T00:00:00+00:00' AIRFLOW_CTX_TRY_NUMBER='1' AIRFLOW_CTX_DAG_RUN_ID='scheduled__2025-09-02T00:00:00+00:00'
[2025-10-14T04:20:53.077+0000] {taskinstance.py:731} INFO - ::endgroup::
[2025-10-14T04:20:53.228+0000] {extract.py:22} INFO - Data written to marketing_campaigns.csv
[2025-10-14T04:20:53.229+0000] {python.py:240} INFO - Done. Returned value was: None
[2025-10-14T04:20:53.245+0000] {taskinstance.py:340} INFO - ::group::Post task execution logs
[2025-10-14T04:20:53.246+0000] {taskinstance.py:352} INFO - Marking task as SUCCESS. dag_id=elt-pipeline, task_id=extract_load_group.extract_marketing_campaigns, run_id=scheduled__2025-09-02T00:00:00+00:00, execution_date=20250902T000000, start_date=20251014T042052, end_date=20251014T042053
[2025-10-14T04:20:53.312+0000] {local_task_job_runner.py:266} INFO - Task exited with return code 0
[2025-10-14T04:20:53.328+0000] {local_task_job_runner.py:245} INFO - ::endgroup::
[2025-10-14T04:22:34.439+0000] {local_task_job_runner.py:123} INFO - ::group::Pre task execution logs
[2025-10-14T04:22:34.463+0000] {taskinstance.py:2613} INFO - Dependencies all met for dep_context=non-requeueable deps ti=<TaskInstance: elt-pipeline.extract_load_group.extract_marketing_campaigns scheduled__2025-09-02T00:00:00+00:00 [queued]>
[2025-10-14T04:22:34.474+0000] {taskinstance.py:2613} INFO - Dependencies all met for dep_context=requeueable deps ti=<TaskInstance: elt-pipeline.extract_load_group.extract_marketing_campaigns scheduled__2025-09-02T00:00:00+00:00 [queued]>
[2025-10-14T04:22:34.474+0000] {taskinstance.py:2866} INFO - Starting attempt 1 of 1
[2025-10-14T04:22:34.492+0000] {taskinstance.py:2889} INFO - Executing <Task(PythonOperator): extract_load_group.extract_marketing_campaigns> on 2025-09-02 00:00:00+00:00
[2025-10-14T04:22:34.498+0000] {warnings.py:112} WARNING - /home/***/.local/lib/python3.12/site-packages/***/task/task_runner/standard_task_runner.py:70: DeprecationWarning: This process (pid=540) is multi-threaded, use of fork() may lead to deadlocks in the child.
  pid = os.fork()

[2025-10-14T04:22:34.501+0000] {standard_task_runner.py:72} INFO - Started process 543 to run task
[2025-10-14T04:22:34.501+0000] {standard_task_runner.py:104} INFO - Running: ['***', 'tasks', 'run', 'elt-pipeline', 'extract_load_group.extract_marketing_campaigns', 'scheduled__2025-09-02T00:00:00+00:00', '--job-id', '332', '--raw', '--subdir', 'DAGS_FOLDER/elt.py', '--cfg-path', '/tmp/tmpj6u778nd']
[2025-10-14T04:22:34.502+0000] {standard_task_runner.py:105} INFO - Job 332: Subtask extract_load_group.extract_marketing_campaigns
[2025-10-14T04:22:34.570+0000] {task_command.py:467} INFO - Running <TaskInstance: elt-pipeline.extract_load_group.extract_marketing_campaigns scheduled__2025-09-02T00:00:00+00:00 [running]> on host e348b991e0be
[2025-10-14T04:22:34.673+0000] {taskinstance.py:3132} INFO - Exporting env vars: AIRFLOW_CTX_DAG_OWNER='***' AIRFLOW_CTX_DAG_ID='elt-pipeline' AIRFLOW_CTX_TASK_ID='extract_load_group.extract_marketing_campaigns' AIRFLOW_CTX_EXECUTION_DATE='2025-09-02T00:00:00+00:00' AIRFLOW_CTX_TRY_NUMBER='1' AIRFLOW_CTX_DAG_RUN_ID='scheduled__2025-09-02T00:00:00+00:00'
[2025-10-14T04:22:34.674+0000] {taskinstance.py:731} INFO - ::endgroup::
[2025-10-14T04:22:34.824+0000] {extract.py:22} INFO - Data written to marketing_campaigns.csv
[2025-10-14T04:22:34.826+0000] {python.py:240} INFO - Done. Returned value was: None
[2025-10-14T04:22:34.838+0000] {taskinstance.py:340} INFO - ::group::Post task execution logs
[2025-10-14T04:22:34.839+0000] {taskinstance.py:352} INFO - Marking task as SUCCESS. dag_id=elt-pipeline, task_id=extract_load_group.extract_marketing_campaigns, run_id=scheduled__2025-09-02T00:00:00+00:00, execution_date=20250902T000000, start_date=20251014T042234, end_date=20251014T042234
[2025-10-14T04:22:34.877+0000] {local_task_job_runner.py:266} INFO - Task exited with return code 0
[2025-10-14T04:22:34.891+0000] {local_task_job_runner.py:245} INFO - ::endgroup::
[2025-10-14T04:26:30.755+0000] {local_task_job_runner.py:123} INFO - ::group::Pre task execution logs
[2025-10-14T04:26:30.777+0000] {taskinstance.py:2613} INFO - Dependencies all met for dep_context=non-requeueable deps ti=<TaskInstance: elt-pipeline.extract_load_group.extract_marketing_campaigns scheduled__2025-09-02T00:00:00+00:00 [queued]>
[2025-10-14T04:26:30.790+0000] {taskinstance.py:2613} INFO - Dependencies all met for dep_context=requeueable deps ti=<TaskInstance: elt-pipeline.extract_load_group.extract_marketing_campaigns scheduled__2025-09-02T00:00:00+00:00 [queued]>
[2025-10-14T04:26:30.791+0000] {taskinstance.py:2866} INFO - Starting attempt 1 of 1
[2025-10-14T04:26:30.811+0000] {taskinstance.py:2889} INFO - Executing <Task(PythonOperator): extract_load_group.extract_marketing_campaigns> on 2025-09-02 00:00:00+00:00
[2025-10-14T04:26:30.820+0000] {warnings.py:112} WARNING - /home/***/.local/lib/python3.12/site-packages/***/task/task_runner/standard_task_runner.py:70: DeprecationWarning: This process (pid=673) is multi-threaded, use of fork() may lead to deadlocks in the child.
  pid = os.fork()

[2025-10-14T04:26:30.824+0000] {standard_task_runner.py:104} INFO - Running: ['***', 'tasks', 'run', 'elt-pipeline', 'extract_load_group.extract_marketing_campaigns', 'scheduled__2025-09-02T00:00:00+00:00', '--job-id', '354', '--raw', '--subdir', 'DAGS_FOLDER/elt.py', '--cfg-path', '/tmp/tmp_nskmy8x']
[2025-10-14T04:26:30.826+0000] {standard_task_runner.py:72} INFO - Started process 679 to run task
[2025-10-14T04:26:30.827+0000] {standard_task_runner.py:105} INFO - Job 354: Subtask extract_load_group.extract_marketing_campaigns
[2025-10-14T04:26:30.920+0000] {task_command.py:467} INFO - Running <TaskInstance: elt-pipeline.extract_load_group.extract_marketing_campaigns scheduled__2025-09-02T00:00:00+00:00 [running]> on host e348b991e0be
[2025-10-14T04:26:31.028+0000] {taskinstance.py:3132} INFO - Exporting env vars: AIRFLOW_CTX_DAG_OWNER='***' AIRFLOW_CTX_DAG_ID='elt-pipeline' AIRFLOW_CTX_TASK_ID='extract_load_group.extract_marketing_campaigns' AIRFLOW_CTX_EXECUTION_DATE='2025-09-02T00:00:00+00:00' AIRFLOW_CTX_TRY_NUMBER='1' AIRFLOW_CTX_DAG_RUN_ID='scheduled__2025-09-02T00:00:00+00:00'
[2025-10-14T04:26:31.030+0000] {taskinstance.py:731} INFO - ::endgroup::
[2025-10-14T04:26:31.197+0000] {extract.py:22} INFO - Data written to marketing_campaigns.csv
[2025-10-14T04:26:31.198+0000] {python.py:240} INFO - Done. Returned value was: None
[2025-10-14T04:26:31.213+0000] {taskinstance.py:340} INFO - ::group::Post task execution logs
[2025-10-14T04:26:31.214+0000] {taskinstance.py:352} INFO - Marking task as SUCCESS. dag_id=elt-pipeline, task_id=extract_load_group.extract_marketing_campaigns, run_id=scheduled__2025-09-02T00:00:00+00:00, execution_date=20250902T000000, start_date=20251014T042630, end_date=20251014T042631
[2025-10-14T04:26:31.283+0000] {local_task_job_runner.py:266} INFO - Task exited with return code 0
[2025-10-14T04:26:31.294+0000] {local_task_job_runner.py:245} INFO - ::endgroup::
[2025-10-14T04:28:36.859+0000] {local_task_job_runner.py:123} INFO - ::group::Pre task execution logs
[2025-10-14T04:28:36.880+0000] {taskinstance.py:2613} INFO - Dependencies all met for dep_context=non-requeueable deps ti=<TaskInstance: elt-pipeline.extract_load_group.extract_marketing_campaigns scheduled__2025-09-02T00:00:00+00:00 [queued]>
[2025-10-14T04:28:36.890+0000] {taskinstance.py:2613} INFO - Dependencies all met for dep_context=requeueable deps ti=<TaskInstance: elt-pipeline.extract_load_group.extract_marketing_campaigns scheduled__2025-09-02T00:00:00+00:00 [queued]>
[2025-10-14T04:28:36.891+0000] {taskinstance.py:2866} INFO - Starting attempt 1 of 1
[2025-10-14T04:28:36.907+0000] {taskinstance.py:2889} INFO - Executing <Task(PythonOperator): extract_load_group.extract_marketing_campaigns> on 2025-09-02 00:00:00+00:00
[2025-10-14T04:28:36.914+0000] {warnings.py:112} WARNING - /home/***/.local/lib/python3.12/site-packages/***/task/task_runner/standard_task_runner.py:70: DeprecationWarning: This process (pid=787) is multi-threaded, use of fork() may lead to deadlocks in the child.
  pid = os.fork()

[2025-10-14T04:28:36.917+0000] {standard_task_runner.py:72} INFO - Started process 796 to run task
[2025-10-14T04:28:36.917+0000] {standard_task_runner.py:104} INFO - Running: ['***', 'tasks', 'run', 'elt-pipeline', 'extract_load_group.extract_marketing_campaigns', 'scheduled__2025-09-02T00:00:00+00:00', '--job-id', '382', '--raw', '--subdir', 'DAGS_FOLDER/elt.py', '--cfg-path', '/tmp/tmpuw8g28jq']
[2025-10-14T04:28:36.918+0000] {standard_task_runner.py:105} INFO - Job 382: Subtask extract_load_group.extract_marketing_campaigns
[2025-10-14T04:28:36.990+0000] {task_command.py:467} INFO - Running <TaskInstance: elt-pipeline.extract_load_group.extract_marketing_campaigns scheduled__2025-09-02T00:00:00+00:00 [running]> on host e348b991e0be
[2025-10-14T04:28:37.099+0000] {taskinstance.py:3132} INFO - Exporting env vars: AIRFLOW_CTX_DAG_OWNER='***' AIRFLOW_CTX_DAG_ID='elt-pipeline' AIRFLOW_CTX_TASK_ID='extract_load_group.extract_marketing_campaigns' AIRFLOW_CTX_EXECUTION_DATE='2025-09-02T00:00:00+00:00' AIRFLOW_CTX_TRY_NUMBER='1' AIRFLOW_CTX_DAG_RUN_ID='scheduled__2025-09-02T00:00:00+00:00'
[2025-10-14T04:28:37.100+0000] {taskinstance.py:731} INFO - ::endgroup::
[2025-10-14T04:28:37.279+0000] {extract.py:22} INFO - Data written to marketing_campaigns.csv
[2025-10-14T04:28:37.280+0000] {python.py:240} INFO - Done. Returned value was: None
[2025-10-14T04:28:37.298+0000] {taskinstance.py:340} INFO - ::group::Post task execution logs
[2025-10-14T04:28:37.299+0000] {taskinstance.py:352} INFO - Marking task as SUCCESS. dag_id=elt-pipeline, task_id=extract_load_group.extract_marketing_campaigns, run_id=scheduled__2025-09-02T00:00:00+00:00, execution_date=20250902T000000, start_date=20251014T042836, end_date=20251014T042837
[2025-10-14T04:28:37.333+0000] {local_task_job_runner.py:266} INFO - Task exited with return code 0
[2025-10-14T04:28:37.371+0000] {taskinstance.py:3895} INFO - 1 downstream tasks scheduled from follow-on schedule check
[2025-10-14T04:28:37.373+0000] {local_task_job_runner.py:245} INFO - ::endgroup::
[2025-10-14T04:31:44.201+0000] {local_task_job_runner.py:123} INFO - ::group::Pre task execution logs
[2025-10-14T04:31:44.227+0000] {taskinstance.py:2613} INFO - Dependencies all met for dep_context=non-requeueable deps ti=<TaskInstance: elt-pipeline.extract_load_group.extract_marketing_campaigns scheduled__2025-09-02T00:00:00+00:00 [queued]>
[2025-10-14T04:31:44.237+0000] {taskinstance.py:2613} INFO - Dependencies all met for dep_context=requeueable deps ti=<TaskInstance: elt-pipeline.extract_load_group.extract_marketing_campaigns scheduled__2025-09-02T00:00:00+00:00 [queued]>
[2025-10-14T04:31:44.238+0000] {taskinstance.py:2866} INFO - Starting attempt 1 of 1
[2025-10-14T04:31:44.254+0000] {taskinstance.py:2889} INFO - Executing <Task(PythonOperator): extract_load_group.extract_marketing_campaigns> on 2025-09-02 00:00:00+00:00
[2025-10-14T04:31:44.265+0000] {warnings.py:112} WARNING - /home/***/.local/lib/python3.12/site-packages/***/task/task_runner/standard_task_runner.py:70: DeprecationWarning: This process (pid=1085) is multi-threaded, use of fork() may lead to deadlocks in the child.
  pid = os.fork()

[2025-10-14T04:31:44.267+0000] {standard_task_runner.py:72} INFO - Started process 1091 to run task
[2025-10-14T04:31:44.267+0000] {standard_task_runner.py:104} INFO - Running: ['***', 'tasks', 'run', 'elt-pipeline', 'extract_load_group.extract_marketing_campaigns', 'scheduled__2025-09-02T00:00:00+00:00', '--job-id', '451', '--raw', '--subdir', 'DAGS_FOLDER/elt.py', '--cfg-path', '/tmp/tmp9otovtg5']
[2025-10-14T04:31:44.268+0000] {standard_task_runner.py:105} INFO - Job 451: Subtask extract_load_group.extract_marketing_campaigns
[2025-10-14T04:31:44.344+0000] {task_command.py:467} INFO - Running <TaskInstance: elt-pipeline.extract_load_group.extract_marketing_campaigns scheduled__2025-09-02T00:00:00+00:00 [running]> on host e348b991e0be
[2025-10-14T04:31:44.470+0000] {taskinstance.py:3132} INFO - Exporting env vars: AIRFLOW_CTX_DAG_OWNER='***' AIRFLOW_CTX_DAG_ID='elt-pipeline' AIRFLOW_CTX_TASK_ID='extract_load_group.extract_marketing_campaigns' AIRFLOW_CTX_EXECUTION_DATE='2025-09-02T00:00:00+00:00' AIRFLOW_CTX_TRY_NUMBER='1' AIRFLOW_CTX_DAG_RUN_ID='scheduled__2025-09-02T00:00:00+00:00'
[2025-10-14T04:31:44.471+0000] {taskinstance.py:731} INFO - ::endgroup::
[2025-10-14T04:31:44.650+0000] {extract.py:22} INFO - Data written to marketing_campaigns.csv
[2025-10-14T04:31:44.651+0000] {python.py:240} INFO - Done. Returned value was: None
[2025-10-14T04:31:44.670+0000] {taskinstance.py:340} INFO - ::group::Post task execution logs
[2025-10-14T04:31:44.671+0000] {taskinstance.py:352} INFO - Marking task as SUCCESS. dag_id=elt-pipeline, task_id=extract_load_group.extract_marketing_campaigns, run_id=scheduled__2025-09-02T00:00:00+00:00, execution_date=20250902T000000, start_date=20251014T043144, end_date=20251014T043144
[2025-10-14T04:31:44.724+0000] {local_task_job_runner.py:266} INFO - Task exited with return code 0
[2025-10-14T04:31:44.759+0000] {taskinstance.py:3895} INFO - 1 downstream tasks scheduled from follow-on schedule check
[2025-10-14T04:31:44.762+0000] {local_task_job_runner.py:245} INFO - ::endgroup::
