[2025-10-13T08:42:38.665+0000] {local_task_job_runner.py:123} INFO - ::group::Pre task execution logs
[2025-10-13T08:42:38.689+0000] {taskinstance.py:2613} INFO - Dependencies all met for dep_context=non-requeueable deps ti=<TaskInstance: elt-pipeline.extract_load_group.extract_marketing_campaigns scheduled__2025-09-05T00:00:00+00:00 [queued]>
[2025-10-13T08:42:38.699+0000] {taskinstance.py:2613} INFO - Dependencies all met for dep_context=requeueable deps ti=<TaskInstance: elt-pipeline.extract_load_group.extract_marketing_campaigns scheduled__2025-09-05T00:00:00+00:00 [queued]>
[2025-10-13T08:42:38.700+0000] {taskinstance.py:2866} INFO - Starting attempt 1 of 1
[2025-10-13T08:42:38.718+0000] {taskinstance.py:2889} INFO - Executing <Task(PythonOperator): extract_load_group.extract_marketing_campaigns> on 2025-09-05 00:00:00+00:00
[2025-10-13T08:42:38.728+0000] {warnings.py:112} WARNING - /home/***/.local/lib/python3.12/site-packages/***/task/task_runner/standard_task_runner.py:70: DeprecationWarning: This process (pid=425) is multi-threaded, use of fork() may lead to deadlocks in the child.
  pid = os.fork()

[2025-10-13T08:42:38.731+0000] {standard_task_runner.py:72} INFO - Started process 426 to run task
[2025-10-13T08:42:38.731+0000] {standard_task_runner.py:104} INFO - Running: ['***', 'tasks', 'run', 'elt-pipeline', 'extract_load_group.extract_marketing_campaigns', 'scheduled__2025-09-05T00:00:00+00:00', '--job-id', '65', '--raw', '--subdir', 'DAGS_FOLDER/elt.py', '--cfg-path', '/tmp/tmp35xhpiop']
[2025-10-13T08:42:38.732+0000] {standard_task_runner.py:105} INFO - Job 65: Subtask extract_load_group.extract_marketing_campaigns
[2025-10-13T08:42:38.820+0000] {task_command.py:467} INFO - Running <TaskInstance: elt-pipeline.extract_load_group.extract_marketing_campaigns scheduled__2025-09-05T00:00:00+00:00 [running]> on host 84d5a327cf64
[2025-10-13T08:42:38.931+0000] {taskinstance.py:3132} INFO - Exporting env vars: AIRFLOW_CTX_DAG_OWNER='***' AIRFLOW_CTX_DAG_ID='elt-pipeline' AIRFLOW_CTX_TASK_ID='extract_load_group.extract_marketing_campaigns' AIRFLOW_CTX_EXECUTION_DATE='2025-09-05T00:00:00+00:00' AIRFLOW_CTX_TRY_NUMBER='1' AIRFLOW_CTX_DAG_RUN_ID='scheduled__2025-09-05T00:00:00+00:00'
[2025-10-13T08:42:38.932+0000] {taskinstance.py:731} INFO - ::endgroup::
[2025-10-13T08:42:39.102+0000] {extract.py:22} INFO - Data written to marketing_campaigns.csv
[2025-10-13T08:42:39.102+0000] {python.py:240} INFO - Done. Returned value was: None
[2025-10-13T08:42:39.118+0000] {taskinstance.py:340} INFO - ::group::Post task execution logs
[2025-10-13T08:42:39.118+0000] {taskinstance.py:352} INFO - Marking task as SUCCESS. dag_id=elt-pipeline, task_id=extract_load_group.extract_marketing_campaigns, run_id=scheduled__2025-09-05T00:00:00+00:00, execution_date=20250905T000000, start_date=20251013T084238, end_date=20251013T084239
[2025-10-13T08:42:39.148+0000] {local_task_job_runner.py:266} INFO - Task exited with return code 0
[2025-10-13T08:42:39.180+0000] {taskinstance.py:3895} INFO - 1 downstream tasks scheduled from follow-on schedule check
[2025-10-13T08:42:39.183+0000] {local_task_job_runner.py:245} INFO - ::endgroup::
[2025-10-13T09:21:48.870+0000] {local_task_job_runner.py:123} INFO - ::group::Pre task execution logs
[2025-10-13T09:21:48.890+0000] {taskinstance.py:2613} INFO - Dependencies all met for dep_context=non-requeueable deps ti=<TaskInstance: elt-pipeline.extract_load_group.extract_marketing_campaigns scheduled__2025-09-05T00:00:00+00:00 [queued]>
[2025-10-13T09:21:48.899+0000] {taskinstance.py:2613} INFO - Dependencies all met for dep_context=requeueable deps ti=<TaskInstance: elt-pipeline.extract_load_group.extract_marketing_campaigns scheduled__2025-09-05T00:00:00+00:00 [queued]>
[2025-10-13T09:21:48.899+0000] {taskinstance.py:2866} INFO - Starting attempt 1 of 1
[2025-10-13T09:21:48.913+0000] {taskinstance.py:2889} INFO - Executing <Task(PythonOperator): extract_load_group.extract_marketing_campaigns> on 2025-09-05 00:00:00+00:00
[2025-10-13T09:21:48.921+0000] {warnings.py:112} WARNING - /home/***/.local/lib/python3.12/site-packages/***/task/task_runner/standard_task_runner.py:70: DeprecationWarning: This process (pid=1448) is multi-threaded, use of fork() may lead to deadlocks in the child.
  pid = os.fork()

[2025-10-13T09:21:48.923+0000] {standard_task_runner.py:72} INFO - Started process 1452 to run task
[2025-10-13T09:21:48.928+0000] {standard_task_runner.py:104} INFO - Running: ['***', 'tasks', 'run', 'elt-pipeline', 'extract_load_group.extract_marketing_campaigns', 'scheduled__2025-09-05T00:00:00+00:00', '--job-id', '211', '--raw', '--subdir', 'DAGS_FOLDER/elt.py', '--cfg-path', '/tmp/tmp7ai8trqf']
[2025-10-13T09:21:48.930+0000] {standard_task_runner.py:105} INFO - Job 211: Subtask extract_load_group.extract_marketing_campaigns
[2025-10-13T09:21:48.989+0000] {task_command.py:467} INFO - Running <TaskInstance: elt-pipeline.extract_load_group.extract_marketing_campaigns scheduled__2025-09-05T00:00:00+00:00 [running]> on host 84d5a327cf64
[2025-10-13T09:21:49.091+0000] {taskinstance.py:3132} INFO - Exporting env vars: AIRFLOW_CTX_DAG_OWNER='***' AIRFLOW_CTX_DAG_ID='elt-pipeline' AIRFLOW_CTX_TASK_ID='extract_load_group.extract_marketing_campaigns' AIRFLOW_CTX_EXECUTION_DATE='2025-09-05T00:00:00+00:00' AIRFLOW_CTX_TRY_NUMBER='1' AIRFLOW_CTX_DAG_RUN_ID='scheduled__2025-09-05T00:00:00+00:00'
[2025-10-13T09:21:49.092+0000] {taskinstance.py:731} INFO - ::endgroup::
[2025-10-13T09:21:49.239+0000] {extract.py:22} INFO - Data written to marketing_campaigns.csv
[2025-10-13T09:21:49.240+0000] {python.py:240} INFO - Done. Returned value was: None
[2025-10-13T09:21:49.256+0000] {taskinstance.py:340} INFO - ::group::Post task execution logs
[2025-10-13T09:21:49.257+0000] {taskinstance.py:352} INFO - Marking task as SUCCESS. dag_id=elt-pipeline, task_id=extract_load_group.extract_marketing_campaigns, run_id=scheduled__2025-09-05T00:00:00+00:00, execution_date=20250905T000000, start_date=20251013T092148, end_date=20251013T092149
[2025-10-13T09:21:49.300+0000] {local_task_job_runner.py:266} INFO - Task exited with return code 0
[2025-10-13T09:21:49.344+0000] {taskinstance.py:3895} INFO - 1 downstream tasks scheduled from follow-on schedule check
[2025-10-13T09:21:49.347+0000] {local_task_job_runner.py:245} INFO - ::endgroup::
[2025-10-14T04:21:40.058+0000] {local_task_job_runner.py:123} INFO - ::group::Pre task execution logs
[2025-10-14T04:21:40.081+0000] {taskinstance.py:2613} INFO - Dependencies all met for dep_context=non-requeueable deps ti=<TaskInstance: elt-pipeline.extract_load_group.extract_marketing_campaigns scheduled__2025-09-05T00:00:00+00:00 [queued]>
[2025-10-14T04:21:40.091+0000] {taskinstance.py:2613} INFO - Dependencies all met for dep_context=requeueable deps ti=<TaskInstance: elt-pipeline.extract_load_group.extract_marketing_campaigns scheduled__2025-09-05T00:00:00+00:00 [queued]>
[2025-10-14T04:21:40.091+0000] {taskinstance.py:2866} INFO - Starting attempt 1 of 1
[2025-10-14T04:21:40.104+0000] {taskinstance.py:2889} INFO - Executing <Task(PythonOperator): extract_load_group.extract_marketing_campaigns> on 2025-09-05 00:00:00+00:00
[2025-10-14T04:21:40.112+0000] {warnings.py:112} WARNING - /home/***/.local/lib/python3.12/site-packages/***/task/task_runner/standard_task_runner.py:70: DeprecationWarning: This process (pid=440) is multi-threaded, use of fork() may lead to deadlocks in the child.
  pid = os.fork()

[2025-10-14T04:21:40.114+0000] {standard_task_runner.py:72} INFO - Started process 442 to run task
[2025-10-14T04:21:40.114+0000] {standard_task_runner.py:104} INFO - Running: ['***', 'tasks', 'run', 'elt-pipeline', 'extract_load_group.extract_marketing_campaigns', 'scheduled__2025-09-05T00:00:00+00:00', '--job-id', '306', '--raw', '--subdir', 'DAGS_FOLDER/elt.py', '--cfg-path', '/tmp/tmpvgrig3w1']
[2025-10-14T04:21:40.116+0000] {standard_task_runner.py:105} INFO - Job 306: Subtask extract_load_group.extract_marketing_campaigns
[2025-10-14T04:21:40.178+0000] {task_command.py:467} INFO - Running <TaskInstance: elt-pipeline.extract_load_group.extract_marketing_campaigns scheduled__2025-09-05T00:00:00+00:00 [running]> on host e348b991e0be
[2025-10-14T04:21:40.277+0000] {taskinstance.py:3132} INFO - Exporting env vars: AIRFLOW_CTX_DAG_OWNER='***' AIRFLOW_CTX_DAG_ID='elt-pipeline' AIRFLOW_CTX_TASK_ID='extract_load_group.extract_marketing_campaigns' AIRFLOW_CTX_EXECUTION_DATE='2025-09-05T00:00:00+00:00' AIRFLOW_CTX_TRY_NUMBER='1' AIRFLOW_CTX_DAG_RUN_ID='scheduled__2025-09-05T00:00:00+00:00'
[2025-10-14T04:21:40.278+0000] {taskinstance.py:731} INFO - ::endgroup::
[2025-10-14T04:21:40.421+0000] {extract.py:22} INFO - Data written to marketing_campaigns.csv
[2025-10-14T04:21:40.422+0000] {python.py:240} INFO - Done. Returned value was: None
[2025-10-14T04:21:40.439+0000] {taskinstance.py:340} INFO - ::group::Post task execution logs
[2025-10-14T04:21:40.440+0000] {taskinstance.py:352} INFO - Marking task as SUCCESS. dag_id=elt-pipeline, task_id=extract_load_group.extract_marketing_campaigns, run_id=scheduled__2025-09-05T00:00:00+00:00, execution_date=20250905T000000, start_date=20251014T042140, end_date=20251014T042140
[2025-10-14T04:21:40.490+0000] {local_task_job_runner.py:266} INFO - Task exited with return code 0
[2025-10-14T04:21:40.508+0000] {local_task_job_runner.py:245} INFO - ::endgroup::
[2025-10-14T04:29:51.819+0000] {local_task_job_runner.py:123} INFO - ::group::Pre task execution logs
[2025-10-14T04:29:51.842+0000] {taskinstance.py:2613} INFO - Dependencies all met for dep_context=non-requeueable deps ti=<TaskInstance: elt-pipeline.extract_load_group.extract_marketing_campaigns scheduled__2025-09-05T00:00:00+00:00 [queued]>
[2025-10-14T04:29:51.852+0000] {taskinstance.py:2613} INFO - Dependencies all met for dep_context=requeueable deps ti=<TaskInstance: elt-pipeline.extract_load_group.extract_marketing_campaigns scheduled__2025-09-05T00:00:00+00:00 [queued]>
[2025-10-14T04:29:51.852+0000] {taskinstance.py:2866} INFO - Starting attempt 1 of 1
[2025-10-14T04:29:51.870+0000] {taskinstance.py:2889} INFO - Executing <Task(PythonOperator): extract_load_group.extract_marketing_campaigns> on 2025-09-05 00:00:00+00:00
[2025-10-14T04:29:51.878+0000] {warnings.py:112} WARNING - /home/***/.local/lib/python3.12/site-packages/***/task/task_runner/standard_task_runner.py:70: DeprecationWarning: This process (pid=935) is multi-threaded, use of fork() may lead to deadlocks in the child.
  pid = os.fork()

[2025-10-14T04:29:51.880+0000] {standard_task_runner.py:72} INFO - Started process 944 to run task
[2025-10-14T04:29:51.880+0000] {standard_task_runner.py:104} INFO - Running: ['***', 'tasks', 'run', 'elt-pipeline', 'extract_load_group.extract_marketing_campaigns', 'scheduled__2025-09-05T00:00:00+00:00', '--job-id', '417', '--raw', '--subdir', 'DAGS_FOLDER/elt.py', '--cfg-path', '/tmp/tmpkzeo3v9u']
[2025-10-14T04:29:51.882+0000] {standard_task_runner.py:105} INFO - Job 417: Subtask extract_load_group.extract_marketing_campaigns
[2025-10-14T04:29:51.946+0000] {task_command.py:467} INFO - Running <TaskInstance: elt-pipeline.extract_load_group.extract_marketing_campaigns scheduled__2025-09-05T00:00:00+00:00 [running]> on host e348b991e0be
[2025-10-14T04:29:52.053+0000] {taskinstance.py:3132} INFO - Exporting env vars: AIRFLOW_CTX_DAG_OWNER='***' AIRFLOW_CTX_DAG_ID='elt-pipeline' AIRFLOW_CTX_TASK_ID='extract_load_group.extract_marketing_campaigns' AIRFLOW_CTX_EXECUTION_DATE='2025-09-05T00:00:00+00:00' AIRFLOW_CTX_TRY_NUMBER='1' AIRFLOW_CTX_DAG_RUN_ID='scheduled__2025-09-05T00:00:00+00:00'
[2025-10-14T04:29:52.054+0000] {taskinstance.py:731} INFO - ::endgroup::
[2025-10-14T04:29:52.222+0000] {extract.py:22} INFO - Data written to marketing_campaigns.csv
[2025-10-14T04:29:52.223+0000] {python.py:240} INFO - Done. Returned value was: None
[2025-10-14T04:29:52.242+0000] {taskinstance.py:340} INFO - ::group::Post task execution logs
[2025-10-14T04:29:52.243+0000] {taskinstance.py:352} INFO - Marking task as SUCCESS. dag_id=elt-pipeline, task_id=extract_load_group.extract_marketing_campaigns, run_id=scheduled__2025-09-05T00:00:00+00:00, execution_date=20250905T000000, start_date=20251014T042951, end_date=20251014T042952
[2025-10-14T04:29:52.296+0000] {local_task_job_runner.py:266} INFO - Task exited with return code 0
[2025-10-14T04:29:52.311+0000] {local_task_job_runner.py:245} INFO - ::endgroup::
[2025-10-14T04:36:48.676+0000] {local_task_job_runner.py:123} INFO - ::group::Pre task execution logs
[2025-10-14T04:36:48.700+0000] {taskinstance.py:2613} INFO - Dependencies all met for dep_context=non-requeueable deps ti=<TaskInstance: elt-pipeline.extract_load_group.extract_marketing_campaigns scheduled__2025-09-05T00:00:00+00:00 [queued]>
[2025-10-14T04:36:48.710+0000] {taskinstance.py:2613} INFO - Dependencies all met for dep_context=requeueable deps ti=<TaskInstance: elt-pipeline.extract_load_group.extract_marketing_campaigns scheduled__2025-09-05T00:00:00+00:00 [queued]>
[2025-10-14T04:36:48.711+0000] {taskinstance.py:2866} INFO - Starting attempt 1 of 1
[2025-10-14T04:36:48.731+0000] {taskinstance.py:2889} INFO - Executing <Task(PythonOperator): extract_load_group.extract_marketing_campaigns> on 2025-09-05 00:00:00+00:00
[2025-10-14T04:36:48.740+0000] {warnings.py:112} WARNING - /home/***/.local/lib/python3.12/site-packages/***/task/task_runner/standard_task_runner.py:70: DeprecationWarning: This process (pid=1278) is multi-threaded, use of fork() may lead to deadlocks in the child.
  pid = os.fork()

[2025-10-14T04:36:48.743+0000] {standard_task_runner.py:72} INFO - Started process 1290 to run task
[2025-10-14T04:36:48.742+0000] {standard_task_runner.py:104} INFO - Running: ['***', 'tasks', 'run', 'elt-pipeline', 'extract_load_group.extract_marketing_campaigns', 'scheduled__2025-09-05T00:00:00+00:00', '--job-id', '490', '--raw', '--subdir', 'DAGS_FOLDER/elt.py', '--cfg-path', '/tmp/tmpigp3vuji']
[2025-10-14T04:36:48.744+0000] {standard_task_runner.py:105} INFO - Job 490: Subtask extract_load_group.extract_marketing_campaigns
[2025-10-14T04:36:48.815+0000] {task_command.py:467} INFO - Running <TaskInstance: elt-pipeline.extract_load_group.extract_marketing_campaigns scheduled__2025-09-05T00:00:00+00:00 [running]> on host e348b991e0be
[2025-10-14T04:36:48.929+0000] {taskinstance.py:3132} INFO - Exporting env vars: AIRFLOW_CTX_DAG_OWNER='***' AIRFLOW_CTX_DAG_ID='elt-pipeline' AIRFLOW_CTX_TASK_ID='extract_load_group.extract_marketing_campaigns' AIRFLOW_CTX_EXECUTION_DATE='2025-09-05T00:00:00+00:00' AIRFLOW_CTX_TRY_NUMBER='1' AIRFLOW_CTX_DAG_RUN_ID='scheduled__2025-09-05T00:00:00+00:00'
[2025-10-14T04:36:48.930+0000] {taskinstance.py:731} INFO - ::endgroup::
[2025-10-14T04:36:49.112+0000] {extract.py:22} INFO - Data written to marketing_campaigns.csv
[2025-10-14T04:36:49.113+0000] {python.py:240} INFO - Done. Returned value was: None
[2025-10-14T04:36:49.132+0000] {taskinstance.py:340} INFO - ::group::Post task execution logs
[2025-10-14T04:36:49.133+0000] {taskinstance.py:352} INFO - Marking task as SUCCESS. dag_id=elt-pipeline, task_id=extract_load_group.extract_marketing_campaigns, run_id=scheduled__2025-09-05T00:00:00+00:00, execution_date=20250905T000000, start_date=20251014T043648, end_date=20251014T043649
[2025-10-14T04:36:49.160+0000] {local_task_job_runner.py:266} INFO - Task exited with return code 0
[2025-10-14T04:36:49.177+0000] {local_task_job_runner.py:245} INFO - ::endgroup::
