[2025-10-13T09:22:06.242+0000] {local_task_job_runner.py:123} INFO - ::group::Pre task execution logs
[2025-10-13T09:22:06.266+0000] {taskinstance.py:2613} INFO - Dependencies all met for dep_context=non-requeueable deps ti=<TaskInstance: elt-pipeline.extract_load_group.extract_transaction_items scheduled__2025-09-06T00:00:00+00:00 [queued]>
[2025-10-13T09:22:06.276+0000] {taskinstance.py:2613} INFO - Dependencies all met for dep_context=requeueable deps ti=<TaskInstance: elt-pipeline.extract_load_group.extract_transaction_items scheduled__2025-09-06T00:00:00+00:00 [queued]>
[2025-10-13T09:22:06.277+0000] {taskinstance.py:2866} INFO - Starting attempt 1 of 1
[2025-10-13T09:22:06.296+0000] {taskinstance.py:2889} INFO - Executing <Task(PythonOperator): extract_load_group.extract_transaction_items> on 2025-09-06 00:00:00+00:00
[2025-10-13T09:22:06.307+0000] {warnings.py:112} WARNING - /home/***/.local/lib/python3.12/site-packages/***/task/task_runner/standard_task_runner.py:70: DeprecationWarning: This process (pid=1486) is multi-threaded, use of fork() may lead to deadlocks in the child.
  pid = os.fork()

[2025-10-13T09:22:06.311+0000] {standard_task_runner.py:72} INFO - Started process 1491 to run task
[2025-10-13T09:22:06.310+0000] {standard_task_runner.py:104} INFO - Running: ['***', 'tasks', 'run', 'elt-pipeline', 'extract_load_group.extract_transaction_items', 'scheduled__2025-09-06T00:00:00+00:00', '--job-id', '219', '--raw', '--subdir', 'DAGS_FOLDER/elt.py', '--cfg-path', '/tmp/tmpqskzhzyp']
[2025-10-13T09:22:06.312+0000] {standard_task_runner.py:105} INFO - Job 219: Subtask extract_load_group.extract_transaction_items
[2025-10-13T09:22:06.383+0000] {task_command.py:467} INFO - Running <TaskInstance: elt-pipeline.extract_load_group.extract_transaction_items scheduled__2025-09-06T00:00:00+00:00 [running]> on host 84d5a327cf64
[2025-10-13T09:22:06.492+0000] {taskinstance.py:3132} INFO - Exporting env vars: AIRFLOW_CTX_DAG_OWNER='***' AIRFLOW_CTX_DAG_ID='elt-pipeline' AIRFLOW_CTX_TASK_ID='extract_load_group.extract_transaction_items' AIRFLOW_CTX_EXECUTION_DATE='2025-09-06T00:00:00+00:00' AIRFLOW_CTX_TRY_NUMBER='1' AIRFLOW_CTX_DAG_RUN_ID='scheduled__2025-09-06T00:00:00+00:00'
[2025-10-13T09:22:06.493+0000] {taskinstance.py:731} INFO - ::endgroup::
[2025-10-13T09:22:06.638+0000] {extract.py:22} INFO - Data written to transaction_items.csv
[2025-10-13T09:22:06.639+0000] {python.py:240} INFO - Done. Returned value was: None
[2025-10-13T09:22:06.655+0000] {taskinstance.py:340} INFO - ::group::Post task execution logs
[2025-10-13T09:22:06.655+0000] {taskinstance.py:352} INFO - Marking task as SUCCESS. dag_id=elt-pipeline, task_id=extract_load_group.extract_transaction_items, run_id=scheduled__2025-09-06T00:00:00+00:00, execution_date=20250906T000000, start_date=20251013T092206, end_date=20251013T092206
[2025-10-13T09:22:06.688+0000] {local_task_job_runner.py:266} INFO - Task exited with return code 0
[2025-10-13T09:22:06.703+0000] {local_task_job_runner.py:245} INFO - ::endgroup::
[2025-10-14T04:30:18.167+0000] {local_task_job_runner.py:123} INFO - ::group::Pre task execution logs
[2025-10-14T04:30:18.189+0000] {taskinstance.py:2613} INFO - Dependencies all met for dep_context=non-requeueable deps ti=<TaskInstance: elt-pipeline.extract_load_group.extract_transaction_items scheduled__2025-09-06T00:00:00+00:00 [queued]>
[2025-10-14T04:30:18.198+0000] {taskinstance.py:2613} INFO - Dependencies all met for dep_context=requeueable deps ti=<TaskInstance: elt-pipeline.extract_load_group.extract_transaction_items scheduled__2025-09-06T00:00:00+00:00 [queued]>
[2025-10-14T04:30:18.199+0000] {taskinstance.py:2866} INFO - Starting attempt 1 of 1
[2025-10-14T04:30:18.217+0000] {taskinstance.py:2889} INFO - Executing <Task(PythonOperator): extract_load_group.extract_transaction_items> on 2025-09-06 00:00:00+00:00
[2025-10-14T04:30:18.225+0000] {warnings.py:112} WARNING - /home/***/.local/lib/python3.12/site-packages/***/task/task_runner/standard_task_runner.py:70: DeprecationWarning: This process (pid=980) is multi-threaded, use of fork() may lead to deadlocks in the child.
  pid = os.fork()

[2025-10-14T04:30:18.227+0000] {standard_task_runner.py:72} INFO - Started process 990 to run task
[2025-10-14T04:30:18.228+0000] {standard_task_runner.py:104} INFO - Running: ['***', 'tasks', 'run', 'elt-pipeline', 'extract_load_group.extract_transaction_items', 'scheduled__2025-09-06T00:00:00+00:00', '--job-id', '429', '--raw', '--subdir', 'DAGS_FOLDER/elt.py', '--cfg-path', '/tmp/tmpmkp8ux1g']
[2025-10-14T04:30:18.230+0000] {standard_task_runner.py:105} INFO - Job 429: Subtask extract_load_group.extract_transaction_items
[2025-10-14T04:30:18.297+0000] {task_command.py:467} INFO - Running <TaskInstance: elt-pipeline.extract_load_group.extract_transaction_items scheduled__2025-09-06T00:00:00+00:00 [running]> on host e348b991e0be
[2025-10-14T04:30:18.417+0000] {taskinstance.py:3132} INFO - Exporting env vars: AIRFLOW_CTX_DAG_OWNER='***' AIRFLOW_CTX_DAG_ID='elt-pipeline' AIRFLOW_CTX_TASK_ID='extract_load_group.extract_transaction_items' AIRFLOW_CTX_EXECUTION_DATE='2025-09-06T00:00:00+00:00' AIRFLOW_CTX_TRY_NUMBER='1' AIRFLOW_CTX_DAG_RUN_ID='scheduled__2025-09-06T00:00:00+00:00'
[2025-10-14T04:30:18.419+0000] {taskinstance.py:731} INFO - ::endgroup::
[2025-10-14T04:30:18.574+0000] {extract.py:22} INFO - Data written to transaction_items.csv
[2025-10-14T04:30:18.575+0000] {python.py:240} INFO - Done. Returned value was: None
[2025-10-14T04:30:18.594+0000] {taskinstance.py:340} INFO - ::group::Post task execution logs
[2025-10-14T04:30:18.595+0000] {taskinstance.py:352} INFO - Marking task as SUCCESS. dag_id=elt-pipeline, task_id=extract_load_group.extract_transaction_items, run_id=scheduled__2025-09-06T00:00:00+00:00, execution_date=20250906T000000, start_date=20251014T043018, end_date=20251014T043018
[2025-10-14T04:30:18.644+0000] {local_task_job_runner.py:266} INFO - Task exited with return code 0
[2025-10-14T04:30:18.659+0000] {local_task_job_runner.py:245} INFO - ::endgroup::
[2025-10-14T04:37:13.926+0000] {local_task_job_runner.py:123} INFO - ::group::Pre task execution logs
[2025-10-14T04:37:13.948+0000] {taskinstance.py:2613} INFO - Dependencies all met for dep_context=non-requeueable deps ti=<TaskInstance: elt-pipeline.extract_load_group.extract_transaction_items scheduled__2025-09-06T00:00:00+00:00 [queued]>
[2025-10-14T04:37:13.961+0000] {taskinstance.py:2613} INFO - Dependencies all met for dep_context=requeueable deps ti=<TaskInstance: elt-pipeline.extract_load_group.extract_transaction_items scheduled__2025-09-06T00:00:00+00:00 [queued]>
[2025-10-14T04:37:13.961+0000] {taskinstance.py:2866} INFO - Starting attempt 1 of 1
[2025-10-14T04:37:13.975+0000] {taskinstance.py:2889} INFO - Executing <Task(PythonOperator): extract_load_group.extract_transaction_items> on 2025-09-06 00:00:00+00:00
[2025-10-14T04:37:13.984+0000] {warnings.py:112} WARNING - /home/***/.local/lib/python3.12/site-packages/***/task/task_runner/standard_task_runner.py:70: DeprecationWarning: This process (pid=1330) is multi-threaded, use of fork() may lead to deadlocks in the child.
  pid = os.fork()

[2025-10-14T04:37:13.986+0000] {standard_task_runner.py:72} INFO - Started process 1333 to run task
[2025-10-14T04:37:13.986+0000] {standard_task_runner.py:104} INFO - Running: ['***', 'tasks', 'run', 'elt-pipeline', 'extract_load_group.extract_transaction_items', 'scheduled__2025-09-06T00:00:00+00:00', '--job-id', '499', '--raw', '--subdir', 'DAGS_FOLDER/elt.py', '--cfg-path', '/tmp/tmp7jmy34st']
[2025-10-14T04:37:13.988+0000] {standard_task_runner.py:105} INFO - Job 499: Subtask extract_load_group.extract_transaction_items
[2025-10-14T04:37:14.060+0000] {task_command.py:467} INFO - Running <TaskInstance: elt-pipeline.extract_load_group.extract_transaction_items scheduled__2025-09-06T00:00:00+00:00 [running]> on host e348b991e0be
[2025-10-14T04:37:14.172+0000] {taskinstance.py:3132} INFO - Exporting env vars: AIRFLOW_CTX_DAG_OWNER='***' AIRFLOW_CTX_DAG_ID='elt-pipeline' AIRFLOW_CTX_TASK_ID='extract_load_group.extract_transaction_items' AIRFLOW_CTX_EXECUTION_DATE='2025-09-06T00:00:00+00:00' AIRFLOW_CTX_TRY_NUMBER='1' AIRFLOW_CTX_DAG_RUN_ID='scheduled__2025-09-06T00:00:00+00:00'
[2025-10-14T04:37:14.174+0000] {taskinstance.py:731} INFO - ::endgroup::
[2025-10-14T04:37:14.347+0000] {extract.py:22} INFO - Data written to transaction_items.csv
[2025-10-14T04:37:14.348+0000] {python.py:240} INFO - Done. Returned value was: None
[2025-10-14T04:37:14.367+0000] {taskinstance.py:340} INFO - ::group::Post task execution logs
[2025-10-14T04:37:14.368+0000] {taskinstance.py:352} INFO - Marking task as SUCCESS. dag_id=elt-pipeline, task_id=extract_load_group.extract_transaction_items, run_id=scheduled__2025-09-06T00:00:00+00:00, execution_date=20250906T000000, start_date=20251014T043713, end_date=20251014T043714
[2025-10-14T04:37:14.402+0000] {local_task_job_runner.py:266} INFO - Task exited with return code 0
[2025-10-14T04:37:14.445+0000] {taskinstance.py:3895} INFO - 1 downstream tasks scheduled from follow-on schedule check
[2025-10-14T04:37:14.448+0000] {local_task_job_runner.py:245} INFO - ::endgroup::
