[2025-10-13T09:22:06.242+0000] {local_task_job_runner.py:123} INFO - ::group::Pre task execution logs
[2025-10-13T09:22:06.267+0000] {taskinstance.py:2613} INFO - Dependencies all met for dep_context=non-requeueable deps ti=<TaskInstance: elt-pipeline.extract_load_group.extract_products scheduled__2025-09-06T00:00:00+00:00 [queued]>
[2025-10-13T09:22:06.277+0000] {taskinstance.py:2613} INFO - Dependencies all met for dep_context=requeueable deps ti=<TaskInstance: elt-pipeline.extract_load_group.extract_products scheduled__2025-09-06T00:00:00+00:00 [queued]>
[2025-10-13T09:22:06.278+0000] {taskinstance.py:2866} INFO - Starting attempt 1 of 1
[2025-10-13T09:22:06.295+0000] {taskinstance.py:2889} INFO - Executing <Task(PythonOperator): extract_load_group.extract_products> on 2025-09-06 00:00:00+00:00
[2025-10-13T09:22:06.307+0000] {warnings.py:112} WARNING - /home/***/.local/lib/python3.12/site-packages/***/task/task_runner/standard_task_runner.py:70: DeprecationWarning: This process (pid=1488) is multi-threaded, use of fork() may lead to deadlocks in the child.
  pid = os.fork()

[2025-10-13T09:22:06.312+0000] {standard_task_runner.py:72} INFO - Started process 1490 to run task
[2025-10-13T09:22:06.312+0000] {standard_task_runner.py:104} INFO - Running: ['***', 'tasks', 'run', 'elt-pipeline', 'extract_load_group.extract_products', 'scheduled__2025-09-06T00:00:00+00:00', '--job-id', '222', '--raw', '--subdir', 'DAGS_FOLDER/elt.py', '--cfg-path', '/tmp/tmp9qx5clzx']
[2025-10-13T09:22:06.315+0000] {standard_task_runner.py:105} INFO - Job 222: Subtask extract_load_group.extract_products
[2025-10-13T09:22:06.386+0000] {task_command.py:467} INFO - Running <TaskInstance: elt-pipeline.extract_load_group.extract_products scheduled__2025-09-06T00:00:00+00:00 [running]> on host 84d5a327cf64
[2025-10-13T09:22:06.491+0000] {taskinstance.py:3132} INFO - Exporting env vars: AIRFLOW_CTX_DAG_OWNER='***' AIRFLOW_CTX_DAG_ID='elt-pipeline' AIRFLOW_CTX_TASK_ID='extract_load_group.extract_products' AIRFLOW_CTX_EXECUTION_DATE='2025-09-06T00:00:00+00:00' AIRFLOW_CTX_TRY_NUMBER='1' AIRFLOW_CTX_DAG_RUN_ID='scheduled__2025-09-06T00:00:00+00:00'
[2025-10-13T09:22:06.492+0000] {taskinstance.py:731} INFO - ::endgroup::
[2025-10-13T09:22:06.651+0000] {extract.py:22} INFO - Data written to products.csv
[2025-10-13T09:22:06.651+0000] {python.py:240} INFO - Done. Returned value was: None
[2025-10-13T09:22:06.665+0000] {taskinstance.py:340} INFO - ::group::Post task execution logs
[2025-10-13T09:22:06.666+0000] {taskinstance.py:352} INFO - Marking task as SUCCESS. dag_id=elt-pipeline, task_id=extract_load_group.extract_products, run_id=scheduled__2025-09-06T00:00:00+00:00, execution_date=20250906T000000, start_date=20251013T092206, end_date=20251013T092206
[2025-10-13T09:22:06.730+0000] {local_task_job_runner.py:266} INFO - Task exited with return code 0
[2025-10-13T09:22:06.765+0000] {taskinstance.py:3895} INFO - 1 downstream tasks scheduled from follow-on schedule check
[2025-10-13T09:22:06.767+0000] {local_task_job_runner.py:245} INFO - ::endgroup::
[2025-10-14T04:30:18.152+0000] {local_task_job_runner.py:123} INFO - ::group::Pre task execution logs
[2025-10-14T04:30:18.173+0000] {taskinstance.py:2613} INFO - Dependencies all met for dep_context=non-requeueable deps ti=<TaskInstance: elt-pipeline.extract_load_group.extract_products scheduled__2025-09-06T00:00:00+00:00 [queued]>
[2025-10-14T04:30:18.182+0000] {taskinstance.py:2613} INFO - Dependencies all met for dep_context=requeueable deps ti=<TaskInstance: elt-pipeline.extract_load_group.extract_products scheduled__2025-09-06T00:00:00+00:00 [queued]>
[2025-10-14T04:30:18.182+0000] {taskinstance.py:2866} INFO - Starting attempt 1 of 1
[2025-10-14T04:30:18.195+0000] {taskinstance.py:2889} INFO - Executing <Task(PythonOperator): extract_load_group.extract_products> on 2025-09-06 00:00:00+00:00
[2025-10-14T04:30:18.202+0000] {warnings.py:112} WARNING - /home/***/.local/lib/python3.12/site-packages/***/task/task_runner/standard_task_runner.py:70: DeprecationWarning: This process (pid=979) is multi-threaded, use of fork() may lead to deadlocks in the child.
  pid = os.fork()

[2025-10-14T04:30:18.204+0000] {standard_task_runner.py:72} INFO - Started process 984 to run task
[2025-10-14T04:30:18.204+0000] {standard_task_runner.py:104} INFO - Running: ['***', 'tasks', 'run', 'elt-pipeline', 'extract_load_group.extract_products', 'scheduled__2025-09-06T00:00:00+00:00', '--job-id', '427', '--raw', '--subdir', 'DAGS_FOLDER/elt.py', '--cfg-path', '/tmp/tmp647u9bdh']
[2025-10-14T04:30:18.206+0000] {standard_task_runner.py:105} INFO - Job 427: Subtask extract_load_group.extract_products
[2025-10-14T04:30:18.273+0000] {task_command.py:467} INFO - Running <TaskInstance: elt-pipeline.extract_load_group.extract_products scheduled__2025-09-06T00:00:00+00:00 [running]> on host e348b991e0be
[2025-10-14T04:30:18.387+0000] {taskinstance.py:3132} INFO - Exporting env vars: AIRFLOW_CTX_DAG_OWNER='***' AIRFLOW_CTX_DAG_ID='elt-pipeline' AIRFLOW_CTX_TASK_ID='extract_load_group.extract_products' AIRFLOW_CTX_EXECUTION_DATE='2025-09-06T00:00:00+00:00' AIRFLOW_CTX_TRY_NUMBER='1' AIRFLOW_CTX_DAG_RUN_ID='scheduled__2025-09-06T00:00:00+00:00'
[2025-10-14T04:30:18.389+0000] {taskinstance.py:731} INFO - ::endgroup::
[2025-10-14T04:30:18.544+0000] {extract.py:22} INFO - Data written to products.csv
[2025-10-14T04:30:18.545+0000] {python.py:240} INFO - Done. Returned value was: None
[2025-10-14T04:30:18.559+0000] {taskinstance.py:340} INFO - ::group::Post task execution logs
[2025-10-14T04:30:18.560+0000] {taskinstance.py:352} INFO - Marking task as SUCCESS. dag_id=elt-pipeline, task_id=extract_load_group.extract_products, run_id=scheduled__2025-09-06T00:00:00+00:00, execution_date=20250906T000000, start_date=20251014T043018, end_date=20251014T043018
[2025-10-14T04:30:18.620+0000] {local_task_job_runner.py:266} INFO - Task exited with return code 0
[2025-10-14T04:30:18.633+0000] {local_task_job_runner.py:245} INFO - ::endgroup::
[2025-10-14T04:37:13.953+0000] {local_task_job_runner.py:123} INFO - ::group::Pre task execution logs
[2025-10-14T04:37:13.981+0000] {taskinstance.py:2613} INFO - Dependencies all met for dep_context=non-requeueable deps ti=<TaskInstance: elt-pipeline.extract_load_group.extract_products scheduled__2025-09-06T00:00:00+00:00 [queued]>
[2025-10-14T04:37:13.996+0000] {taskinstance.py:2613} INFO - Dependencies all met for dep_context=requeueable deps ti=<TaskInstance: elt-pipeline.extract_load_group.extract_products scheduled__2025-09-06T00:00:00+00:00 [queued]>
[2025-10-14T04:37:13.997+0000] {taskinstance.py:2866} INFO - Starting attempt 1 of 1
[2025-10-14T04:37:14.015+0000] {taskinstance.py:2889} INFO - Executing <Task(PythonOperator): extract_load_group.extract_products> on 2025-09-06 00:00:00+00:00
[2025-10-14T04:37:14.024+0000] {warnings.py:112} WARNING - /home/***/.local/lib/python3.12/site-packages/***/task/task_runner/standard_task_runner.py:70: DeprecationWarning: This process (pid=1328) is multi-threaded, use of fork() may lead to deadlocks in the child.
  pid = os.fork()

[2025-10-14T04:37:14.027+0000] {standard_task_runner.py:72} INFO - Started process 1338 to run task
[2025-10-14T04:37:14.027+0000] {standard_task_runner.py:104} INFO - Running: ['***', 'tasks', 'run', 'elt-pipeline', 'extract_load_group.extract_products', 'scheduled__2025-09-06T00:00:00+00:00', '--job-id', '501', '--raw', '--subdir', 'DAGS_FOLDER/elt.py', '--cfg-path', '/tmp/tmpr4cqyih0']
[2025-10-14T04:37:14.028+0000] {standard_task_runner.py:105} INFO - Job 501: Subtask extract_load_group.extract_products
[2025-10-14T04:37:14.103+0000] {task_command.py:467} INFO - Running <TaskInstance: elt-pipeline.extract_load_group.extract_products scheduled__2025-09-06T00:00:00+00:00 [running]> on host e348b991e0be
[2025-10-14T04:37:14.227+0000] {taskinstance.py:3132} INFO - Exporting env vars: AIRFLOW_CTX_DAG_OWNER='***' AIRFLOW_CTX_DAG_ID='elt-pipeline' AIRFLOW_CTX_TASK_ID='extract_load_group.extract_products' AIRFLOW_CTX_EXECUTION_DATE='2025-09-06T00:00:00+00:00' AIRFLOW_CTX_TRY_NUMBER='1' AIRFLOW_CTX_DAG_RUN_ID='scheduled__2025-09-06T00:00:00+00:00'
[2025-10-14T04:37:14.229+0000] {taskinstance.py:731} INFO - ::endgroup::
[2025-10-14T04:37:14.416+0000] {extract.py:22} INFO - Data written to products.csv
[2025-10-14T04:37:14.417+0000] {python.py:240} INFO - Done. Returned value was: None
[2025-10-14T04:37:14.432+0000] {taskinstance.py:340} INFO - ::group::Post task execution logs
[2025-10-14T04:37:14.433+0000] {taskinstance.py:352} INFO - Marking task as SUCCESS. dag_id=elt-pipeline, task_id=extract_load_group.extract_products, run_id=scheduled__2025-09-06T00:00:00+00:00, execution_date=20250906T000000, start_date=20251014T043713, end_date=20251014T043714
[2025-10-14T04:37:14.485+0000] {local_task_job_runner.py:266} INFO - Task exited with return code 0
[2025-10-14T04:37:14.498+0000] {local_task_job_runner.py:245} INFO - ::endgroup::
