[2025-10-13T08:37:05.843+0000] {local_task_job_runner.py:123} INFO - ::group::Pre task execution logs
[2025-10-13T08:37:05.880+0000] {taskinstance.py:2613} INFO - Dependencies all met for dep_context=non-requeueable deps ti=<TaskInstance: elt-pipeline.extract_load_group.extract_transactions scheduled__2025-09-02T00:00:00+00:00 [queued]>
[2025-10-13T08:37:05.898+0000] {taskinstance.py:2613} INFO - Dependencies all met for dep_context=requeueable deps ti=<TaskInstance: elt-pipeline.extract_load_group.extract_transactions scheduled__2025-09-02T00:00:00+00:00 [queued]>
[2025-10-13T08:37:05.899+0000] {taskinstance.py:2866} INFO - Starting attempt 1 of 1
[2025-10-13T08:37:05.927+0000] {taskinstance.py:2889} INFO - Executing <Task(PythonOperator): extract_load_group.extract_transactions> on 2025-09-02 00:00:00+00:00
[2025-10-13T08:37:05.939+0000] {warnings.py:112} WARNING - /home/***/.local/lib/python3.12/site-packages/***/task/task_runner/standard_task_runner.py:70: DeprecationWarning: This process (pid=212) is multi-threaded, use of fork() may lead to deadlocks in the child.
  pid = os.fork()

[2025-10-13T08:37:05.944+0000] {standard_task_runner.py:72} INFO - Started process 216 to run task
[2025-10-13T08:37:05.944+0000] {standard_task_runner.py:104} INFO - Running: ['***', 'tasks', 'run', 'elt-pipeline', 'extract_load_group.extract_transactions', 'scheduled__2025-09-02T00:00:00+00:00', '--job-id', '25', '--raw', '--subdir', 'DAGS_FOLDER/elt.py', '--cfg-path', '/tmp/tmpc7r1fayj']
[2025-10-13T08:37:05.951+0000] {standard_task_runner.py:105} INFO - Job 25: Subtask extract_load_group.extract_transactions
[2025-10-13T08:37:06.033+0000] {task_command.py:467} INFO - Running <TaskInstance: elt-pipeline.extract_load_group.extract_transactions scheduled__2025-09-02T00:00:00+00:00 [running]> on host 84d5a327cf64
[2025-10-13T08:37:06.173+0000] {taskinstance.py:3132} INFO - Exporting env vars: AIRFLOW_CTX_DAG_OWNER='***' AIRFLOW_CTX_DAG_ID='elt-pipeline' AIRFLOW_CTX_TASK_ID='extract_load_group.extract_transactions' AIRFLOW_CTX_EXECUTION_DATE='2025-09-02T00:00:00+00:00' AIRFLOW_CTX_TRY_NUMBER='1' AIRFLOW_CTX_DAG_RUN_ID='scheduled__2025-09-02T00:00:00+00:00'
[2025-10-13T08:37:06.175+0000] {taskinstance.py:731} INFO - ::endgroup::
[2025-10-13T08:37:06.375+0000] {extract.py:22} INFO - Data written to transactions.csv
[2025-10-13T08:37:06.376+0000] {python.py:240} INFO - Done. Returned value was: None
[2025-10-13T08:37:06.394+0000] {taskinstance.py:340} INFO - ::group::Post task execution logs
[2025-10-13T08:37:06.395+0000] {taskinstance.py:352} INFO - Marking task as SUCCESS. dag_id=elt-pipeline, task_id=extract_load_group.extract_transactions, run_id=scheduled__2025-09-02T00:00:00+00:00, execution_date=20250902T000000, start_date=20251013T083705, end_date=20251013T083706
[2025-10-13T08:37:06.444+0000] {local_task_job_runner.py:266} INFO - Task exited with return code 0
[2025-10-13T08:37:06.489+0000] {taskinstance.py:3895} INFO - 1 downstream tasks scheduled from follow-on schedule check
[2025-10-13T08:37:06.491+0000] {local_task_job_runner.py:245} INFO - ::endgroup::
[2025-10-13T08:54:50.698+0000] {local_task_job_runner.py:123} INFO - ::group::Pre task execution logs
[2025-10-13T08:54:50.732+0000] {taskinstance.py:2613} INFO - Dependencies all met for dep_context=non-requeueable deps ti=<TaskInstance: elt-pipeline.extract_load_group.extract_transactions scheduled__2025-09-02T00:00:00+00:00 [queued]>
[2025-10-13T08:54:50.746+0000] {taskinstance.py:2613} INFO - Dependencies all met for dep_context=requeueable deps ti=<TaskInstance: elt-pipeline.extract_load_group.extract_transactions scheduled__2025-09-02T00:00:00+00:00 [queued]>
[2025-10-13T08:54:50.747+0000] {taskinstance.py:2866} INFO - Starting attempt 1 of 1
[2025-10-13T08:54:50.766+0000] {taskinstance.py:2889} INFO - Executing <Task(PythonOperator): extract_load_group.extract_transactions> on 2025-09-02 00:00:00+00:00
[2025-10-13T08:54:50.776+0000] {warnings.py:112} WARNING - /home/***/.local/lib/python3.12/site-packages/***/task/task_runner/standard_task_runner.py:70: DeprecationWarning: This process (pid=761) is multi-threaded, use of fork() may lead to deadlocks in the child.
  pid = os.fork()

[2025-10-13T08:54:50.779+0000] {standard_task_runner.py:72} INFO - Started process 765 to run task
[2025-10-13T08:54:50.779+0000] {standard_task_runner.py:104} INFO - Running: ['***', 'tasks', 'run', 'elt-pipeline', 'extract_load_group.extract_transactions', 'scheduled__2025-09-02T00:00:00+00:00', '--job-id', '115', '--raw', '--subdir', 'DAGS_FOLDER/elt.py', '--cfg-path', '/tmp/tmpdwcs6x51']
[2025-10-13T08:54:50.781+0000] {standard_task_runner.py:105} INFO - Job 115: Subtask extract_load_group.extract_transactions
[2025-10-13T08:54:50.870+0000] {task_command.py:467} INFO - Running <TaskInstance: elt-pipeline.extract_load_group.extract_transactions scheduled__2025-09-02T00:00:00+00:00 [running]> on host 84d5a327cf64
[2025-10-13T08:54:51.007+0000] {taskinstance.py:3132} INFO - Exporting env vars: AIRFLOW_CTX_DAG_OWNER='***' AIRFLOW_CTX_DAG_ID='elt-pipeline' AIRFLOW_CTX_TASK_ID='extract_load_group.extract_transactions' AIRFLOW_CTX_EXECUTION_DATE='2025-09-02T00:00:00+00:00' AIRFLOW_CTX_TRY_NUMBER='1' AIRFLOW_CTX_DAG_RUN_ID='scheduled__2025-09-02T00:00:00+00:00'
[2025-10-13T08:54:51.009+0000] {taskinstance.py:731} INFO - ::endgroup::
[2025-10-13T08:54:51.202+0000] {extract.py:22} INFO - Data written to transactions.csv
[2025-10-13T08:54:51.203+0000] {python.py:240} INFO - Done. Returned value was: None
[2025-10-13T08:54:51.220+0000] {taskinstance.py:340} INFO - ::group::Post task execution logs
[2025-10-13T08:54:51.222+0000] {taskinstance.py:352} INFO - Marking task as SUCCESS. dag_id=elt-pipeline, task_id=extract_load_group.extract_transactions, run_id=scheduled__2025-09-02T00:00:00+00:00, execution_date=20250902T000000, start_date=20251013T085450, end_date=20251013T085451
[2025-10-13T08:54:51.281+0000] {local_task_job_runner.py:266} INFO - Task exited with return code 0
[2025-10-13T08:54:51.302+0000] {local_task_job_runner.py:245} INFO - ::endgroup::
[2025-10-13T09:20:50.287+0000] {local_task_job_runner.py:123} INFO - ::group::Pre task execution logs
[2025-10-13T09:20:50.309+0000] {taskinstance.py:2613} INFO - Dependencies all met for dep_context=non-requeueable deps ti=<TaskInstance: elt-pipeline.extract_load_group.extract_transactions scheduled__2025-09-02T00:00:00+00:00 [queued]>
[2025-10-13T09:20:50.319+0000] {taskinstance.py:2613} INFO - Dependencies all met for dep_context=requeueable deps ti=<TaskInstance: elt-pipeline.extract_load_group.extract_transactions scheduled__2025-09-02T00:00:00+00:00 [queued]>
[2025-10-13T09:20:50.320+0000] {taskinstance.py:2866} INFO - Starting attempt 1 of 1
[2025-10-13T09:20:50.343+0000] {taskinstance.py:2889} INFO - Executing <Task(PythonOperator): extract_load_group.extract_transactions> on 2025-09-02 00:00:00+00:00
[2025-10-13T09:20:50.353+0000] {warnings.py:112} WARNING - /home/***/.local/lib/python3.12/site-packages/***/task/task_runner/standard_task_runner.py:70: DeprecationWarning: This process (pid=1318) is multi-threaded, use of fork() may lead to deadlocks in the child.
  pid = os.fork()

[2025-10-13T09:20:50.356+0000] {standard_task_runner.py:72} INFO - Started process 1325 to run task
[2025-10-13T09:20:50.356+0000] {standard_task_runner.py:104} INFO - Running: ['***', 'tasks', 'run', 'elt-pipeline', 'extract_load_group.extract_transactions', 'scheduled__2025-09-02T00:00:00+00:00', '--job-id', '178', '--raw', '--subdir', 'DAGS_FOLDER/elt.py', '--cfg-path', '/tmp/tmps3yi51th']
[2025-10-13T09:20:50.357+0000] {standard_task_runner.py:105} INFO - Job 178: Subtask extract_load_group.extract_transactions
[2025-10-13T09:20:50.425+0000] {task_command.py:467} INFO - Running <TaskInstance: elt-pipeline.extract_load_group.extract_transactions scheduled__2025-09-02T00:00:00+00:00 [running]> on host 84d5a327cf64
[2025-10-13T09:20:50.530+0000] {taskinstance.py:3132} INFO - Exporting env vars: AIRFLOW_CTX_DAG_OWNER='***' AIRFLOW_CTX_DAG_ID='elt-pipeline' AIRFLOW_CTX_TASK_ID='extract_load_group.extract_transactions' AIRFLOW_CTX_EXECUTION_DATE='2025-09-02T00:00:00+00:00' AIRFLOW_CTX_TRY_NUMBER='1' AIRFLOW_CTX_DAG_RUN_ID='scheduled__2025-09-02T00:00:00+00:00'
[2025-10-13T09:20:50.531+0000] {taskinstance.py:731} INFO - ::endgroup::
[2025-10-13T09:20:50.678+0000] {extract.py:22} INFO - Data written to transactions.csv
[2025-10-13T09:20:50.679+0000] {python.py:240} INFO - Done. Returned value was: None
[2025-10-13T09:20:50.694+0000] {taskinstance.py:340} INFO - ::group::Post task execution logs
[2025-10-13T09:20:50.695+0000] {taskinstance.py:352} INFO - Marking task as SUCCESS. dag_id=elt-pipeline, task_id=extract_load_group.extract_transactions, run_id=scheduled__2025-09-02T00:00:00+00:00, execution_date=20250902T000000, start_date=20251013T092050, end_date=20251013T092050
[2025-10-13T09:20:50.732+0000] {local_task_job_runner.py:266} INFO - Task exited with return code 0
[2025-10-13T09:20:50.745+0000] {local_task_job_runner.py:245} INFO - ::endgroup::
[2025-10-14T04:16:03.185+0000] {local_task_job_runner.py:123} INFO - ::group::Pre task execution logs
[2025-10-14T04:16:03.207+0000] {taskinstance.py:2613} INFO - Dependencies all met for dep_context=non-requeueable deps ti=<TaskInstance: elt-pipeline.extract_load_group.extract_transactions scheduled__2025-09-02T00:00:00+00:00 [queued]>
[2025-10-14T04:16:03.218+0000] {taskinstance.py:2613} INFO - Dependencies all met for dep_context=requeueable deps ti=<TaskInstance: elt-pipeline.extract_load_group.extract_transactions scheduled__2025-09-02T00:00:00+00:00 [queued]>
[2025-10-14T04:16:03.218+0000] {taskinstance.py:2866} INFO - Starting attempt 1 of 1
[2025-10-14T04:16:03.236+0000] {taskinstance.py:2889} INFO - Executing <Task(PythonOperator): extract_load_group.extract_transactions> on 2025-09-02 00:00:00+00:00
[2025-10-14T04:16:03.245+0000] {warnings.py:112} WARNING - /home/***/.local/lib/python3.12/site-packages/***/task/task_runner/standard_task_runner.py:70: DeprecationWarning: This process (pid=158) is multi-threaded, use of fork() may lead to deadlocks in the child.
  pid = os.fork()

[2025-10-14T04:16:03.247+0000] {standard_task_runner.py:72} INFO - Started process 164 to run task
[2025-10-14T04:16:03.247+0000] {standard_task_runner.py:104} INFO - Running: ['***', 'tasks', 'run', 'elt-pipeline', 'extract_load_group.extract_transactions', 'scheduled__2025-09-02T00:00:00+00:00', '--job-id', '248', '--raw', '--subdir', 'DAGS_FOLDER/elt.py', '--cfg-path', '/tmp/tmpf50j2moj']
[2025-10-14T04:16:03.248+0000] {standard_task_runner.py:105} INFO - Job 248: Subtask extract_load_group.extract_transactions
[2025-10-14T04:16:03.332+0000] {task_command.py:467} INFO - Running <TaskInstance: elt-pipeline.extract_load_group.extract_transactions scheduled__2025-09-02T00:00:00+00:00 [running]> on host e348b991e0be
[2025-10-14T04:16:03.440+0000] {taskinstance.py:3132} INFO - Exporting env vars: AIRFLOW_CTX_DAG_OWNER='***' AIRFLOW_CTX_DAG_ID='elt-pipeline' AIRFLOW_CTX_TASK_ID='extract_load_group.extract_transactions' AIRFLOW_CTX_EXECUTION_DATE='2025-09-02T00:00:00+00:00' AIRFLOW_CTX_TRY_NUMBER='1' AIRFLOW_CTX_DAG_RUN_ID='scheduled__2025-09-02T00:00:00+00:00'
[2025-10-14T04:16:03.442+0000] {taskinstance.py:731} INFO - ::endgroup::
[2025-10-14T04:16:03.597+0000] {extract.py:22} INFO - Data written to transactions.csv
[2025-10-14T04:16:03.599+0000] {python.py:240} INFO - Done. Returned value was: None
[2025-10-14T04:16:03.614+0000] {taskinstance.py:340} INFO - ::group::Post task execution logs
[2025-10-14T04:16:03.615+0000] {taskinstance.py:352} INFO - Marking task as SUCCESS. dag_id=elt-pipeline, task_id=extract_load_group.extract_transactions, run_id=scheduled__2025-09-02T00:00:00+00:00, execution_date=20250902T000000, start_date=20251014T041603, end_date=20251014T041603
[2025-10-14T04:16:03.663+0000] {local_task_job_runner.py:266} INFO - Task exited with return code 0
[2025-10-14T04:16:03.707+0000] {taskinstance.py:3895} INFO - 1 downstream tasks scheduled from follow-on schedule check
[2025-10-14T04:16:03.710+0000] {local_task_job_runner.py:245} INFO - ::endgroup::
[2025-10-14T04:20:52.824+0000] {local_task_job_runner.py:123} INFO - ::group::Pre task execution logs
[2025-10-14T04:20:52.845+0000] {taskinstance.py:2613} INFO - Dependencies all met for dep_context=non-requeueable deps ti=<TaskInstance: elt-pipeline.extract_load_group.extract_transactions scheduled__2025-09-02T00:00:00+00:00 [queued]>
[2025-10-14T04:20:52.856+0000] {taskinstance.py:2613} INFO - Dependencies all met for dep_context=requeueable deps ti=<TaskInstance: elt-pipeline.extract_load_group.extract_transactions scheduled__2025-09-02T00:00:00+00:00 [queued]>
[2025-10-14T04:20:52.856+0000] {taskinstance.py:2866} INFO - Starting attempt 1 of 1
[2025-10-14T04:20:52.878+0000] {taskinstance.py:2889} INFO - Executing <Task(PythonOperator): extract_load_group.extract_transactions> on 2025-09-02 00:00:00+00:00
[2025-10-14T04:20:52.889+0000] {warnings.py:112} WARNING - /home/***/.local/lib/python3.12/site-packages/***/task/task_runner/standard_task_runner.py:70: DeprecationWarning: This process (pid=304) is multi-threaded, use of fork() may lead to deadlocks in the child.
  pid = os.fork()

[2025-10-14T04:20:52.891+0000] {standard_task_runner.py:104} INFO - Running: ['***', 'tasks', 'run', 'elt-pipeline', 'extract_load_group.extract_transactions', 'scheduled__2025-09-02T00:00:00+00:00', '--job-id', '272', '--raw', '--subdir', 'DAGS_FOLDER/elt.py', '--cfg-path', '/tmp/tmpvnuo6omg']
[2025-10-14T04:20:52.892+0000] {standard_task_runner.py:72} INFO - Started process 308 to run task
[2025-10-14T04:20:52.892+0000] {standard_task_runner.py:105} INFO - Job 272: Subtask extract_load_group.extract_transactions
[2025-10-14T04:20:52.969+0000] {task_command.py:467} INFO - Running <TaskInstance: elt-pipeline.extract_load_group.extract_transactions scheduled__2025-09-02T00:00:00+00:00 [running]> on host e348b991e0be
[2025-10-14T04:20:53.073+0000] {taskinstance.py:3132} INFO - Exporting env vars: AIRFLOW_CTX_DAG_OWNER='***' AIRFLOW_CTX_DAG_ID='elt-pipeline' AIRFLOW_CTX_TASK_ID='extract_load_group.extract_transactions' AIRFLOW_CTX_EXECUTION_DATE='2025-09-02T00:00:00+00:00' AIRFLOW_CTX_TRY_NUMBER='1' AIRFLOW_CTX_DAG_RUN_ID='scheduled__2025-09-02T00:00:00+00:00'
[2025-10-14T04:20:53.074+0000] {taskinstance.py:731} INFO - ::endgroup::
[2025-10-14T04:20:53.232+0000] {extract.py:22} INFO - Data written to transactions.csv
[2025-10-14T04:20:53.233+0000] {python.py:240} INFO - Done. Returned value was: None
[2025-10-14T04:20:53.248+0000] {taskinstance.py:340} INFO - ::group::Post task execution logs
[2025-10-14T04:20:53.249+0000] {taskinstance.py:352} INFO - Marking task as SUCCESS. dag_id=elt-pipeline, task_id=extract_load_group.extract_transactions, run_id=scheduled__2025-09-02T00:00:00+00:00, execution_date=20250902T000000, start_date=20251014T042052, end_date=20251014T042053
[2025-10-14T04:20:53.308+0000] {local_task_job_runner.py:266} INFO - Task exited with return code 0
[2025-10-14T04:20:53.322+0000] {local_task_job_runner.py:245} INFO - ::endgroup::
[2025-10-14T04:22:34.463+0000] {local_task_job_runner.py:123} INFO - ::group::Pre task execution logs
[2025-10-14T04:22:34.487+0000] {taskinstance.py:2613} INFO - Dependencies all met for dep_context=non-requeueable deps ti=<TaskInstance: elt-pipeline.extract_load_group.extract_transactions scheduled__2025-09-02T00:00:00+00:00 [queued]>
[2025-10-14T04:22:34.499+0000] {taskinstance.py:2613} INFO - Dependencies all met for dep_context=requeueable deps ti=<TaskInstance: elt-pipeline.extract_load_group.extract_transactions scheduled__2025-09-02T00:00:00+00:00 [queued]>
[2025-10-14T04:22:34.500+0000] {taskinstance.py:2866} INFO - Starting attempt 1 of 1
[2025-10-14T04:22:34.517+0000] {taskinstance.py:2889} INFO - Executing <Task(PythonOperator): extract_load_group.extract_transactions> on 2025-09-02 00:00:00+00:00
[2025-10-14T04:22:34.527+0000] {warnings.py:112} WARNING - /home/***/.local/lib/python3.12/site-packages/***/task/task_runner/standard_task_runner.py:70: DeprecationWarning: This process (pid=536) is multi-threaded, use of fork() may lead to deadlocks in the child.
  pid = os.fork()

[2025-10-14T04:22:34.529+0000] {standard_task_runner.py:72} INFO - Started process 547 to run task
[2025-10-14T04:22:34.529+0000] {standard_task_runner.py:104} INFO - Running: ['***', 'tasks', 'run', 'elt-pipeline', 'extract_load_group.extract_transactions', 'scheduled__2025-09-02T00:00:00+00:00', '--job-id', '333', '--raw', '--subdir', 'DAGS_FOLDER/elt.py', '--cfg-path', '/tmp/tmpb6un0gvo']
[2025-10-14T04:22:34.530+0000] {standard_task_runner.py:105} INFO - Job 333: Subtask extract_load_group.extract_transactions
[2025-10-14T04:22:34.600+0000] {task_command.py:467} INFO - Running <TaskInstance: elt-pipeline.extract_load_group.extract_transactions scheduled__2025-09-02T00:00:00+00:00 [running]> on host e348b991e0be
[2025-10-14T04:22:34.699+0000] {taskinstance.py:3132} INFO - Exporting env vars: AIRFLOW_CTX_DAG_OWNER='***' AIRFLOW_CTX_DAG_ID='elt-pipeline' AIRFLOW_CTX_TASK_ID='extract_load_group.extract_transactions' AIRFLOW_CTX_EXECUTION_DATE='2025-09-02T00:00:00+00:00' AIRFLOW_CTX_TRY_NUMBER='1' AIRFLOW_CTX_DAG_RUN_ID='scheduled__2025-09-02T00:00:00+00:00'
[2025-10-14T04:22:34.700+0000] {taskinstance.py:731} INFO - ::endgroup::
[2025-10-14T04:22:34.857+0000] {extract.py:22} INFO - Data written to transactions.csv
[2025-10-14T04:22:34.858+0000] {python.py:240} INFO - Done. Returned value was: None
[2025-10-14T04:22:34.872+0000] {taskinstance.py:340} INFO - ::group::Post task execution logs
[2025-10-14T04:22:34.873+0000] {taskinstance.py:352} INFO - Marking task as SUCCESS. dag_id=elt-pipeline, task_id=extract_load_group.extract_transactions, run_id=scheduled__2025-09-02T00:00:00+00:00, execution_date=20250902T000000, start_date=20251014T042234, end_date=20251014T042234
[2025-10-14T04:22:34.905+0000] {local_task_job_runner.py:266} INFO - Task exited with return code 0
[2025-10-14T04:22:34.943+0000] {taskinstance.py:3895} INFO - 1 downstream tasks scheduled from follow-on schedule check
[2025-10-14T04:22:34.945+0000] {local_task_job_runner.py:245} INFO - ::endgroup::
[2025-10-14T04:26:30.755+0000] {local_task_job_runner.py:123} INFO - ::group::Pre task execution logs
[2025-10-14T04:26:30.776+0000] {taskinstance.py:2613} INFO - Dependencies all met for dep_context=non-requeueable deps ti=<TaskInstance: elt-pipeline.extract_load_group.extract_transactions scheduled__2025-09-02T00:00:00+00:00 [queued]>
[2025-10-14T04:26:30.790+0000] {taskinstance.py:2613} INFO - Dependencies all met for dep_context=requeueable deps ti=<TaskInstance: elt-pipeline.extract_load_group.extract_transactions scheduled__2025-09-02T00:00:00+00:00 [queued]>
[2025-10-14T04:26:30.791+0000] {taskinstance.py:2866} INFO - Starting attempt 1 of 1
[2025-10-14T04:26:30.811+0000] {taskinstance.py:2889} INFO - Executing <Task(PythonOperator): extract_load_group.extract_transactions> on 2025-09-02 00:00:00+00:00
[2025-10-14T04:26:30.824+0000] {standard_task_runner.py:104} INFO - Running: ['***', 'tasks', 'run', 'elt-pipeline', 'extract_load_group.extract_transactions', 'scheduled__2025-09-02T00:00:00+00:00', '--job-id', '355', '--raw', '--subdir', 'DAGS_FOLDER/elt.py', '--cfg-path', '/tmp/tmpvg70m95z']
[2025-10-14T04:26:30.826+0000] {standard_task_runner.py:105} INFO - Job 355: Subtask extract_load_group.extract_transactions
[2025-10-14T04:26:30.821+0000] {warnings.py:112} WARNING - /home/***/.local/lib/python3.12/site-packages/***/task/task_runner/standard_task_runner.py:70: DeprecationWarning: This process (pid=671) is multi-threaded, use of fork() may lead to deadlocks in the child.
  pid = os.fork()

[2025-10-14T04:26:30.827+0000] {standard_task_runner.py:72} INFO - Started process 677 to run task
[2025-10-14T04:26:30.917+0000] {task_command.py:467} INFO - Running <TaskInstance: elt-pipeline.extract_load_group.extract_transactions scheduled__2025-09-02T00:00:00+00:00 [running]> on host e348b991e0be
[2025-10-14T04:26:31.028+0000] {taskinstance.py:3132} INFO - Exporting env vars: AIRFLOW_CTX_DAG_OWNER='***' AIRFLOW_CTX_DAG_ID='elt-pipeline' AIRFLOW_CTX_TASK_ID='extract_load_group.extract_transactions' AIRFLOW_CTX_EXECUTION_DATE='2025-09-02T00:00:00+00:00' AIRFLOW_CTX_TRY_NUMBER='1' AIRFLOW_CTX_DAG_RUN_ID='scheduled__2025-09-02T00:00:00+00:00'
[2025-10-14T04:26:31.029+0000] {taskinstance.py:731} INFO - ::endgroup::
[2025-10-14T04:26:31.196+0000] {extract.py:22} INFO - Data written to transactions.csv
[2025-10-14T04:26:31.197+0000] {python.py:240} INFO - Done. Returned value was: None
[2025-10-14T04:26:31.213+0000] {taskinstance.py:340} INFO - ::group::Post task execution logs
[2025-10-14T04:26:31.214+0000] {taskinstance.py:352} INFO - Marking task as SUCCESS. dag_id=elt-pipeline, task_id=extract_load_group.extract_transactions, run_id=scheduled__2025-09-02T00:00:00+00:00, execution_date=20250902T000000, start_date=20251014T042630, end_date=20251014T042631
[2025-10-14T04:26:31.244+0000] {local_task_job_runner.py:266} INFO - Task exited with return code 0
[2025-10-14T04:26:31.280+0000] {taskinstance.py:3895} INFO - 1 downstream tasks scheduled from follow-on schedule check
[2025-10-14T04:26:31.282+0000] {local_task_job_runner.py:245} INFO - ::endgroup::
[2025-10-14T04:28:36.834+0000] {local_task_job_runner.py:123} INFO - ::group::Pre task execution logs
[2025-10-14T04:28:36.853+0000] {taskinstance.py:2613} INFO - Dependencies all met for dep_context=non-requeueable deps ti=<TaskInstance: elt-pipeline.extract_load_group.extract_transactions scheduled__2025-09-02T00:00:00+00:00 [queued]>
[2025-10-14T04:28:36.862+0000] {taskinstance.py:2613} INFO - Dependencies all met for dep_context=requeueable deps ti=<TaskInstance: elt-pipeline.extract_load_group.extract_transactions scheduled__2025-09-02T00:00:00+00:00 [queued]>
[2025-10-14T04:28:36.863+0000] {taskinstance.py:2866} INFO - Starting attempt 1 of 1
[2025-10-14T04:28:36.876+0000] {taskinstance.py:2889} INFO - Executing <Task(PythonOperator): extract_load_group.extract_transactions> on 2025-09-02 00:00:00+00:00
[2025-10-14T04:28:36.883+0000] {warnings.py:112} WARNING - /home/***/.local/lib/python3.12/site-packages/***/task/task_runner/standard_task_runner.py:70: DeprecationWarning: This process (pid=789) is multi-threaded, use of fork() may lead to deadlocks in the child.
  pid = os.fork()

[2025-10-14T04:28:36.885+0000] {standard_task_runner.py:72} INFO - Started process 791 to run task
[2025-10-14T04:28:36.887+0000] {standard_task_runner.py:104} INFO - Running: ['***', 'tasks', 'run', 'elt-pipeline', 'extract_load_group.extract_transactions', 'scheduled__2025-09-02T00:00:00+00:00', '--job-id', '380', '--raw', '--subdir', 'DAGS_FOLDER/elt.py', '--cfg-path', '/tmp/tmptd942gkn']
[2025-10-14T04:28:36.889+0000] {standard_task_runner.py:105} INFO - Job 380: Subtask extract_load_group.extract_transactions
[2025-10-14T04:28:36.952+0000] {task_command.py:467} INFO - Running <TaskInstance: elt-pipeline.extract_load_group.extract_transactions scheduled__2025-09-02T00:00:00+00:00 [running]> on host e348b991e0be
[2025-10-14T04:28:37.064+0000] {taskinstance.py:3132} INFO - Exporting env vars: AIRFLOW_CTX_DAG_OWNER='***' AIRFLOW_CTX_DAG_ID='elt-pipeline' AIRFLOW_CTX_TASK_ID='extract_load_group.extract_transactions' AIRFLOW_CTX_EXECUTION_DATE='2025-09-02T00:00:00+00:00' AIRFLOW_CTX_TRY_NUMBER='1' AIRFLOW_CTX_DAG_RUN_ID='scheduled__2025-09-02T00:00:00+00:00'
[2025-10-14T04:28:37.066+0000] {taskinstance.py:731} INFO - ::endgroup::
[2025-10-14T04:28:37.262+0000] {extract.py:22} INFO - Data written to transactions.csv
[2025-10-14T04:28:37.263+0000] {python.py:240} INFO - Done. Returned value was: None
[2025-10-14T04:28:37.284+0000] {taskinstance.py:340} INFO - ::group::Post task execution logs
[2025-10-14T04:28:37.285+0000] {taskinstance.py:352} INFO - Marking task as SUCCESS. dag_id=elt-pipeline, task_id=extract_load_group.extract_transactions, run_id=scheduled__2025-09-02T00:00:00+00:00, execution_date=20250902T000000, start_date=20251014T042836, end_date=20251014T042837
[2025-10-14T04:28:37.341+0000] {local_task_job_runner.py:266} INFO - Task exited with return code 0
[2025-10-14T04:28:37.356+0000] {local_task_job_runner.py:245} INFO - ::endgroup::
[2025-10-14T04:31:44.202+0000] {local_task_job_runner.py:123} INFO - ::group::Pre task execution logs
[2025-10-14T04:31:44.226+0000] {taskinstance.py:2613} INFO - Dependencies all met for dep_context=non-requeueable deps ti=<TaskInstance: elt-pipeline.extract_load_group.extract_transactions scheduled__2025-09-02T00:00:00+00:00 [queued]>
[2025-10-14T04:31:44.237+0000] {taskinstance.py:2613} INFO - Dependencies all met for dep_context=requeueable deps ti=<TaskInstance: elt-pipeline.extract_load_group.extract_transactions scheduled__2025-09-02T00:00:00+00:00 [queued]>
[2025-10-14T04:31:44.237+0000] {taskinstance.py:2866} INFO - Starting attempt 1 of 1
[2025-10-14T04:31:44.255+0000] {taskinstance.py:2889} INFO - Executing <Task(PythonOperator): extract_load_group.extract_transactions> on 2025-09-02 00:00:00+00:00
[2025-10-14T04:31:44.264+0000] {warnings.py:112} WARNING - /home/***/.local/lib/python3.12/site-packages/***/task/task_runner/standard_task_runner.py:70: DeprecationWarning: This process (pid=1087) is multi-threaded, use of fork() may lead to deadlocks in the child.
  pid = os.fork()

[2025-10-14T04:31:44.267+0000] {standard_task_runner.py:72} INFO - Started process 1090 to run task
[2025-10-14T04:31:44.267+0000] {standard_task_runner.py:104} INFO - Running: ['***', 'tasks', 'run', 'elt-pipeline', 'extract_load_group.extract_transactions', 'scheduled__2025-09-02T00:00:00+00:00', '--job-id', '450', '--raw', '--subdir', 'DAGS_FOLDER/elt.py', '--cfg-path', '/tmp/tmpr96l7401']
[2025-10-14T04:31:44.268+0000] {standard_task_runner.py:105} INFO - Job 450: Subtask extract_load_group.extract_transactions
[2025-10-14T04:31:44.344+0000] {task_command.py:467} INFO - Running <TaskInstance: elt-pipeline.extract_load_group.extract_transactions scheduled__2025-09-02T00:00:00+00:00 [running]> on host e348b991e0be
[2025-10-14T04:31:44.465+0000] {taskinstance.py:3132} INFO - Exporting env vars: AIRFLOW_CTX_DAG_OWNER='***' AIRFLOW_CTX_DAG_ID='elt-pipeline' AIRFLOW_CTX_TASK_ID='extract_load_group.extract_transactions' AIRFLOW_CTX_EXECUTION_DATE='2025-09-02T00:00:00+00:00' AIRFLOW_CTX_TRY_NUMBER='1' AIRFLOW_CTX_DAG_RUN_ID='scheduled__2025-09-02T00:00:00+00:00'
[2025-10-14T04:31:44.466+0000] {taskinstance.py:731} INFO - ::endgroup::
[2025-10-14T04:31:44.655+0000] {extract.py:22} INFO - Data written to transactions.csv
[2025-10-14T04:31:44.656+0000] {python.py:240} INFO - Done. Returned value was: None
[2025-10-14T04:31:44.673+0000] {taskinstance.py:340} INFO - ::group::Post task execution logs
[2025-10-14T04:31:44.674+0000] {taskinstance.py:352} INFO - Marking task as SUCCESS. dag_id=elt-pipeline, task_id=extract_load_group.extract_transactions, run_id=scheduled__2025-09-02T00:00:00+00:00, execution_date=20250902T000000, start_date=20251014T043144, end_date=20251014T043144
[2025-10-14T04:31:44.724+0000] {local_task_job_runner.py:266} INFO - Task exited with return code 0
[2025-10-14T04:31:44.737+0000] {local_task_job_runner.py:245} INFO - ::endgroup::
