[2025-10-13T09:22:07.507+0000] {local_task_job_runner.py:123} INFO - ::group::Pre task execution logs
[2025-10-13T09:22:07.530+0000] {taskinstance.py:2613} INFO - Dependencies all met for dep_context=non-requeueable deps ti=<TaskInstance: elt-pipeline.extract_load_group.load_products scheduled__2025-09-06T00:00:00+00:00 [queued]>
[2025-10-13T09:22:07.540+0000] {taskinstance.py:2613} INFO - Dependencies all met for dep_context=requeueable deps ti=<TaskInstance: elt-pipeline.extract_load_group.load_products scheduled__2025-09-06T00:00:00+00:00 [queued]>
[2025-10-13T09:22:07.541+0000] {taskinstance.py:2866} INFO - Starting attempt 1 of 1
[2025-10-13T09:22:07.559+0000] {taskinstance.py:2889} INFO - Executing <Task(PythonOperator): extract_load_group.load_products> on 2025-09-06 00:00:00+00:00
[2025-10-13T09:22:07.567+0000] {warnings.py:112} WARNING - /home/***/.local/lib/python3.12/site-packages/***/task/task_runner/standard_task_runner.py:70: DeprecationWarning: This process (pid=1499) is multi-threaded, use of fork() may lead to deadlocks in the child.
  pid = os.fork()

[2025-10-13T09:22:07.569+0000] {standard_task_runner.py:72} INFO - Started process 1509 to run task
[2025-10-13T09:22:07.569+0000] {standard_task_runner.py:104} INFO - Running: ['***', 'tasks', 'run', 'elt-pipeline', 'extract_load_group.load_products', 'scheduled__2025-09-06T00:00:00+00:00', '--job-id', '228', '--raw', '--subdir', 'DAGS_FOLDER/elt.py', '--cfg-path', '/tmp/tmp8dr63rlf']
[2025-10-13T09:22:07.571+0000] {standard_task_runner.py:105} INFO - Job 228: Subtask extract_load_group.load_products
[2025-10-13T09:22:07.638+0000] {task_command.py:467} INFO - Running <TaskInstance: elt-pipeline.extract_load_group.load_products scheduled__2025-09-06T00:00:00+00:00 [running]> on host 84d5a327cf64
[2025-10-13T09:22:07.737+0000] {taskinstance.py:3132} INFO - Exporting env vars: AIRFLOW_CTX_DAG_OWNER='***' AIRFLOW_CTX_DAG_ID='elt-pipeline' AIRFLOW_CTX_TASK_ID='extract_load_group.load_products' AIRFLOW_CTX_EXECUTION_DATE='2025-09-06T00:00:00+00:00' AIRFLOW_CTX_TRY_NUMBER='1' AIRFLOW_CTX_DAG_RUN_ID='scheduled__2025-09-06T00:00:00+00:00'
[2025-10-13T09:22:07.738+0000] {taskinstance.py:731} INFO - ::endgroup::
[2025-10-13T09:22:22.037+0000] {load.py:30} INFO - Loaded 1000 rows and 4 columns to gcpl-469311.datalabs_techtest.stg_products
[2025-10-13T09:22:22.037+0000] {python.py:240} INFO - Done. Returned value was: None
[2025-10-13T09:22:22.052+0000] {taskinstance.py:340} INFO - ::group::Post task execution logs
[2025-10-13T09:22:22.053+0000] {taskinstance.py:352} INFO - Marking task as SUCCESS. dag_id=elt-pipeline, task_id=extract_load_group.load_products, run_id=scheduled__2025-09-06T00:00:00+00:00, execution_date=20250906T000000, start_date=20251013T092207, end_date=20251013T092222
[2025-10-13T09:22:22.118+0000] {local_task_job_runner.py:266} INFO - Task exited with return code 0
[2025-10-13T09:22:22.145+0000] {taskinstance.py:3895} INFO - 1 downstream tasks scheduled from follow-on schedule check
[2025-10-13T09:22:22.148+0000] {local_task_job_runner.py:245} INFO - ::endgroup::
[2025-10-14T04:30:20.032+0000] {local_task_job_runner.py:123} INFO - ::group::Pre task execution logs
[2025-10-14T04:30:20.054+0000] {taskinstance.py:2613} INFO - Dependencies all met for dep_context=non-requeueable deps ti=<TaskInstance: elt-pipeline.extract_load_group.load_products scheduled__2025-09-06T00:00:00+00:00 [queued]>
[2025-10-14T04:30:20.063+0000] {taskinstance.py:2613} INFO - Dependencies all met for dep_context=requeueable deps ti=<TaskInstance: elt-pipeline.extract_load_group.load_products scheduled__2025-09-06T00:00:00+00:00 [queued]>
[2025-10-14T04:30:20.063+0000] {taskinstance.py:2866} INFO - Starting attempt 1 of 1
[2025-10-14T04:30:20.079+0000] {taskinstance.py:2889} INFO - Executing <Task(PythonOperator): extract_load_group.load_products> on 2025-09-06 00:00:00+00:00
[2025-10-14T04:30:20.086+0000] {warnings.py:112} WARNING - /home/***/.local/lib/python3.12/site-packages/***/task/task_runner/standard_task_runner.py:70: DeprecationWarning: This process (pid=996) is multi-threaded, use of fork() may lead to deadlocks in the child.
  pid = os.fork()

[2025-10-14T04:30:20.088+0000] {standard_task_runner.py:72} INFO - Started process 1002 to run task
[2025-10-14T04:30:20.088+0000] {standard_task_runner.py:104} INFO - Running: ['***', 'tasks', 'run', 'elt-pipeline', 'extract_load_group.load_products', 'scheduled__2025-09-06T00:00:00+00:00', '--job-id', '433', '--raw', '--subdir', 'DAGS_FOLDER/elt.py', '--cfg-path', '/tmp/tmplh3ioklk']
[2025-10-14T04:30:20.090+0000] {standard_task_runner.py:105} INFO - Job 433: Subtask extract_load_group.load_products
[2025-10-14T04:30:20.145+0000] {task_command.py:467} INFO - Running <TaskInstance: elt-pipeline.extract_load_group.load_products scheduled__2025-09-06T00:00:00+00:00 [running]> on host e348b991e0be
[2025-10-14T04:30:20.236+0000] {taskinstance.py:3132} INFO - Exporting env vars: AIRFLOW_CTX_DAG_OWNER='***' AIRFLOW_CTX_DAG_ID='elt-pipeline' AIRFLOW_CTX_TASK_ID='extract_load_group.load_products' AIRFLOW_CTX_EXECUTION_DATE='2025-09-06T00:00:00+00:00' AIRFLOW_CTX_TRY_NUMBER='1' AIRFLOW_CTX_DAG_RUN_ID='scheduled__2025-09-06T00:00:00+00:00'
[2025-10-14T04:30:20.237+0000] {taskinstance.py:731} INFO - ::endgroup::
[2025-10-14T04:30:24.242+0000] {load.py:30} INFO - Loaded 1000 rows and 4 columns to gcpl-469311.datalabs_techtest.stg_products
[2025-10-14T04:30:24.243+0000] {python.py:240} INFO - Done. Returned value was: None
[2025-10-14T04:30:24.254+0000] {taskinstance.py:340} INFO - ::group::Post task execution logs
[2025-10-14T04:30:24.254+0000] {taskinstance.py:352} INFO - Marking task as SUCCESS. dag_id=elt-pipeline, task_id=extract_load_group.load_products, run_id=scheduled__2025-09-06T00:00:00+00:00, execution_date=20250906T000000, start_date=20251014T043020, end_date=20251014T043024
[2025-10-14T04:30:24.317+0000] {local_task_job_runner.py:266} INFO - Task exited with return code 0
[2025-10-14T04:30:24.343+0000] {taskinstance.py:3895} INFO - 0 downstream tasks scheduled from follow-on schedule check
[2025-10-14T04:30:24.345+0000] {local_task_job_runner.py:245} INFO - ::endgroup::
[2025-10-14T04:37:15.159+0000] {local_task_job_runner.py:123} INFO - ::group::Pre task execution logs
[2025-10-14T04:37:15.182+0000] {taskinstance.py:2613} INFO - Dependencies all met for dep_context=non-requeueable deps ti=<TaskInstance: elt-pipeline.extract_load_group.load_products scheduled__2025-09-06T00:00:00+00:00 [queued]>
[2025-10-14T04:37:15.193+0000] {taskinstance.py:2613} INFO - Dependencies all met for dep_context=requeueable deps ti=<TaskInstance: elt-pipeline.extract_load_group.load_products scheduled__2025-09-06T00:00:00+00:00 [queued]>
[2025-10-14T04:37:15.193+0000] {taskinstance.py:2866} INFO - Starting attempt 1 of 1
[2025-10-14T04:37:15.211+0000] {taskinstance.py:2889} INFO - Executing <Task(PythonOperator): extract_load_group.load_products> on 2025-09-06 00:00:00+00:00
[2025-10-14T04:37:15.218+0000] {warnings.py:112} WARNING - /home/***/.local/lib/python3.12/site-packages/***/task/task_runner/standard_task_runner.py:70: DeprecationWarning: This process (pid=1344) is multi-threaded, use of fork() may lead to deadlocks in the child.
  pid = os.fork()

[2025-10-14T04:37:15.221+0000] {standard_task_runner.py:72} INFO - Started process 1349 to run task
[2025-10-14T04:37:15.221+0000] {standard_task_runner.py:104} INFO - Running: ['***', 'tasks', 'run', 'elt-pipeline', 'extract_load_group.load_products', 'scheduled__2025-09-06T00:00:00+00:00', '--job-id', '503', '--raw', '--subdir', 'DAGS_FOLDER/elt.py', '--cfg-path', '/tmp/tmp4s74bcim']
[2025-10-14T04:37:15.223+0000] {standard_task_runner.py:105} INFO - Job 503: Subtask extract_load_group.load_products
[2025-10-14T04:37:15.293+0000] {task_command.py:467} INFO - Running <TaskInstance: elt-pipeline.extract_load_group.load_products scheduled__2025-09-06T00:00:00+00:00 [running]> on host e348b991e0be
[2025-10-14T04:37:15.406+0000] {taskinstance.py:3132} INFO - Exporting env vars: AIRFLOW_CTX_DAG_OWNER='***' AIRFLOW_CTX_DAG_ID='elt-pipeline' AIRFLOW_CTX_TASK_ID='extract_load_group.load_products' AIRFLOW_CTX_EXECUTION_DATE='2025-09-06T00:00:00+00:00' AIRFLOW_CTX_TRY_NUMBER='1' AIRFLOW_CTX_DAG_RUN_ID='scheduled__2025-09-06T00:00:00+00:00'
[2025-10-14T04:37:15.407+0000] {taskinstance.py:731} INFO - ::endgroup::
[2025-10-14T04:37:19.908+0000] {load.py:30} INFO - Loaded 1000 rows and 4 columns to gcpl-469311.datalabs_techtest.stg_products
[2025-10-14T04:37:19.909+0000] {python.py:240} INFO - Done. Returned value was: None
[2025-10-14T04:37:19.920+0000] {taskinstance.py:340} INFO - ::group::Post task execution logs
[2025-10-14T04:37:19.920+0000] {taskinstance.py:352} INFO - Marking task as SUCCESS. dag_id=elt-pipeline, task_id=extract_load_group.load_products, run_id=scheduled__2025-09-06T00:00:00+00:00, execution_date=20250906T000000, start_date=20251014T043715, end_date=20251014T043719
[2025-10-14T04:37:19.975+0000] {local_task_job_runner.py:266} INFO - Task exited with return code 0
[2025-10-14T04:37:20.001+0000] {taskinstance.py:3895} INFO - 0 downstream tasks scheduled from follow-on schedule check
[2025-10-14T04:37:20.003+0000] {local_task_job_runner.py:245} INFO - ::endgroup::
