[2025-10-13T08:36:36.242+0000] {local_task_job_runner.py:123} INFO - ::group::Pre task execution logs
[2025-10-13T08:36:36.268+0000] {taskinstance.py:2613} INFO - Dependencies all met for dep_context=non-requeueable deps ti=<TaskInstance: elt-pipeline.extract_load_group.extract_transaction_items scheduled__2025-09-01T00:00:00+00:00 [queued]>
[2025-10-13T08:36:36.279+0000] {taskinstance.py:2613} INFO - Dependencies all met for dep_context=requeueable deps ti=<TaskInstance: elt-pipeline.extract_load_group.extract_transaction_items scheduled__2025-09-01T00:00:00+00:00 [queued]>
[2025-10-13T08:36:36.280+0000] {taskinstance.py:2866} INFO - Starting attempt 1 of 1
[2025-10-13T08:36:36.295+0000] {taskinstance.py:2889} INFO - Executing <Task(PythonOperator): extract_load_group.extract_transaction_items> on 2025-09-01 00:00:00+00:00
[2025-10-13T08:36:36.304+0000] {warnings.py:112} WARNING - /home/***/.local/lib/python3.12/site-packages/***/task/task_runner/standard_task_runner.py:70: DeprecationWarning: This process (pid=134) is multi-threaded, use of fork() may lead to deadlocks in the child.
  pid = os.fork()

[2025-10-13T08:36:36.307+0000] {standard_task_runner.py:72} INFO - Started process 139 to run task
[2025-10-13T08:36:36.306+0000] {standard_task_runner.py:104} INFO - Running: ['***', 'tasks', 'run', 'elt-pipeline', 'extract_load_group.extract_transaction_items', 'scheduled__2025-09-01T00:00:00+00:00', '--job-id', '4', '--raw', '--subdir', 'DAGS_FOLDER/elt.py', '--cfg-path', '/tmp/tmpy6tstnez']
[2025-10-13T08:36:36.308+0000] {standard_task_runner.py:105} INFO - Job 4: Subtask extract_load_group.extract_transaction_items
[2025-10-13T08:36:36.381+0000] {task_command.py:467} INFO - Running <TaskInstance: elt-pipeline.extract_load_group.extract_transaction_items scheduled__2025-09-01T00:00:00+00:00 [running]> on host 84d5a327cf64
[2025-10-13T08:36:36.489+0000] {taskinstance.py:3132} INFO - Exporting env vars: AIRFLOW_CTX_DAG_OWNER='***' AIRFLOW_CTX_DAG_ID='elt-pipeline' AIRFLOW_CTX_TASK_ID='extract_load_group.extract_transaction_items' AIRFLOW_CTX_EXECUTION_DATE='2025-09-01T00:00:00+00:00' AIRFLOW_CTX_TRY_NUMBER='1' AIRFLOW_CTX_DAG_RUN_ID='scheduled__2025-09-01T00:00:00+00:00'
[2025-10-13T08:36:36.490+0000] {taskinstance.py:731} INFO - ::endgroup::
[2025-10-13T08:36:36.722+0000] {extract.py:22} INFO - Data written to transaction_items.csv
[2025-10-13T08:36:36.723+0000] {python.py:240} INFO - Done. Returned value was: None
[2025-10-13T08:36:36.739+0000] {taskinstance.py:340} INFO - ::group::Post task execution logs
[2025-10-13T08:36:36.740+0000] {taskinstance.py:352} INFO - Marking task as SUCCESS. dag_id=elt-pipeline, task_id=extract_load_group.extract_transaction_items, run_id=scheduled__2025-09-01T00:00:00+00:00, execution_date=20250901T000000, start_date=20251013T083636, end_date=20251013T083636
[2025-10-13T08:36:36.805+0000] {local_task_job_runner.py:266} INFO - Task exited with return code 0
[2025-10-13T08:36:36.818+0000] {local_task_job_runner.py:245} INFO - ::endgroup::
[2025-10-13T08:44:43.992+0000] {local_task_job_runner.py:123} INFO - ::group::Pre task execution logs
[2025-10-13T08:44:44.015+0000] {taskinstance.py:2613} INFO - Dependencies all met for dep_context=non-requeueable deps ti=<TaskInstance: elt-pipeline.extract_load_group.extract_transaction_items scheduled__2025-09-01T00:00:00+00:00 [queued]>
[2025-10-13T08:44:44.023+0000] {taskinstance.py:2613} INFO - Dependencies all met for dep_context=requeueable deps ti=<TaskInstance: elt-pipeline.extract_load_group.extract_transaction_items scheduled__2025-09-01T00:00:00+00:00 [queued]>
[2025-10-13T08:44:44.024+0000] {taskinstance.py:2866} INFO - Starting attempt 1 of 1
[2025-10-13T08:44:44.039+0000] {taskinstance.py:2889} INFO - Executing <Task(PythonOperator): extract_load_group.extract_transaction_items> on 2025-09-01 00:00:00+00:00
[2025-10-13T08:44:44.048+0000] {warnings.py:112} WARNING - /home/***/.local/lib/python3.12/site-packages/***/task/task_runner/standard_task_runner.py:70: DeprecationWarning: This process (pid=488) is multi-threaded, use of fork() may lead to deadlocks in the child.
  pid = os.fork()

[2025-10-13T08:44:44.050+0000] {standard_task_runner.py:72} INFO - Started process 489 to run task
[2025-10-13T08:44:44.050+0000] {standard_task_runner.py:104} INFO - Running: ['***', 'tasks', 'run', 'elt-pipeline', 'extract_load_group.extract_transaction_items', 'scheduled__2025-09-01T00:00:00+00:00', '--job-id', '74', '--raw', '--subdir', 'DAGS_FOLDER/elt.py', '--cfg-path', '/tmp/tmpx3fkfkss']
[2025-10-13T08:44:44.052+0000] {standard_task_runner.py:105} INFO - Job 74: Subtask extract_load_group.extract_transaction_items
[2025-10-13T08:44:44.121+0000] {task_command.py:467} INFO - Running <TaskInstance: elt-pipeline.extract_load_group.extract_transaction_items scheduled__2025-09-01T00:00:00+00:00 [running]> on host 84d5a327cf64
[2025-10-13T08:44:44.217+0000] {taskinstance.py:3132} INFO - Exporting env vars: AIRFLOW_CTX_DAG_OWNER='***' AIRFLOW_CTX_DAG_ID='elt-pipeline' AIRFLOW_CTX_TASK_ID='extract_load_group.extract_transaction_items' AIRFLOW_CTX_EXECUTION_DATE='2025-09-01T00:00:00+00:00' AIRFLOW_CTX_TRY_NUMBER='1' AIRFLOW_CTX_DAG_RUN_ID='scheduled__2025-09-01T00:00:00+00:00'
[2025-10-13T08:44:44.218+0000] {taskinstance.py:731} INFO - ::endgroup::
[2025-10-13T08:44:44.370+0000] {extract.py:22} INFO - Data written to transaction_items.csv
[2025-10-13T08:44:44.371+0000] {python.py:240} INFO - Done. Returned value was: None
[2025-10-13T08:44:44.386+0000] {taskinstance.py:340} INFO - ::group::Post task execution logs
[2025-10-13T08:44:44.386+0000] {taskinstance.py:352} INFO - Marking task as SUCCESS. dag_id=elt-pipeline, task_id=extract_load_group.extract_transaction_items, run_id=scheduled__2025-09-01T00:00:00+00:00, execution_date=20250901T000000, start_date=20251013T084444, end_date=20251013T084444
[2025-10-13T08:44:44.427+0000] {local_task_job_runner.py:266} INFO - Task exited with return code 0
[2025-10-13T08:44:44.464+0000] {taskinstance.py:3895} INFO - 1 downstream tasks scheduled from follow-on schedule check
[2025-10-13T08:44:44.467+0000] {local_task_job_runner.py:245} INFO - ::endgroup::
[2025-10-13T08:53:59.264+0000] {local_task_job_runner.py:123} INFO - ::group::Pre task execution logs
[2025-10-13T08:53:59.293+0000] {taskinstance.py:2613} INFO - Dependencies all met for dep_context=non-requeueable deps ti=<TaskInstance: elt-pipeline.extract_load_group.extract_transaction_items scheduled__2025-09-01T00:00:00+00:00 [queued]>
[2025-10-13T08:53:59.303+0000] {taskinstance.py:2613} INFO - Dependencies all met for dep_context=requeueable deps ti=<TaskInstance: elt-pipeline.extract_load_group.extract_transaction_items scheduled__2025-09-01T00:00:00+00:00 [queued]>
[2025-10-13T08:53:59.304+0000] {taskinstance.py:2866} INFO - Starting attempt 1 of 1
[2025-10-13T08:53:59.323+0000] {taskinstance.py:2889} INFO - Executing <Task(PythonOperator): extract_load_group.extract_transaction_items> on 2025-09-01 00:00:00+00:00
[2025-10-13T08:53:59.332+0000] {warnings.py:112} WARNING - /home/***/.local/lib/python3.12/site-packages/***/task/task_runner/standard_task_runner.py:70: DeprecationWarning: This process (pid=676) is multi-threaded, use of fork() may lead to deadlocks in the child.
  pid = os.fork()

[2025-10-13T08:53:59.335+0000] {standard_task_runner.py:72} INFO - Started process 683 to run task
[2025-10-13T08:53:59.335+0000] {standard_task_runner.py:104} INFO - Running: ['***', 'tasks', 'run', 'elt-pipeline', 'extract_load_group.extract_transaction_items', 'scheduled__2025-09-01T00:00:00+00:00', '--job-id', '96', '--raw', '--subdir', 'DAGS_FOLDER/elt.py', '--cfg-path', '/tmp/tmp39ovo1g2']
[2025-10-13T08:53:59.337+0000] {standard_task_runner.py:105} INFO - Job 96: Subtask extract_load_group.extract_transaction_items
[2025-10-13T08:53:59.415+0000] {task_command.py:467} INFO - Running <TaskInstance: elt-pipeline.extract_load_group.extract_transaction_items scheduled__2025-09-01T00:00:00+00:00 [running]> on host 84d5a327cf64
[2025-10-13T08:53:59.535+0000] {taskinstance.py:3132} INFO - Exporting env vars: AIRFLOW_CTX_DAG_OWNER='***' AIRFLOW_CTX_DAG_ID='elt-pipeline' AIRFLOW_CTX_TASK_ID='extract_load_group.extract_transaction_items' AIRFLOW_CTX_EXECUTION_DATE='2025-09-01T00:00:00+00:00' AIRFLOW_CTX_TRY_NUMBER='1' AIRFLOW_CTX_DAG_RUN_ID='scheduled__2025-09-01T00:00:00+00:00'
[2025-10-13T08:53:59.538+0000] {taskinstance.py:731} INFO - ::endgroup::
[2025-10-13T08:53:59.702+0000] {extract.py:22} INFO - Data written to transaction_items.csv
[2025-10-13T08:53:59.703+0000] {python.py:240} INFO - Done. Returned value was: None
[2025-10-13T08:53:59.716+0000] {taskinstance.py:340} INFO - ::group::Post task execution logs
[2025-10-13T08:53:59.717+0000] {taskinstance.py:352} INFO - Marking task as SUCCESS. dag_id=elt-pipeline, task_id=extract_load_group.extract_transaction_items, run_id=scheduled__2025-09-01T00:00:00+00:00, execution_date=20250901T000000, start_date=20251013T085359, end_date=20251013T085359
[2025-10-13T08:53:59.751+0000] {local_task_job_runner.py:266} INFO - Task exited with return code 0
[2025-10-13T08:53:59.762+0000] {local_task_job_runner.py:245} INFO - ::endgroup::
[2025-10-13T09:04:28.034+0000] {local_task_job_runner.py:123} INFO - ::group::Pre task execution logs
[2025-10-13T09:04:28.057+0000] {taskinstance.py:2613} INFO - Dependencies all met for dep_context=non-requeueable deps ti=<TaskInstance: elt-pipeline.extract_load_group.extract_transaction_items scheduled__2025-09-01T00:00:00+00:00 [queued]>
[2025-10-13T09:04:28.067+0000] {taskinstance.py:2613} INFO - Dependencies all met for dep_context=requeueable deps ti=<TaskInstance: elt-pipeline.extract_load_group.extract_transaction_items scheduled__2025-09-01T00:00:00+00:00 [queued]>
[2025-10-13T09:04:28.067+0000] {taskinstance.py:2866} INFO - Starting attempt 1 of 1
[2025-10-13T09:04:28.084+0000] {taskinstance.py:2889} INFO - Executing <Task(PythonOperator): extract_load_group.extract_transaction_items> on 2025-09-01 00:00:00+00:00
[2025-10-13T09:04:28.094+0000] {warnings.py:112} WARNING - /home/***/.local/lib/python3.12/site-packages/***/task/task_runner/standard_task_runner.py:70: DeprecationWarning: This process (pid=956) is multi-threaded, use of fork() may lead to deadlocks in the child.
  pid = os.fork()

[2025-10-13T09:04:28.097+0000] {standard_task_runner.py:72} INFO - Started process 963 to run task
[2025-10-13T09:04:28.097+0000] {standard_task_runner.py:104} INFO - Running: ['***', 'tasks', 'run', 'elt-pipeline', 'extract_load_group.extract_transaction_items', 'scheduled__2025-09-01T00:00:00+00:00', '--job-id', '136', '--raw', '--subdir', 'DAGS_FOLDER/elt.py', '--cfg-path', '/tmp/tmp205jti4g']
[2025-10-13T09:04:28.098+0000] {standard_task_runner.py:105} INFO - Job 136: Subtask extract_load_group.extract_transaction_items
[2025-10-13T09:04:28.166+0000] {task_command.py:467} INFO - Running <TaskInstance: elt-pipeline.extract_load_group.extract_transaction_items scheduled__2025-09-01T00:00:00+00:00 [running]> on host 84d5a327cf64
[2025-10-13T09:04:28.286+0000] {taskinstance.py:3132} INFO - Exporting env vars: AIRFLOW_CTX_DAG_OWNER='***' AIRFLOW_CTX_DAG_ID='elt-pipeline' AIRFLOW_CTX_TASK_ID='extract_load_group.extract_transaction_items' AIRFLOW_CTX_EXECUTION_DATE='2025-09-01T00:00:00+00:00' AIRFLOW_CTX_TRY_NUMBER='1' AIRFLOW_CTX_DAG_RUN_ID='scheduled__2025-09-01T00:00:00+00:00'
[2025-10-13T09:04:28.287+0000] {taskinstance.py:731} INFO - ::endgroup::
[2025-10-13T09:04:28.463+0000] {taskinstance.py:3311} ERROR - Task failed with exception
Traceback (most recent call last):
  File "/home/airflow/.local/lib/python3.12/site-packages/airflow/models/taskinstance.py", line 767, in _execute_task
    result = _execute_callable(context=context, **execute_callable_kwargs)
             ^^^^^^^^^^^^^^^^^^^^^^^^^^^^^^^^^^^^^^^^^^^^^^^^^^^^^^^^^^^^^
  File "/home/airflow/.local/lib/python3.12/site-packages/airflow/models/taskinstance.py", line 733, in _execute_callable
    return ExecutionCallableRunner(
           ^^^^^^^^^^^^^^^^^^^^^^^^
  File "/home/airflow/.local/lib/python3.12/site-packages/airflow/utils/operator_helpers.py", line 252, in run
    return self.func(*args, **kwargs)
           ^^^^^^^^^^^^^^^^^^^^^^^^^^
  File "/home/airflow/.local/lib/python3.12/site-packages/airflow/models/baseoperator.py", line 422, in wrapper
    return func(self, *args, **kwargs)
           ^^^^^^^^^^^^^^^^^^^^^^^^^^^
  File "/home/airflow/.local/lib/python3.12/site-packages/airflow/operators/python.py", line 238, in execute
    return_value = self.execute_callable()
                   ^^^^^^^^^^^^^^^^^^^^^^^
  File "/home/airflow/.local/lib/python3.12/site-packages/airflow/operators/python.py", line 256, in execute_callable
    return runner.run(*self.op_args, **self.op_kwargs)
           ^^^^^^^^^^^^^^^^^^^^^^^^^^^^^^^^^^^^^^^^^^^
  File "/home/airflow/.local/lib/python3.12/site-packages/airflow/utils/operator_helpers.py", line 252, in run
    return self.func(*args, **kwargs)
           ^^^^^^^^^^^^^^^^^^^^^^^^^^
  File "/opt/airflow/dags/scripts/extract.py", line 17, in extract
    with open(f"config/sample_data/{table_name}.csv", "w", newline="", encoding="utf-8") as csvfile:
         ^^^^^^^^^^^^^^^^^^^^^^^^^^^^^^^^^^^^^^^^^^^^^^^^^^^^^^^^^^^^^^^^^^^^^^^^^^^^^^^
FileNotFoundError: [Errno 2] No such file or directory: 'config/sample_data/transaction_items.csv'
[2025-10-13T09:04:28.482+0000] {taskinstance.py:1225} INFO - Marking task as FAILED. dag_id=elt-pipeline, task_id=extract_load_group.extract_transaction_items, run_id=scheduled__2025-09-01T00:00:00+00:00, execution_date=20250901T000000, start_date=20251013T090428, end_date=20251013T090428
[2025-10-13T09:04:28.499+0000] {taskinstance.py:340} INFO - ::group::Post task execution logs
[2025-10-13T09:04:28.499+0000] {standard_task_runner.py:124} ERROR - Failed to execute job 136 for task extract_load_group.extract_transaction_items ([Errno 2] No such file or directory: 'config/sample_data/transaction_items.csv'; 963)
Traceback (most recent call last):
  File "/home/airflow/.local/lib/python3.12/site-packages/airflow/task/task_runner/standard_task_runner.py", line 117, in _start_by_fork
    ret = args.func(args, dag=self.dag)
          ^^^^^^^^^^^^^^^^^^^^^^^^^^^^^
  File "/home/airflow/.local/lib/python3.12/site-packages/airflow/cli/cli_config.py", line 49, in command
    return func(*args, **kwargs)
           ^^^^^^^^^^^^^^^^^^^^^
  File "/home/airflow/.local/lib/python3.12/site-packages/airflow/utils/cli.py", line 116, in wrapper
    return f(*args, **kwargs)
           ^^^^^^^^^^^^^^^^^^
  File "/home/airflow/.local/lib/python3.12/site-packages/airflow/cli/commands/task_command.py", line 483, in task_run
    task_return_code = _run_task_by_selected_method(args, _dag, ti)
                       ^^^^^^^^^^^^^^^^^^^^^^^^^^^^^^^^^^^^^^^^^^^^
  File "/home/airflow/.local/lib/python3.12/site-packages/airflow/cli/commands/task_command.py", line 256, in _run_task_by_selected_method
    return _run_raw_task(args, ti)
           ^^^^^^^^^^^^^^^^^^^^^^^
  File "/home/airflow/.local/lib/python3.12/site-packages/airflow/cli/commands/task_command.py", line 341, in _run_raw_task
    return ti._run_raw_task(
           ^^^^^^^^^^^^^^^^^
  File "/home/airflow/.local/lib/python3.12/site-packages/airflow/utils/session.py", line 97, in wrapper
    return func(*args, session=session, **kwargs)
           ^^^^^^^^^^^^^^^^^^^^^^^^^^^^^^^^^^^^^^
  File "/home/airflow/.local/lib/python3.12/site-packages/airflow/models/taskinstance.py", line 3005, in _run_raw_task
    return _run_raw_task(
           ^^^^^^^^^^^^^^
  File "/home/airflow/.local/lib/python3.12/site-packages/airflow/models/taskinstance.py", line 273, in _run_raw_task
    TaskInstance._execute_task_with_callbacks(
  File "/home/airflow/.local/lib/python3.12/site-packages/airflow/models/taskinstance.py", line 3159, in _execute_task_with_callbacks
    result = self._execute_task(context, task_orig)
             ^^^^^^^^^^^^^^^^^^^^^^^^^^^^^^^^^^^^^^
  File "/home/airflow/.local/lib/python3.12/site-packages/airflow/models/taskinstance.py", line 3183, in _execute_task
    return _execute_task(self, context, task_orig)
           ^^^^^^^^^^^^^^^^^^^^^^^^^^^^^^^^^^^^^^^
  File "/home/airflow/.local/lib/python3.12/site-packages/airflow/models/taskinstance.py", line 767, in _execute_task
    result = _execute_callable(context=context, **execute_callable_kwargs)
             ^^^^^^^^^^^^^^^^^^^^^^^^^^^^^^^^^^^^^^^^^^^^^^^^^^^^^^^^^^^^^
  File "/home/airflow/.local/lib/python3.12/site-packages/airflow/models/taskinstance.py", line 733, in _execute_callable
    return ExecutionCallableRunner(
           ^^^^^^^^^^^^^^^^^^^^^^^^
  File "/home/airflow/.local/lib/python3.12/site-packages/airflow/utils/operator_helpers.py", line 252, in run
    return self.func(*args, **kwargs)
           ^^^^^^^^^^^^^^^^^^^^^^^^^^
  File "/home/airflow/.local/lib/python3.12/site-packages/airflow/models/baseoperator.py", line 422, in wrapper
    return func(self, *args, **kwargs)
           ^^^^^^^^^^^^^^^^^^^^^^^^^^^
  File "/home/airflow/.local/lib/python3.12/site-packages/airflow/operators/python.py", line 238, in execute
    return_value = self.execute_callable()
                   ^^^^^^^^^^^^^^^^^^^^^^^
  File "/home/airflow/.local/lib/python3.12/site-packages/airflow/operators/python.py", line 256, in execute_callable
    return runner.run(*self.op_args, **self.op_kwargs)
           ^^^^^^^^^^^^^^^^^^^^^^^^^^^^^^^^^^^^^^^^^^^
  File "/home/airflow/.local/lib/python3.12/site-packages/airflow/utils/operator_helpers.py", line 252, in run
    return self.func(*args, **kwargs)
           ^^^^^^^^^^^^^^^^^^^^^^^^^^
  File "/opt/airflow/dags/scripts/extract.py", line 17, in extract
    with open(f"config/sample_data/{table_name}.csv", "w", newline="", encoding="utf-8") as csvfile:
         ^^^^^^^^^^^^^^^^^^^^^^^^^^^^^^^^^^^^^^^^^^^^^^^^^^^^^^^^^^^^^^^^^^^^^^^^^^^^^^^
FileNotFoundError: [Errno 2] No such file or directory: 'config/sample_data/transaction_items.csv'
[2025-10-13T09:04:28.554+0000] {local_task_job_runner.py:266} INFO - Task exited with return code 1
[2025-10-13T09:04:28.567+0000] {local_task_job_runner.py:245} INFO - ::endgroup::
[2025-10-13T09:05:34.944+0000] {local_task_job_runner.py:123} INFO - ::group::Pre task execution logs
[2025-10-13T09:05:34.967+0000] {taskinstance.py:2613} INFO - Dependencies all met for dep_context=non-requeueable deps ti=<TaskInstance: elt-pipeline.extract_load_group.extract_transaction_items scheduled__2025-09-01T00:00:00+00:00 [queued]>
[2025-10-13T09:05:34.978+0000] {taskinstance.py:2613} INFO - Dependencies all met for dep_context=requeueable deps ti=<TaskInstance: elt-pipeline.extract_load_group.extract_transaction_items scheduled__2025-09-01T00:00:00+00:00 [queued]>
[2025-10-13T09:05:34.979+0000] {taskinstance.py:2866} INFO - Starting attempt 1 of 1
[2025-10-13T09:05:34.994+0000] {taskinstance.py:2889} INFO - Executing <Task(PythonOperator): extract_load_group.extract_transaction_items> on 2025-09-01 00:00:00+00:00
[2025-10-13T09:05:35.002+0000] {warnings.py:112} WARNING - /home/***/.local/lib/python3.12/site-packages/***/task/task_runner/standard_task_runner.py:70: DeprecationWarning: This process (pid=1010) is multi-threaded, use of fork() may lead to deadlocks in the child.
  pid = os.fork()

[2025-10-13T09:05:35.004+0000] {standard_task_runner.py:72} INFO - Started process 1014 to run task
[2025-10-13T09:05:35.006+0000] {standard_task_runner.py:104} INFO - Running: ['***', 'tasks', 'run', 'elt-pipeline', 'extract_load_group.extract_transaction_items', 'scheduled__2025-09-01T00:00:00+00:00', '--job-id', '145', '--raw', '--subdir', 'DAGS_FOLDER/elt.py', '--cfg-path', '/tmp/tmpvsa2mdbr']
[2025-10-13T09:05:35.007+0000] {standard_task_runner.py:105} INFO - Job 145: Subtask extract_load_group.extract_transaction_items
[2025-10-13T09:05:35.078+0000] {task_command.py:467} INFO - Running <TaskInstance: elt-pipeline.extract_load_group.extract_transaction_items scheduled__2025-09-01T00:00:00+00:00 [running]> on host 84d5a327cf64
[2025-10-13T09:05:35.183+0000] {taskinstance.py:3132} INFO - Exporting env vars: AIRFLOW_CTX_DAG_OWNER='***' AIRFLOW_CTX_DAG_ID='elt-pipeline' AIRFLOW_CTX_TASK_ID='extract_load_group.extract_transaction_items' AIRFLOW_CTX_EXECUTION_DATE='2025-09-01T00:00:00+00:00' AIRFLOW_CTX_TRY_NUMBER='1' AIRFLOW_CTX_DAG_RUN_ID='scheduled__2025-09-01T00:00:00+00:00'
[2025-10-13T09:05:35.184+0000] {taskinstance.py:731} INFO - ::endgroup::
[2025-10-13T09:05:35.344+0000] {extract.py:22} INFO - Data written to transaction_items.csv
[2025-10-13T09:05:35.345+0000] {python.py:240} INFO - Done. Returned value was: None
[2025-10-13T09:05:35.363+0000] {taskinstance.py:340} INFO - ::group::Post task execution logs
[2025-10-13T09:05:35.364+0000] {taskinstance.py:352} INFO - Marking task as SUCCESS. dag_id=elt-pipeline, task_id=extract_load_group.extract_transaction_items, run_id=scheduled__2025-09-01T00:00:00+00:00, execution_date=20250901T000000, start_date=20251013T090534, end_date=20251013T090535
[2025-10-13T09:05:35.421+0000] {local_task_job_runner.py:266} INFO - Task exited with return code 0
[2025-10-13T09:05:35.454+0000] {taskinstance.py:3895} INFO - 1 downstream tasks scheduled from follow-on schedule check
[2025-10-13T09:05:35.458+0000] {local_task_job_runner.py:245} INFO - ::endgroup::
[2025-10-13T09:15:16.579+0000] {local_task_job_runner.py:123} INFO - ::group::Pre task execution logs
[2025-10-13T09:15:16.601+0000] {taskinstance.py:2613} INFO - Dependencies all met for dep_context=non-requeueable deps ti=<TaskInstance: elt-pipeline.extract_load_group.extract_transaction_items scheduled__2025-09-01T00:00:00+00:00 [queued]>
[2025-10-13T09:15:16.609+0000] {taskinstance.py:2613} INFO - Dependencies all met for dep_context=requeueable deps ti=<TaskInstance: elt-pipeline.extract_load_group.extract_transaction_items scheduled__2025-09-01T00:00:00+00:00 [queued]>
[2025-10-13T09:15:16.610+0000] {taskinstance.py:2866} INFO - Starting attempt 1 of 1
[2025-10-13T09:15:16.624+0000] {taskinstance.py:2889} INFO - Executing <Task(PythonOperator): extract_load_group.extract_transaction_items> on 2025-09-01 00:00:00+00:00
[2025-10-13T09:15:16.633+0000] {warnings.py:112} WARNING - /home/***/.local/lib/python3.12/site-packages/***/task/task_runner/standard_task_runner.py:70: DeprecationWarning: This process (pid=1173) is multi-threaded, use of fork() may lead to deadlocks in the child.
  pid = os.fork()

[2025-10-13T09:15:16.635+0000] {standard_task_runner.py:72} INFO - Started process 1175 to run task
[2025-10-13T09:15:16.635+0000] {standard_task_runner.py:104} INFO - Running: ['***', 'tasks', 'run', 'elt-pipeline', 'extract_load_group.extract_transaction_items', 'scheduled__2025-09-01T00:00:00+00:00', '--job-id', '156', '--raw', '--subdir', 'DAGS_FOLDER/elt.py', '--cfg-path', '/tmp/tmpzq8vs63f']
[2025-10-13T09:15:16.636+0000] {standard_task_runner.py:105} INFO - Job 156: Subtask extract_load_group.extract_transaction_items
[2025-10-13T09:15:16.713+0000] {task_command.py:467} INFO - Running <TaskInstance: elt-pipeline.extract_load_group.extract_transaction_items scheduled__2025-09-01T00:00:00+00:00 [running]> on host 84d5a327cf64
[2025-10-13T09:15:16.807+0000] {taskinstance.py:3132} INFO - Exporting env vars: AIRFLOW_CTX_DAG_OWNER='***' AIRFLOW_CTX_DAG_ID='elt-pipeline' AIRFLOW_CTX_TASK_ID='extract_load_group.extract_transaction_items' AIRFLOW_CTX_EXECUTION_DATE='2025-09-01T00:00:00+00:00' AIRFLOW_CTX_TRY_NUMBER='1' AIRFLOW_CTX_DAG_RUN_ID='scheduled__2025-09-01T00:00:00+00:00'
[2025-10-13T09:15:16.808+0000] {taskinstance.py:731} INFO - ::endgroup::
[2025-10-13T09:15:16.963+0000] {extract.py:22} INFO - Data written to transaction_items.csv
[2025-10-13T09:15:16.964+0000] {python.py:240} INFO - Done. Returned value was: None
[2025-10-13T09:15:16.983+0000] {taskinstance.py:340} INFO - ::group::Post task execution logs
[2025-10-13T09:15:16.984+0000] {taskinstance.py:352} INFO - Marking task as SUCCESS. dag_id=elt-pipeline, task_id=extract_load_group.extract_transaction_items, run_id=scheduled__2025-09-01T00:00:00+00:00, execution_date=20250901T000000, start_date=20251013T091516, end_date=20251013T091516
[2025-10-13T09:15:17.012+0000] {local_task_job_runner.py:266} INFO - Task exited with return code 0
[2025-10-13T09:15:17.043+0000] {taskinstance.py:3895} INFO - 1 downstream tasks scheduled from follow-on schedule check
[2025-10-13T09:15:17.047+0000] {local_task_job_runner.py:245} INFO - ::endgroup::
[2025-10-13T09:20:32.934+0000] {local_task_job_runner.py:123} INFO - ::group::Pre task execution logs
[2025-10-13T09:20:32.962+0000] {taskinstance.py:2613} INFO - Dependencies all met for dep_context=non-requeueable deps ti=<TaskInstance: elt-pipeline.extract_load_group.extract_transaction_items scheduled__2025-09-01T00:00:00+00:00 [queued]>
[2025-10-13T09:20:32.972+0000] {taskinstance.py:2613} INFO - Dependencies all met for dep_context=requeueable deps ti=<TaskInstance: elt-pipeline.extract_load_group.extract_transaction_items scheduled__2025-09-01T00:00:00+00:00 [queued]>
[2025-10-13T09:20:32.973+0000] {taskinstance.py:2866} INFO - Starting attempt 1 of 1
[2025-10-13T09:20:32.990+0000] {taskinstance.py:2889} INFO - Executing <Task(PythonOperator): extract_load_group.extract_transaction_items> on 2025-09-01 00:00:00+00:00
[2025-10-13T09:20:32.998+0000] {warnings.py:112} WARNING - /home/***/.local/lib/python3.12/site-packages/***/task/task_runner/standard_task_runner.py:70: DeprecationWarning: This process (pid=1270) is multi-threaded, use of fork() may lead to deadlocks in the child.
  pid = os.fork()

[2025-10-13T09:20:33.001+0000] {standard_task_runner.py:104} INFO - Running: ['***', 'tasks', 'run', 'elt-pipeline', 'extract_load_group.extract_transaction_items', 'scheduled__2025-09-01T00:00:00+00:00', '--job-id', '167', '--raw', '--subdir', 'DAGS_FOLDER/elt.py', '--cfg-path', '/tmp/tmpt_1md87j']
[2025-10-13T09:20:33.002+0000] {standard_task_runner.py:72} INFO - Started process 1277 to run task
[2025-10-13T09:20:33.003+0000] {standard_task_runner.py:105} INFO - Job 167: Subtask extract_load_group.extract_transaction_items
[2025-10-13T09:20:33.087+0000] {task_command.py:467} INFO - Running <TaskInstance: elt-pipeline.extract_load_group.extract_transaction_items scheduled__2025-09-01T00:00:00+00:00 [running]> on host 84d5a327cf64
[2025-10-13T09:20:33.205+0000] {taskinstance.py:3132} INFO - Exporting env vars: AIRFLOW_CTX_DAG_OWNER='***' AIRFLOW_CTX_DAG_ID='elt-pipeline' AIRFLOW_CTX_TASK_ID='extract_load_group.extract_transaction_items' AIRFLOW_CTX_EXECUTION_DATE='2025-09-01T00:00:00+00:00' AIRFLOW_CTX_TRY_NUMBER='1' AIRFLOW_CTX_DAG_RUN_ID='scheduled__2025-09-01T00:00:00+00:00'
[2025-10-13T09:20:33.206+0000] {taskinstance.py:731} INFO - ::endgroup::
[2025-10-13T09:20:33.390+0000] {extract.py:22} INFO - Data written to transaction_items.csv
[2025-10-13T09:20:33.391+0000] {python.py:240} INFO - Done. Returned value was: None
[2025-10-13T09:20:33.409+0000] {taskinstance.py:340} INFO - ::group::Post task execution logs
[2025-10-13T09:20:33.410+0000] {taskinstance.py:352} INFO - Marking task as SUCCESS. dag_id=elt-pipeline, task_id=extract_load_group.extract_transaction_items, run_id=scheduled__2025-09-01T00:00:00+00:00, execution_date=20250901T000000, start_date=20251013T092032, end_date=20251013T092033
[2025-10-13T09:20:33.459+0000] {local_task_job_runner.py:266} INFO - Task exited with return code 0
[2025-10-13T09:20:33.473+0000] {local_task_job_runner.py:245} INFO - ::endgroup::
[2025-10-14T04:15:40.132+0000] {local_task_job_runner.py:123} INFO - ::group::Pre task execution logs
[2025-10-14T04:15:40.155+0000] {taskinstance.py:2613} INFO - Dependencies all met for dep_context=non-requeueable deps ti=<TaskInstance: elt-pipeline.extract_load_group.extract_transaction_items scheduled__2025-09-01T00:00:00+00:00 [queued]>
[2025-10-14T04:15:40.164+0000] {taskinstance.py:2613} INFO - Dependencies all met for dep_context=requeueable deps ti=<TaskInstance: elt-pipeline.extract_load_group.extract_transaction_items scheduled__2025-09-01T00:00:00+00:00 [queued]>
[2025-10-14T04:15:40.165+0000] {taskinstance.py:2866} INFO - Starting attempt 1 of 1
[2025-10-14T04:15:40.178+0000] {taskinstance.py:2889} INFO - Executing <Task(PythonOperator): extract_load_group.extract_transaction_items> on 2025-09-01 00:00:00+00:00
[2025-10-14T04:15:40.187+0000] {warnings.py:112} WARNING - /home/***/.local/lib/python3.12/site-packages/***/task/task_runner/standard_task_runner.py:70: DeprecationWarning: This process (pid=109) is multi-threaded, use of fork() may lead to deadlocks in the child.
  pid = os.fork()

[2025-10-14T04:15:40.191+0000] {standard_task_runner.py:72} INFO - Started process 113 to run task
[2025-10-14T04:15:40.191+0000] {standard_task_runner.py:104} INFO - Running: ['***', 'tasks', 'run', 'elt-pipeline', 'extract_load_group.extract_transaction_items', 'scheduled__2025-09-01T00:00:00+00:00', '--job-id', '239', '--raw', '--subdir', 'DAGS_FOLDER/elt.py', '--cfg-path', '/tmp/tmpgt3udxkb']
[2025-10-14T04:15:40.192+0000] {standard_task_runner.py:105} INFO - Job 239: Subtask extract_load_group.extract_transaction_items
[2025-10-14T04:15:40.262+0000] {task_command.py:467} INFO - Running <TaskInstance: elt-pipeline.extract_load_group.extract_transaction_items scheduled__2025-09-01T00:00:00+00:00 [running]> on host e348b991e0be
[2025-10-14T04:15:40.359+0000] {taskinstance.py:3132} INFO - Exporting env vars: AIRFLOW_CTX_DAG_OWNER='***' AIRFLOW_CTX_DAG_ID='elt-pipeline' AIRFLOW_CTX_TASK_ID='extract_load_group.extract_transaction_items' AIRFLOW_CTX_EXECUTION_DATE='2025-09-01T00:00:00+00:00' AIRFLOW_CTX_TRY_NUMBER='1' AIRFLOW_CTX_DAG_RUN_ID='scheduled__2025-09-01T00:00:00+00:00'
[2025-10-14T04:15:40.360+0000] {taskinstance.py:731} INFO - ::endgroup::
[2025-10-14T04:15:40.633+0000] {extract.py:22} INFO - Data written to transaction_items.csv
[2025-10-14T04:15:40.634+0000] {python.py:240} INFO - Done. Returned value was: None
[2025-10-14T04:15:40.647+0000] {taskinstance.py:340} INFO - ::group::Post task execution logs
[2025-10-14T04:15:40.648+0000] {taskinstance.py:352} INFO - Marking task as SUCCESS. dag_id=elt-pipeline, task_id=extract_load_group.extract_transaction_items, run_id=scheduled__2025-09-01T00:00:00+00:00, execution_date=20250901T000000, start_date=20251014T041540, end_date=20251014T041540
[2025-10-14T04:15:40.688+0000] {local_task_job_runner.py:266} INFO - Task exited with return code 0
[2025-10-14T04:15:40.724+0000] {taskinstance.py:3895} INFO - 1 downstream tasks scheduled from follow-on schedule check
[2025-10-14T04:15:40.727+0000] {local_task_job_runner.py:245} INFO - ::endgroup::
[2025-10-14T04:20:39.311+0000] {local_task_job_runner.py:123} INFO - ::group::Pre task execution logs
[2025-10-14T04:20:39.338+0000] {taskinstance.py:2613} INFO - Dependencies all met for dep_context=non-requeueable deps ti=<TaskInstance: elt-pipeline.extract_load_group.extract_transaction_items scheduled__2025-09-01T00:00:00+00:00 [queued]>
[2025-10-14T04:20:39.350+0000] {taskinstance.py:2613} INFO - Dependencies all met for dep_context=requeueable deps ti=<TaskInstance: elt-pipeline.extract_load_group.extract_transaction_items scheduled__2025-09-01T00:00:00+00:00 [queued]>
[2025-10-14T04:20:39.351+0000] {taskinstance.py:2866} INFO - Starting attempt 1 of 1
[2025-10-14T04:20:39.368+0000] {taskinstance.py:2889} INFO - Executing <Task(PythonOperator): extract_load_group.extract_transaction_items> on 2025-09-01 00:00:00+00:00
[2025-10-14T04:20:39.377+0000] {warnings.py:112} WARNING - /home/***/.local/lib/python3.12/site-packages/***/task/task_runner/standard_task_runner.py:70: DeprecationWarning: This process (pid=251) is multi-threaded, use of fork() may lead to deadlocks in the child.
  pid = os.fork()

[2025-10-14T04:20:39.380+0000] {standard_task_runner.py:72} INFO - Started process 258 to run task
[2025-10-14T04:20:39.378+0000] {standard_task_runner.py:104} INFO - Running: ['***', 'tasks', 'run', 'elt-pipeline', 'extract_load_group.extract_transaction_items', 'scheduled__2025-09-01T00:00:00+00:00', '--job-id', '260', '--raw', '--subdir', 'DAGS_FOLDER/elt.py', '--cfg-path', '/tmp/tmpw07xqkgq']
[2025-10-14T04:20:39.380+0000] {standard_task_runner.py:105} INFO - Job 260: Subtask extract_load_group.extract_transaction_items
[2025-10-14T04:20:39.455+0000] {task_command.py:467} INFO - Running <TaskInstance: elt-pipeline.extract_load_group.extract_transaction_items scheduled__2025-09-01T00:00:00+00:00 [running]> on host e348b991e0be
[2025-10-14T04:20:39.559+0000] {taskinstance.py:3132} INFO - Exporting env vars: AIRFLOW_CTX_DAG_OWNER='***' AIRFLOW_CTX_DAG_ID='elt-pipeline' AIRFLOW_CTX_TASK_ID='extract_load_group.extract_transaction_items' AIRFLOW_CTX_EXECUTION_DATE='2025-09-01T00:00:00+00:00' AIRFLOW_CTX_TRY_NUMBER='1' AIRFLOW_CTX_DAG_RUN_ID='scheduled__2025-09-01T00:00:00+00:00'
[2025-10-14T04:20:39.561+0000] {taskinstance.py:731} INFO - ::endgroup::
[2025-10-14T04:20:39.720+0000] {extract.py:22} INFO - Data written to transaction_items.csv
[2025-10-14T04:20:39.721+0000] {python.py:240} INFO - Done. Returned value was: None
[2025-10-14T04:20:39.737+0000] {taskinstance.py:340} INFO - ::group::Post task execution logs
[2025-10-14T04:20:39.738+0000] {taskinstance.py:352} INFO - Marking task as SUCCESS. dag_id=elt-pipeline, task_id=extract_load_group.extract_transaction_items, run_id=scheduled__2025-09-01T00:00:00+00:00, execution_date=20250901T000000, start_date=20251014T042039, end_date=20251014T042039
[2025-10-14T04:20:39.797+0000] {local_task_job_runner.py:266} INFO - Task exited with return code 0
[2025-10-14T04:20:39.808+0000] {local_task_job_runner.py:245} INFO - ::endgroup::
[2025-10-14T04:22:14.239+0000] {local_task_job_runner.py:123} INFO - ::group::Pre task execution logs
[2025-10-14T04:22:14.261+0000] {taskinstance.py:2613} INFO - Dependencies all met for dep_context=non-requeueable deps ti=<TaskInstance: elt-pipeline.extract_load_group.extract_transaction_items scheduled__2025-09-01T00:00:00+00:00 [queued]>
[2025-10-14T04:22:14.270+0000] {taskinstance.py:2613} INFO - Dependencies all met for dep_context=requeueable deps ti=<TaskInstance: elt-pipeline.extract_load_group.extract_transaction_items scheduled__2025-09-01T00:00:00+00:00 [queued]>
[2025-10-14T04:22:14.270+0000] {taskinstance.py:2866} INFO - Starting attempt 1 of 1
[2025-10-14T04:22:14.283+0000] {taskinstance.py:2889} INFO - Executing <Task(PythonOperator): extract_load_group.extract_transaction_items> on 2025-09-01 00:00:00+00:00
[2025-10-14T04:22:14.290+0000] {warnings.py:112} WARNING - /home/***/.local/lib/python3.12/site-packages/***/task/task_runner/standard_task_runner.py:70: DeprecationWarning: This process (pid=486) is multi-threaded, use of fork() may lead to deadlocks in the child.
  pid = os.fork()

[2025-10-14T04:22:14.293+0000] {standard_task_runner.py:72} INFO - Started process 491 to run task
[2025-10-14T04:22:14.293+0000] {standard_task_runner.py:104} INFO - Running: ['***', 'tasks', 'run', 'elt-pipeline', 'extract_load_group.extract_transaction_items', 'scheduled__2025-09-01T00:00:00+00:00', '--job-id', '319', '--raw', '--subdir', 'DAGS_FOLDER/elt.py', '--cfg-path', '/tmp/tmppzubi46d']
[2025-10-14T04:22:14.294+0000] {standard_task_runner.py:105} INFO - Job 319: Subtask extract_load_group.extract_transaction_items
[2025-10-14T04:22:14.364+0000] {task_command.py:467} INFO - Running <TaskInstance: elt-pipeline.extract_load_group.extract_transaction_items scheduled__2025-09-01T00:00:00+00:00 [running]> on host e348b991e0be
[2025-10-14T04:22:14.458+0000] {taskinstance.py:3132} INFO - Exporting env vars: AIRFLOW_CTX_DAG_OWNER='***' AIRFLOW_CTX_DAG_ID='elt-pipeline' AIRFLOW_CTX_TASK_ID='extract_load_group.extract_transaction_items' AIRFLOW_CTX_EXECUTION_DATE='2025-09-01T00:00:00+00:00' AIRFLOW_CTX_TRY_NUMBER='1' AIRFLOW_CTX_DAG_RUN_ID='scheduled__2025-09-01T00:00:00+00:00'
[2025-10-14T04:22:14.459+0000] {taskinstance.py:731} INFO - ::endgroup::
[2025-10-14T04:22:14.621+0000] {extract.py:22} INFO - Data written to transaction_items.csv
[2025-10-14T04:22:14.623+0000] {python.py:240} INFO - Done. Returned value was: None
[2025-10-14T04:22:14.640+0000] {taskinstance.py:340} INFO - ::group::Post task execution logs
[2025-10-14T04:22:14.641+0000] {taskinstance.py:352} INFO - Marking task as SUCCESS. dag_id=elt-pipeline, task_id=extract_load_group.extract_transaction_items, run_id=scheduled__2025-09-01T00:00:00+00:00, execution_date=20250901T000000, start_date=20251014T042214, end_date=20251014T042214
[2025-10-14T04:22:14.670+0000] {local_task_job_runner.py:266} INFO - Task exited with return code 0
[2025-10-14T04:22:14.708+0000] {taskinstance.py:3895} INFO - 1 downstream tasks scheduled from follow-on schedule check
[2025-10-14T04:22:14.711+0000] {local_task_job_runner.py:245} INFO - ::endgroup::
[2025-10-14T04:26:07.588+0000] {local_task_job_runner.py:123} INFO - ::group::Pre task execution logs
[2025-10-14T04:26:07.617+0000] {taskinstance.py:2613} INFO - Dependencies all met for dep_context=non-requeueable deps ti=<TaskInstance: elt-pipeline.extract_load_group.extract_transaction_items scheduled__2025-09-01T00:00:00+00:00 [queued]>
[2025-10-14T04:26:07.631+0000] {taskinstance.py:2613} INFO - Dependencies all met for dep_context=requeueable deps ti=<TaskInstance: elt-pipeline.extract_load_group.extract_transaction_items scheduled__2025-09-01T00:00:00+00:00 [queued]>
[2025-10-14T04:26:07.631+0000] {taskinstance.py:2866} INFO - Starting attempt 1 of 1
[2025-10-14T04:26:07.650+0000] {taskinstance.py:2889} INFO - Executing <Task(PythonOperator): extract_load_group.extract_transaction_items> on 2025-09-01 00:00:00+00:00
[2025-10-14T04:26:07.657+0000] {warnings.py:112} WARNING - /home/***/.local/lib/python3.12/site-packages/***/task/task_runner/standard_task_runner.py:70: DeprecationWarning: This process (pid=628) is multi-threaded, use of fork() may lead to deadlocks in the child.
  pid = os.fork()

[2025-10-14T04:26:07.660+0000] {standard_task_runner.py:72} INFO - Started process 634 to run task
[2025-10-14T04:26:07.660+0000] {standard_task_runner.py:104} INFO - Running: ['***', 'tasks', 'run', 'elt-pipeline', 'extract_load_group.extract_transaction_items', 'scheduled__2025-09-01T00:00:00+00:00', '--job-id', '342', '--raw', '--subdir', 'DAGS_FOLDER/elt.py', '--cfg-path', '/tmp/tmp7m636fjb']
[2025-10-14T04:26:07.661+0000] {standard_task_runner.py:105} INFO - Job 342: Subtask extract_load_group.extract_transaction_items
[2025-10-14T04:26:07.739+0000] {task_command.py:467} INFO - Running <TaskInstance: elt-pipeline.extract_load_group.extract_transaction_items scheduled__2025-09-01T00:00:00+00:00 [running]> on host e348b991e0be
[2025-10-14T04:26:07.863+0000] {taskinstance.py:3132} INFO - Exporting env vars: AIRFLOW_CTX_DAG_OWNER='***' AIRFLOW_CTX_DAG_ID='elt-pipeline' AIRFLOW_CTX_TASK_ID='extract_load_group.extract_transaction_items' AIRFLOW_CTX_EXECUTION_DATE='2025-09-01T00:00:00+00:00' AIRFLOW_CTX_TRY_NUMBER='1' AIRFLOW_CTX_DAG_RUN_ID='scheduled__2025-09-01T00:00:00+00:00'
[2025-10-14T04:26:07.864+0000] {taskinstance.py:731} INFO - ::endgroup::
[2025-10-14T04:26:08.040+0000] {extract.py:22} INFO - Data written to transaction_items.csv
[2025-10-14T04:26:08.041+0000] {python.py:240} INFO - Done. Returned value was: None
[2025-10-14T04:26:08.057+0000] {taskinstance.py:340} INFO - ::group::Post task execution logs
[2025-10-14T04:26:08.057+0000] {taskinstance.py:352} INFO - Marking task as SUCCESS. dag_id=elt-pipeline, task_id=extract_load_group.extract_transaction_items, run_id=scheduled__2025-09-01T00:00:00+00:00, execution_date=20250901T000000, start_date=20251014T042607, end_date=20251014T042608
[2025-10-14T04:26:08.119+0000] {local_task_job_runner.py:266} INFO - Task exited with return code 0
[2025-10-14T04:26:08.132+0000] {local_task_job_runner.py:245} INFO - ::endgroup::
[2025-10-14T04:28:11.269+0000] {local_task_job_runner.py:123} INFO - ::group::Pre task execution logs
[2025-10-14T04:28:11.307+0000] {taskinstance.py:2613} INFO - Dependencies all met for dep_context=non-requeueable deps ti=<TaskInstance: elt-pipeline.extract_load_group.extract_transaction_items scheduled__2025-09-01T00:00:00+00:00 [queued]>
[2025-10-14T04:28:11.321+0000] {taskinstance.py:2613} INFO - Dependencies all met for dep_context=requeueable deps ti=<TaskInstance: elt-pipeline.extract_load_group.extract_transaction_items scheduled__2025-09-01T00:00:00+00:00 [queued]>
[2025-10-14T04:28:11.322+0000] {taskinstance.py:2866} INFO - Starting attempt 1 of 1
[2025-10-14T04:28:11.351+0000] {taskinstance.py:2889} INFO - Executing <Task(PythonOperator): extract_load_group.extract_transaction_items> on 2025-09-01 00:00:00+00:00
[2025-10-14T04:28:11.362+0000] {warnings.py:112} WARNING - /home/***/.local/lib/python3.12/site-packages/***/task/task_runner/standard_task_runner.py:70: DeprecationWarning: This process (pid=736) is multi-threaded, use of fork() may lead to deadlocks in the child.
  pid = os.fork()

[2025-10-14T04:28:11.365+0000] {standard_task_runner.py:72} INFO - Started process 742 to run task
[2025-10-14T04:28:11.366+0000] {standard_task_runner.py:104} INFO - Running: ['***', 'tasks', 'run', 'elt-pipeline', 'extract_load_group.extract_transaction_items', 'scheduled__2025-09-01T00:00:00+00:00', '--job-id', '367', '--raw', '--subdir', 'DAGS_FOLDER/elt.py', '--cfg-path', '/tmp/tmpcbqo_9sh']
[2025-10-14T04:28:11.367+0000] {standard_task_runner.py:105} INFO - Job 367: Subtask extract_load_group.extract_transaction_items
[2025-10-14T04:28:11.448+0000] {task_command.py:467} INFO - Running <TaskInstance: elt-pipeline.extract_load_group.extract_transaction_items scheduled__2025-09-01T00:00:00+00:00 [running]> on host e348b991e0be
[2025-10-14T04:28:11.577+0000] {taskinstance.py:3132} INFO - Exporting env vars: AIRFLOW_CTX_DAG_OWNER='***' AIRFLOW_CTX_DAG_ID='elt-pipeline' AIRFLOW_CTX_TASK_ID='extract_load_group.extract_transaction_items' AIRFLOW_CTX_EXECUTION_DATE='2025-09-01T00:00:00+00:00' AIRFLOW_CTX_TRY_NUMBER='1' AIRFLOW_CTX_DAG_RUN_ID='scheduled__2025-09-01T00:00:00+00:00'
[2025-10-14T04:28:11.579+0000] {taskinstance.py:731} INFO - ::endgroup::
[2025-10-14T04:28:11.763+0000] {extract.py:22} INFO - Data written to transaction_items.csv
[2025-10-14T04:28:11.763+0000] {python.py:240} INFO - Done. Returned value was: None
[2025-10-14T04:28:11.780+0000] {taskinstance.py:340} INFO - ::group::Post task execution logs
[2025-10-14T04:28:11.781+0000] {taskinstance.py:352} INFO - Marking task as SUCCESS. dag_id=elt-pipeline, task_id=extract_load_group.extract_transaction_items, run_id=scheduled__2025-09-01T00:00:00+00:00, execution_date=20250901T000000, start_date=20251014T042811, end_date=20251014T042811
[2025-10-14T04:28:11.822+0000] {local_task_job_runner.py:266} INFO - Task exited with return code 0
[2025-10-14T04:28:11.836+0000] {local_task_job_runner.py:245} INFO - ::endgroup::
[2025-10-14T04:31:19.085+0000] {local_task_job_runner.py:123} INFO - ::group::Pre task execution logs
[2025-10-14T04:31:19.110+0000] {taskinstance.py:2613} INFO - Dependencies all met for dep_context=non-requeueable deps ti=<TaskInstance: elt-pipeline.extract_load_group.extract_transaction_items scheduled__2025-09-01T00:00:00+00:00 [queued]>
[2025-10-14T04:31:19.120+0000] {taskinstance.py:2613} INFO - Dependencies all met for dep_context=requeueable deps ti=<TaskInstance: elt-pipeline.extract_load_group.extract_transaction_items scheduled__2025-09-01T00:00:00+00:00 [queued]>
[2025-10-14T04:31:19.121+0000] {taskinstance.py:2866} INFO - Starting attempt 1 of 1
[2025-10-14T04:31:19.136+0000] {taskinstance.py:2889} INFO - Executing <Task(PythonOperator): extract_load_group.extract_transaction_items> on 2025-09-01 00:00:00+00:00
[2025-10-14T04:31:19.143+0000] {warnings.py:112} WARNING - /home/***/.local/lib/python3.12/site-packages/***/task/task_runner/standard_task_runner.py:70: DeprecationWarning: This process (pid=1038) is multi-threaded, use of fork() may lead to deadlocks in the child.
  pid = os.fork()

[2025-10-14T04:31:19.145+0000] {standard_task_runner.py:72} INFO - Started process 1048 to run task
[2025-10-14T04:31:19.147+0000] {standard_task_runner.py:104} INFO - Running: ['***', 'tasks', 'run', 'elt-pipeline', 'extract_load_group.extract_transaction_items', 'scheduled__2025-09-01T00:00:00+00:00', '--job-id', '442', '--raw', '--subdir', 'DAGS_FOLDER/elt.py', '--cfg-path', '/tmp/tmp9zpncfz5']
[2025-10-14T04:31:19.148+0000] {standard_task_runner.py:105} INFO - Job 442: Subtask extract_load_group.extract_transaction_items
[2025-10-14T04:31:19.209+0000] {task_command.py:467} INFO - Running <TaskInstance: elt-pipeline.extract_load_group.extract_transaction_items scheduled__2025-09-01T00:00:00+00:00 [running]> on host e348b991e0be
[2025-10-14T04:31:19.318+0000] {taskinstance.py:3132} INFO - Exporting env vars: AIRFLOW_CTX_DAG_OWNER='***' AIRFLOW_CTX_DAG_ID='elt-pipeline' AIRFLOW_CTX_TASK_ID='extract_load_group.extract_transaction_items' AIRFLOW_CTX_EXECUTION_DATE='2025-09-01T00:00:00+00:00' AIRFLOW_CTX_TRY_NUMBER='1' AIRFLOW_CTX_DAG_RUN_ID='scheduled__2025-09-01T00:00:00+00:00'
[2025-10-14T04:31:19.319+0000] {taskinstance.py:731} INFO - ::endgroup::
[2025-10-14T04:31:19.494+0000] {extract.py:22} INFO - Data written to transaction_items.csv
[2025-10-14T04:31:19.495+0000] {python.py:240} INFO - Done. Returned value was: None
[2025-10-14T04:31:19.514+0000] {taskinstance.py:340} INFO - ::group::Post task execution logs
[2025-10-14T04:31:19.515+0000] {taskinstance.py:352} INFO - Marking task as SUCCESS. dag_id=elt-pipeline, task_id=extract_load_group.extract_transaction_items, run_id=scheduled__2025-09-01T00:00:00+00:00, execution_date=20250901T000000, start_date=20251014T043119, end_date=20251014T043119
[2025-10-14T04:31:19.561+0000] {local_task_job_runner.py:266} INFO - Task exited with return code 0
[2025-10-14T04:31:19.577+0000] {local_task_job_runner.py:245} INFO - ::endgroup::
