[2025-10-13T08:37:13.923+0000] {local_task_job_runner.py:123} INFO - ::group::Pre task execution logs
[2025-10-13T08:37:13.947+0000] {taskinstance.py:2613} INFO - Dependencies all met for dep_context=non-requeueable deps ti=<TaskInstance: elt-pipeline.extract_load_group.extract_transaction_items scheduled__2025-09-03T00:00:00+00:00 [queued]>
[2025-10-13T08:37:13.957+0000] {taskinstance.py:2613} INFO - Dependencies all met for dep_context=requeueable deps ti=<TaskInstance: elt-pipeline.extract_load_group.extract_transaction_items scheduled__2025-09-03T00:00:00+00:00 [queued]>
[2025-10-13T08:37:13.958+0000] {taskinstance.py:2866} INFO - Starting attempt 1 of 1
[2025-10-13T08:37:13.977+0000] {taskinstance.py:2889} INFO - Executing <Task(PythonOperator): extract_load_group.extract_transaction_items> on 2025-09-03 00:00:00+00:00
[2025-10-13T08:37:13.985+0000] {warnings.py:112} WARNING - /home/***/.local/lib/python3.12/site-packages/***/task/task_runner/standard_task_runner.py:70: DeprecationWarning: This process (pid=250) is multi-threaded, use of fork() may lead to deadlocks in the child.
  pid = os.fork()

[2025-10-13T08:37:13.987+0000] {standard_task_runner.py:72} INFO - Started process 257 to run task
[2025-10-13T08:37:13.988+0000] {standard_task_runner.py:104} INFO - Running: ['***', 'tasks', 'run', 'elt-pipeline', 'extract_load_group.extract_transaction_items', 'scheduled__2025-09-03T00:00:00+00:00', '--job-id', '37', '--raw', '--subdir', 'DAGS_FOLDER/elt.py', '--cfg-path', '/tmp/tmpxj28z7h_']
[2025-10-13T08:37:13.989+0000] {standard_task_runner.py:105} INFO - Job 37: Subtask extract_load_group.extract_transaction_items
[2025-10-13T08:37:14.056+0000] {task_command.py:467} INFO - Running <TaskInstance: elt-pipeline.extract_load_group.extract_transaction_items scheduled__2025-09-03T00:00:00+00:00 [running]> on host 84d5a327cf64
[2025-10-13T08:37:14.152+0000] {taskinstance.py:3132} INFO - Exporting env vars: AIRFLOW_CTX_DAG_OWNER='***' AIRFLOW_CTX_DAG_ID='elt-pipeline' AIRFLOW_CTX_TASK_ID='extract_load_group.extract_transaction_items' AIRFLOW_CTX_EXECUTION_DATE='2025-09-03T00:00:00+00:00' AIRFLOW_CTX_TRY_NUMBER='1' AIRFLOW_CTX_DAG_RUN_ID='scheduled__2025-09-03T00:00:00+00:00'
[2025-10-13T08:37:14.154+0000] {taskinstance.py:731} INFO - ::endgroup::
[2025-10-13T08:37:14.327+0000] {extract.py:22} INFO - Data written to transaction_items.csv
[2025-10-13T08:37:14.328+0000] {python.py:240} INFO - Done. Returned value was: None
[2025-10-13T08:37:14.349+0000] {taskinstance.py:340} INFO - ::group::Post task execution logs
[2025-10-13T08:37:14.350+0000] {taskinstance.py:352} INFO - Marking task as SUCCESS. dag_id=elt-pipeline, task_id=extract_load_group.extract_transaction_items, run_id=scheduled__2025-09-03T00:00:00+00:00, execution_date=20250903T000000, start_date=20251013T083713, end_date=20251013T083714
[2025-10-13T08:37:14.405+0000] {local_task_job_runner.py:266} INFO - Task exited with return code 0
[2025-10-13T08:37:14.420+0000] {local_task_job_runner.py:245} INFO - ::endgroup::
[2025-10-13T08:55:10.109+0000] {local_task_job_runner.py:123} INFO - ::group::Pre task execution logs
[2025-10-13T08:55:10.130+0000] {taskinstance.py:2613} INFO - Dependencies all met for dep_context=non-requeueable deps ti=<TaskInstance: elt-pipeline.extract_load_group.extract_transaction_items scheduled__2025-09-03T00:00:00+00:00 [queued]>
[2025-10-13T08:55:10.141+0000] {taskinstance.py:2613} INFO - Dependencies all met for dep_context=requeueable deps ti=<TaskInstance: elt-pipeline.extract_load_group.extract_transaction_items scheduled__2025-09-03T00:00:00+00:00 [queued]>
[2025-10-13T08:55:10.141+0000] {taskinstance.py:2866} INFO - Starting attempt 1 of 1
[2025-10-13T08:55:10.156+0000] {taskinstance.py:2889} INFO - Executing <Task(PythonOperator): extract_load_group.extract_transaction_items> on 2025-09-03 00:00:00+00:00
[2025-10-13T08:55:10.165+0000] {warnings.py:112} WARNING - /home/***/.local/lib/python3.12/site-packages/***/task/task_runner/standard_task_runner.py:70: DeprecationWarning: This process (pid=793) is multi-threaded, use of fork() may lead to deadlocks in the child.
  pid = os.fork()

[2025-10-13T08:55:10.167+0000] {standard_task_runner.py:72} INFO - Started process 800 to run task
[2025-10-13T08:55:10.168+0000] {standard_task_runner.py:104} INFO - Running: ['***', 'tasks', 'run', 'elt-pipeline', 'extract_load_group.extract_transaction_items', 'scheduled__2025-09-03T00:00:00+00:00', '--job-id', '125', '--raw', '--subdir', 'DAGS_FOLDER/elt.py', '--cfg-path', '/tmp/tmp2l4ptawj']
[2025-10-13T08:55:10.169+0000] {standard_task_runner.py:105} INFO - Job 125: Subtask extract_load_group.extract_transaction_items
[2025-10-13T08:55:10.235+0000] {task_command.py:467} INFO - Running <TaskInstance: elt-pipeline.extract_load_group.extract_transaction_items scheduled__2025-09-03T00:00:00+00:00 [running]> on host 84d5a327cf64
[2025-10-13T08:55:10.330+0000] {taskinstance.py:3132} INFO - Exporting env vars: AIRFLOW_CTX_DAG_OWNER='***' AIRFLOW_CTX_DAG_ID='elt-pipeline' AIRFLOW_CTX_TASK_ID='extract_load_group.extract_transaction_items' AIRFLOW_CTX_EXECUTION_DATE='2025-09-03T00:00:00+00:00' AIRFLOW_CTX_TRY_NUMBER='1' AIRFLOW_CTX_DAG_RUN_ID='scheduled__2025-09-03T00:00:00+00:00'
[2025-10-13T08:55:10.331+0000] {taskinstance.py:731} INFO - ::endgroup::
[2025-10-13T08:55:10.477+0000] {extract.py:22} INFO - Data written to transaction_items.csv
[2025-10-13T08:55:10.478+0000] {python.py:240} INFO - Done. Returned value was: None
[2025-10-13T08:55:10.499+0000] {taskinstance.py:340} INFO - ::group::Post task execution logs
[2025-10-13T08:55:10.500+0000] {taskinstance.py:352} INFO - Marking task as SUCCESS. dag_id=elt-pipeline, task_id=extract_load_group.extract_transaction_items, run_id=scheduled__2025-09-03T00:00:00+00:00, execution_date=20250903T000000, start_date=20251013T085510, end_date=20251013T085510
[2025-10-13T08:55:10.544+0000] {local_task_job_runner.py:266} INFO - Task exited with return code 0
[2025-10-13T08:55:10.555+0000] {local_task_job_runner.py:245} INFO - ::endgroup::
[2025-10-13T09:21:09.442+0000] {local_task_job_runner.py:123} INFO - ::group::Pre task execution logs
[2025-10-13T09:21:09.466+0000] {taskinstance.py:2613} INFO - Dependencies all met for dep_context=non-requeueable deps ti=<TaskInstance: elt-pipeline.extract_load_group.extract_transaction_items scheduled__2025-09-03T00:00:00+00:00 [queued]>
[2025-10-13T09:21:09.477+0000] {taskinstance.py:2613} INFO - Dependencies all met for dep_context=requeueable deps ti=<TaskInstance: elt-pipeline.extract_load_group.extract_transaction_items scheduled__2025-09-03T00:00:00+00:00 [queued]>
[2025-10-13T09:21:09.478+0000] {taskinstance.py:2866} INFO - Starting attempt 1 of 1
[2025-10-13T09:21:09.493+0000] {taskinstance.py:2889} INFO - Executing <Task(PythonOperator): extract_load_group.extract_transaction_items> on 2025-09-03 00:00:00+00:00
[2025-10-13T09:21:09.501+0000] {warnings.py:112} WARNING - /home/***/.local/lib/python3.12/site-packages/***/task/task_runner/standard_task_runner.py:70: DeprecationWarning: This process (pid=1360) is multi-threaded, use of fork() may lead to deadlocks in the child.
  pid = os.fork()

[2025-10-13T09:21:09.503+0000] {standard_task_runner.py:72} INFO - Started process 1365 to run task
[2025-10-13T09:21:09.503+0000] {standard_task_runner.py:104} INFO - Running: ['***', 'tasks', 'run', 'elt-pipeline', 'extract_load_group.extract_transaction_items', 'scheduled__2025-09-03T00:00:00+00:00', '--job-id', '186', '--raw', '--subdir', 'DAGS_FOLDER/elt.py', '--cfg-path', '/tmp/tmport6kywq']
[2025-10-13T09:21:09.504+0000] {standard_task_runner.py:105} INFO - Job 186: Subtask extract_load_group.extract_transaction_items
[2025-10-13T09:21:09.574+0000] {task_command.py:467} INFO - Running <TaskInstance: elt-pipeline.extract_load_group.extract_transaction_items scheduled__2025-09-03T00:00:00+00:00 [running]> on host 84d5a327cf64
[2025-10-13T09:21:09.691+0000] {taskinstance.py:3132} INFO - Exporting env vars: AIRFLOW_CTX_DAG_OWNER='***' AIRFLOW_CTX_DAG_ID='elt-pipeline' AIRFLOW_CTX_TASK_ID='extract_load_group.extract_transaction_items' AIRFLOW_CTX_EXECUTION_DATE='2025-09-03T00:00:00+00:00' AIRFLOW_CTX_TRY_NUMBER='1' AIRFLOW_CTX_DAG_RUN_ID='scheduled__2025-09-03T00:00:00+00:00'
[2025-10-13T09:21:09.693+0000] {taskinstance.py:731} INFO - ::endgroup::
[2025-10-13T09:21:09.880+0000] {extract.py:22} INFO - Data written to transaction_items.csv
[2025-10-13T09:21:09.881+0000] {python.py:240} INFO - Done. Returned value was: None
[2025-10-13T09:21:09.898+0000] {taskinstance.py:340} INFO - ::group::Post task execution logs
[2025-10-13T09:21:09.899+0000] {taskinstance.py:352} INFO - Marking task as SUCCESS. dag_id=elt-pipeline, task_id=extract_load_group.extract_transaction_items, run_id=scheduled__2025-09-03T00:00:00+00:00, execution_date=20250903T000000, start_date=20251013T092109, end_date=20251013T092109
[2025-10-13T09:21:09.959+0000] {local_task_job_runner.py:266} INFO - Task exited with return code 0
[2025-10-13T09:21:09.973+0000] {local_task_job_runner.py:245} INFO - ::endgroup::
[2025-10-14T04:21:08.374+0000] {local_task_job_runner.py:123} INFO - ::group::Pre task execution logs
[2025-10-14T04:21:08.397+0000] {taskinstance.py:2613} INFO - Dependencies all met for dep_context=non-requeueable deps ti=<TaskInstance: elt-pipeline.extract_load_group.extract_transaction_items scheduled__2025-09-03T00:00:00+00:00 [queued]>
[2025-10-14T04:21:08.406+0000] {taskinstance.py:2613} INFO - Dependencies all met for dep_context=requeueable deps ti=<TaskInstance: elt-pipeline.extract_load_group.extract_transaction_items scheduled__2025-09-03T00:00:00+00:00 [queued]>
[2025-10-14T04:21:08.407+0000] {taskinstance.py:2866} INFO - Starting attempt 1 of 1
[2025-10-14T04:21:08.423+0000] {taskinstance.py:2889} INFO - Executing <Task(PythonOperator): extract_load_group.extract_transaction_items> on 2025-09-03 00:00:00+00:00
[2025-10-14T04:21:08.430+0000] {warnings.py:112} WARNING - /home/***/.local/lib/python3.12/site-packages/***/task/task_runner/standard_task_runner.py:70: DeprecationWarning: This process (pid=347) is multi-threaded, use of fork() may lead to deadlocks in the child.
  pid = os.fork()

[2025-10-14T04:21:08.432+0000] {standard_task_runner.py:72} INFO - Started process 350 to run task
[2025-10-14T04:21:08.432+0000] {standard_task_runner.py:104} INFO - Running: ['***', 'tasks', 'run', 'elt-pipeline', 'extract_load_group.extract_transaction_items', 'scheduled__2025-09-03T00:00:00+00:00', '--job-id', '284', '--raw', '--subdir', 'DAGS_FOLDER/elt.py', '--cfg-path', '/tmp/tmp8suuaus2']
[2025-10-14T04:21:08.434+0000] {standard_task_runner.py:105} INFO - Job 284: Subtask extract_load_group.extract_transaction_items
[2025-10-14T04:21:08.505+0000] {task_command.py:467} INFO - Running <TaskInstance: elt-pipeline.extract_load_group.extract_transaction_items scheduled__2025-09-03T00:00:00+00:00 [running]> on host e348b991e0be
[2025-10-14T04:21:08.607+0000] {taskinstance.py:3132} INFO - Exporting env vars: AIRFLOW_CTX_DAG_OWNER='***' AIRFLOW_CTX_DAG_ID='elt-pipeline' AIRFLOW_CTX_TASK_ID='extract_load_group.extract_transaction_items' AIRFLOW_CTX_EXECUTION_DATE='2025-09-03T00:00:00+00:00' AIRFLOW_CTX_TRY_NUMBER='1' AIRFLOW_CTX_DAG_RUN_ID='scheduled__2025-09-03T00:00:00+00:00'
[2025-10-14T04:21:08.608+0000] {taskinstance.py:731} INFO - ::endgroup::
[2025-10-14T04:21:08.784+0000] {extract.py:22} INFO - Data written to transaction_items.csv
[2025-10-14T04:21:08.785+0000] {python.py:240} INFO - Done. Returned value was: None
[2025-10-14T04:21:08.801+0000] {taskinstance.py:340} INFO - ::group::Post task execution logs
[2025-10-14T04:21:08.803+0000] {taskinstance.py:352} INFO - Marking task as SUCCESS. dag_id=elt-pipeline, task_id=extract_load_group.extract_transaction_items, run_id=scheduled__2025-09-03T00:00:00+00:00, execution_date=20250903T000000, start_date=20251014T042108, end_date=20251014T042108
[2025-10-14T04:21:08.849+0000] {local_task_job_runner.py:266} INFO - Task exited with return code 0
[2025-10-14T04:21:08.895+0000] {taskinstance.py:3895} INFO - 1 downstream tasks scheduled from follow-on schedule check
[2025-10-14T04:21:08.898+0000] {local_task_job_runner.py:245} INFO - ::endgroup::
[2025-10-14T04:29:02.566+0000] {local_task_job_runner.py:123} INFO - ::group::Pre task execution logs
[2025-10-14T04:29:02.589+0000] {taskinstance.py:2613} INFO - Dependencies all met for dep_context=non-requeueable deps ti=<TaskInstance: elt-pipeline.extract_load_group.extract_transaction_items scheduled__2025-09-03T00:00:00+00:00 [queued]>
[2025-10-14T04:29:02.597+0000] {taskinstance.py:2613} INFO - Dependencies all met for dep_context=requeueable deps ti=<TaskInstance: elt-pipeline.extract_load_group.extract_transaction_items scheduled__2025-09-03T00:00:00+00:00 [queued]>
[2025-10-14T04:29:02.598+0000] {taskinstance.py:2866} INFO - Starting attempt 1 of 1
[2025-10-14T04:29:02.613+0000] {taskinstance.py:2889} INFO - Executing <Task(PythonOperator): extract_load_group.extract_transaction_items> on 2025-09-03 00:00:00+00:00
[2025-10-14T04:29:02.620+0000] {warnings.py:112} WARNING - /home/***/.local/lib/python3.12/site-packages/***/task/task_runner/standard_task_runner.py:70: DeprecationWarning: This process (pid=838) is multi-threaded, use of fork() may lead to deadlocks in the child.
  pid = os.fork()

[2025-10-14T04:29:02.621+0000] {standard_task_runner.py:72} INFO - Started process 840 to run task
[2025-10-14T04:29:02.621+0000] {standard_task_runner.py:104} INFO - Running: ['***', 'tasks', 'run', 'elt-pipeline', 'extract_load_group.extract_transaction_items', 'scheduled__2025-09-03T00:00:00+00:00', '--job-id', '392', '--raw', '--subdir', 'DAGS_FOLDER/elt.py', '--cfg-path', '/tmp/tmpn91vjnox']
[2025-10-14T04:29:02.623+0000] {standard_task_runner.py:105} INFO - Job 392: Subtask extract_load_group.extract_transaction_items
[2025-10-14T04:29:02.683+0000] {task_command.py:467} INFO - Running <TaskInstance: elt-pipeline.extract_load_group.extract_transaction_items scheduled__2025-09-03T00:00:00+00:00 [running]> on host e348b991e0be
[2025-10-14T04:29:02.793+0000] {taskinstance.py:3132} INFO - Exporting env vars: AIRFLOW_CTX_DAG_OWNER='***' AIRFLOW_CTX_DAG_ID='elt-pipeline' AIRFLOW_CTX_TASK_ID='extract_load_group.extract_transaction_items' AIRFLOW_CTX_EXECUTION_DATE='2025-09-03T00:00:00+00:00' AIRFLOW_CTX_TRY_NUMBER='1' AIRFLOW_CTX_DAG_RUN_ID='scheduled__2025-09-03T00:00:00+00:00'
[2025-10-14T04:29:02.794+0000] {taskinstance.py:731} INFO - ::endgroup::
[2025-10-14T04:29:02.939+0000] {extract.py:22} INFO - Data written to transaction_items.csv
[2025-10-14T04:29:02.940+0000] {python.py:240} INFO - Done. Returned value was: None
[2025-10-14T04:29:02.954+0000] {taskinstance.py:340} INFO - ::group::Post task execution logs
[2025-10-14T04:29:02.955+0000] {taskinstance.py:352} INFO - Marking task as SUCCESS. dag_id=elt-pipeline, task_id=extract_load_group.extract_transaction_items, run_id=scheduled__2025-09-03T00:00:00+00:00, execution_date=20250903T000000, start_date=20251014T042902, end_date=20251014T042902
[2025-10-14T04:29:02.997+0000] {local_task_job_runner.py:266} INFO - Task exited with return code 0
[2025-10-14T04:29:03.043+0000] {taskinstance.py:3895} INFO - 1 downstream tasks scheduled from follow-on schedule check
[2025-10-14T04:29:03.045+0000] {local_task_job_runner.py:245} INFO - ::endgroup::
[2025-10-14T04:35:58.017+0000] {local_task_job_runner.py:123} INFO - ::group::Pre task execution logs
[2025-10-14T04:35:58.038+0000] {taskinstance.py:2613} INFO - Dependencies all met for dep_context=non-requeueable deps ti=<TaskInstance: elt-pipeline.extract_load_group.extract_transaction_items scheduled__2025-09-03T00:00:00+00:00 [queued]>
[2025-10-14T04:35:58.046+0000] {taskinstance.py:2613} INFO - Dependencies all met for dep_context=requeueable deps ti=<TaskInstance: elt-pipeline.extract_load_group.extract_transaction_items scheduled__2025-09-03T00:00:00+00:00 [queued]>
[2025-10-14T04:35:58.047+0000] {taskinstance.py:2866} INFO - Starting attempt 1 of 1
[2025-10-14T04:35:58.062+0000] {taskinstance.py:2889} INFO - Executing <Task(PythonOperator): extract_load_group.extract_transaction_items> on 2025-09-03 00:00:00+00:00
[2025-10-14T04:35:58.069+0000] {warnings.py:112} WARNING - /home/***/.local/lib/python3.12/site-packages/***/task/task_runner/standard_task_runner.py:70: DeprecationWarning: This process (pid=1188) is multi-threaded, use of fork() may lead to deadlocks in the child.
  pid = os.fork()

[2025-10-14T04:35:58.071+0000] {standard_task_runner.py:72} INFO - Started process 1190 to run task
[2025-10-14T04:35:58.074+0000] {standard_task_runner.py:104} INFO - Running: ['***', 'tasks', 'run', 'elt-pipeline', 'extract_load_group.extract_transaction_items', 'scheduled__2025-09-03T00:00:00+00:00', '--job-id', '464', '--raw', '--subdir', 'DAGS_FOLDER/elt.py', '--cfg-path', '/tmp/tmpfylxvo00']
[2025-10-14T04:35:58.075+0000] {standard_task_runner.py:105} INFO - Job 464: Subtask extract_load_group.extract_transaction_items
[2025-10-14T04:35:58.134+0000] {task_command.py:467} INFO - Running <TaskInstance: elt-pipeline.extract_load_group.extract_transaction_items scheduled__2025-09-03T00:00:00+00:00 [running]> on host e348b991e0be
[2025-10-14T04:35:58.231+0000] {taskinstance.py:3132} INFO - Exporting env vars: AIRFLOW_CTX_DAG_OWNER='***' AIRFLOW_CTX_DAG_ID='elt-pipeline' AIRFLOW_CTX_TASK_ID='extract_load_group.extract_transaction_items' AIRFLOW_CTX_EXECUTION_DATE='2025-09-03T00:00:00+00:00' AIRFLOW_CTX_TRY_NUMBER='1' AIRFLOW_CTX_DAG_RUN_ID='scheduled__2025-09-03T00:00:00+00:00'
[2025-10-14T04:35:58.232+0000] {taskinstance.py:731} INFO - ::endgroup::
[2025-10-14T04:35:58.391+0000] {extract.py:22} INFO - Data written to transaction_items.csv
[2025-10-14T04:35:58.392+0000] {python.py:240} INFO - Done. Returned value was: None
[2025-10-14T04:35:58.407+0000] {taskinstance.py:340} INFO - ::group::Post task execution logs
[2025-10-14T04:35:58.408+0000] {taskinstance.py:352} INFO - Marking task as SUCCESS. dag_id=elt-pipeline, task_id=extract_load_group.extract_transaction_items, run_id=scheduled__2025-09-03T00:00:00+00:00, execution_date=20250903T000000, start_date=20251014T043558, end_date=20251014T043558
[2025-10-14T04:35:58.447+0000] {local_task_job_runner.py:266} INFO - Task exited with return code 0
[2025-10-14T04:35:58.464+0000] {local_task_job_runner.py:245} INFO - ::endgroup::
