[2025-10-13T08:37:13.927+0000] {local_task_job_runner.py:123} INFO - ::group::Pre task execution logs
[2025-10-13T08:37:13.952+0000] {taskinstance.py:2613} INFO - Dependencies all met for dep_context=non-requeueable deps ti=<TaskInstance: elt-pipeline.extract_load_group.extract_customers scheduled__2025-09-03T00:00:00+00:00 [queued]>
[2025-10-13T08:37:13.962+0000] {taskinstance.py:2613} INFO - Dependencies all met for dep_context=requeueable deps ti=<TaskInstance: elt-pipeline.extract_load_group.extract_customers scheduled__2025-09-03T00:00:00+00:00 [queued]>
[2025-10-13T08:37:13.963+0000] {taskinstance.py:2866} INFO - Starting attempt 1 of 1
[2025-10-13T08:37:13.981+0000] {taskinstance.py:2889} INFO - Executing <Task(PythonOperator): extract_load_group.extract_customers> on 2025-09-03 00:00:00+00:00
[2025-10-13T08:37:13.991+0000] {warnings.py:112} WARNING - /home/***/.local/lib/python3.12/site-packages/***/task/task_runner/standard_task_runner.py:70: DeprecationWarning: This process (pid=249) is multi-threaded, use of fork() may lead to deadlocks in the child.
  pid = os.fork()

[2025-10-13T08:37:13.994+0000] {standard_task_runner.py:72} INFO - Started process 259 to run task
[2025-10-13T08:37:13.994+0000] {standard_task_runner.py:104} INFO - Running: ['***', 'tasks', 'run', 'elt-pipeline', 'extract_load_group.extract_customers', 'scheduled__2025-09-03T00:00:00+00:00', '--job-id', '38', '--raw', '--subdir', 'DAGS_FOLDER/elt.py', '--cfg-path', '/tmp/tmpw6sfl5w2']
[2025-10-13T08:37:13.996+0000] {standard_task_runner.py:105} INFO - Job 38: Subtask extract_load_group.extract_customers
[2025-10-13T08:37:14.061+0000] {task_command.py:467} INFO - Running <TaskInstance: elt-pipeline.extract_load_group.extract_customers scheduled__2025-09-03T00:00:00+00:00 [running]> on host 84d5a327cf64
[2025-10-13T08:37:14.160+0000] {taskinstance.py:3132} INFO - Exporting env vars: AIRFLOW_CTX_DAG_OWNER='***' AIRFLOW_CTX_DAG_ID='elt-pipeline' AIRFLOW_CTX_TASK_ID='extract_load_group.extract_customers' AIRFLOW_CTX_EXECUTION_DATE='2025-09-03T00:00:00+00:00' AIRFLOW_CTX_TRY_NUMBER='1' AIRFLOW_CTX_DAG_RUN_ID='scheduled__2025-09-03T00:00:00+00:00'
[2025-10-13T08:37:14.162+0000] {taskinstance.py:731} INFO - ::endgroup::
[2025-10-13T08:37:14.345+0000] {extract.py:22} INFO - Data written to customers.csv
[2025-10-13T08:37:14.346+0000] {python.py:240} INFO - Done. Returned value was: None
[2025-10-13T08:37:14.372+0000] {taskinstance.py:340} INFO - ::group::Post task execution logs
[2025-10-13T08:37:14.373+0000] {taskinstance.py:352} INFO - Marking task as SUCCESS. dag_id=elt-pipeline, task_id=extract_load_group.extract_customers, run_id=scheduled__2025-09-03T00:00:00+00:00, execution_date=20250903T000000, start_date=20251013T083713, end_date=20251013T083714
[2025-10-13T08:37:14.410+0000] {local_task_job_runner.py:266} INFO - Task exited with return code 0
[2025-10-13T08:37:14.425+0000] {local_task_job_runner.py:245} INFO - ::endgroup::
[2025-10-13T08:55:10.128+0000] {local_task_job_runner.py:123} INFO - ::group::Pre task execution logs
[2025-10-13T08:55:10.152+0000] {taskinstance.py:2613} INFO - Dependencies all met for dep_context=non-requeueable deps ti=<TaskInstance: elt-pipeline.extract_load_group.extract_customers scheduled__2025-09-03T00:00:00+00:00 [queued]>
[2025-10-13T08:55:10.165+0000] {taskinstance.py:2613} INFO - Dependencies all met for dep_context=requeueable deps ti=<TaskInstance: elt-pipeline.extract_load_group.extract_customers scheduled__2025-09-03T00:00:00+00:00 [queued]>
[2025-10-13T08:55:10.166+0000] {taskinstance.py:2866} INFO - Starting attempt 1 of 1
[2025-10-13T08:55:10.184+0000] {taskinstance.py:2889} INFO - Executing <Task(PythonOperator): extract_load_group.extract_customers> on 2025-09-03 00:00:00+00:00
[2025-10-13T08:55:10.194+0000] {warnings.py:112} WARNING - /home/***/.local/lib/python3.12/site-packages/***/task/task_runner/standard_task_runner.py:70: DeprecationWarning: This process (pid=794) is multi-threaded, use of fork() may lead to deadlocks in the child.
  pid = os.fork()

[2025-10-13T08:55:10.196+0000] {standard_task_runner.py:72} INFO - Started process 804 to run task
[2025-10-13T08:55:10.196+0000] {standard_task_runner.py:104} INFO - Running: ['***', 'tasks', 'run', 'elt-pipeline', 'extract_load_group.extract_customers', 'scheduled__2025-09-03T00:00:00+00:00', '--job-id', '127', '--raw', '--subdir', 'DAGS_FOLDER/elt.py', '--cfg-path', '/tmp/tmps_00jdhn']
[2025-10-13T08:55:10.198+0000] {standard_task_runner.py:105} INFO - Job 127: Subtask extract_load_group.extract_customers
[2025-10-13T08:55:10.256+0000] {task_command.py:467} INFO - Running <TaskInstance: elt-pipeline.extract_load_group.extract_customers scheduled__2025-09-03T00:00:00+00:00 [running]> on host 84d5a327cf64
[2025-10-13T08:55:10.358+0000] {taskinstance.py:3132} INFO - Exporting env vars: AIRFLOW_CTX_DAG_OWNER='***' AIRFLOW_CTX_DAG_ID='elt-pipeline' AIRFLOW_CTX_TASK_ID='extract_load_group.extract_customers' AIRFLOW_CTX_EXECUTION_DATE='2025-09-03T00:00:00+00:00' AIRFLOW_CTX_TRY_NUMBER='1' AIRFLOW_CTX_DAG_RUN_ID='scheduled__2025-09-03T00:00:00+00:00'
[2025-10-13T08:55:10.360+0000] {taskinstance.py:731} INFO - ::endgroup::
[2025-10-13T08:55:10.504+0000] {extract.py:22} INFO - Data written to customers.csv
[2025-10-13T08:55:10.505+0000] {python.py:240} INFO - Done. Returned value was: None
[2025-10-13T08:55:10.521+0000] {taskinstance.py:340} INFO - ::group::Post task execution logs
[2025-10-13T08:55:10.521+0000] {taskinstance.py:352} INFO - Marking task as SUCCESS. dag_id=elt-pipeline, task_id=extract_load_group.extract_customers, run_id=scheduled__2025-09-03T00:00:00+00:00, execution_date=20250903T000000, start_date=20251013T085510, end_date=20251013T085510
[2025-10-13T08:55:10.572+0000] {local_task_job_runner.py:266} INFO - Task exited with return code 0
[2025-10-13T08:55:10.604+0000] {taskinstance.py:3895} INFO - 1 downstream tasks scheduled from follow-on schedule check
[2025-10-13T08:55:10.606+0000] {local_task_job_runner.py:245} INFO - ::endgroup::
[2025-10-13T09:21:09.458+0000] {local_task_job_runner.py:123} INFO - ::group::Pre task execution logs
[2025-10-13T09:21:09.482+0000] {taskinstance.py:2613} INFO - Dependencies all met for dep_context=non-requeueable deps ti=<TaskInstance: elt-pipeline.extract_load_group.extract_customers scheduled__2025-09-03T00:00:00+00:00 [queued]>
[2025-10-13T09:21:09.491+0000] {taskinstance.py:2613} INFO - Dependencies all met for dep_context=requeueable deps ti=<TaskInstance: elt-pipeline.extract_load_group.extract_customers scheduled__2025-09-03T00:00:00+00:00 [queued]>
[2025-10-13T09:21:09.491+0000] {taskinstance.py:2866} INFO - Starting attempt 1 of 1
[2025-10-13T09:21:09.510+0000] {taskinstance.py:2889} INFO - Executing <Task(PythonOperator): extract_load_group.extract_customers> on 2025-09-03 00:00:00+00:00
[2025-10-13T09:21:09.519+0000] {warnings.py:112} WARNING - /home/***/.local/lib/python3.12/site-packages/***/task/task_runner/standard_task_runner.py:70: DeprecationWarning: This process (pid=1362) is multi-threaded, use of fork() may lead to deadlocks in the child.
  pid = os.fork()

[2025-10-13T09:21:09.521+0000] {standard_task_runner.py:72} INFO - Started process 1369 to run task
[2025-10-13T09:21:09.521+0000] {standard_task_runner.py:104} INFO - Running: ['***', 'tasks', 'run', 'elt-pipeline', 'extract_load_group.extract_customers', 'scheduled__2025-09-03T00:00:00+00:00', '--job-id', '187', '--raw', '--subdir', 'DAGS_FOLDER/elt.py', '--cfg-path', '/tmp/tmps2a2hg6i']
[2025-10-13T09:21:09.522+0000] {standard_task_runner.py:105} INFO - Job 187: Subtask extract_load_group.extract_customers
[2025-10-13T09:21:09.597+0000] {task_command.py:467} INFO - Running <TaskInstance: elt-pipeline.extract_load_group.extract_customers scheduled__2025-09-03T00:00:00+00:00 [running]> on host 84d5a327cf64
[2025-10-13T09:21:09.724+0000] {taskinstance.py:3132} INFO - Exporting env vars: AIRFLOW_CTX_DAG_OWNER='***' AIRFLOW_CTX_DAG_ID='elt-pipeline' AIRFLOW_CTX_TASK_ID='extract_load_group.extract_customers' AIRFLOW_CTX_EXECUTION_DATE='2025-09-03T00:00:00+00:00' AIRFLOW_CTX_TRY_NUMBER='1' AIRFLOW_CTX_DAG_RUN_ID='scheduled__2025-09-03T00:00:00+00:00'
[2025-10-13T09:21:09.725+0000] {taskinstance.py:731} INFO - ::endgroup::
[2025-10-13T09:21:09.913+0000] {extract.py:22} INFO - Data written to customers.csv
[2025-10-13T09:21:09.914+0000] {python.py:240} INFO - Done. Returned value was: None
[2025-10-13T09:21:09.932+0000] {taskinstance.py:340} INFO - ::group::Post task execution logs
[2025-10-13T09:21:09.932+0000] {taskinstance.py:352} INFO - Marking task as SUCCESS. dag_id=elt-pipeline, task_id=extract_load_group.extract_customers, run_id=scheduled__2025-09-03T00:00:00+00:00, execution_date=20250903T000000, start_date=20251013T092109, end_date=20251013T092109
[2025-10-13T09:21:09.976+0000] {local_task_job_runner.py:266} INFO - Task exited with return code 0
[2025-10-13T09:21:10.018+0000] {taskinstance.py:3895} INFO - 1 downstream tasks scheduled from follow-on schedule check
[2025-10-13T09:21:10.021+0000] {local_task_job_runner.py:245} INFO - ::endgroup::
[2025-10-14T04:21:08.393+0000] {local_task_job_runner.py:123} INFO - ::group::Pre task execution logs
[2025-10-14T04:21:08.414+0000] {taskinstance.py:2613} INFO - Dependencies all met for dep_context=non-requeueable deps ti=<TaskInstance: elt-pipeline.extract_load_group.extract_customers scheduled__2025-09-03T00:00:00+00:00 [queued]>
[2025-10-14T04:21:08.424+0000] {taskinstance.py:2613} INFO - Dependencies all met for dep_context=requeueable deps ti=<TaskInstance: elt-pipeline.extract_load_group.extract_customers scheduled__2025-09-03T00:00:00+00:00 [queued]>
[2025-10-14T04:21:08.424+0000] {taskinstance.py:2866} INFO - Starting attempt 1 of 1
[2025-10-14T04:21:08.444+0000] {taskinstance.py:2889} INFO - Executing <Task(PythonOperator): extract_load_group.extract_customers> on 2025-09-03 00:00:00+00:00
[2025-10-14T04:21:08.453+0000] {warnings.py:112} WARNING - /home/***/.local/lib/python3.12/site-packages/***/task/task_runner/standard_task_runner.py:70: DeprecationWarning: This process (pid=346) is multi-threaded, use of fork() may lead to deadlocks in the child.
  pid = os.fork()

[2025-10-14T04:21:08.455+0000] {standard_task_runner.py:72} INFO - Started process 355 to run task
[2025-10-14T04:21:08.455+0000] {standard_task_runner.py:104} INFO - Running: ['***', 'tasks', 'run', 'elt-pipeline', 'extract_load_group.extract_customers', 'scheduled__2025-09-03T00:00:00+00:00', '--job-id', '286', '--raw', '--subdir', 'DAGS_FOLDER/elt.py', '--cfg-path', '/tmp/tmpmktz5_e_']
[2025-10-14T04:21:08.457+0000] {standard_task_runner.py:105} INFO - Job 286: Subtask extract_load_group.extract_customers
[2025-10-14T04:21:08.526+0000] {task_command.py:467} INFO - Running <TaskInstance: elt-pipeline.extract_load_group.extract_customers scheduled__2025-09-03T00:00:00+00:00 [running]> on host e348b991e0be
[2025-10-14T04:21:08.643+0000] {taskinstance.py:3132} INFO - Exporting env vars: AIRFLOW_CTX_DAG_OWNER='***' AIRFLOW_CTX_DAG_ID='elt-pipeline' AIRFLOW_CTX_TASK_ID='extract_load_group.extract_customers' AIRFLOW_CTX_EXECUTION_DATE='2025-09-03T00:00:00+00:00' AIRFLOW_CTX_TRY_NUMBER='1' AIRFLOW_CTX_DAG_RUN_ID='scheduled__2025-09-03T00:00:00+00:00'
[2025-10-14T04:21:08.644+0000] {taskinstance.py:731} INFO - ::endgroup::
[2025-10-14T04:21:08.804+0000] {extract.py:22} INFO - Data written to customers.csv
[2025-10-14T04:21:08.805+0000] {python.py:240} INFO - Done. Returned value was: None
[2025-10-14T04:21:08.822+0000] {taskinstance.py:340} INFO - ::group::Post task execution logs
[2025-10-14T04:21:08.824+0000] {taskinstance.py:352} INFO - Marking task as SUCCESS. dag_id=elt-pipeline, task_id=extract_load_group.extract_customers, run_id=scheduled__2025-09-03T00:00:00+00:00, execution_date=20250903T000000, start_date=20251014T042108, end_date=20251014T042108
[2025-10-14T04:21:08.872+0000] {local_task_job_runner.py:266} INFO - Task exited with return code 0
[2025-10-14T04:21:08.888+0000] {local_task_job_runner.py:245} INFO - ::endgroup::
[2025-10-14T04:29:02.567+0000] {local_task_job_runner.py:123} INFO - ::group::Pre task execution logs
[2025-10-14T04:29:02.589+0000] {taskinstance.py:2613} INFO - Dependencies all met for dep_context=non-requeueable deps ti=<TaskInstance: elt-pipeline.extract_load_group.extract_customers scheduled__2025-09-03T00:00:00+00:00 [queued]>
[2025-10-14T04:29:02.599+0000] {taskinstance.py:2613} INFO - Dependencies all met for dep_context=requeueable deps ti=<TaskInstance: elt-pipeline.extract_load_group.extract_customers scheduled__2025-09-03T00:00:00+00:00 [queued]>
[2025-10-14T04:29:02.599+0000] {taskinstance.py:2866} INFO - Starting attempt 1 of 1
[2025-10-14T04:29:02.619+0000] {taskinstance.py:2889} INFO - Executing <Task(PythonOperator): extract_load_group.extract_customers> on 2025-09-03 00:00:00+00:00
[2025-10-14T04:29:02.626+0000] {warnings.py:112} WARNING - /home/***/.local/lib/python3.12/site-packages/***/task/task_runner/standard_task_runner.py:70: DeprecationWarning: This process (pid=839) is multi-threaded, use of fork() may lead to deadlocks in the child.
  pid = os.fork()

[2025-10-14T04:29:02.628+0000] {standard_task_runner.py:72} INFO - Started process 842 to run task
[2025-10-14T04:29:02.628+0000] {standard_task_runner.py:104} INFO - Running: ['***', 'tasks', 'run', 'elt-pipeline', 'extract_load_group.extract_customers', 'scheduled__2025-09-03T00:00:00+00:00', '--job-id', '391', '--raw', '--subdir', 'DAGS_FOLDER/elt.py', '--cfg-path', '/tmp/tmpdkvl8vei']
[2025-10-14T04:29:02.629+0000] {standard_task_runner.py:105} INFO - Job 391: Subtask extract_load_group.extract_customers
[2025-10-14T04:29:02.692+0000] {task_command.py:467} INFO - Running <TaskInstance: elt-pipeline.extract_load_group.extract_customers scheduled__2025-09-03T00:00:00+00:00 [running]> on host e348b991e0be
[2025-10-14T04:29:02.812+0000] {taskinstance.py:3132} INFO - Exporting env vars: AIRFLOW_CTX_DAG_OWNER='***' AIRFLOW_CTX_DAG_ID='elt-pipeline' AIRFLOW_CTX_TASK_ID='extract_load_group.extract_customers' AIRFLOW_CTX_EXECUTION_DATE='2025-09-03T00:00:00+00:00' AIRFLOW_CTX_TRY_NUMBER='1' AIRFLOW_CTX_DAG_RUN_ID='scheduled__2025-09-03T00:00:00+00:00'
[2025-10-14T04:29:02.813+0000] {taskinstance.py:731} INFO - ::endgroup::
[2025-10-14T04:29:02.969+0000] {extract.py:22} INFO - Data written to customers.csv
[2025-10-14T04:29:02.970+0000] {python.py:240} INFO - Done. Returned value was: None
[2025-10-14T04:29:02.987+0000] {taskinstance.py:340} INFO - ::group::Post task execution logs
[2025-10-14T04:29:02.988+0000] {taskinstance.py:352} INFO - Marking task as SUCCESS. dag_id=elt-pipeline, task_id=extract_load_group.extract_customers, run_id=scheduled__2025-09-03T00:00:00+00:00, execution_date=20250903T000000, start_date=20251014T042902, end_date=20251014T042902
[2025-10-14T04:29:03.043+0000] {local_task_job_runner.py:266} INFO - Task exited with return code 0
[2025-10-14T04:29:03.087+0000] {taskinstance.py:3895} INFO - 1 downstream tasks scheduled from follow-on schedule check
[2025-10-14T04:29:03.090+0000] {local_task_job_runner.py:245} INFO - ::endgroup::
[2025-10-14T04:35:58.027+0000] {local_task_job_runner.py:123} INFO - ::group::Pre task execution logs
[2025-10-14T04:35:58.047+0000] {taskinstance.py:2613} INFO - Dependencies all met for dep_context=non-requeueable deps ti=<TaskInstance: elt-pipeline.extract_load_group.extract_customers scheduled__2025-09-03T00:00:00+00:00 [queued]>
[2025-10-14T04:35:58.055+0000] {taskinstance.py:2613} INFO - Dependencies all met for dep_context=requeueable deps ti=<TaskInstance: elt-pipeline.extract_load_group.extract_customers scheduled__2025-09-03T00:00:00+00:00 [queued]>
[2025-10-14T04:35:58.056+0000] {taskinstance.py:2866} INFO - Starting attempt 1 of 1
[2025-10-14T04:35:58.071+0000] {taskinstance.py:2889} INFO - Executing <Task(PythonOperator): extract_load_group.extract_customers> on 2025-09-03 00:00:00+00:00
[2025-10-14T04:35:58.081+0000] {warnings.py:112} WARNING - /home/***/.local/lib/python3.12/site-packages/***/task/task_runner/standard_task_runner.py:70: DeprecationWarning: This process (pid=1185) is multi-threaded, use of fork() may lead to deadlocks in the child.
  pid = os.fork()

[2025-10-14T04:35:58.083+0000] {standard_task_runner.py:72} INFO - Started process 1197 to run task
[2025-10-14T04:35:58.084+0000] {standard_task_runner.py:104} INFO - Running: ['***', 'tasks', 'run', 'elt-pipeline', 'extract_load_group.extract_customers', 'scheduled__2025-09-03T00:00:00+00:00', '--job-id', '466', '--raw', '--subdir', 'DAGS_FOLDER/elt.py', '--cfg-path', '/tmp/tmphiu1fj9b']
[2025-10-14T04:35:58.085+0000] {standard_task_runner.py:105} INFO - Job 466: Subtask extract_load_group.extract_customers
[2025-10-14T04:35:58.150+0000] {task_command.py:467} INFO - Running <TaskInstance: elt-pipeline.extract_load_group.extract_customers scheduled__2025-09-03T00:00:00+00:00 [running]> on host e348b991e0be
[2025-10-14T04:35:58.266+0000] {taskinstance.py:3132} INFO - Exporting env vars: AIRFLOW_CTX_DAG_OWNER='***' AIRFLOW_CTX_DAG_ID='elt-pipeline' AIRFLOW_CTX_TASK_ID='extract_load_group.extract_customers' AIRFLOW_CTX_EXECUTION_DATE='2025-09-03T00:00:00+00:00' AIRFLOW_CTX_TRY_NUMBER='1' AIRFLOW_CTX_DAG_RUN_ID='scheduled__2025-09-03T00:00:00+00:00'
[2025-10-14T04:35:58.267+0000] {taskinstance.py:731} INFO - ::endgroup::
[2025-10-14T04:35:58.446+0000] {extract.py:22} INFO - Data written to customers.csv
[2025-10-14T04:35:58.447+0000] {python.py:240} INFO - Done. Returned value was: None
[2025-10-14T04:35:58.465+0000] {taskinstance.py:340} INFO - ::group::Post task execution logs
[2025-10-14T04:35:58.466+0000] {taskinstance.py:352} INFO - Marking task as SUCCESS. dag_id=elt-pipeline, task_id=extract_load_group.extract_customers, run_id=scheduled__2025-09-03T00:00:00+00:00, execution_date=20250903T000000, start_date=20251014T043558, end_date=20251014T043558
[2025-10-14T04:35:58.499+0000] {local_task_job_runner.py:266} INFO - Task exited with return code 0
[2025-10-14T04:35:58.515+0000] {local_task_job_runner.py:245} INFO - ::endgroup::
