[2025-10-13T08:36:36.242+0000] {local_task_job_runner.py:123} INFO - ::group::Pre task execution logs
[2025-10-13T08:36:36.268+0000] {taskinstance.py:2613} INFO - Dependencies all met for dep_context=non-requeueable deps ti=<TaskInstance: elt-pipeline.extract_load_group.extract_marketing_campaigns scheduled__2025-09-01T00:00:00+00:00 [queued]>
[2025-10-13T08:36:36.279+0000] {taskinstance.py:2613} INFO - Dependencies all met for dep_context=requeueable deps ti=<TaskInstance: elt-pipeline.extract_load_group.extract_marketing_campaigns scheduled__2025-09-01T00:00:00+00:00 [queued]>
[2025-10-13T08:36:36.279+0000] {taskinstance.py:2866} INFO - Starting attempt 1 of 1
[2025-10-13T08:36:36.295+0000] {taskinstance.py:2889} INFO - Executing <Task(PythonOperator): extract_load_group.extract_marketing_campaigns> on 2025-09-01 00:00:00+00:00
[2025-10-13T08:36:36.304+0000] {warnings.py:112} WARNING - /home/***/.local/lib/python3.12/site-packages/***/task/task_runner/standard_task_runner.py:70: DeprecationWarning: This process (pid=135) is multi-threaded, use of fork() may lead to deadlocks in the child.
  pid = os.fork()

[2025-10-13T08:36:36.306+0000] {standard_task_runner.py:72} INFO - Started process 140 to run task
[2025-10-13T08:36:36.306+0000] {standard_task_runner.py:104} INFO - Running: ['***', 'tasks', 'run', 'elt-pipeline', 'extract_load_group.extract_marketing_campaigns', 'scheduled__2025-09-01T00:00:00+00:00', '--job-id', '5', '--raw', '--subdir', 'DAGS_FOLDER/elt.py', '--cfg-path', '/tmp/tmpmz450z17']
[2025-10-13T08:36:36.308+0000] {standard_task_runner.py:105} INFO - Job 5: Subtask extract_load_group.extract_marketing_campaigns
[2025-10-13T08:36:36.382+0000] {task_command.py:467} INFO - Running <TaskInstance: elt-pipeline.extract_load_group.extract_marketing_campaigns scheduled__2025-09-01T00:00:00+00:00 [running]> on host 84d5a327cf64
[2025-10-13T08:36:36.484+0000] {taskinstance.py:3132} INFO - Exporting env vars: AIRFLOW_CTX_DAG_OWNER='***' AIRFLOW_CTX_DAG_ID='elt-pipeline' AIRFLOW_CTX_TASK_ID='extract_load_group.extract_marketing_campaigns' AIRFLOW_CTX_EXECUTION_DATE='2025-09-01T00:00:00+00:00' AIRFLOW_CTX_TRY_NUMBER='1' AIRFLOW_CTX_DAG_RUN_ID='scheduled__2025-09-01T00:00:00+00:00'
[2025-10-13T08:36:36.485+0000] {taskinstance.py:731} INFO - ::endgroup::
[2025-10-13T08:36:36.716+0000] {extract.py:22} INFO - Data written to marketing_campaigns.csv
[2025-10-13T08:36:36.717+0000] {python.py:240} INFO - Done. Returned value was: None
[2025-10-13T08:36:36.734+0000] {taskinstance.py:340} INFO - ::group::Post task execution logs
[2025-10-13T08:36:36.734+0000] {taskinstance.py:352} INFO - Marking task as SUCCESS. dag_id=elt-pipeline, task_id=extract_load_group.extract_marketing_campaigns, run_id=scheduled__2025-09-01T00:00:00+00:00, execution_date=20250901T000000, start_date=20251013T083636, end_date=20251013T083636
[2025-10-13T08:36:36.804+0000] {local_task_job_runner.py:266} INFO - Task exited with return code 0
[2025-10-13T08:36:36.817+0000] {local_task_job_runner.py:245} INFO - ::endgroup::
[2025-10-13T08:44:43.994+0000] {local_task_job_runner.py:123} INFO - ::group::Pre task execution logs
[2025-10-13T08:44:44.018+0000] {taskinstance.py:2613} INFO - Dependencies all met for dep_context=non-requeueable deps ti=<TaskInstance: elt-pipeline.extract_load_group.extract_marketing_campaigns scheduled__2025-09-01T00:00:00+00:00 [queued]>
[2025-10-13T08:44:44.026+0000] {taskinstance.py:2613} INFO - Dependencies all met for dep_context=requeueable deps ti=<TaskInstance: elt-pipeline.extract_load_group.extract_marketing_campaigns scheduled__2025-09-01T00:00:00+00:00 [queued]>
[2025-10-13T08:44:44.027+0000] {taskinstance.py:2866} INFO - Starting attempt 1 of 1
[2025-10-13T08:44:44.042+0000] {taskinstance.py:2889} INFO - Executing <Task(PythonOperator): extract_load_group.extract_marketing_campaigns> on 2025-09-01 00:00:00+00:00
[2025-10-13T08:44:44.049+0000] {warnings.py:112} WARNING - /home/***/.local/lib/python3.12/site-packages/***/task/task_runner/standard_task_runner.py:70: DeprecationWarning: This process (pid=484) is multi-threaded, use of fork() may lead to deadlocks in the child.
  pid = os.fork()

[2025-10-13T08:44:44.052+0000] {standard_task_runner.py:72} INFO - Started process 491 to run task
[2025-10-13T08:44:44.052+0000] {standard_task_runner.py:104} INFO - Running: ['***', 'tasks', 'run', 'elt-pipeline', 'extract_load_group.extract_marketing_campaigns', 'scheduled__2025-09-01T00:00:00+00:00', '--job-id', '76', '--raw', '--subdir', 'DAGS_FOLDER/elt.py', '--cfg-path', '/tmp/tmpn54pmv2w']
[2025-10-13T08:44:44.053+0000] {standard_task_runner.py:105} INFO - Job 76: Subtask extract_load_group.extract_marketing_campaigns
[2025-10-13T08:44:44.121+0000] {task_command.py:467} INFO - Running <TaskInstance: elt-pipeline.extract_load_group.extract_marketing_campaigns scheduled__2025-09-01T00:00:00+00:00 [running]> on host 84d5a327cf64
[2025-10-13T08:44:44.219+0000] {taskinstance.py:3132} INFO - Exporting env vars: AIRFLOW_CTX_DAG_OWNER='***' AIRFLOW_CTX_DAG_ID='elt-pipeline' AIRFLOW_CTX_TASK_ID='extract_load_group.extract_marketing_campaigns' AIRFLOW_CTX_EXECUTION_DATE='2025-09-01T00:00:00+00:00' AIRFLOW_CTX_TRY_NUMBER='1' AIRFLOW_CTX_DAG_RUN_ID='scheduled__2025-09-01T00:00:00+00:00'
[2025-10-13T08:44:44.220+0000] {taskinstance.py:731} INFO - ::endgroup::
[2025-10-13T08:44:44.374+0000] {extract.py:22} INFO - Data written to marketing_campaigns.csv
[2025-10-13T08:44:44.374+0000] {python.py:240} INFO - Done. Returned value was: None
[2025-10-13T08:44:44.389+0000] {taskinstance.py:340} INFO - ::group::Post task execution logs
[2025-10-13T08:44:44.390+0000] {taskinstance.py:352} INFO - Marking task as SUCCESS. dag_id=elt-pipeline, task_id=extract_load_group.extract_marketing_campaigns, run_id=scheduled__2025-09-01T00:00:00+00:00, execution_date=20250901T000000, start_date=20251013T084444, end_date=20251013T084444
[2025-10-13T08:44:44.428+0000] {local_task_job_runner.py:266} INFO - Task exited with return code 0
[2025-10-13T08:44:44.440+0000] {local_task_job_runner.py:245} INFO - ::endgroup::
[2025-10-13T08:53:59.280+0000] {local_task_job_runner.py:123} INFO - ::group::Pre task execution logs
[2025-10-13T08:53:59.309+0000] {taskinstance.py:2613} INFO - Dependencies all met for dep_context=non-requeueable deps ti=<TaskInstance: elt-pipeline.extract_load_group.extract_marketing_campaigns scheduled__2025-09-01T00:00:00+00:00 [queued]>
[2025-10-13T08:53:59.323+0000] {taskinstance.py:2613} INFO - Dependencies all met for dep_context=requeueable deps ti=<TaskInstance: elt-pipeline.extract_load_group.extract_marketing_campaigns scheduled__2025-09-01T00:00:00+00:00 [queued]>
[2025-10-13T08:53:59.323+0000] {taskinstance.py:2866} INFO - Starting attempt 1 of 1
[2025-10-13T08:53:59.343+0000] {taskinstance.py:2889} INFO - Executing <Task(PythonOperator): extract_load_group.extract_marketing_campaigns> on 2025-09-01 00:00:00+00:00
[2025-10-13T08:53:59.354+0000] {warnings.py:112} WARNING - /home/***/.local/lib/python3.12/site-packages/***/task/task_runner/standard_task_runner.py:70: DeprecationWarning: This process (pid=673) is multi-threaded, use of fork() may lead to deadlocks in the child.
  pid = os.fork()

[2025-10-13T08:53:59.356+0000] {standard_task_runner.py:72} INFO - Started process 686 to run task
[2025-10-13T08:53:59.356+0000] {standard_task_runner.py:104} INFO - Running: ['***', 'tasks', 'run', 'elt-pipeline', 'extract_load_group.extract_marketing_campaigns', 'scheduled__2025-09-01T00:00:00+00:00', '--job-id', '98', '--raw', '--subdir', 'DAGS_FOLDER/elt.py', '--cfg-path', '/tmp/tmpz70f09ot']
[2025-10-13T08:53:59.357+0000] {standard_task_runner.py:105} INFO - Job 98: Subtask extract_load_group.extract_marketing_campaigns
[2025-10-13T08:53:59.435+0000] {task_command.py:467} INFO - Running <TaskInstance: elt-pipeline.extract_load_group.extract_marketing_campaigns scheduled__2025-09-01T00:00:00+00:00 [running]> on host 84d5a327cf64
[2025-10-13T08:53:59.549+0000] {taskinstance.py:3132} INFO - Exporting env vars: AIRFLOW_CTX_DAG_OWNER='***' AIRFLOW_CTX_DAG_ID='elt-pipeline' AIRFLOW_CTX_TASK_ID='extract_load_group.extract_marketing_campaigns' AIRFLOW_CTX_EXECUTION_DATE='2025-09-01T00:00:00+00:00' AIRFLOW_CTX_TRY_NUMBER='1' AIRFLOW_CTX_DAG_RUN_ID='scheduled__2025-09-01T00:00:00+00:00'
[2025-10-13T08:53:59.550+0000] {taskinstance.py:731} INFO - ::endgroup::
[2025-10-13T08:53:59.697+0000] {extract.py:22} INFO - Data written to marketing_campaigns.csv
[2025-10-13T08:53:59.698+0000] {python.py:240} INFO - Done. Returned value was: None
[2025-10-13T08:53:59.711+0000] {taskinstance.py:340} INFO - ::group::Post task execution logs
[2025-10-13T08:53:59.712+0000] {taskinstance.py:352} INFO - Marking task as SUCCESS. dag_id=elt-pipeline, task_id=extract_load_group.extract_marketing_campaigns, run_id=scheduled__2025-09-01T00:00:00+00:00, execution_date=20250901T000000, start_date=20251013T085359, end_date=20251013T085359
[2025-10-13T08:53:59.773+0000] {local_task_job_runner.py:266} INFO - Task exited with return code 0
[2025-10-13T08:53:59.810+0000] {taskinstance.py:3895} INFO - 1 downstream tasks scheduled from follow-on schedule check
[2025-10-13T08:53:59.811+0000] {local_task_job_runner.py:245} INFO - ::endgroup::
[2025-10-13T09:04:28.035+0000] {local_task_job_runner.py:123} INFO - ::group::Pre task execution logs
[2025-10-13T09:04:28.057+0000] {taskinstance.py:2613} INFO - Dependencies all met for dep_context=non-requeueable deps ti=<TaskInstance: elt-pipeline.extract_load_group.extract_marketing_campaigns scheduled__2025-09-01T00:00:00+00:00 [queued]>
[2025-10-13T09:04:28.067+0000] {taskinstance.py:2613} INFO - Dependencies all met for dep_context=requeueable deps ti=<TaskInstance: elt-pipeline.extract_load_group.extract_marketing_campaigns scheduled__2025-09-01T00:00:00+00:00 [queued]>
[2025-10-13T09:04:28.067+0000] {taskinstance.py:2866} INFO - Starting attempt 1 of 1
[2025-10-13T09:04:28.083+0000] {taskinstance.py:2889} INFO - Executing <Task(PythonOperator): extract_load_group.extract_marketing_campaigns> on 2025-09-01 00:00:00+00:00
[2025-10-13T09:04:28.094+0000] {warnings.py:112} WARNING - /home/***/.local/lib/python3.12/site-packages/***/task/task_runner/standard_task_runner.py:70: DeprecationWarning: This process (pid=957) is multi-threaded, use of fork() may lead to deadlocks in the child.
  pid = os.fork()

[2025-10-13T09:04:28.097+0000] {standard_task_runner.py:72} INFO - Started process 964 to run task
[2025-10-13T09:04:28.096+0000] {standard_task_runner.py:104} INFO - Running: ['***', 'tasks', 'run', 'elt-pipeline', 'extract_load_group.extract_marketing_campaigns', 'scheduled__2025-09-01T00:00:00+00:00', '--job-id', '137', '--raw', '--subdir', 'DAGS_FOLDER/elt.py', '--cfg-path', '/tmp/tmpgnriaso_']
[2025-10-13T09:04:28.098+0000] {standard_task_runner.py:105} INFO - Job 137: Subtask extract_load_group.extract_marketing_campaigns
[2025-10-13T09:04:28.164+0000] {task_command.py:467} INFO - Running <TaskInstance: elt-pipeline.extract_load_group.extract_marketing_campaigns scheduled__2025-09-01T00:00:00+00:00 [running]> on host 84d5a327cf64
[2025-10-13T09:04:28.285+0000] {taskinstance.py:3132} INFO - Exporting env vars: AIRFLOW_CTX_DAG_OWNER='***' AIRFLOW_CTX_DAG_ID='elt-pipeline' AIRFLOW_CTX_TASK_ID='extract_load_group.extract_marketing_campaigns' AIRFLOW_CTX_EXECUTION_DATE='2025-09-01T00:00:00+00:00' AIRFLOW_CTX_TRY_NUMBER='1' AIRFLOW_CTX_DAG_RUN_ID='scheduled__2025-09-01T00:00:00+00:00'
[2025-10-13T09:04:28.286+0000] {taskinstance.py:731} INFO - ::endgroup::
[2025-10-13T09:04:28.461+0000] {taskinstance.py:3311} ERROR - Task failed with exception
Traceback (most recent call last):
  File "/home/airflow/.local/lib/python3.12/site-packages/airflow/models/taskinstance.py", line 767, in _execute_task
    result = _execute_callable(context=context, **execute_callable_kwargs)
             ^^^^^^^^^^^^^^^^^^^^^^^^^^^^^^^^^^^^^^^^^^^^^^^^^^^^^^^^^^^^^
  File "/home/airflow/.local/lib/python3.12/site-packages/airflow/models/taskinstance.py", line 733, in _execute_callable
    return ExecutionCallableRunner(
           ^^^^^^^^^^^^^^^^^^^^^^^^
  File "/home/airflow/.local/lib/python3.12/site-packages/airflow/utils/operator_helpers.py", line 252, in run
    return self.func(*args, **kwargs)
           ^^^^^^^^^^^^^^^^^^^^^^^^^^
  File "/home/airflow/.local/lib/python3.12/site-packages/airflow/models/baseoperator.py", line 422, in wrapper
    return func(self, *args, **kwargs)
           ^^^^^^^^^^^^^^^^^^^^^^^^^^^
  File "/home/airflow/.local/lib/python3.12/site-packages/airflow/operators/python.py", line 238, in execute
    return_value = self.execute_callable()
                   ^^^^^^^^^^^^^^^^^^^^^^^
  File "/home/airflow/.local/lib/python3.12/site-packages/airflow/operators/python.py", line 256, in execute_callable
    return runner.run(*self.op_args, **self.op_kwargs)
           ^^^^^^^^^^^^^^^^^^^^^^^^^^^^^^^^^^^^^^^^^^^
  File "/home/airflow/.local/lib/python3.12/site-packages/airflow/utils/operator_helpers.py", line 252, in run
    return self.func(*args, **kwargs)
           ^^^^^^^^^^^^^^^^^^^^^^^^^^
  File "/opt/airflow/dags/scripts/extract.py", line 17, in extract
    with open(f"config/sample_data/{table_name}.csv", "w", newline="", encoding="utf-8") as csvfile:
         ^^^^^^^^^^^^^^^^^^^^^^^^^^^^^^^^^^^^^^^^^^^^^^^^^^^^^^^^^^^^^^^^^^^^^^^^^^^^^^^
FileNotFoundError: [Errno 2] No such file or directory: 'config/sample_data/marketing_campaigns.csv'
[2025-10-13T09:04:28.483+0000] {taskinstance.py:1225} INFO - Marking task as FAILED. dag_id=elt-pipeline, task_id=extract_load_group.extract_marketing_campaigns, run_id=scheduled__2025-09-01T00:00:00+00:00, execution_date=20250901T000000, start_date=20251013T090428, end_date=20251013T090428
[2025-10-13T09:04:28.498+0000] {taskinstance.py:340} INFO - ::group::Post task execution logs
[2025-10-13T09:04:28.499+0000] {standard_task_runner.py:124} ERROR - Failed to execute job 137 for task extract_load_group.extract_marketing_campaigns ([Errno 2] No such file or directory: 'config/sample_data/marketing_campaigns.csv'; 964)
Traceback (most recent call last):
  File "/home/airflow/.local/lib/python3.12/site-packages/airflow/task/task_runner/standard_task_runner.py", line 117, in _start_by_fork
    ret = args.func(args, dag=self.dag)
          ^^^^^^^^^^^^^^^^^^^^^^^^^^^^^
  File "/home/airflow/.local/lib/python3.12/site-packages/airflow/cli/cli_config.py", line 49, in command
    return func(*args, **kwargs)
           ^^^^^^^^^^^^^^^^^^^^^
  File "/home/airflow/.local/lib/python3.12/site-packages/airflow/utils/cli.py", line 116, in wrapper
    return f(*args, **kwargs)
           ^^^^^^^^^^^^^^^^^^
  File "/home/airflow/.local/lib/python3.12/site-packages/airflow/cli/commands/task_command.py", line 483, in task_run
    task_return_code = _run_task_by_selected_method(args, _dag, ti)
                       ^^^^^^^^^^^^^^^^^^^^^^^^^^^^^^^^^^^^^^^^^^^^
  File "/home/airflow/.local/lib/python3.12/site-packages/airflow/cli/commands/task_command.py", line 256, in _run_task_by_selected_method
    return _run_raw_task(args, ti)
           ^^^^^^^^^^^^^^^^^^^^^^^
  File "/home/airflow/.local/lib/python3.12/site-packages/airflow/cli/commands/task_command.py", line 341, in _run_raw_task
    return ti._run_raw_task(
           ^^^^^^^^^^^^^^^^^
  File "/home/airflow/.local/lib/python3.12/site-packages/airflow/utils/session.py", line 97, in wrapper
    return func(*args, session=session, **kwargs)
           ^^^^^^^^^^^^^^^^^^^^^^^^^^^^^^^^^^^^^^
  File "/home/airflow/.local/lib/python3.12/site-packages/airflow/models/taskinstance.py", line 3005, in _run_raw_task
    return _run_raw_task(
           ^^^^^^^^^^^^^^
  File "/home/airflow/.local/lib/python3.12/site-packages/airflow/models/taskinstance.py", line 273, in _run_raw_task
    TaskInstance._execute_task_with_callbacks(
  File "/home/airflow/.local/lib/python3.12/site-packages/airflow/models/taskinstance.py", line 3159, in _execute_task_with_callbacks
    result = self._execute_task(context, task_orig)
             ^^^^^^^^^^^^^^^^^^^^^^^^^^^^^^^^^^^^^^
  File "/home/airflow/.local/lib/python3.12/site-packages/airflow/models/taskinstance.py", line 3183, in _execute_task
    return _execute_task(self, context, task_orig)
           ^^^^^^^^^^^^^^^^^^^^^^^^^^^^^^^^^^^^^^^
  File "/home/airflow/.local/lib/python3.12/site-packages/airflow/models/taskinstance.py", line 767, in _execute_task
    result = _execute_callable(context=context, **execute_callable_kwargs)
             ^^^^^^^^^^^^^^^^^^^^^^^^^^^^^^^^^^^^^^^^^^^^^^^^^^^^^^^^^^^^^
  File "/home/airflow/.local/lib/python3.12/site-packages/airflow/models/taskinstance.py", line 733, in _execute_callable
    return ExecutionCallableRunner(
           ^^^^^^^^^^^^^^^^^^^^^^^^
  File "/home/airflow/.local/lib/python3.12/site-packages/airflow/utils/operator_helpers.py", line 252, in run
    return self.func(*args, **kwargs)
           ^^^^^^^^^^^^^^^^^^^^^^^^^^
  File "/home/airflow/.local/lib/python3.12/site-packages/airflow/models/baseoperator.py", line 422, in wrapper
    return func(self, *args, **kwargs)
           ^^^^^^^^^^^^^^^^^^^^^^^^^^^
  File "/home/airflow/.local/lib/python3.12/site-packages/airflow/operators/python.py", line 238, in execute
    return_value = self.execute_callable()
                   ^^^^^^^^^^^^^^^^^^^^^^^
  File "/home/airflow/.local/lib/python3.12/site-packages/airflow/operators/python.py", line 256, in execute_callable
    return runner.run(*self.op_args, **self.op_kwargs)
           ^^^^^^^^^^^^^^^^^^^^^^^^^^^^^^^^^^^^^^^^^^^
  File "/home/airflow/.local/lib/python3.12/site-packages/airflow/utils/operator_helpers.py", line 252, in run
    return self.func(*args, **kwargs)
           ^^^^^^^^^^^^^^^^^^^^^^^^^^
  File "/opt/airflow/dags/scripts/extract.py", line 17, in extract
    with open(f"config/sample_data/{table_name}.csv", "w", newline="", encoding="utf-8") as csvfile:
         ^^^^^^^^^^^^^^^^^^^^^^^^^^^^^^^^^^^^^^^^^^^^^^^^^^^^^^^^^^^^^^^^^^^^^^^^^^^^^^^
FileNotFoundError: [Errno 2] No such file or directory: 'config/sample_data/marketing_campaigns.csv'
[2025-10-13T09:04:28.555+0000] {local_task_job_runner.py:266} INFO - Task exited with return code 1
[2025-10-13T09:04:28.569+0000] {local_task_job_runner.py:245} INFO - ::endgroup::
[2025-10-13T09:05:34.940+0000] {local_task_job_runner.py:123} INFO - ::group::Pre task execution logs
[2025-10-13T09:05:34.966+0000] {taskinstance.py:2613} INFO - Dependencies all met for dep_context=non-requeueable deps ti=<TaskInstance: elt-pipeline.extract_load_group.extract_marketing_campaigns scheduled__2025-09-01T00:00:00+00:00 [queued]>
[2025-10-13T09:05:34.978+0000] {taskinstance.py:2613} INFO - Dependencies all met for dep_context=requeueable deps ti=<TaskInstance: elt-pipeline.extract_load_group.extract_marketing_campaigns scheduled__2025-09-01T00:00:00+00:00 [queued]>
[2025-10-13T09:05:34.978+0000] {taskinstance.py:2866} INFO - Starting attempt 1 of 1
[2025-10-13T09:05:34.994+0000] {taskinstance.py:2889} INFO - Executing <Task(PythonOperator): extract_load_group.extract_marketing_campaigns> on 2025-09-01 00:00:00+00:00
[2025-10-13T09:05:35.002+0000] {warnings.py:112} WARNING - /home/***/.local/lib/python3.12/site-packages/***/task/task_runner/standard_task_runner.py:70: DeprecationWarning: This process (pid=1011) is multi-threaded, use of fork() may lead to deadlocks in the child.
  pid = os.fork()

[2025-10-13T09:05:35.005+0000] {standard_task_runner.py:72} INFO - Started process 1013 to run task
[2025-10-13T09:05:35.006+0000] {standard_task_runner.py:104} INFO - Running: ['***', 'tasks', 'run', 'elt-pipeline', 'extract_load_group.extract_marketing_campaigns', 'scheduled__2025-09-01T00:00:00+00:00', '--job-id', '144', '--raw', '--subdir', 'DAGS_FOLDER/elt.py', '--cfg-path', '/tmp/tmp0tyklr1y']
[2025-10-13T09:05:35.007+0000] {standard_task_runner.py:105} INFO - Job 144: Subtask extract_load_group.extract_marketing_campaigns
[2025-10-13T09:05:35.077+0000] {task_command.py:467} INFO - Running <TaskInstance: elt-pipeline.extract_load_group.extract_marketing_campaigns scheduled__2025-09-01T00:00:00+00:00 [running]> on host 84d5a327cf64
[2025-10-13T09:05:35.177+0000] {taskinstance.py:3132} INFO - Exporting env vars: AIRFLOW_CTX_DAG_OWNER='***' AIRFLOW_CTX_DAG_ID='elt-pipeline' AIRFLOW_CTX_TASK_ID='extract_load_group.extract_marketing_campaigns' AIRFLOW_CTX_EXECUTION_DATE='2025-09-01T00:00:00+00:00' AIRFLOW_CTX_TRY_NUMBER='1' AIRFLOW_CTX_DAG_RUN_ID='scheduled__2025-09-01T00:00:00+00:00'
[2025-10-13T09:05:35.178+0000] {taskinstance.py:731} INFO - ::endgroup::
[2025-10-13T09:05:35.355+0000] {extract.py:22} INFO - Data written to marketing_campaigns.csv
[2025-10-13T09:05:35.356+0000] {python.py:240} INFO - Done. Returned value was: None
[2025-10-13T09:05:35.373+0000] {taskinstance.py:340} INFO - ::group::Post task execution logs
[2025-10-13T09:05:35.374+0000] {taskinstance.py:352} INFO - Marking task as SUCCESS. dag_id=elt-pipeline, task_id=extract_load_group.extract_marketing_campaigns, run_id=scheduled__2025-09-01T00:00:00+00:00, execution_date=20250901T000000, start_date=20251013T090534, end_date=20251013T090535
[2025-10-13T09:05:35.421+0000] {local_task_job_runner.py:266} INFO - Task exited with return code 0
[2025-10-13T09:05:35.432+0000] {local_task_job_runner.py:245} INFO - ::endgroup::
[2025-10-13T09:15:16.576+0000] {local_task_job_runner.py:123} INFO - ::group::Pre task execution logs
[2025-10-13T09:15:16.600+0000] {taskinstance.py:2613} INFO - Dependencies all met for dep_context=non-requeueable deps ti=<TaskInstance: elt-pipeline.extract_load_group.extract_marketing_campaigns scheduled__2025-09-01T00:00:00+00:00 [queued]>
[2025-10-13T09:15:16.609+0000] {taskinstance.py:2613} INFO - Dependencies all met for dep_context=requeueable deps ti=<TaskInstance: elt-pipeline.extract_load_group.extract_marketing_campaigns scheduled__2025-09-01T00:00:00+00:00 [queued]>
[2025-10-13T09:15:16.610+0000] {taskinstance.py:2866} INFO - Starting attempt 1 of 1
[2025-10-13T09:15:16.625+0000] {taskinstance.py:2889} INFO - Executing <Task(PythonOperator): extract_load_group.extract_marketing_campaigns> on 2025-09-01 00:00:00+00:00
[2025-10-13T09:15:16.633+0000] {warnings.py:112} WARNING - /home/***/.local/lib/python3.12/site-packages/***/task/task_runner/standard_task_runner.py:70: DeprecationWarning: This process (pid=1169) is multi-threaded, use of fork() may lead to deadlocks in the child.
  pid = os.fork()

[2025-10-13T09:15:16.634+0000] {standard_task_runner.py:104} INFO - Running: ['***', 'tasks', 'run', 'elt-pipeline', 'extract_load_group.extract_marketing_campaigns', 'scheduled__2025-09-01T00:00:00+00:00', '--job-id', '154', '--raw', '--subdir', 'DAGS_FOLDER/elt.py', '--cfg-path', '/tmp/tmpoealo5kc']
[2025-10-13T09:15:16.635+0000] {standard_task_runner.py:72} INFO - Started process 1176 to run task
[2025-10-13T09:15:16.636+0000] {standard_task_runner.py:105} INFO - Job 154: Subtask extract_load_group.extract_marketing_campaigns
[2025-10-13T09:15:16.712+0000] {task_command.py:467} INFO - Running <TaskInstance: elt-pipeline.extract_load_group.extract_marketing_campaigns scheduled__2025-09-01T00:00:00+00:00 [running]> on host 84d5a327cf64
[2025-10-13T09:15:16.808+0000] {taskinstance.py:3132} INFO - Exporting env vars: AIRFLOW_CTX_DAG_OWNER='***' AIRFLOW_CTX_DAG_ID='elt-pipeline' AIRFLOW_CTX_TASK_ID='extract_load_group.extract_marketing_campaigns' AIRFLOW_CTX_EXECUTION_DATE='2025-09-01T00:00:00+00:00' AIRFLOW_CTX_TRY_NUMBER='1' AIRFLOW_CTX_DAG_RUN_ID='scheduled__2025-09-01T00:00:00+00:00'
[2025-10-13T09:15:16.809+0000] {taskinstance.py:731} INFO - ::endgroup::
[2025-10-13T09:15:16.953+0000] {extract.py:22} INFO - Data written to marketing_campaigns.csv
[2025-10-13T09:15:16.953+0000] {python.py:240} INFO - Done. Returned value was: None
[2025-10-13T09:15:16.971+0000] {taskinstance.py:340} INFO - ::group::Post task execution logs
[2025-10-13T09:15:16.972+0000] {taskinstance.py:352} INFO - Marking task as SUCCESS. dag_id=elt-pipeline, task_id=extract_load_group.extract_marketing_campaigns, run_id=scheduled__2025-09-01T00:00:00+00:00, execution_date=20250901T000000, start_date=20251013T091516, end_date=20251013T091516
[2025-10-13T09:15:17.012+0000] {local_task_job_runner.py:266} INFO - Task exited with return code 0
[2025-10-13T09:15:17.024+0000] {local_task_job_runner.py:245} INFO - ::endgroup::
[2025-10-13T09:20:32.932+0000] {local_task_job_runner.py:123} INFO - ::group::Pre task execution logs
[2025-10-13T09:20:32.958+0000] {taskinstance.py:2613} INFO - Dependencies all met for dep_context=non-requeueable deps ti=<TaskInstance: elt-pipeline.extract_load_group.extract_marketing_campaigns scheduled__2025-09-01T00:00:00+00:00 [queued]>
[2025-10-13T09:20:32.970+0000] {taskinstance.py:2613} INFO - Dependencies all met for dep_context=requeueable deps ti=<TaskInstance: elt-pipeline.extract_load_group.extract_marketing_campaigns scheduled__2025-09-01T00:00:00+00:00 [queued]>
[2025-10-13T09:20:32.971+0000] {taskinstance.py:2866} INFO - Starting attempt 1 of 1
[2025-10-13T09:20:32.987+0000] {taskinstance.py:2889} INFO - Executing <Task(PythonOperator): extract_load_group.extract_marketing_campaigns> on 2025-09-01 00:00:00+00:00
[2025-10-13T09:20:32.997+0000] {warnings.py:112} WARNING - /home/***/.local/lib/python3.12/site-packages/***/task/task_runner/standard_task_runner.py:70: DeprecationWarning: This process (pid=1269) is multi-threaded, use of fork() may lead to deadlocks in the child.
  pid = os.fork()

[2025-10-13T09:20:33.000+0000] {standard_task_runner.py:104} INFO - Running: ['***', 'tasks', 'run', 'elt-pipeline', 'extract_load_group.extract_marketing_campaigns', 'scheduled__2025-09-01T00:00:00+00:00', '--job-id', '164', '--raw', '--subdir', 'DAGS_FOLDER/elt.py', '--cfg-path', '/tmp/tmp3_e5dnct']
[2025-10-13T09:20:33.002+0000] {standard_task_runner.py:72} INFO - Started process 1273 to run task
[2025-10-13T09:20:33.002+0000] {standard_task_runner.py:105} INFO - Job 164: Subtask extract_load_group.extract_marketing_campaigns
[2025-10-13T09:20:33.088+0000] {task_command.py:467} INFO - Running <TaskInstance: elt-pipeline.extract_load_group.extract_marketing_campaigns scheduled__2025-09-01T00:00:00+00:00 [running]> on host 84d5a327cf64
[2025-10-13T09:20:33.205+0000] {taskinstance.py:3132} INFO - Exporting env vars: AIRFLOW_CTX_DAG_OWNER='***' AIRFLOW_CTX_DAG_ID='elt-pipeline' AIRFLOW_CTX_TASK_ID='extract_load_group.extract_marketing_campaigns' AIRFLOW_CTX_EXECUTION_DATE='2025-09-01T00:00:00+00:00' AIRFLOW_CTX_TRY_NUMBER='1' AIRFLOW_CTX_DAG_RUN_ID='scheduled__2025-09-01T00:00:00+00:00'
[2025-10-13T09:20:33.206+0000] {taskinstance.py:731} INFO - ::endgroup::
[2025-10-13T09:20:33.381+0000] {extract.py:22} INFO - Data written to marketing_campaigns.csv
[2025-10-13T09:20:33.382+0000] {python.py:240} INFO - Done. Returned value was: None
[2025-10-13T09:20:33.402+0000] {taskinstance.py:340} INFO - ::group::Post task execution logs
[2025-10-13T09:20:33.403+0000] {taskinstance.py:352} INFO - Marking task as SUCCESS. dag_id=elt-pipeline, task_id=extract_load_group.extract_marketing_campaigns, run_id=scheduled__2025-09-01T00:00:00+00:00, execution_date=20250901T000000, start_date=20251013T092032, end_date=20251013T092033
[2025-10-13T09:20:33.459+0000] {local_task_job_runner.py:266} INFO - Task exited with return code 0
[2025-10-13T09:20:33.473+0000] {local_task_job_runner.py:245} INFO - ::endgroup::
[2025-10-14T04:15:40.132+0000] {local_task_job_runner.py:123} INFO - ::group::Pre task execution logs
[2025-10-14T04:15:40.155+0000] {taskinstance.py:2613} INFO - Dependencies all met for dep_context=non-requeueable deps ti=<TaskInstance: elt-pipeline.extract_load_group.extract_marketing_campaigns scheduled__2025-09-01T00:00:00+00:00 [queued]>
[2025-10-14T04:15:40.164+0000] {taskinstance.py:2613} INFO - Dependencies all met for dep_context=requeueable deps ti=<TaskInstance: elt-pipeline.extract_load_group.extract_marketing_campaigns scheduled__2025-09-01T00:00:00+00:00 [queued]>
[2025-10-14T04:15:40.165+0000] {taskinstance.py:2866} INFO - Starting attempt 1 of 1
[2025-10-14T04:15:40.179+0000] {taskinstance.py:2889} INFO - Executing <Task(PythonOperator): extract_load_group.extract_marketing_campaigns> on 2025-09-01 00:00:00+00:00
[2025-10-14T04:15:40.187+0000] {warnings.py:112} WARNING - /home/***/.local/lib/python3.12/site-packages/***/task/task_runner/standard_task_runner.py:70: DeprecationWarning: This process (pid=108) is multi-threaded, use of fork() may lead to deadlocks in the child.
  pid = os.fork()

[2025-10-14T04:15:40.190+0000] {standard_task_runner.py:72} INFO - Started process 115 to run task
[2025-10-14T04:15:40.191+0000] {standard_task_runner.py:104} INFO - Running: ['***', 'tasks', 'run', 'elt-pipeline', 'extract_load_group.extract_marketing_campaigns', 'scheduled__2025-09-01T00:00:00+00:00', '--job-id', '240', '--raw', '--subdir', 'DAGS_FOLDER/elt.py', '--cfg-path', '/tmp/tmpbw0dbmtu']
[2025-10-14T04:15:40.192+0000] {standard_task_runner.py:105} INFO - Job 240: Subtask extract_load_group.extract_marketing_campaigns
[2025-10-14T04:15:40.264+0000] {task_command.py:467} INFO - Running <TaskInstance: elt-pipeline.extract_load_group.extract_marketing_campaigns scheduled__2025-09-01T00:00:00+00:00 [running]> on host e348b991e0be
[2025-10-14T04:15:40.361+0000] {taskinstance.py:3132} INFO - Exporting env vars: AIRFLOW_CTX_DAG_OWNER='***' AIRFLOW_CTX_DAG_ID='elt-pipeline' AIRFLOW_CTX_TASK_ID='extract_load_group.extract_marketing_campaigns' AIRFLOW_CTX_EXECUTION_DATE='2025-09-01T00:00:00+00:00' AIRFLOW_CTX_TRY_NUMBER='1' AIRFLOW_CTX_DAG_RUN_ID='scheduled__2025-09-01T00:00:00+00:00'
[2025-10-14T04:15:40.363+0000] {taskinstance.py:731} INFO - ::endgroup::
[2025-10-14T04:15:40.629+0000] {extract.py:22} INFO - Data written to marketing_campaigns.csv
[2025-10-14T04:15:40.630+0000] {python.py:240} INFO - Done. Returned value was: None
[2025-10-14T04:15:40.646+0000] {taskinstance.py:340} INFO - ::group::Post task execution logs
[2025-10-14T04:15:40.647+0000] {taskinstance.py:352} INFO - Marking task as SUCCESS. dag_id=elt-pipeline, task_id=extract_load_group.extract_marketing_campaigns, run_id=scheduled__2025-09-01T00:00:00+00:00, execution_date=20250901T000000, start_date=20251014T041540, end_date=20251014T041540
[2025-10-14T04:15:40.729+0000] {local_task_job_runner.py:266} INFO - Task exited with return code 0
[2025-10-14T04:15:40.749+0000] {local_task_job_runner.py:245} INFO - ::endgroup::
[2025-10-14T04:20:39.310+0000] {local_task_job_runner.py:123} INFO - ::group::Pre task execution logs
[2025-10-14T04:20:39.336+0000] {taskinstance.py:2613} INFO - Dependencies all met for dep_context=non-requeueable deps ti=<TaskInstance: elt-pipeline.extract_load_group.extract_marketing_campaigns scheduled__2025-09-01T00:00:00+00:00 [queued]>
[2025-10-14T04:20:39.346+0000] {taskinstance.py:2613} INFO - Dependencies all met for dep_context=requeueable deps ti=<TaskInstance: elt-pipeline.extract_load_group.extract_marketing_campaigns scheduled__2025-09-01T00:00:00+00:00 [queued]>
[2025-10-14T04:20:39.347+0000] {taskinstance.py:2866} INFO - Starting attempt 1 of 1
[2025-10-14T04:20:39.363+0000] {taskinstance.py:2889} INFO - Executing <Task(PythonOperator): extract_load_group.extract_marketing_campaigns> on 2025-09-01 00:00:00+00:00
[2025-10-14T04:20:39.372+0000] {warnings.py:112} WARNING - /home/***/.local/lib/python3.12/site-packages/***/task/task_runner/standard_task_runner.py:70: DeprecationWarning: This process (pid=253) is multi-threaded, use of fork() may lead to deadlocks in the child.
  pid = os.fork()

[2025-10-14T04:20:39.374+0000] {standard_task_runner.py:72} INFO - Started process 255 to run task
[2025-10-14T04:20:39.374+0000] {standard_task_runner.py:104} INFO - Running: ['***', 'tasks', 'run', 'elt-pipeline', 'extract_load_group.extract_marketing_campaigns', 'scheduled__2025-09-01T00:00:00+00:00', '--job-id', '259', '--raw', '--subdir', 'DAGS_FOLDER/elt.py', '--cfg-path', '/tmp/tmprvbal5ld']
[2025-10-14T04:20:39.375+0000] {standard_task_runner.py:105} INFO - Job 259: Subtask extract_load_group.extract_marketing_campaigns
[2025-10-14T04:20:39.456+0000] {task_command.py:467} INFO - Running <TaskInstance: elt-pipeline.extract_load_group.extract_marketing_campaigns scheduled__2025-09-01T00:00:00+00:00 [running]> on host e348b991e0be
[2025-10-14T04:20:39.567+0000] {taskinstance.py:3132} INFO - Exporting env vars: AIRFLOW_CTX_DAG_OWNER='***' AIRFLOW_CTX_DAG_ID='elt-pipeline' AIRFLOW_CTX_TASK_ID='extract_load_group.extract_marketing_campaigns' AIRFLOW_CTX_EXECUTION_DATE='2025-09-01T00:00:00+00:00' AIRFLOW_CTX_TRY_NUMBER='1' AIRFLOW_CTX_DAG_RUN_ID='scheduled__2025-09-01T00:00:00+00:00'
[2025-10-14T04:20:39.569+0000] {taskinstance.py:731} INFO - ::endgroup::
[2025-10-14T04:20:39.731+0000] {extract.py:22} INFO - Data written to marketing_campaigns.csv
[2025-10-14T04:20:39.732+0000] {python.py:240} INFO - Done. Returned value was: None
[2025-10-14T04:20:39.748+0000] {taskinstance.py:340} INFO - ::group::Post task execution logs
[2025-10-14T04:20:39.749+0000] {taskinstance.py:352} INFO - Marking task as SUCCESS. dag_id=elt-pipeline, task_id=extract_load_group.extract_marketing_campaigns, run_id=scheduled__2025-09-01T00:00:00+00:00, execution_date=20250901T000000, start_date=20251014T042039, end_date=20251014T042039
[2025-10-14T04:20:39.792+0000] {local_task_job_runner.py:266} INFO - Task exited with return code 0
[2025-10-14T04:20:39.828+0000] {taskinstance.py:3895} INFO - 1 downstream tasks scheduled from follow-on schedule check
[2025-10-14T04:20:39.831+0000] {local_task_job_runner.py:245} INFO - ::endgroup::
[2025-10-14T04:22:14.248+0000] {local_task_job_runner.py:123} INFO - ::group::Pre task execution logs
[2025-10-14T04:22:14.268+0000] {taskinstance.py:2613} INFO - Dependencies all met for dep_context=non-requeueable deps ti=<TaskInstance: elt-pipeline.extract_load_group.extract_marketing_campaigns scheduled__2025-09-01T00:00:00+00:00 [queued]>
[2025-10-14T04:22:14.277+0000] {taskinstance.py:2613} INFO - Dependencies all met for dep_context=requeueable deps ti=<TaskInstance: elt-pipeline.extract_load_group.extract_marketing_campaigns scheduled__2025-09-01T00:00:00+00:00 [queued]>
[2025-10-14T04:22:14.278+0000] {taskinstance.py:2866} INFO - Starting attempt 1 of 1
[2025-10-14T04:22:14.294+0000] {taskinstance.py:2889} INFO - Executing <Task(PythonOperator): extract_load_group.extract_marketing_campaigns> on 2025-09-01 00:00:00+00:00
[2025-10-14T04:22:14.303+0000] {warnings.py:112} WARNING - /home/***/.local/lib/python3.12/site-packages/***/task/task_runner/standard_task_runner.py:70: DeprecationWarning: This process (pid=489) is multi-threaded, use of fork() may lead to deadlocks in the child.
  pid = os.fork()

[2025-10-14T04:22:14.306+0000] {standard_task_runner.py:72} INFO - Started process 497 to run task
[2025-10-14T04:22:14.306+0000] {standard_task_runner.py:104} INFO - Running: ['***', 'tasks', 'run', 'elt-pipeline', 'extract_load_group.extract_marketing_campaigns', 'scheduled__2025-09-01T00:00:00+00:00', '--job-id', '322', '--raw', '--subdir', 'DAGS_FOLDER/elt.py', '--cfg-path', '/tmp/tmpcq6cpifn']
[2025-10-14T04:22:14.308+0000] {standard_task_runner.py:105} INFO - Job 322: Subtask extract_load_group.extract_marketing_campaigns
[2025-10-14T04:22:14.378+0000] {task_command.py:467} INFO - Running <TaskInstance: elt-pipeline.extract_load_group.extract_marketing_campaigns scheduled__2025-09-01T00:00:00+00:00 [running]> on host e348b991e0be
[2025-10-14T04:22:14.470+0000] {taskinstance.py:3132} INFO - Exporting env vars: AIRFLOW_CTX_DAG_OWNER='***' AIRFLOW_CTX_DAG_ID='elt-pipeline' AIRFLOW_CTX_TASK_ID='extract_load_group.extract_marketing_campaigns' AIRFLOW_CTX_EXECUTION_DATE='2025-09-01T00:00:00+00:00' AIRFLOW_CTX_TRY_NUMBER='1' AIRFLOW_CTX_DAG_RUN_ID='scheduled__2025-09-01T00:00:00+00:00'
[2025-10-14T04:22:14.471+0000] {taskinstance.py:731} INFO - ::endgroup::
[2025-10-14T04:22:14.631+0000] {extract.py:22} INFO - Data written to marketing_campaigns.csv
[2025-10-14T04:22:14.631+0000] {python.py:240} INFO - Done. Returned value was: None
[2025-10-14T04:22:14.650+0000] {taskinstance.py:340} INFO - ::group::Post task execution logs
[2025-10-14T04:22:14.651+0000] {taskinstance.py:352} INFO - Marking task as SUCCESS. dag_id=elt-pipeline, task_id=extract_load_group.extract_marketing_campaigns, run_id=scheduled__2025-09-01T00:00:00+00:00, execution_date=20250901T000000, start_date=20251014T042214, end_date=20251014T042214
[2025-10-14T04:22:14.683+0000] {local_task_job_runner.py:266} INFO - Task exited with return code 0
[2025-10-14T04:22:14.697+0000] {local_task_job_runner.py:245} INFO - ::endgroup::
[2025-10-14T04:26:07.609+0000] {local_task_job_runner.py:123} INFO - ::group::Pre task execution logs
[2025-10-14T04:26:07.637+0000] {taskinstance.py:2613} INFO - Dependencies all met for dep_context=non-requeueable deps ti=<TaskInstance: elt-pipeline.extract_load_group.extract_marketing_campaigns scheduled__2025-09-01T00:00:00+00:00 [queued]>
[2025-10-14T04:26:07.649+0000] {taskinstance.py:2613} INFO - Dependencies all met for dep_context=requeueable deps ti=<TaskInstance: elt-pipeline.extract_load_group.extract_marketing_campaigns scheduled__2025-09-01T00:00:00+00:00 [queued]>
[2025-10-14T04:26:07.650+0000] {taskinstance.py:2866} INFO - Starting attempt 1 of 1
[2025-10-14T04:26:07.670+0000] {taskinstance.py:2889} INFO - Executing <Task(PythonOperator): extract_load_group.extract_marketing_campaigns> on 2025-09-01 00:00:00+00:00
[2025-10-14T04:26:07.680+0000] {warnings.py:112} WARNING - /home/***/.local/lib/python3.12/site-packages/***/task/task_runner/standard_task_runner.py:70: DeprecationWarning: This process (pid=631) is multi-threaded, use of fork() may lead to deadlocks in the child.
  pid = os.fork()

[2025-10-14T04:26:07.682+0000] {standard_task_runner.py:72} INFO - Started process 639 to run task
[2025-10-14T04:26:07.683+0000] {standard_task_runner.py:104} INFO - Running: ['***', 'tasks', 'run', 'elt-pipeline', 'extract_load_group.extract_marketing_campaigns', 'scheduled__2025-09-01T00:00:00+00:00', '--job-id', '345', '--raw', '--subdir', 'DAGS_FOLDER/elt.py', '--cfg-path', '/tmp/tmpkerv_8gg']
[2025-10-14T04:26:07.684+0000] {standard_task_runner.py:105} INFO - Job 345: Subtask extract_load_group.extract_marketing_campaigns
[2025-10-14T04:26:07.761+0000] {task_command.py:467} INFO - Running <TaskInstance: elt-pipeline.extract_load_group.extract_marketing_campaigns scheduled__2025-09-01T00:00:00+00:00 [running]> on host e348b991e0be
[2025-10-14T04:26:07.883+0000] {taskinstance.py:3132} INFO - Exporting env vars: AIRFLOW_CTX_DAG_OWNER='***' AIRFLOW_CTX_DAG_ID='elt-pipeline' AIRFLOW_CTX_TASK_ID='extract_load_group.extract_marketing_campaigns' AIRFLOW_CTX_EXECUTION_DATE='2025-09-01T00:00:00+00:00' AIRFLOW_CTX_TRY_NUMBER='1' AIRFLOW_CTX_DAG_RUN_ID='scheduled__2025-09-01T00:00:00+00:00'
[2025-10-14T04:26:07.884+0000] {taskinstance.py:731} INFO - ::endgroup::
[2025-10-14T04:26:08.083+0000] {extract.py:22} INFO - Data written to marketing_campaigns.csv
[2025-10-14T04:26:08.084+0000] {python.py:240} INFO - Done. Returned value was: None
[2025-10-14T04:26:08.101+0000] {taskinstance.py:340} INFO - ::group::Post task execution logs
[2025-10-14T04:26:08.102+0000] {taskinstance.py:352} INFO - Marking task as SUCCESS. dag_id=elt-pipeline, task_id=extract_load_group.extract_marketing_campaigns, run_id=scheduled__2025-09-01T00:00:00+00:00, execution_date=20250901T000000, start_date=20251014T042607, end_date=20251014T042608
[2025-10-14T04:26:08.139+0000] {local_task_job_runner.py:266} INFO - Task exited with return code 0
[2025-10-14T04:26:08.153+0000] {local_task_job_runner.py:245} INFO - ::endgroup::
[2025-10-14T04:28:11.274+0000] {local_task_job_runner.py:123} INFO - ::group::Pre task execution logs
[2025-10-14T04:28:11.308+0000] {taskinstance.py:2613} INFO - Dependencies all met for dep_context=non-requeueable deps ti=<TaskInstance: elt-pipeline.extract_load_group.extract_marketing_campaigns scheduled__2025-09-01T00:00:00+00:00 [queued]>
[2025-10-14T04:28:11.322+0000] {taskinstance.py:2613} INFO - Dependencies all met for dep_context=requeueable deps ti=<TaskInstance: elt-pipeline.extract_load_group.extract_marketing_campaigns scheduled__2025-09-01T00:00:00+00:00 [queued]>
[2025-10-14T04:28:11.323+0000] {taskinstance.py:2866} INFO - Starting attempt 1 of 1
[2025-10-14T04:28:11.347+0000] {taskinstance.py:2889} INFO - Executing <Task(PythonOperator): extract_load_group.extract_marketing_campaigns> on 2025-09-01 00:00:00+00:00
[2025-10-14T04:28:11.357+0000] {warnings.py:112} WARNING - /home/***/.local/lib/python3.12/site-packages/***/task/task_runner/standard_task_runner.py:70: DeprecationWarning: This process (pid=739) is multi-threaded, use of fork() may lead to deadlocks in the child.
  pid = os.fork()

[2025-10-14T04:28:11.361+0000] {standard_task_runner.py:72} INFO - Started process 740 to run task
[2025-10-14T04:28:11.362+0000] {standard_task_runner.py:104} INFO - Running: ['***', 'tasks', 'run', 'elt-pipeline', 'extract_load_group.extract_marketing_campaigns', 'scheduled__2025-09-01T00:00:00+00:00', '--job-id', '368', '--raw', '--subdir', 'DAGS_FOLDER/elt.py', '--cfg-path', '/tmp/tmpo04k829v']
[2025-10-14T04:28:11.363+0000] {standard_task_runner.py:105} INFO - Job 368: Subtask extract_load_group.extract_marketing_campaigns
[2025-10-14T04:28:11.451+0000] {task_command.py:467} INFO - Running <TaskInstance: elt-pipeline.extract_load_group.extract_marketing_campaigns scheduled__2025-09-01T00:00:00+00:00 [running]> on host e348b991e0be
[2025-10-14T04:28:11.587+0000] {taskinstance.py:3132} INFO - Exporting env vars: AIRFLOW_CTX_DAG_OWNER='***' AIRFLOW_CTX_DAG_ID='elt-pipeline' AIRFLOW_CTX_TASK_ID='extract_load_group.extract_marketing_campaigns' AIRFLOW_CTX_EXECUTION_DATE='2025-09-01T00:00:00+00:00' AIRFLOW_CTX_TRY_NUMBER='1' AIRFLOW_CTX_DAG_RUN_ID='scheduled__2025-09-01T00:00:00+00:00'
[2025-10-14T04:28:11.589+0000] {taskinstance.py:731} INFO - ::endgroup::
[2025-10-14T04:28:11.753+0000] {extract.py:22} INFO - Data written to marketing_campaigns.csv
[2025-10-14T04:28:11.754+0000] {python.py:240} INFO - Done. Returned value was: None
[2025-10-14T04:28:11.773+0000] {taskinstance.py:340} INFO - ::group::Post task execution logs
[2025-10-14T04:28:11.774+0000] {taskinstance.py:352} INFO - Marking task as SUCCESS. dag_id=elt-pipeline, task_id=extract_load_group.extract_marketing_campaigns, run_id=scheduled__2025-09-01T00:00:00+00:00, execution_date=20250901T000000, start_date=20251014T042811, end_date=20251014T042811
[2025-10-14T04:28:11.819+0000] {local_task_job_runner.py:266} INFO - Task exited with return code 0
[2025-10-14T04:28:11.833+0000] {local_task_job_runner.py:245} INFO - ::endgroup::
[2025-10-14T04:31:19.061+0000] {local_task_job_runner.py:123} INFO - ::group::Pre task execution logs
[2025-10-14T04:31:19.082+0000] {taskinstance.py:2613} INFO - Dependencies all met for dep_context=non-requeueable deps ti=<TaskInstance: elt-pipeline.extract_load_group.extract_marketing_campaigns scheduled__2025-09-01T00:00:00+00:00 [queued]>
[2025-10-14T04:31:19.091+0000] {taskinstance.py:2613} INFO - Dependencies all met for dep_context=requeueable deps ti=<TaskInstance: elt-pipeline.extract_load_group.extract_marketing_campaigns scheduled__2025-09-01T00:00:00+00:00 [queued]>
[2025-10-14T04:31:19.092+0000] {taskinstance.py:2866} INFO - Starting attempt 1 of 1
[2025-10-14T04:31:19.106+0000] {taskinstance.py:2889} INFO - Executing <Task(PythonOperator): extract_load_group.extract_marketing_campaigns> on 2025-09-01 00:00:00+00:00
[2025-10-14T04:31:19.114+0000] {warnings.py:112} WARNING - /home/***/.local/lib/python3.12/site-packages/***/task/task_runner/standard_task_runner.py:70: DeprecationWarning: This process (pid=1035) is multi-threaded, use of fork() may lead to deadlocks in the child.
  pid = os.fork()

[2025-10-14T04:31:19.116+0000] {standard_task_runner.py:104} INFO - Running: ['***', 'tasks', 'run', 'elt-pipeline', 'extract_load_group.extract_marketing_campaigns', 'scheduled__2025-09-01T00:00:00+00:00', '--job-id', '440', '--raw', '--subdir', 'DAGS_FOLDER/elt.py', '--cfg-path', '/tmp/tmp66afadxc']
[2025-10-14T04:31:19.117+0000] {standard_task_runner.py:72} INFO - Started process 1041 to run task
[2025-10-14T04:31:19.117+0000] {standard_task_runner.py:105} INFO - Job 440: Subtask extract_load_group.extract_marketing_campaigns
[2025-10-14T04:31:19.182+0000] {task_command.py:467} INFO - Running <TaskInstance: elt-pipeline.extract_load_group.extract_marketing_campaigns scheduled__2025-09-01T00:00:00+00:00 [running]> on host e348b991e0be
[2025-10-14T04:31:19.278+0000] {taskinstance.py:3132} INFO - Exporting env vars: AIRFLOW_CTX_DAG_OWNER='***' AIRFLOW_CTX_DAG_ID='elt-pipeline' AIRFLOW_CTX_TASK_ID='extract_load_group.extract_marketing_campaigns' AIRFLOW_CTX_EXECUTION_DATE='2025-09-01T00:00:00+00:00' AIRFLOW_CTX_TRY_NUMBER='1' AIRFLOW_CTX_DAG_RUN_ID='scheduled__2025-09-01T00:00:00+00:00'
[2025-10-14T04:31:19.280+0000] {taskinstance.py:731} INFO - ::endgroup::
[2025-10-14T04:31:19.457+0000] {extract.py:22} INFO - Data written to marketing_campaigns.csv
[2025-10-14T04:31:19.458+0000] {python.py:240} INFO - Done. Returned value was: None
[2025-10-14T04:31:19.474+0000] {taskinstance.py:340} INFO - ::group::Post task execution logs
[2025-10-14T04:31:19.475+0000] {taskinstance.py:352} INFO - Marking task as SUCCESS. dag_id=elt-pipeline, task_id=extract_load_group.extract_marketing_campaigns, run_id=scheduled__2025-09-01T00:00:00+00:00, execution_date=20250901T000000, start_date=20251014T043119, end_date=20251014T043119
[2025-10-14T04:31:19.533+0000] {local_task_job_runner.py:266} INFO - Task exited with return code 0
[2025-10-14T04:31:19.545+0000] {local_task_job_runner.py:245} INFO - ::endgroup::
