[2025-10-13T08:37:13.913+0000] {local_task_job_runner.py:123} INFO - ::group::Pre task execution logs
[2025-10-13T08:37:13.937+0000] {taskinstance.py:2613} INFO - Dependencies all met for dep_context=non-requeueable deps ti=<TaskInstance: elt-pipeline.extract_load_group.extract_transactions scheduled__2025-09-03T00:00:00+00:00 [queued]>
[2025-10-13T08:37:13.947+0000] {taskinstance.py:2613} INFO - Dependencies all met for dep_context=requeueable deps ti=<TaskInstance: elt-pipeline.extract_load_group.extract_transactions scheduled__2025-09-03T00:00:00+00:00 [queued]>
[2025-10-13T08:37:13.948+0000] {taskinstance.py:2866} INFO - Starting attempt 1 of 1
[2025-10-13T08:37:13.964+0000] {taskinstance.py:2889} INFO - Executing <Task(PythonOperator): extract_load_group.extract_transactions> on 2025-09-03 00:00:00+00:00
[2025-10-13T08:37:13.971+0000] {warnings.py:112} WARNING - /home/***/.local/lib/python3.12/site-packages/***/task/task_runner/standard_task_runner.py:70: DeprecationWarning: This process (pid=247) is multi-threaded, use of fork() may lead to deadlocks in the child.
  pid = os.fork()

[2025-10-13T08:37:13.973+0000] {standard_task_runner.py:72} INFO - Started process 253 to run task
[2025-10-13T08:37:13.974+0000] {standard_task_runner.py:104} INFO - Running: ['***', 'tasks', 'run', 'elt-pipeline', 'extract_load_group.extract_transactions', 'scheduled__2025-09-03T00:00:00+00:00', '--job-id', '35', '--raw', '--subdir', 'DAGS_FOLDER/elt.py', '--cfg-path', '/tmp/tmpwtnqrjuk']
[2025-10-13T08:37:13.975+0000] {standard_task_runner.py:105} INFO - Job 35: Subtask extract_load_group.extract_transactions
[2025-10-13T08:37:14.042+0000] {task_command.py:467} INFO - Running <TaskInstance: elt-pipeline.extract_load_group.extract_transactions scheduled__2025-09-03T00:00:00+00:00 [running]> on host 84d5a327cf64
[2025-10-13T08:37:14.135+0000] {taskinstance.py:3132} INFO - Exporting env vars: AIRFLOW_CTX_DAG_OWNER='***' AIRFLOW_CTX_DAG_ID='elt-pipeline' AIRFLOW_CTX_TASK_ID='extract_load_group.extract_transactions' AIRFLOW_CTX_EXECUTION_DATE='2025-09-03T00:00:00+00:00' AIRFLOW_CTX_TRY_NUMBER='1' AIRFLOW_CTX_DAG_RUN_ID='scheduled__2025-09-03T00:00:00+00:00'
[2025-10-13T08:37:14.136+0000] {taskinstance.py:731} INFO - ::endgroup::
[2025-10-13T08:37:14.304+0000] {extract.py:22} INFO - Data written to transactions.csv
[2025-10-13T08:37:14.305+0000] {python.py:240} INFO - Done. Returned value was: None
[2025-10-13T08:37:14.326+0000] {taskinstance.py:340} INFO - ::group::Post task execution logs
[2025-10-13T08:37:14.327+0000] {taskinstance.py:352} INFO - Marking task as SUCCESS. dag_id=elt-pipeline, task_id=extract_load_group.extract_transactions, run_id=scheduled__2025-09-03T00:00:00+00:00, execution_date=20250903T000000, start_date=20251013T083713, end_date=20251013T083714
[2025-10-13T08:37:14.390+0000] {local_task_job_runner.py:266} INFO - Task exited with return code 0
[2025-10-13T08:37:14.438+0000] {taskinstance.py:3895} INFO - 1 downstream tasks scheduled from follow-on schedule check
[2025-10-13T08:37:14.443+0000] {local_task_job_runner.py:245} INFO - ::endgroup::
[2025-10-13T08:55:10.152+0000] {local_task_job_runner.py:123} INFO - ::group::Pre task execution logs
[2025-10-13T08:55:10.178+0000] {taskinstance.py:2613} INFO - Dependencies all met for dep_context=non-requeueable deps ti=<TaskInstance: elt-pipeline.extract_load_group.extract_transactions scheduled__2025-09-03T00:00:00+00:00 [queued]>
[2025-10-13T08:55:10.191+0000] {taskinstance.py:2613} INFO - Dependencies all met for dep_context=requeueable deps ti=<TaskInstance: elt-pipeline.extract_load_group.extract_transactions scheduled__2025-09-03T00:00:00+00:00 [queued]>
[2025-10-13T08:55:10.192+0000] {taskinstance.py:2866} INFO - Starting attempt 1 of 1
[2025-10-13T08:55:10.210+0000] {taskinstance.py:2889} INFO - Executing <Task(PythonOperator): extract_load_group.extract_transactions> on 2025-09-03 00:00:00+00:00
[2025-10-13T08:55:10.219+0000] {warnings.py:112} WARNING - /home/***/.local/lib/python3.12/site-packages/***/task/task_runner/standard_task_runner.py:70: DeprecationWarning: This process (pid=795) is multi-threaded, use of fork() may lead to deadlocks in the child.
  pid = os.fork()

[2025-10-13T08:55:10.221+0000] {standard_task_runner.py:72} INFO - Started process 806 to run task
[2025-10-13T08:55:10.221+0000] {standard_task_runner.py:104} INFO - Running: ['***', 'tasks', 'run', 'elt-pipeline', 'extract_load_group.extract_transactions', 'scheduled__2025-09-03T00:00:00+00:00', '--job-id', '128', '--raw', '--subdir', 'DAGS_FOLDER/elt.py', '--cfg-path', '/tmp/tmpl2kl7oun']
[2025-10-13T08:55:10.223+0000] {standard_task_runner.py:105} INFO - Job 128: Subtask extract_load_group.extract_transactions
[2025-10-13T08:55:10.279+0000] {task_command.py:467} INFO - Running <TaskInstance: elt-pipeline.extract_load_group.extract_transactions scheduled__2025-09-03T00:00:00+00:00 [running]> on host 84d5a327cf64
[2025-10-13T08:55:10.375+0000] {taskinstance.py:3132} INFO - Exporting env vars: AIRFLOW_CTX_DAG_OWNER='***' AIRFLOW_CTX_DAG_ID='elt-pipeline' AIRFLOW_CTX_TASK_ID='extract_load_group.extract_transactions' AIRFLOW_CTX_EXECUTION_DATE='2025-09-03T00:00:00+00:00' AIRFLOW_CTX_TRY_NUMBER='1' AIRFLOW_CTX_DAG_RUN_ID='scheduled__2025-09-03T00:00:00+00:00'
[2025-10-13T08:55:10.376+0000] {taskinstance.py:731} INFO - ::endgroup::
[2025-10-13T08:55:10.525+0000] {extract.py:22} INFO - Data written to transactions.csv
[2025-10-13T08:55:10.526+0000] {python.py:240} INFO - Done. Returned value was: None
[2025-10-13T08:55:10.537+0000] {taskinstance.py:340} INFO - ::group::Post task execution logs
[2025-10-13T08:55:10.538+0000] {taskinstance.py:352} INFO - Marking task as SUCCESS. dag_id=elt-pipeline, task_id=extract_load_group.extract_transactions, run_id=scheduled__2025-09-03T00:00:00+00:00, execution_date=20250903T000000, start_date=20251013T085510, end_date=20251013T085510
[2025-10-13T08:55:10.597+0000] {local_task_job_runner.py:266} INFO - Task exited with return code 0
[2025-10-13T08:55:10.626+0000] {taskinstance.py:3895} INFO - 1 downstream tasks scheduled from follow-on schedule check
[2025-10-13T08:55:10.628+0000] {local_task_job_runner.py:245} INFO - ::endgroup::
[2025-10-13T09:21:09.474+0000] {local_task_job_runner.py:123} INFO - ::group::Pre task execution logs
[2025-10-13T09:21:09.494+0000] {taskinstance.py:2613} INFO - Dependencies all met for dep_context=non-requeueable deps ti=<TaskInstance: elt-pipeline.extract_load_group.extract_transactions scheduled__2025-09-03T00:00:00+00:00 [queued]>
[2025-10-13T09:21:09.504+0000] {taskinstance.py:2613} INFO - Dependencies all met for dep_context=requeueable deps ti=<TaskInstance: elt-pipeline.extract_load_group.extract_transactions scheduled__2025-09-03T00:00:00+00:00 [queued]>
[2025-10-13T09:21:09.505+0000] {taskinstance.py:2866} INFO - Starting attempt 1 of 1
[2025-10-13T09:21:09.520+0000] {taskinstance.py:2889} INFO - Executing <Task(PythonOperator): extract_load_group.extract_transactions> on 2025-09-03 00:00:00+00:00
[2025-10-13T09:21:09.529+0000] {warnings.py:112} WARNING - /home/***/.local/lib/python3.12/site-packages/***/task/task_runner/standard_task_runner.py:70: DeprecationWarning: This process (pid=1364) is multi-threaded, use of fork() may lead to deadlocks in the child.
  pid = os.fork()

[2025-10-13T09:21:09.531+0000] {standard_task_runner.py:72} INFO - Started process 1371 to run task
[2025-10-13T09:21:09.531+0000] {standard_task_runner.py:104} INFO - Running: ['***', 'tasks', 'run', 'elt-pipeline', 'extract_load_group.extract_transactions', 'scheduled__2025-09-03T00:00:00+00:00', '--job-id', '189', '--raw', '--subdir', 'DAGS_FOLDER/elt.py', '--cfg-path', '/tmp/tmpzgwnt7rq']
[2025-10-13T09:21:09.532+0000] {standard_task_runner.py:105} INFO - Job 189: Subtask extract_load_group.extract_transactions
[2025-10-13T09:21:09.606+0000] {task_command.py:467} INFO - Running <TaskInstance: elt-pipeline.extract_load_group.extract_transactions scheduled__2025-09-03T00:00:00+00:00 [running]> on host 84d5a327cf64
[2025-10-13T09:21:09.723+0000] {taskinstance.py:3132} INFO - Exporting env vars: AIRFLOW_CTX_DAG_OWNER='***' AIRFLOW_CTX_DAG_ID='elt-pipeline' AIRFLOW_CTX_TASK_ID='extract_load_group.extract_transactions' AIRFLOW_CTX_EXECUTION_DATE='2025-09-03T00:00:00+00:00' AIRFLOW_CTX_TRY_NUMBER='1' AIRFLOW_CTX_DAG_RUN_ID='scheduled__2025-09-03T00:00:00+00:00'
[2025-10-13T09:21:09.724+0000] {taskinstance.py:731} INFO - ::endgroup::
[2025-10-13T09:21:09.902+0000] {extract.py:22} INFO - Data written to transactions.csv
[2025-10-13T09:21:09.903+0000] {python.py:240} INFO - Done. Returned value was: None
[2025-10-13T09:21:09.919+0000] {taskinstance.py:340} INFO - ::group::Post task execution logs
[2025-10-13T09:21:09.920+0000] {taskinstance.py:352} INFO - Marking task as SUCCESS. dag_id=elt-pipeline, task_id=extract_load_group.extract_transactions, run_id=scheduled__2025-09-03T00:00:00+00:00, execution_date=20250903T000000, start_date=20251013T092109, end_date=20251013T092109
[2025-10-13T09:21:09.947+0000] {local_task_job_runner.py:266} INFO - Task exited with return code 0
[2025-10-13T09:21:09.982+0000] {taskinstance.py:3895} INFO - 1 downstream tasks scheduled from follow-on schedule check
[2025-10-13T09:21:09.985+0000] {local_task_job_runner.py:245} INFO - ::endgroup::
[2025-10-14T04:21:08.377+0000] {local_task_job_runner.py:123} INFO - ::group::Pre task execution logs
[2025-10-14T04:21:08.399+0000] {taskinstance.py:2613} INFO - Dependencies all met for dep_context=non-requeueable deps ti=<TaskInstance: elt-pipeline.extract_load_group.extract_transactions scheduled__2025-09-03T00:00:00+00:00 [queued]>
[2025-10-14T04:21:08.407+0000] {taskinstance.py:2613} INFO - Dependencies all met for dep_context=requeueable deps ti=<TaskInstance: elt-pipeline.extract_load_group.extract_transactions scheduled__2025-09-03T00:00:00+00:00 [queued]>
[2025-10-14T04:21:08.408+0000] {taskinstance.py:2866} INFO - Starting attempt 1 of 1
[2025-10-14T04:21:08.422+0000] {taskinstance.py:2889} INFO - Executing <Task(PythonOperator): extract_load_group.extract_transactions> on 2025-09-03 00:00:00+00:00
[2025-10-14T04:21:08.430+0000] {warnings.py:112} WARNING - /home/***/.local/lib/python3.12/site-packages/***/task/task_runner/standard_task_runner.py:70: DeprecationWarning: This process (pid=343) is multi-threaded, use of fork() may lead to deadlocks in the child.
  pid = os.fork()

[2025-10-14T04:21:08.432+0000] {standard_task_runner.py:72} INFO - Started process 348 to run task
[2025-10-14T04:21:08.432+0000] {standard_task_runner.py:104} INFO - Running: ['***', 'tasks', 'run', 'elt-pipeline', 'extract_load_group.extract_transactions', 'scheduled__2025-09-03T00:00:00+00:00', '--job-id', '283', '--raw', '--subdir', 'DAGS_FOLDER/elt.py', '--cfg-path', '/tmp/tmpwxubef8i']
[2025-10-14T04:21:08.434+0000] {standard_task_runner.py:105} INFO - Job 283: Subtask extract_load_group.extract_transactions
[2025-10-14T04:21:08.505+0000] {task_command.py:467} INFO - Running <TaskInstance: elt-pipeline.extract_load_group.extract_transactions scheduled__2025-09-03T00:00:00+00:00 [running]> on host e348b991e0be
[2025-10-14T04:21:08.607+0000] {taskinstance.py:3132} INFO - Exporting env vars: AIRFLOW_CTX_DAG_OWNER='***' AIRFLOW_CTX_DAG_ID='elt-pipeline' AIRFLOW_CTX_TASK_ID='extract_load_group.extract_transactions' AIRFLOW_CTX_EXECUTION_DATE='2025-09-03T00:00:00+00:00' AIRFLOW_CTX_TRY_NUMBER='1' AIRFLOW_CTX_DAG_RUN_ID='scheduled__2025-09-03T00:00:00+00:00'
[2025-10-14T04:21:08.608+0000] {taskinstance.py:731} INFO - ::endgroup::
[2025-10-14T04:21:08.766+0000] {extract.py:22} INFO - Data written to transactions.csv
[2025-10-14T04:21:08.767+0000] {python.py:240} INFO - Done. Returned value was: None
[2025-10-14T04:21:08.785+0000] {taskinstance.py:340} INFO - ::group::Post task execution logs
[2025-10-14T04:21:08.785+0000] {taskinstance.py:352} INFO - Marking task as SUCCESS. dag_id=elt-pipeline, task_id=extract_load_group.extract_transactions, run_id=scheduled__2025-09-03T00:00:00+00:00, execution_date=20250903T000000, start_date=20251014T042108, end_date=20251014T042108
[2025-10-14T04:21:08.848+0000] {local_task_job_runner.py:266} INFO - Task exited with return code 0
[2025-10-14T04:21:08.868+0000] {local_task_job_runner.py:245} INFO - ::endgroup::
[2025-10-14T04:29:02.567+0000] {local_task_job_runner.py:123} INFO - ::group::Pre task execution logs
[2025-10-14T04:29:02.590+0000] {taskinstance.py:2613} INFO - Dependencies all met for dep_context=non-requeueable deps ti=<TaskInstance: elt-pipeline.extract_load_group.extract_transactions scheduled__2025-09-03T00:00:00+00:00 [queued]>
[2025-10-14T04:29:02.599+0000] {taskinstance.py:2613} INFO - Dependencies all met for dep_context=requeueable deps ti=<TaskInstance: elt-pipeline.extract_load_group.extract_transactions scheduled__2025-09-03T00:00:00+00:00 [queued]>
[2025-10-14T04:29:02.600+0000] {taskinstance.py:2866} INFO - Starting attempt 1 of 1
[2025-10-14T04:29:02.631+0000] {taskinstance.py:2889} INFO - Executing <Task(PythonOperator): extract_load_group.extract_transactions> on 2025-09-03 00:00:00+00:00
[2025-10-14T04:29:02.640+0000] {warnings.py:112} WARNING - /home/***/.local/lib/python3.12/site-packages/***/task/task_runner/standard_task_runner.py:70: DeprecationWarning: This process (pid=835) is multi-threaded, use of fork() may lead to deadlocks in the child.
  pid = os.fork()

[2025-10-14T04:29:02.642+0000] {standard_task_runner.py:72} INFO - Started process 846 to run task
[2025-10-14T04:29:02.643+0000] {standard_task_runner.py:104} INFO - Running: ['***', 'tasks', 'run', 'elt-pipeline', 'extract_load_group.extract_transactions', 'scheduled__2025-09-03T00:00:00+00:00', '--job-id', '393', '--raw', '--subdir', 'DAGS_FOLDER/elt.py', '--cfg-path', '/tmp/tmpinxv32br']
[2025-10-14T04:29:02.644+0000] {standard_task_runner.py:105} INFO - Job 393: Subtask extract_load_group.extract_transactions
[2025-10-14T04:29:02.708+0000] {task_command.py:467} INFO - Running <TaskInstance: elt-pipeline.extract_load_group.extract_transactions scheduled__2025-09-03T00:00:00+00:00 [running]> on host e348b991e0be
[2025-10-14T04:29:02.814+0000] {taskinstance.py:3132} INFO - Exporting env vars: AIRFLOW_CTX_DAG_OWNER='***' AIRFLOW_CTX_DAG_ID='elt-pipeline' AIRFLOW_CTX_TASK_ID='extract_load_group.extract_transactions' AIRFLOW_CTX_EXECUTION_DATE='2025-09-03T00:00:00+00:00' AIRFLOW_CTX_TRY_NUMBER='1' AIRFLOW_CTX_DAG_RUN_ID='scheduled__2025-09-03T00:00:00+00:00'
[2025-10-14T04:29:02.815+0000] {taskinstance.py:731} INFO - ::endgroup::
[2025-10-14T04:29:02.969+0000] {extract.py:22} INFO - Data written to transactions.csv
[2025-10-14T04:29:02.970+0000] {python.py:240} INFO - Done. Returned value was: None
[2025-10-14T04:29:02.987+0000] {taskinstance.py:340} INFO - ::group::Post task execution logs
[2025-10-14T04:29:02.988+0000] {taskinstance.py:352} INFO - Marking task as SUCCESS. dag_id=elt-pipeline, task_id=extract_load_group.extract_transactions, run_id=scheduled__2025-09-03T00:00:00+00:00, execution_date=20250903T000000, start_date=20251014T042902, end_date=20251014T042902
[2025-10-14T04:29:03.058+0000] {local_task_job_runner.py:266} INFO - Task exited with return code 0
[2025-10-14T04:29:03.076+0000] {local_task_job_runner.py:245} INFO - ::endgroup::
[2025-10-14T04:35:58.018+0000] {local_task_job_runner.py:123} INFO - ::group::Pre task execution logs
[2025-10-14T04:35:58.038+0000] {taskinstance.py:2613} INFO - Dependencies all met for dep_context=non-requeueable deps ti=<TaskInstance: elt-pipeline.extract_load_group.extract_transactions scheduled__2025-09-03T00:00:00+00:00 [queued]>
[2025-10-14T04:35:58.046+0000] {taskinstance.py:2613} INFO - Dependencies all met for dep_context=requeueable deps ti=<TaskInstance: elt-pipeline.extract_load_group.extract_transactions scheduled__2025-09-03T00:00:00+00:00 [queued]>
[2025-10-14T04:35:58.047+0000] {taskinstance.py:2866} INFO - Starting attempt 1 of 1
[2025-10-14T04:35:58.061+0000] {taskinstance.py:2889} INFO - Executing <Task(PythonOperator): extract_load_group.extract_transactions> on 2025-09-03 00:00:00+00:00
[2025-10-14T04:35:58.069+0000] {warnings.py:112} WARNING - /home/***/.local/lib/python3.12/site-packages/***/task/task_runner/standard_task_runner.py:70: DeprecationWarning: This process (pid=1186) is multi-threaded, use of fork() may lead to deadlocks in the child.
  pid = os.fork()

[2025-10-14T04:35:58.070+0000] {standard_task_runner.py:72} INFO - Started process 1189 to run task
[2025-10-14T04:35:58.072+0000] {standard_task_runner.py:104} INFO - Running: ['***', 'tasks', 'run', 'elt-pipeline', 'extract_load_group.extract_transactions', 'scheduled__2025-09-03T00:00:00+00:00', '--job-id', '463', '--raw', '--subdir', 'DAGS_FOLDER/elt.py', '--cfg-path', '/tmp/tmp4l9zmdiv']
[2025-10-14T04:35:58.074+0000] {standard_task_runner.py:105} INFO - Job 463: Subtask extract_load_group.extract_transactions
[2025-10-14T04:35:58.134+0000] {task_command.py:467} INFO - Running <TaskInstance: elt-pipeline.extract_load_group.extract_transactions scheduled__2025-09-03T00:00:00+00:00 [running]> on host e348b991e0be
[2025-10-14T04:35:58.232+0000] {taskinstance.py:3132} INFO - Exporting env vars: AIRFLOW_CTX_DAG_OWNER='***' AIRFLOW_CTX_DAG_ID='elt-pipeline' AIRFLOW_CTX_TASK_ID='extract_load_group.extract_transactions' AIRFLOW_CTX_EXECUTION_DATE='2025-09-03T00:00:00+00:00' AIRFLOW_CTX_TRY_NUMBER='1' AIRFLOW_CTX_DAG_RUN_ID='scheduled__2025-09-03T00:00:00+00:00'
[2025-10-14T04:35:58.234+0000] {taskinstance.py:731} INFO - ::endgroup::
[2025-10-14T04:35:58.388+0000] {extract.py:22} INFO - Data written to transactions.csv
[2025-10-14T04:35:58.389+0000] {python.py:240} INFO - Done. Returned value was: None
[2025-10-14T04:35:58.406+0000] {taskinstance.py:340} INFO - ::group::Post task execution logs
[2025-10-14T04:35:58.407+0000] {taskinstance.py:352} INFO - Marking task as SUCCESS. dag_id=elt-pipeline, task_id=extract_load_group.extract_transactions, run_id=scheduled__2025-09-03T00:00:00+00:00, execution_date=20250903T000000, start_date=20251014T043558, end_date=20251014T043558
[2025-10-14T04:35:58.447+0000] {local_task_job_runner.py:266} INFO - Task exited with return code 0
[2025-10-14T04:35:58.489+0000] {taskinstance.py:3895} INFO - 1 downstream tasks scheduled from follow-on schedule check
[2025-10-14T04:35:58.491+0000] {local_task_job_runner.py:245} INFO - ::endgroup::
