[2025-10-13T08:42:38.677+0000] {local_task_job_runner.py:123} INFO - ::group::Pre task execution logs
[2025-10-13T08:42:38.700+0000] {taskinstance.py:2613} INFO - Dependencies all met for dep_context=non-requeueable deps ti=<TaskInstance: elt-pipeline.extract_load_group.extract_customers scheduled__2025-09-05T00:00:00+00:00 [queued]>
[2025-10-13T08:42:38.713+0000] {taskinstance.py:2613} INFO - Dependencies all met for dep_context=requeueable deps ti=<TaskInstance: elt-pipeline.extract_load_group.extract_customers scheduled__2025-09-05T00:00:00+00:00 [queued]>
[2025-10-13T08:42:38.714+0000] {taskinstance.py:2866} INFO - Starting attempt 1 of 1
[2025-10-13T08:42:38.738+0000] {taskinstance.py:2889} INFO - Executing <Task(PythonOperator): extract_load_group.extract_customers> on 2025-09-05 00:00:00+00:00
[2025-10-13T08:42:38.749+0000] {warnings.py:112} WARNING - /home/***/.local/lib/python3.12/site-packages/***/task/task_runner/standard_task_runner.py:70: DeprecationWarning: This process (pid=421) is multi-threaded, use of fork() may lead to deadlocks in the child.
  pid = os.fork()

[2025-10-13T08:42:38.751+0000] {standard_task_runner.py:72} INFO - Started process 432 to run task
[2025-10-13T08:42:38.751+0000] {standard_task_runner.py:104} INFO - Running: ['***', 'tasks', 'run', 'elt-pipeline', 'extract_load_group.extract_customers', 'scheduled__2025-09-05T00:00:00+00:00', '--job-id', '67', '--raw', '--subdir', 'DAGS_FOLDER/elt.py', '--cfg-path', '/tmp/tmp1_22874g']
[2025-10-13T08:42:38.753+0000] {standard_task_runner.py:105} INFO - Job 67: Subtask extract_load_group.extract_customers
[2025-10-13T08:42:38.836+0000] {task_command.py:467} INFO - Running <TaskInstance: elt-pipeline.extract_load_group.extract_customers scheduled__2025-09-05T00:00:00+00:00 [running]> on host 84d5a327cf64
[2025-10-13T08:42:38.947+0000] {taskinstance.py:3132} INFO - Exporting env vars: AIRFLOW_CTX_DAG_OWNER='***' AIRFLOW_CTX_DAG_ID='elt-pipeline' AIRFLOW_CTX_TASK_ID='extract_load_group.extract_customers' AIRFLOW_CTX_EXECUTION_DATE='2025-09-05T00:00:00+00:00' AIRFLOW_CTX_TRY_NUMBER='1' AIRFLOW_CTX_DAG_RUN_ID='scheduled__2025-09-05T00:00:00+00:00'
[2025-10-13T08:42:38.950+0000] {taskinstance.py:731} INFO - ::endgroup::
[2025-10-13T08:42:39.113+0000] {extract.py:22} INFO - Data written to customers.csv
[2025-10-13T08:42:39.114+0000] {python.py:240} INFO - Done. Returned value was: None
[2025-10-13T08:42:39.129+0000] {taskinstance.py:340} INFO - ::group::Post task execution logs
[2025-10-13T08:42:39.130+0000] {taskinstance.py:352} INFO - Marking task as SUCCESS. dag_id=elt-pipeline, task_id=extract_load_group.extract_customers, run_id=scheduled__2025-09-05T00:00:00+00:00, execution_date=20250905T000000, start_date=20251013T084238, end_date=20251013T084239
[2025-10-13T08:42:39.169+0000] {local_task_job_runner.py:266} INFO - Task exited with return code 0
[2025-10-13T08:42:39.182+0000] {local_task_job_runner.py:245} INFO - ::endgroup::
[2025-10-13T09:21:48.870+0000] {local_task_job_runner.py:123} INFO - ::group::Pre task execution logs
[2025-10-13T09:21:48.890+0000] {taskinstance.py:2613} INFO - Dependencies all met for dep_context=non-requeueable deps ti=<TaskInstance: elt-pipeline.extract_load_group.extract_customers scheduled__2025-09-05T00:00:00+00:00 [queued]>
[2025-10-13T09:21:48.898+0000] {taskinstance.py:2613} INFO - Dependencies all met for dep_context=requeueable deps ti=<TaskInstance: elt-pipeline.extract_load_group.extract_customers scheduled__2025-09-05T00:00:00+00:00 [queued]>
[2025-10-13T09:21:48.899+0000] {taskinstance.py:2866} INFO - Starting attempt 1 of 1
[2025-10-13T09:21:48.913+0000] {taskinstance.py:2889} INFO - Executing <Task(PythonOperator): extract_load_group.extract_customers> on 2025-09-05 00:00:00+00:00
[2025-10-13T09:21:48.921+0000] {warnings.py:112} WARNING - /home/***/.local/lib/python3.12/site-packages/***/task/task_runner/standard_task_runner.py:70: DeprecationWarning: This process (pid=1445) is multi-threaded, use of fork() may lead to deadlocks in the child.
  pid = os.fork()

[2025-10-13T09:21:48.923+0000] {standard_task_runner.py:72} INFO - Started process 1451 to run task
[2025-10-13T09:21:48.928+0000] {standard_task_runner.py:104} INFO - Running: ['***', 'tasks', 'run', 'elt-pipeline', 'extract_load_group.extract_customers', 'scheduled__2025-09-05T00:00:00+00:00', '--job-id', '210', '--raw', '--subdir', 'DAGS_FOLDER/elt.py', '--cfg-path', '/tmp/tmp4dx5sx52']
[2025-10-13T09:21:48.930+0000] {standard_task_runner.py:105} INFO - Job 210: Subtask extract_load_group.extract_customers
[2025-10-13T09:21:48.989+0000] {task_command.py:467} INFO - Running <TaskInstance: elt-pipeline.extract_load_group.extract_customers scheduled__2025-09-05T00:00:00+00:00 [running]> on host 84d5a327cf64
[2025-10-13T09:21:49.097+0000] {taskinstance.py:3132} INFO - Exporting env vars: AIRFLOW_CTX_DAG_OWNER='***' AIRFLOW_CTX_DAG_ID='elt-pipeline' AIRFLOW_CTX_TASK_ID='extract_load_group.extract_customers' AIRFLOW_CTX_EXECUTION_DATE='2025-09-05T00:00:00+00:00' AIRFLOW_CTX_TRY_NUMBER='1' AIRFLOW_CTX_DAG_RUN_ID='scheduled__2025-09-05T00:00:00+00:00'
[2025-10-13T09:21:49.098+0000] {taskinstance.py:731} INFO - ::endgroup::
[2025-10-13T09:21:49.246+0000] {extract.py:22} INFO - Data written to customers.csv
[2025-10-13T09:21:49.247+0000] {python.py:240} INFO - Done. Returned value was: None
[2025-10-13T09:21:49.261+0000] {taskinstance.py:340} INFO - ::group::Post task execution logs
[2025-10-13T09:21:49.262+0000] {taskinstance.py:352} INFO - Marking task as SUCCESS. dag_id=elt-pipeline, task_id=extract_load_group.extract_customers, run_id=scheduled__2025-09-05T00:00:00+00:00, execution_date=20250905T000000, start_date=20251013T092148, end_date=20251013T092149
[2025-10-13T09:21:49.299+0000] {local_task_job_runner.py:266} INFO - Task exited with return code 0
[2025-10-13T09:21:49.318+0000] {local_task_job_runner.py:245} INFO - ::endgroup::
[2025-10-14T04:21:40.065+0000] {local_task_job_runner.py:123} INFO - ::group::Pre task execution logs
[2025-10-14T04:21:40.089+0000] {taskinstance.py:2613} INFO - Dependencies all met for dep_context=non-requeueable deps ti=<TaskInstance: elt-pipeline.extract_load_group.extract_customers scheduled__2025-09-05T00:00:00+00:00 [queued]>
[2025-10-14T04:21:40.099+0000] {taskinstance.py:2613} INFO - Dependencies all met for dep_context=requeueable deps ti=<TaskInstance: elt-pipeline.extract_load_group.extract_customers scheduled__2025-09-05T00:00:00+00:00 [queued]>
[2025-10-14T04:21:40.099+0000] {taskinstance.py:2866} INFO - Starting attempt 1 of 1
[2025-10-14T04:21:40.113+0000] {taskinstance.py:2889} INFO - Executing <Task(PythonOperator): extract_load_group.extract_customers> on 2025-09-05 00:00:00+00:00
[2025-10-14T04:21:40.121+0000] {warnings.py:112} WARNING - /home/***/.local/lib/python3.12/site-packages/***/task/task_runner/standard_task_runner.py:70: DeprecationWarning: This process (pid=438) is multi-threaded, use of fork() may lead to deadlocks in the child.
  pid = os.fork()

[2025-10-14T04:21:40.123+0000] {standard_task_runner.py:72} INFO - Started process 446 to run task
[2025-10-14T04:21:40.123+0000] {standard_task_runner.py:104} INFO - Running: ['***', 'tasks', 'run', 'elt-pipeline', 'extract_load_group.extract_customers', 'scheduled__2025-09-05T00:00:00+00:00', '--job-id', '309', '--raw', '--subdir', 'DAGS_FOLDER/elt.py', '--cfg-path', '/tmp/tmpggcxqv3t']
[2025-10-14T04:21:40.124+0000] {standard_task_runner.py:105} INFO - Job 309: Subtask extract_load_group.extract_customers
[2025-10-14T04:21:40.185+0000] {task_command.py:467} INFO - Running <TaskInstance: elt-pipeline.extract_load_group.extract_customers scheduled__2025-09-05T00:00:00+00:00 [running]> on host e348b991e0be
[2025-10-14T04:21:40.300+0000] {taskinstance.py:3132} INFO - Exporting env vars: AIRFLOW_CTX_DAG_OWNER='***' AIRFLOW_CTX_DAG_ID='elt-pipeline' AIRFLOW_CTX_TASK_ID='extract_load_group.extract_customers' AIRFLOW_CTX_EXECUTION_DATE='2025-09-05T00:00:00+00:00' AIRFLOW_CTX_TRY_NUMBER='1' AIRFLOW_CTX_DAG_RUN_ID='scheduled__2025-09-05T00:00:00+00:00'
[2025-10-14T04:21:40.301+0000] {taskinstance.py:731} INFO - ::endgroup::
[2025-10-14T04:21:40.451+0000] {extract.py:22} INFO - Data written to customers.csv
[2025-10-14T04:21:40.452+0000] {python.py:240} INFO - Done. Returned value was: None
[2025-10-14T04:21:40.471+0000] {taskinstance.py:340} INFO - ::group::Post task execution logs
[2025-10-14T04:21:40.472+0000] {taskinstance.py:352} INFO - Marking task as SUCCESS. dag_id=elt-pipeline, task_id=extract_load_group.extract_customers, run_id=scheduled__2025-09-05T00:00:00+00:00, execution_date=20250905T000000, start_date=20251014T042140, end_date=20251014T042140
[2025-10-14T04:21:40.499+0000] {local_task_job_runner.py:266} INFO - Task exited with return code 0
[2025-10-14T04:21:40.515+0000] {local_task_job_runner.py:245} INFO - ::endgroup::
[2025-10-14T04:29:51.819+0000] {local_task_job_runner.py:123} INFO - ::group::Pre task execution logs
[2025-10-14T04:29:51.840+0000] {taskinstance.py:2613} INFO - Dependencies all met for dep_context=non-requeueable deps ti=<TaskInstance: elt-pipeline.extract_load_group.extract_customers scheduled__2025-09-05T00:00:00+00:00 [queued]>
[2025-10-14T04:29:51.852+0000] {taskinstance.py:2613} INFO - Dependencies all met for dep_context=requeueable deps ti=<TaskInstance: elt-pipeline.extract_load_group.extract_customers scheduled__2025-09-05T00:00:00+00:00 [queued]>
[2025-10-14T04:29:51.852+0000] {taskinstance.py:2866} INFO - Starting attempt 1 of 1
[2025-10-14T04:29:51.877+0000] {taskinstance.py:2889} INFO - Executing <Task(PythonOperator): extract_load_group.extract_customers> on 2025-09-05 00:00:00+00:00
[2025-10-14T04:29:51.886+0000] {warnings.py:112} WARNING - /home/***/.local/lib/python3.12/site-packages/***/task/task_runner/standard_task_runner.py:70: DeprecationWarning: This process (pid=938) is multi-threaded, use of fork() may lead to deadlocks in the child.
  pid = os.fork()

[2025-10-14T04:29:51.888+0000] {standard_task_runner.py:72} INFO - Started process 946 to run task
[2025-10-14T04:29:51.888+0000] {standard_task_runner.py:104} INFO - Running: ['***', 'tasks', 'run', 'elt-pipeline', 'extract_load_group.extract_customers', 'scheduled__2025-09-05T00:00:00+00:00', '--job-id', '416', '--raw', '--subdir', 'DAGS_FOLDER/elt.py', '--cfg-path', '/tmp/tmpt66a17aa']
[2025-10-14T04:29:51.890+0000] {standard_task_runner.py:105} INFO - Job 416: Subtask extract_load_group.extract_customers
[2025-10-14T04:29:51.953+0000] {task_command.py:467} INFO - Running <TaskInstance: elt-pipeline.extract_load_group.extract_customers scheduled__2025-09-05T00:00:00+00:00 [running]> on host e348b991e0be
[2025-10-14T04:29:52.072+0000] {taskinstance.py:3132} INFO - Exporting env vars: AIRFLOW_CTX_DAG_OWNER='***' AIRFLOW_CTX_DAG_ID='elt-pipeline' AIRFLOW_CTX_TASK_ID='extract_load_group.extract_customers' AIRFLOW_CTX_EXECUTION_DATE='2025-09-05T00:00:00+00:00' AIRFLOW_CTX_TRY_NUMBER='1' AIRFLOW_CTX_DAG_RUN_ID='scheduled__2025-09-05T00:00:00+00:00'
[2025-10-14T04:29:52.073+0000] {taskinstance.py:731} INFO - ::endgroup::
[2025-10-14T04:29:52.233+0000] {extract.py:22} INFO - Data written to customers.csv
[2025-10-14T04:29:52.234+0000] {python.py:240} INFO - Done. Returned value was: None
[2025-10-14T04:29:52.252+0000] {taskinstance.py:340} INFO - ::group::Post task execution logs
[2025-10-14T04:29:52.252+0000] {taskinstance.py:352} INFO - Marking task as SUCCESS. dag_id=elt-pipeline, task_id=extract_load_group.extract_customers, run_id=scheduled__2025-09-05T00:00:00+00:00, execution_date=20250905T000000, start_date=20251014T042951, end_date=20251014T042952
[2025-10-14T04:29:52.304+0000] {local_task_job_runner.py:266} INFO - Task exited with return code 0
[2025-10-14T04:29:52.346+0000] {taskinstance.py:3895} INFO - 1 downstream tasks scheduled from follow-on schedule check
[2025-10-14T04:29:52.349+0000] {local_task_job_runner.py:245} INFO - ::endgroup::
[2025-10-14T04:36:48.659+0000] {local_task_job_runner.py:123} INFO - ::group::Pre task execution logs
[2025-10-14T04:36:48.683+0000] {taskinstance.py:2613} INFO - Dependencies all met for dep_context=non-requeueable deps ti=<TaskInstance: elt-pipeline.extract_load_group.extract_customers scheduled__2025-09-05T00:00:00+00:00 [queued]>
[2025-10-14T04:36:48.694+0000] {taskinstance.py:2613} INFO - Dependencies all met for dep_context=requeueable deps ti=<TaskInstance: elt-pipeline.extract_load_group.extract_customers scheduled__2025-09-05T00:00:00+00:00 [queued]>
[2025-10-14T04:36:48.694+0000] {taskinstance.py:2866} INFO - Starting attempt 1 of 1
[2025-10-14T04:36:48.710+0000] {taskinstance.py:2889} INFO - Executing <Task(PythonOperator): extract_load_group.extract_customers> on 2025-09-05 00:00:00+00:00
[2025-10-14T04:36:48.717+0000] {warnings.py:112} WARNING - /home/***/.local/lib/python3.12/site-packages/***/task/task_runner/standard_task_runner.py:70: DeprecationWarning: This process (pid=1277) is multi-threaded, use of fork() may lead to deadlocks in the child.
  pid = os.fork()

[2025-10-14T04:36:48.720+0000] {standard_task_runner.py:72} INFO - Started process 1285 to run task
[2025-10-14T04:36:48.720+0000] {standard_task_runner.py:104} INFO - Running: ['***', 'tasks', 'run', 'elt-pipeline', 'extract_load_group.extract_customers', 'scheduled__2025-09-05T00:00:00+00:00', '--job-id', '486', '--raw', '--subdir', 'DAGS_FOLDER/elt.py', '--cfg-path', '/tmp/tmp0fb_v85b']
[2025-10-14T04:36:48.721+0000] {standard_task_runner.py:105} INFO - Job 486: Subtask extract_load_group.extract_customers
[2025-10-14T04:36:48.793+0000] {task_command.py:467} INFO - Running <TaskInstance: elt-pipeline.extract_load_group.extract_customers scheduled__2025-09-05T00:00:00+00:00 [running]> on host e348b991e0be
[2025-10-14T04:36:48.920+0000] {taskinstance.py:3132} INFO - Exporting env vars: AIRFLOW_CTX_DAG_OWNER='***' AIRFLOW_CTX_DAG_ID='elt-pipeline' AIRFLOW_CTX_TASK_ID='extract_load_group.extract_customers' AIRFLOW_CTX_EXECUTION_DATE='2025-09-05T00:00:00+00:00' AIRFLOW_CTX_TRY_NUMBER='1' AIRFLOW_CTX_DAG_RUN_ID='scheduled__2025-09-05T00:00:00+00:00'
[2025-10-14T04:36:48.921+0000] {taskinstance.py:731} INFO - ::endgroup::
[2025-10-14T04:36:49.083+0000] {extract.py:22} INFO - Data written to customers.csv
[2025-10-14T04:36:49.084+0000] {python.py:240} INFO - Done. Returned value was: None
[2025-10-14T04:36:49.100+0000] {taskinstance.py:340} INFO - ::group::Post task execution logs
[2025-10-14T04:36:49.100+0000] {taskinstance.py:352} INFO - Marking task as SUCCESS. dag_id=elt-pipeline, task_id=extract_load_group.extract_customers, run_id=scheduled__2025-09-05T00:00:00+00:00, execution_date=20250905T000000, start_date=20251014T043648, end_date=20251014T043649
[2025-10-14T04:36:49.137+0000] {local_task_job_runner.py:266} INFO - Task exited with return code 0
[2025-10-14T04:36:49.154+0000] {local_task_job_runner.py:245} INFO - ::endgroup::
