[2025-10-13T09:22:06.243+0000] {local_task_job_runner.py:123} INFO - ::group::Pre task execution logs
[2025-10-13T09:22:06.268+0000] {taskinstance.py:2613} INFO - Dependencies all met for dep_context=non-requeueable deps ti=<TaskInstance: elt-pipeline.extract_load_group.extract_marketing_campaigns scheduled__2025-09-06T00:00:00+00:00 [queued]>
[2025-10-13T09:22:06.277+0000] {taskinstance.py:2613} INFO - Dependencies all met for dep_context=requeueable deps ti=<TaskInstance: elt-pipeline.extract_load_group.extract_marketing_campaigns scheduled__2025-09-06T00:00:00+00:00 [queued]>
[2025-10-13T09:22:06.278+0000] {taskinstance.py:2866} INFO - Starting attempt 1 of 1
[2025-10-13T09:22:06.296+0000] {taskinstance.py:2889} INFO - Executing <Task(PythonOperator): extract_load_group.extract_marketing_campaigns> on 2025-09-06 00:00:00+00:00
[2025-10-13T09:22:06.307+0000] {warnings.py:112} WARNING - /home/***/.local/lib/python3.12/site-packages/***/task/task_runner/standard_task_runner.py:70: DeprecationWarning: This process (pid=1485) is multi-threaded, use of fork() may lead to deadlocks in the child.
  pid = os.fork()

[2025-10-13T09:22:06.311+0000] {standard_task_runner.py:72} INFO - Started process 1489 to run task
[2025-10-13T09:22:06.310+0000] {standard_task_runner.py:104} INFO - Running: ['***', 'tasks', 'run', 'elt-pipeline', 'extract_load_group.extract_marketing_campaigns', 'scheduled__2025-09-06T00:00:00+00:00', '--job-id', '221', '--raw', '--subdir', 'DAGS_FOLDER/elt.py', '--cfg-path', '/tmp/tmp3du9unhy']
[2025-10-13T09:22:06.313+0000] {standard_task_runner.py:105} INFO - Job 221: Subtask extract_load_group.extract_marketing_campaigns
[2025-10-13T09:22:06.385+0000] {task_command.py:467} INFO - Running <TaskInstance: elt-pipeline.extract_load_group.extract_marketing_campaigns scheduled__2025-09-06T00:00:00+00:00 [running]> on host 84d5a327cf64
[2025-10-13T09:22:06.492+0000] {taskinstance.py:3132} INFO - Exporting env vars: AIRFLOW_CTX_DAG_OWNER='***' AIRFLOW_CTX_DAG_ID='elt-pipeline' AIRFLOW_CTX_TASK_ID='extract_load_group.extract_marketing_campaigns' AIRFLOW_CTX_EXECUTION_DATE='2025-09-06T00:00:00+00:00' AIRFLOW_CTX_TRY_NUMBER='1' AIRFLOW_CTX_DAG_RUN_ID='scheduled__2025-09-06T00:00:00+00:00'
[2025-10-13T09:22:06.493+0000] {taskinstance.py:731} INFO - ::endgroup::
[2025-10-13T09:22:06.655+0000] {extract.py:22} INFO - Data written to marketing_campaigns.csv
[2025-10-13T09:22:06.656+0000] {python.py:240} INFO - Done. Returned value was: None
[2025-10-13T09:22:06.671+0000] {taskinstance.py:340} INFO - ::group::Post task execution logs
[2025-10-13T09:22:06.672+0000] {taskinstance.py:352} INFO - Marking task as SUCCESS. dag_id=elt-pipeline, task_id=extract_load_group.extract_marketing_campaigns, run_id=scheduled__2025-09-06T00:00:00+00:00, execution_date=20250906T000000, start_date=20251013T092206, end_date=20251013T092206
[2025-10-13T09:22:06.729+0000] {local_task_job_runner.py:266} INFO - Task exited with return code 0
[2025-10-13T09:22:06.747+0000] {local_task_job_runner.py:245} INFO - ::endgroup::
[2025-10-14T04:30:18.148+0000] {local_task_job_runner.py:123} INFO - ::group::Pre task execution logs
[2025-10-14T04:30:18.169+0000] {taskinstance.py:2613} INFO - Dependencies all met for dep_context=non-requeueable deps ti=<TaskInstance: elt-pipeline.extract_load_group.extract_marketing_campaigns scheduled__2025-09-06T00:00:00+00:00 [queued]>
[2025-10-14T04:30:18.178+0000] {taskinstance.py:2613} INFO - Dependencies all met for dep_context=requeueable deps ti=<TaskInstance: elt-pipeline.extract_load_group.extract_marketing_campaigns scheduled__2025-09-06T00:00:00+00:00 [queued]>
[2025-10-14T04:30:18.179+0000] {taskinstance.py:2866} INFO - Starting attempt 1 of 1
[2025-10-14T04:30:18.192+0000] {taskinstance.py:2889} INFO - Executing <Task(PythonOperator): extract_load_group.extract_marketing_campaigns> on 2025-09-06 00:00:00+00:00
[2025-10-14T04:30:18.199+0000] {warnings.py:112} WARNING - /home/***/.local/lib/python3.12/site-packages/***/task/task_runner/standard_task_runner.py:70: DeprecationWarning: This process (pid=982) is multi-threaded, use of fork() may lead to deadlocks in the child.
  pid = os.fork()

[2025-10-14T04:30:18.201+0000] {standard_task_runner.py:72} INFO - Started process 983 to run task
[2025-10-14T04:30:18.201+0000] {standard_task_runner.py:104} INFO - Running: ['***', 'tasks', 'run', 'elt-pipeline', 'extract_load_group.extract_marketing_campaigns', 'scheduled__2025-09-06T00:00:00+00:00', '--job-id', '426', '--raw', '--subdir', 'DAGS_FOLDER/elt.py', '--cfg-path', '/tmp/tmpes5j6jxm']
[2025-10-14T04:30:18.203+0000] {standard_task_runner.py:105} INFO - Job 426: Subtask extract_load_group.extract_marketing_campaigns
[2025-10-14T04:30:18.273+0000] {task_command.py:467} INFO - Running <TaskInstance: elt-pipeline.extract_load_group.extract_marketing_campaigns scheduled__2025-09-06T00:00:00+00:00 [running]> on host e348b991e0be
[2025-10-14T04:30:18.390+0000] {taskinstance.py:3132} INFO - Exporting env vars: AIRFLOW_CTX_DAG_OWNER='***' AIRFLOW_CTX_DAG_ID='elt-pipeline' AIRFLOW_CTX_TASK_ID='extract_load_group.extract_marketing_campaigns' AIRFLOW_CTX_EXECUTION_DATE='2025-09-06T00:00:00+00:00' AIRFLOW_CTX_TRY_NUMBER='1' AIRFLOW_CTX_DAG_RUN_ID='scheduled__2025-09-06T00:00:00+00:00'
[2025-10-14T04:30:18.391+0000] {taskinstance.py:731} INFO - ::endgroup::
[2025-10-14T04:30:18.547+0000] {extract.py:22} INFO - Data written to marketing_campaigns.csv
[2025-10-14T04:30:18.548+0000] {python.py:240} INFO - Done. Returned value was: None
[2025-10-14T04:30:18.562+0000] {taskinstance.py:340} INFO - ::group::Post task execution logs
[2025-10-14T04:30:18.563+0000] {taskinstance.py:352} INFO - Marking task as SUCCESS. dag_id=elt-pipeline, task_id=extract_load_group.extract_marketing_campaigns, run_id=scheduled__2025-09-06T00:00:00+00:00, execution_date=20250906T000000, start_date=20251014T043018, end_date=20251014T043018
[2025-10-14T04:30:18.617+0000] {local_task_job_runner.py:266} INFO - Task exited with return code 0
[2025-10-14T04:30:18.649+0000] {taskinstance.py:3895} INFO - 1 downstream tasks scheduled from follow-on schedule check
[2025-10-14T04:30:18.652+0000] {local_task_job_runner.py:245} INFO - ::endgroup::
[2025-10-14T04:37:13.926+0000] {local_task_job_runner.py:123} INFO - ::group::Pre task execution logs
[2025-10-14T04:37:13.949+0000] {taskinstance.py:2613} INFO - Dependencies all met for dep_context=non-requeueable deps ti=<TaskInstance: elt-pipeline.extract_load_group.extract_marketing_campaigns scheduled__2025-09-06T00:00:00+00:00 [queued]>
[2025-10-14T04:37:13.961+0000] {taskinstance.py:2613} INFO - Dependencies all met for dep_context=requeueable deps ti=<TaskInstance: elt-pipeline.extract_load_group.extract_marketing_campaigns scheduled__2025-09-06T00:00:00+00:00 [queued]>
[2025-10-14T04:37:13.961+0000] {taskinstance.py:2866} INFO - Starting attempt 1 of 1
[2025-10-14T04:37:13.977+0000] {taskinstance.py:2889} INFO - Executing <Task(PythonOperator): extract_load_group.extract_marketing_campaigns> on 2025-09-06 00:00:00+00:00
[2025-10-14T04:37:13.986+0000] {warnings.py:112} WARNING - /home/***/.local/lib/python3.12/site-packages/***/task/task_runner/standard_task_runner.py:70: DeprecationWarning: This process (pid=1331) is multi-threaded, use of fork() may lead to deadlocks in the child.
  pid = os.fork()

[2025-10-14T04:37:13.988+0000] {standard_task_runner.py:72} INFO - Started process 1334 to run task
[2025-10-14T04:37:13.988+0000] {standard_task_runner.py:104} INFO - Running: ['***', 'tasks', 'run', 'elt-pipeline', 'extract_load_group.extract_marketing_campaigns', 'scheduled__2025-09-06T00:00:00+00:00', '--job-id', '500', '--raw', '--subdir', 'DAGS_FOLDER/elt.py', '--cfg-path', '/tmp/tmpacg0uix2']
[2025-10-14T04:37:13.990+0000] {standard_task_runner.py:105} INFO - Job 500: Subtask extract_load_group.extract_marketing_campaigns
[2025-10-14T04:37:14.064+0000] {task_command.py:467} INFO - Running <TaskInstance: elt-pipeline.extract_load_group.extract_marketing_campaigns scheduled__2025-09-06T00:00:00+00:00 [running]> on host e348b991e0be
[2025-10-14T04:37:14.173+0000] {taskinstance.py:3132} INFO - Exporting env vars: AIRFLOW_CTX_DAG_OWNER='***' AIRFLOW_CTX_DAG_ID='elt-pipeline' AIRFLOW_CTX_TASK_ID='extract_load_group.extract_marketing_campaigns' AIRFLOW_CTX_EXECUTION_DATE='2025-09-06T00:00:00+00:00' AIRFLOW_CTX_TRY_NUMBER='1' AIRFLOW_CTX_DAG_RUN_ID='scheduled__2025-09-06T00:00:00+00:00'
[2025-10-14T04:37:14.175+0000] {taskinstance.py:731} INFO - ::endgroup::
[2025-10-14T04:37:14.353+0000] {extract.py:22} INFO - Data written to marketing_campaigns.csv
[2025-10-14T04:37:14.354+0000] {python.py:240} INFO - Done. Returned value was: None
[2025-10-14T04:37:14.374+0000] {taskinstance.py:340} INFO - ::group::Post task execution logs
[2025-10-14T04:37:14.375+0000] {taskinstance.py:352} INFO - Marking task as SUCCESS. dag_id=elt-pipeline, task_id=extract_load_group.extract_marketing_campaigns, run_id=scheduled__2025-09-06T00:00:00+00:00, execution_date=20250906T000000, start_date=20251014T043713, end_date=20251014T043714
[2025-10-14T04:37:14.404+0000] {local_task_job_runner.py:266} INFO - Task exited with return code 0
[2025-10-14T04:37:14.422+0000] {local_task_job_runner.py:245} INFO - ::endgroup::
